Aligning contigs to reference...
	Aligning contigs to the reference
Filtering alignments...
Parsing coords...
Loading reference...
	Loaded [GCA_000020525.1_crisprs_GCA_000020525.1_CRISPR_1]
	Loaded [GCA_000020525.1_crisprs_GCA_000020525.1_CRISPR_2]
	Total Regions: 2
	Total Region Length: 17070
Analyzing contigs...
CONTIG: Scaffold722767 (377257bp)
Best alignment score: 2723.0 (LEN: 2723, IDY: 100.00), Total number of alignments: 1
			Looking for the best set of alignments (out of 1 total alignments)
			The best set is below. Score: 2723.0, number of alignments: 1, unaligned bases: 374534
		This contig is partially unaligned. (Aligned 2723 out of 377257 non-N bases (0.72%))
		Alignment: 1 2723 | 2723 1 | 2723 2723 | 100.0 | GCA_000020525.1_crisprs_GCA_000020525.1_CRISPR_1 Scaffold722767
		Unaligned bases: 2724 to 377257 (374534)

CONTIG: Scaffold686193 (100726bp)
Best alignment score: 7222.0 (LEN: 7541, IDY: 95.77), Total number of alignments: 1
			Looking for the best set of alignments (out of 1 total alignments)
			The best set is below. Score: 7222.0, number of alignments: 1, unaligned bases: 93185
		This contig is partially unaligned. (Aligned 7541 out of 100726 non-N bases (7.49%))
		Alignment: 2749 10622 | 1 7541 | 7874 7541 | 95.77 | GCA_000020525.1_crisprs_GCA_000020525.1_CRISPR_1 Scaffold686193
		Unaligned bases: 7542 to 100726 (93185)

CONTIG: Scaffold20216947 (178961bp)
Best alignment score: 2658.6 (LEN: 2724, IDY: 97.60), Total number of alignments: 1
			Looking for the best set of alignments (out of 1 total alignments)
			The best set is below. Score: 2658.6, number of alignments: 1, unaligned bases: 176237
		This contig is partially unaligned. (Aligned 2724 out of 178961 non-N bases (1.52%))
		Alignment: 1 2791 | 2724 1 | 2791 2724 | 97.6 | GCA_000020525.1_crisprs_GCA_000020525.1_CRISPR_1 Scaffold20216947
		Unaligned bases: 2725 to 178961 (176237)

CONTIG: Scaffold12849679 (41899bp)
Best alignment score: 1658.0 (LEN: 1658, IDY: 100.00), Total number of alignments: 1
			Looking for the best set of alignments (out of 1 total alignments)
			The best set is below. Score: 1658.0, number of alignments: 1, unaligned bases: 40241
		This contig is partially unaligned. (Aligned 1658 out of 41899 non-N bases (3.96%))
		Alignment: 8965 10622 | 41899 40242 | 1658 1658 | 100.0 | GCA_000020525.1_crisprs_GCA_000020525.1_CRISPR_1 Scaffold12849679
		Unaligned bases: 1 to 40241 (40241)

CONTIG: Scaffold21228300 (6153bp)
Best alignment score: 6153.0 (LEN: 6153, IDY: 100.00), Total number of alignments: 1
		One align captures most of this contig: 2749 8901 | 6153 1 | 6153 6153 | 100.0 | GCA_000020525.1_crisprs_GCA_000020525.1_CRISPR_1 Scaffold21228300

CONTIG: Scaffold796710 (480126bp)
Best alignment score: 6290.0 (LEN: 6290, IDY: 100.00), Total number of alignments: 1
			Looking for the best set of alignments (out of 1 total alignments)
			The best set is below. Score: 6290.0, number of alignments: 1, unaligned bases: 473836
		This contig is partially unaligned. (Aligned 6290 out of 480126 non-N bases (1.31%))
		Alignment: 159 6448 | 1 6290 | 6290 6290 | 100.0 | GCA_000020525.1_crisprs_GCA_000020525.1_CRISPR_2 Scaffold796710
		Unaligned bases: 6291 to 480126 (473836)

CONTIG: Scaffold470601 (25535bp)
Best alignment score: 70.0 (LEN: 70, IDY: 100.00), Total number of alignments: 2
			Looking for the best set of alignments (out of 2 total alignments)
			Skipping redundant alignments after choosing the best set of alignments
		Skipping redundant alignment 1 68 | 25468 25535 | 68 68 | 100.0 | GCA_000020525.1_crisprs_GCA_000020525.1_CRISPR_2 Scaffold470601
			The best set is below. Score: 70.0, number of alignments: 1, unaligned bases: 25465
		This contig is partially unaligned. (Aligned 70 out of 25535 non-N bases (0.27%))
		Alignment: 65 134 | 25466 25535 | 70 70 | 100.0 | GCA_000020525.1_crisprs_GCA_000020525.1_CRISPR_2 Scaffold470601
		Unaligned bases: 1 to 25465 (25465)

CONTIG: Scaffold10863249 (475759bp)
Best alignment score: 1923.0 (LEN: 1923, IDY: 100.00), Total number of alignments: 1
			Looking for the best set of alignments (out of 1 total alignments)
			The best set is below. Score: 1923.0, number of alignments: 1, unaligned bases: 473836
		This contig is partially unaligned. (Aligned 1923 out of 475759 non-N bases (0.40%))
		Alignment: 4526 6448 | 1 1923 | 1923 1923 | 100.0 | GCA_000020525.1_crisprs_GCA_000020525.1_CRISPR_2 Scaffold10863249
		Unaligned bases: 1924 to 475759 (473836)

CONTIG: Scaffold11777691 (25448bp)
Best alignment score: 70.0 (LEN: 70, IDY: 100.00), Total number of alignments: 2
			Looking for the best set of alignments (out of 2 total alignments)
			Skipping redundant alignments after choosing the best set of alignments
		Skipping redundant alignment 1 68 | 68 1 | 68 68 | 100.0 | GCA_000020525.1_crisprs_GCA_000020525.1_CRISPR_2 Scaffold11777691
			The best set is below. Score: 70.0, number of alignments: 1, unaligned bases: 25378
		This contig is partially unaligned. (Aligned 70 out of 25448 non-N bases (0.28%))
		Alignment: 65 134 | 70 1 | 70 70 | 100.0 | GCA_000020525.1_crisprs_GCA_000020525.1_CRISPR_2 Scaffold11777691
		Unaligned bases: 71 to 25448 (25378)

CONTIG: Scaffold25691839 (2811bp)
Best alignment score: 2811.0 (LEN: 2811, IDY: 100.00), Total number of alignments: 1
		One align captures most of this contig: 66 2876 | 2811 1 | 2811 2811 | 100.0 | GCA_000020525.1_crisprs_GCA_000020525.1_CRISPR_2 Scaffold25691839

CONTIG: Scaffold6713446 (1629bp)
Best alignment score: 1629.0 (LEN: 1629, IDY: 100.00), Total number of alignments: 1
		One align captures most of this contig: 2940 4568 | 1629 1 | 1629 1629 | 100.0 | GCA_000020525.1_crisprs_GCA_000020525.1_CRISPR_2 Scaffold6713446

Analyzing coverage...
Writing SNPs into /net/sgi/cami/data/CAMI2/scripts/second_challenge_evaluation/assembly/scripts/data/CRISPR/metaquast/runs_per_reference/GCA_000020525.1_crisprs/contigs_reports/minimap_output/HipMer.used_snps.gz

Analysis is finished!
Founded SNPs were written into /net/sgi/cami/data/CAMI2/scripts/second_challenge_evaluation/assembly/scripts/data/CRISPR/metaquast/runs_per_reference/GCA_000020525.1_crisprs/contigs_reports/minimap_output/HipMer.used_snps.gz

Results:
	Local Misassemblies: 0
	Misassemblies: 0
		Relocations: 0
		Translocations: 0
		Inversions: 0
	Scaffold gap extensive misassemblies: 0
	Scaffold gap local misassemblies: 0
	Misassembled Contigs: 0
	Misassembled Contig Bases: 0
	Misassemblies Inter-Contig Overlap: 0
Unaligned Contigs: 0 + 8 part
Half Unaligned Contigs with Misassemblies: 0
Unaligned Contig Bases: 1682712

Ambiguously Mapped Contigs: 0
Total Bases in Ambiguously Mapped Contigs: 0
Extra Bases in Ambiguously Mapped Contigs: 0
Note that --allow-ambiguity option was set to "one" and only first alignment per each of these contigs was used.

	Covered Bases: 17006

	SNPs: 0
	Insertions: 0
	Deletions: 400

