Aligning contigs to reference...
	Aligning contigs to the reference
Filtering alignments...
Parsing coords...
Loading reference...
	Loaded [GCA_000019185.1_crisprs_GCA_000019185.1_CRISPR_0_from_1777670__ml_]
	Total Regions: 1
	Total Region Length: 700
Analyzing contigs...
CONTIG: Scaffold211037 (72944bp)
Best alignment score: 700.0 (LEN: 700, IDY: 100.00), Total number of alignments: 3
			Looking for the best set of alignments (out of 3 total alignments)
			The best set is below. Score: 831.0, number of alignments: 3, unaligned bases: 72058
		This contig is misassembled.
		This contig is partially unaligned. (Aligned 886 out of 72944 non-N bases (1.21%))
			Warning! This contig is more unaligned than misassembled. Contig length is 72944 (number of Ns: 0) and total length of all aligns is 886
		Alignment: 1 700 | 34 733 | 700 700 | 100.0 | GCA_000019185.1_crisprs_GCA_000019185.1_CRISPR_0_from_1777670__ml_ Scaffold211037
		Alignment: 323 406 | 760 843 | 84 84 | 95.24 | GCA_000019185.1_crisprs_GCA_000019185.1_CRISPR_0_from_1777670__ml_ Scaffold211037
		Alignment: 28 129 | 1543 1644 | 102 102 | 97.06 | GCA_000019185.1_crisprs_GCA_000019185.1_CRISPR_0_from_1777670__ml_ Scaffold211037
		Unaligned bases: 72058

CONTIG: Scaffold7899377 (32212bp)
Best alignment score: 375.0 (LEN: 375, IDY: 100.00), Total number of alignments: 3
			Looking for the best set of alignments (out of 3 total alignments)
			The best set is below. Score: 715.0, number of alignments: 3, unaligned bases: 31470
		This contig is misassembled.
		This contig is partially unaligned. (Aligned 742 out of 32209 non-N bases (2.30%))
			Warning! This contig is more unaligned than misassembled. Contig length is 32212 (number of Ns: 3) and total length of all aligns is 742
		Alignment: 61 325 | 1 265 | 265 265 | 100.0 | GCA_000019185.1_crisprs_GCA_000019185.1_CRISPR_0_from_1777670__ml_ Scaffold7899377
		Alignment: 326 700 | 311 685 | 375 375 | 100.0 | GCA_000019185.1_crisprs_GCA_000019185.1_CRISPR_0_from_1777670__ml_ Scaffold7899377
		Alignment: 28 129 | 1495 1596 | 102 102 | 97.06 | GCA_000019185.1_crisprs_GCA_000019185.1_CRISPR_0_from_1777670__ml_ Scaffold7899377
		Unaligned bases: 31470

CONTIG: Scaffold3450067 (56602bp)
Best alignment score: 81.0 (LEN: 83, IDY: 97.59), Total number of alignments: 1
			Looking for the best set of alignments (out of 1 total alignments)
			The best set is below. Score: 81.0, number of alignments: 1, unaligned bases: 56519
		This contig is partially unaligned. (Aligned 83 out of 56539 non-N bases (0.15%))
		Alignment: 343 425 | 56520 56602 | 83 83 | 97.59 | GCA_000019185.1_crisprs_GCA_000019185.1_CRISPR_0_from_1777670__ml_ Scaffold3450067
		Unaligned bases: 1 to 56519 (56519)

Analyzing coverage...
Writing SNPs into /net/sgi/cami/data/CAMI2/scripts/second_challenge_evaluation/assembly/scripts/data/CRISPR/metaquast_all/runs_per_reference/GCA_000019185.1_crisprs/contigs_reports/minimap_output/HipMer.used_snps.gz

Analysis is finished!
Founded SNPs were written into /net/sgi/cami/data/CAMI2/scripts/second_challenge_evaluation/assembly/scripts/data/CRISPR/metaquast_all/runs_per_reference/GCA_000019185.1_crisprs/contigs_reports/minimap_output/HipMer.used_snps.gz

Results:
	Local Misassemblies: 0
	Misassemblies: 0
		Relocations: 0
		Translocations: 0
		Inversions: 0
	Scaffold gap extensive misassemblies: 0
	Scaffold gap local misassemblies: 0
	Misassembled Contigs: 0
	Misassembled Contig Bases: 0
	Misassemblies Inter-Contig Overlap: 0
Unaligned Contigs: 0 + 3 part
Half Unaligned Contigs with Misassemblies: 2
Unaligned Contig Bases: 159981

Ambiguously Mapped Contigs: 0
Total Bases in Ambiguously Mapped Contigs: 0
Extra Bases in Ambiguously Mapped Contigs: 0
Note that --allow-ambiguity option was set to "one" and only first alignment per each of these contigs was used.

	Covered Bases: 700

	SNPs: 12
	Insertions: 0
	Deletions: 0

