Aligning contigs to reference...
	Aligning contigs to the reference
Filtering alignments...
Parsing coords...
Loading reference...
	Loaded [GCA_000019185.1_crisprs_GCA_000019185.1_CRISPR_0_from_1777670__ml_]
	Total Regions: 1
	Total Region Length: 700
Analyzing contigs...
CONTIG: opera_contig_4333 (31673bp)
Best alignment score: 99.0 (LEN: 102, IDY: 97.06), Total number of alignments: 1
			Looking for the best set of alignments (out of 1 total alignments)
			The best set is below. Score: 99.0, number of alignments: 1, unaligned bases: 31571
		This contig is partially unaligned. (Aligned 102 out of 31673 non-N bases (0.32%))
		Alignment: 28 129 | 30834 30733 | 102 102 | 97.06 | GCA_000019185.1_crisprs_GCA_000019185.1_CRISPR_0_from_1777670__ml_ opera_contig_4333
		Unaligned bases: 1 to 30732 (30732)
		Unaligned bases: 30835 to 31673 (839)

CONTIG: opera_contig_12631 (13762bp)
Best alignment score: 103.0 (LEN: 106, IDY: 97.17), Total number of alignments: 1
			Looking for the best set of alignments (out of 1 total alignments)
			The best set is below. Score: 103.0, number of alignments: 1, unaligned bases: 13656
		This contig is partially unaligned. (Aligned 106 out of 13762 non-N bases (0.77%))
		Alignment: 356 461 | 13655 13760 | 106 106 | 97.17 | GCA_000019185.1_crisprs_GCA_000019185.1_CRISPR_0_from_1777670__ml_ opera_contig_12631
		Unaligned bases: 1 to 13654 (13654)
		Unaligned bases: 13761 to 13762 (2)

CONTIG: opera_contig_434465 (544bp)
Best alignment score: 496.0 (LEN: 496, IDY: 100.00), Total number of alignments: 1
			Looking for the best set of alignments (out of 1 total alignments)
			The best set is below. Score: 496.0, number of alignments: 1, unaligned bases: 48
		Alignment: 205 700 | 1 496 | 496 496 | 100.0 | GCA_000019185.1_crisprs_GCA_000019185.1_CRISPR_0_from_1777670__ml_ opera_contig_434465

Analyzing coverage...
Writing SNPs into /net/sgi/cami/data/CAMI2/scripts/second_challenge_evaluation/assembly/scripts/data/CRISPR/metaquast_all/runs_per_reference/GCA_000019185.1_crisprs/contigs_reports/minimap_output/OPERA_MS_inhouse.used_snps.gz

Analysis is finished!
Founded SNPs were written into /net/sgi/cami/data/CAMI2/scripts/second_challenge_evaluation/assembly/scripts/data/CRISPR/metaquast_all/runs_per_reference/GCA_000019185.1_crisprs/contigs_reports/minimap_output/OPERA_MS_inhouse.used_snps.gz

Results:
	Local Misassemblies: 0
	Misassemblies: 0
		Relocations: 0
		Translocations: 0
		Inversions: 0
	Scaffold gap extensive misassemblies: 0
	Scaffold gap local misassemblies: 0
	Misassembled Contigs: 0
	Misassembled Contig Bases: 0
	Misassemblies Inter-Contig Overlap: 0
Unaligned Contigs: 0 + 2 part
Half Unaligned Contigs with Misassemblies: 0
Unaligned Contig Bases: 45227

Ambiguously Mapped Contigs: 0
Total Bases in Ambiguously Mapped Contigs: 0
Extra Bases in Ambiguously Mapped Contigs: 0
Note that --allow-ambiguity option was set to "one" and only first alignment per each of these contigs was used.

	Covered Bases: 598

	SNPs: 6
	Insertions: 0
	Deletions: 0

