Aligning contigs to reference...
	Aligning contigs to the reference
Filtering alignments...
Parsing coords...
Loading reference...
	Loaded [GCA_000019185.1_crisprs_GCA_000019185.1_CRISPR_0_from_1777670__ml_]
	Total Regions: 1
	Total Region Length: 700
Analyzing contigs...
CONTIG: PC93607 (5226895bp)
Best alignment score: 700.0 (LEN: 700, IDY: 100.00), Total number of alignments: 3
			Looking for the best set of alignments (out of 3 total alignments)
			The best set is below. Score: 831.0, number of alignments: 3, unaligned bases: 5226009
		This contig is misassembled.
		This contig is partially unaligned. (Aligned 886 out of 5226895 non-N bases (0.02%))
			Warning! This contig is more unaligned than misassembled. Contig length is 5226895 (number of Ns: 0) and total length of all aligns is 886
		Alignment: 1 700 | 1777651 1778350 | 700 700 | 100.0 | GCA_000019185.1_crisprs_GCA_000019185.1_CRISPR_0_from_1777670__ml_ PC93607
		Alignment: 323 406 | 1778377 1778460 | 84 84 | 95.24 | GCA_000019185.1_crisprs_GCA_000019185.1_CRISPR_0_from_1777670__ml_ PC93607
		Alignment: 28 129 | 1779160 1779261 | 102 102 | 97.06 | GCA_000019185.1_crisprs_GCA_000019185.1_CRISPR_0_from_1777670__ml_ PC93607
		Unaligned bases: 5226009

Analyzing coverage...
Writing SNPs into /net/sgi/cami/data/CAMI2/scripts/second_challenge_evaluation/assembly/scripts/data/CRISPR/metaquast_all/runs_per_reference/GCA_000019185.1_crisprs/contigs_reports/minimap_output/marmgCAMI2.used_snps.gz

Analysis is finished!
Founded SNPs were written into /net/sgi/cami/data/CAMI2/scripts/second_challenge_evaluation/assembly/scripts/data/CRISPR/metaquast_all/runs_per_reference/GCA_000019185.1_crisprs/contigs_reports/minimap_output/marmgCAMI2.used_snps.gz

Results:
	Local Misassemblies: 0
	Misassemblies: 0
		Relocations: 0
		Translocations: 0
		Inversions: 0
	Scaffold gap extensive misassemblies: 0
	Scaffold gap local misassemblies: 0
	Misassembled Contigs: 0
	Misassembled Contig Bases: 0
	Misassemblies Inter-Contig Overlap: 0
Unaligned Contigs: 0 + 1 part
Half Unaligned Contigs with Misassemblies: 1
Unaligned Contig Bases: 5226009

Ambiguously Mapped Contigs: 0
Total Bases in Ambiguously Mapped Contigs: 0
Extra Bases in Ambiguously Mapped Contigs: 0
Note that --allow-ambiguity option was set to "one" and only first alignment per each of these contigs was used.

	Covered Bases: 700

	SNPs: 7
	Insertions: 0
	Deletions: 0

