Aligning contigs to reference...
	Aligning contigs to the reference
Filtering alignments...
Parsing coords...
Loading reference...
	Loaded [GCA_000019185.1_crisprs_GCA_000019185.1_CRISPR_0_from_1777670__ml_]
	Total Regions: 1
	Total Region Length: 700
Analyzing contigs...
CONTIG: k131_4579 (19191bp)
Best alignment score: 103.0 (LEN: 106, IDY: 97.17), Total number of alignments: 1
			Looking for the best set of alignments (out of 1 total alignments)
			The best set is below. Score: 103.0, number of alignments: 1, unaligned bases: 19085
		This contig is partially unaligned. (Aligned 106 out of 19191 non-N bases (0.55%))
		Alignment: 356 461 | 19084 19189 | 106 106 | 97.17 | GCA_000019185.1_crisprs_GCA_000019185.1_CRISPR_0_from_1777670__ml_ k131_4579
		Unaligned bases: 1 to 19083 (19083)
		Unaligned bases: 19190 to 19191 (2)

CONTIG: k131_691542 (32409bp)
Best alignment score: 698.0 (LEN: 700, IDY: 99.71), Total number of alignments: 3
			Looking for the best set of alignments (out of 3 total alignments)
			The best set is below. Score: 829.0, number of alignments: 3, unaligned bases: 31523
		This contig is misassembled.
		This contig is partially unaligned. (Aligned 886 out of 32409 non-N bases (2.73%))
			Warning! This contig is more unaligned than misassembled. Contig length is 32409 (number of Ns: 0) and total length of all aligns is 886
		Alignment: 28 129 | 30834 30733 | 102 102 | 97.06 | GCA_000019185.1_crisprs_GCA_000019185.1_CRISPR_0_from_1777670__ml_ k131_691542
		Alignment: 323 406 | 31617 31534 | 84 84 | 95.24 | GCA_000019185.1_crisprs_GCA_000019185.1_CRISPR_0_from_1777670__ml_ k131_691542
		Alignment: 1 700 | 32343 31644 | 700 700 | 99.71 | GCA_000019185.1_crisprs_GCA_000019185.1_CRISPR_0_from_1777670__ml_ k131_691542
		Unaligned bases: 31523

CONTIG: k141_1012580 (19133bp)
Best alignment score: 183.0 (LEN: 192, IDY: 95.31), Total number of alignments: 2
			Looking for the best set of alignments (out of 2 total alignments)
			Skipping redundant alignments after choosing the best set of alignments
		Skipping redundant alignment 328 448 | 121 1 | 121 121 | 95.87 | GCA_000019185.1_crisprs_GCA_000019185.1_CRISPR_0_from_1777670__ml_ k141_1012580
			The best set is below. Score: 183.0, number of alignments: 1, unaligned bases: 18941
		This contig is partially unaligned. (Aligned 192 out of 19133 non-N bases (1.00%))
		Alignment: 280 471 | 199 8 | 192 192 | 95.31 | GCA_000019185.1_crisprs_GCA_000019185.1_CRISPR_0_from_1777670__ml_ k141_1012580
		Unaligned bases: 1 to 7 (7)
		Unaligned bases: 200 to 19133 (18934)

CONTIG: k141_1247409 (10563bp)
Best alignment score: 267.0 (LEN: 268, IDY: 99.63), Total number of alignments: 4
			Looking for the best set of alignments (out of 4 total alignments)
			The best set is below. Score: 627.0, number of alignments: 4, unaligned bases: 9904
		This contig is misassembled.
		This contig is partially unaligned. (Aligned 659 out of 10563 non-N bases (6.24%))
			Warning! This contig is more unaligned than misassembled. Contig length is 10563 (number of Ns: 0) and total length of all aligns is 659
		Alignment: 99 220 | 1 122 | 122 122 | 96.72 | GCA_000019185.1_crisprs_GCA_000019185.1_CRISPR_0_from_1777670__ml_ k141_1247409
		Alignment: 236 503 | 123 390 | 268 268 | 99.63 | GCA_000019185.1_crisprs_GCA_000019185.1_CRISPR_0_from_1777670__ml_ k141_1247409
		Alignment: 534 700 | 391 557 | 167 167 | 100.0 | GCA_000019185.1_crisprs_GCA_000019185.1_CRISPR_0_from_1777670__ml_ k141_1247409
		Alignment: 28 129 | 1367 1468 | 102 102 | 97.06 | GCA_000019185.1_crisprs_GCA_000019185.1_CRISPR_0_from_1777670__ml_ k141_1247409
		Unaligned bases: 9904

CONTIG: k91_771261 (31997bp)
		This contig is unaligned. (31997 bp)
		Unaligned bases: 31997 (number of Ns: 0)

CONTIG: k91_1163616 (31155bp)
Best alignment score: 99.0 (LEN: 102, IDY: 97.06), Total number of alignments: 1
			Looking for the best set of alignments (out of 1 total alignments)
			The best set is below. Score: 99.0, number of alignments: 1, unaligned bases: 31053
		This contig is partially unaligned. (Aligned 102 out of 31155 non-N bases (0.33%))
		Alignment: 28 129 | 30356 30255 | 102 102 | 97.06 | GCA_000019185.1_crisprs_GCA_000019185.1_CRISPR_0_from_1777670__ml_ k91_1163616
		Unaligned bases: 1 to 30254 (30254)
		Unaligned bases: 30357 to 31155 (799)

CONTIG: k91_648505 (781bp)
Best alignment score: 619.0 (LEN: 625, IDY: 99.04), Total number of alignments: 1
			Looking for the best set of alignments (out of 1 total alignments)
			The best set is below. Score: 619.0, number of alignments: 1, unaligned bases: 156
		Alignment: 76 700 | 1 625 | 625 625 | 99.04 | GCA_000019185.1_crisprs_GCA_000019185.1_CRISPR_0_from_1777670__ml_ k91_648505

Analyzing coverage...
Writing SNPs into /net/sgi/cami/data/CAMI2/scripts/second_challenge_evaluation/assembly/scripts/data/CRISPR/metaquast_all/runs_per_reference/GCA_000019185.1_crisprs/contigs_reports/minimap_output/Megahit.used_snps.gz

Analysis is finished!
Founded SNPs were written into /net/sgi/cami/data/CAMI2/scripts/second_challenge_evaluation/assembly/scripts/data/CRISPR/metaquast_all/runs_per_reference/GCA_000019185.1_crisprs/contigs_reports/minimap_output/Megahit.used_snps.gz

Results:
	Local Misassemblies: 0
	Misassemblies: 0
		Relocations: 0
		Translocations: 0
		Inversions: 0
	Scaffold gap extensive misassemblies: 0
	Scaffold gap local misassemblies: 0
	Misassembled Contigs: 0
	Misassembled Contig Bases: 0
	Misassemblies Inter-Contig Overlap: 0
Unaligned Contigs: 1 + 5 part
Half Unaligned Contigs with Misassemblies: 2
Unaligned Contig Bases: 142503

Ambiguously Mapped Contigs: 0
Total Bases in Ambiguously Mapped Contigs: 0
Extra Bases in Ambiguously Mapped Contigs: 0
Note that --allow-ambiguity option was set to "one" and only first alignment per each of these contigs was used.

	Covered Bases: 700

	SNPs: 38
	Insertions: 0
	Deletions: 0

