Aligning contigs to reference...
	Aligning contigs to the reference
Filtering alignments...
Parsing coords...
Loading reference...
	Loaded [GCA_000299995.1_crisprs_GCA_000299995.1_CRISPR_0_from_3959260__crt_]
	Total Regions: 1
	Total Region Length: 652
Analyzing contigs...
CONTIG: Scaffold490427 (6521bp)
Best alignment score: 626.0 (LEN: 628, IDY: 99.68), Total number of alignments: 1
			Looking for the best set of alignments (out of 1 total alignments)
			The best set is below. Score: 626.0, number of alignments: 1, unaligned bases: 5893
		This contig is partially unaligned. (Aligned 628 out of 6521 non-N bases (9.63%))
		Alignment: 25 652 | 1058 1685 | 628 628 | 99.68 | GCA_000299995.1_crisprs_GCA_000299995.1_CRISPR_0_from_3959260__crt_ Scaffold490427
		Unaligned bases: 1 to 1057 (1057)
		Unaligned bases: 1686 to 6521 (4836)

CONTIG: Scaffold24270807 (1911bp)
Best alignment score: 629.0 (LEN: 639, IDY: 98.43), Total number of alignments: 1
			Looking for the best set of alignments (out of 1 total alignments)
			The best set is below. Score: 629.0, number of alignments: 1, unaligned bases: 1272
		This contig is partially unaligned. (Aligned 639 out of 1905 non-N bases (33.54%))
		Alignment: 25 652 | 1058 1696 | 628 639 | 98.43 | GCA_000299995.1_crisprs_GCA_000299995.1_CRISPR_0_from_3959260__crt_ Scaffold24270807
		Unaligned bases: 1 to 1057 (1057)
		Unaligned bases: 1697 to 1911 (215)

Analyzing coverage...
Writing SNPs into /net/sgi/cami/data/CAMI2/scripts/second_challenge_evaluation/assembly/scripts/data/CRISPR/metaquast_all/runs_per_reference/GCA_000299995.1_crisprs/contigs_reports/minimap_output/HipMer.used_snps.gz

Analysis is finished!
Founded SNPs were written into /net/sgi/cami/data/CAMI2/scripts/second_challenge_evaluation/assembly/scripts/data/CRISPR/metaquast_all/runs_per_reference/GCA_000299995.1_crisprs/contigs_reports/minimap_output/HipMer.used_snps.gz

Results:
	Local Misassemblies: 0
	Misassemblies: 0
		Relocations: 0
		Translocations: 0
		Inversions: 0
	Scaffold gap extensive misassemblies: 0
	Scaffold gap local misassemblies: 0
	Misassembled Contigs: 0
	Misassembled Contig Bases: 0
	Misassemblies Inter-Contig Overlap: 0
Unaligned Contigs: 0 + 2 part
Half Unaligned Contigs with Misassemblies: 0
Unaligned Contig Bases: 7162

Ambiguously Mapped Contigs: 0
Total Bases in Ambiguously Mapped Contigs: 0
Extra Bases in Ambiguously Mapped Contigs: 0
Note that --allow-ambiguity option was set to "one" and only first alignment per each of these contigs was used.

	Covered Bases: 628

	SNPs: 4
	Insertions: 11
	Deletions: 0

