Aligning contigs to reference...
	Aligning contigs to the reference
Filtering alignments...
Parsing coords...
Loading reference...
	Loaded [GCA_000299995.1_crisprs_GCA_000299995.1_CRISPR_0_from_3959260__crt_]
	Total Regions: 1
	Total Region Length: 652
Analyzing contigs...
CONTIG: PC283899 (4480493bp)
Best alignment score: 652.0 (LEN: 652, IDY: 100.00), Total number of alignments: 1
			Looking for the best set of alignments (out of 1 total alignments)
			The best set is below. Score: 652.0, number of alignments: 1, unaligned bases: 4479841
		This contig is partially unaligned. (Aligned 652 out of 4480493 non-N bases (0.01%))
		Alignment: 1 652 | 3959254 3959905 | 652 652 | 100.0 | GCA_000299995.1_crisprs_GCA_000299995.1_CRISPR_0_from_3959260__crt_ PC283899
		Unaligned bases: 1 to 3959253 (3959253)
		Unaligned bases: 3959906 to 4480493 (520588)

Analyzing coverage...
Writing SNPs into /net/sgi/cami/data/CAMI2/scripts/second_challenge_evaluation/assembly/scripts/data/CRISPR/metaquast_all/runs_per_reference/GCA_000299995.1_crisprs/contigs_reports/minimap_output/marmgCAMI2.used_snps.gz

Analysis is finished!
Founded SNPs were written into /net/sgi/cami/data/CAMI2/scripts/second_challenge_evaluation/assembly/scripts/data/CRISPR/metaquast_all/runs_per_reference/GCA_000299995.1_crisprs/contigs_reports/minimap_output/marmgCAMI2.used_snps.gz

Results:
	Local Misassemblies: 0
	Misassemblies: 0
		Relocations: 0
		Translocations: 0
		Inversions: 0
	Scaffold gap extensive misassemblies: 0
	Scaffold gap local misassemblies: 0
	Misassembled Contigs: 0
	Misassembled Contig Bases: 0
	Misassemblies Inter-Contig Overlap: 0
Unaligned Contigs: 0 + 1 part
Half Unaligned Contigs with Misassemblies: 0
Unaligned Contig Bases: 4479841

Ambiguously Mapped Contigs: 0
Total Bases in Ambiguously Mapped Contigs: 0
Extra Bases in Ambiguously Mapped Contigs: 0
Note that --allow-ambiguity option was set to "one" and only first alignment per each of these contigs was used.

	Covered Bases: 652

	SNPs: 0
	Insertions: 0
	Deletions: 0

