Aligning contigs to reference...
	Aligning contigs to the reference
Filtering alignments...
Parsing coords...
Loading reference...
	Loaded [GCA_000299995.1_crisprs_GCA_000299995.1_CRISPR_0_from_3959260__crt_]
	Total Regions: 1
	Total Region Length: 652
Analyzing contigs...
CONTIG: NODE_83569_length_2305_cov_9.223070 (2305bp)
Best alignment score: 243.0 (LEN: 245, IDY: 99.18), Total number of alignments: 1
			Looking for the best set of alignments (out of 1 total alignments)
			The best set is below. Score: 243.0, number of alignments: 1, unaligned bases: 2060
		This contig is partially unaligned. (Aligned 245 out of 2305 non-N bases (10.63%))
		Alignment: 408 652 | 6 250 | 245 245 | 99.18 | GCA_000299995.1_crisprs_GCA_000299995.1_CRISPR_0_from_3959260__crt_ NODE_83569_length_2305_cov_9.223070
		Unaligned bases: 1 to 5 (5)
		Unaligned bases: 251 to 2305 (2055)

Analyzing coverage...
Writing SNPs into /net/sgi/cami/data/CAMI2/scripts/second_challenge_evaluation/assembly/scripts/data/CRISPR/metaquast_all/runs_per_reference/GCA_000299995.1_crisprs/contigs_reports/minimap_output/SPAdes.used_snps.gz

Analysis is finished!
Founded SNPs were written into /net/sgi/cami/data/CAMI2/scripts/second_challenge_evaluation/assembly/scripts/data/CRISPR/metaquast_all/runs_per_reference/GCA_000299995.1_crisprs/contigs_reports/minimap_output/SPAdes.used_snps.gz

Results:
	Local Misassemblies: 0
	Misassemblies: 0
		Relocations: 0
		Translocations: 0
		Inversions: 0
	Scaffold gap extensive misassemblies: 0
	Scaffold gap local misassemblies: 0
	Misassembled Contigs: 0
	Misassembled Contig Bases: 0
	Misassemblies Inter-Contig Overlap: 0
Unaligned Contigs: 0 + 1 part
Half Unaligned Contigs with Misassemblies: 0
Unaligned Contig Bases: 2060

Ambiguously Mapped Contigs: 0
Total Bases in Ambiguously Mapped Contigs: 0
Extra Bases in Ambiguously Mapped Contigs: 0
Note that --allow-ambiguity option was set to "one" and only first alignment per each of these contigs was used.

	Covered Bases: 245

	SNPs: 2
	Insertions: 0
	Deletions: 0

