Aligning contigs to reference...
	Aligning contigs to the reference
Filtering alignments...
Parsing coords...
Loading reference...
	Loaded [GCA_000299995.1_crisprs_GCA_000299995.1_CRISPR_0_from_3959260__crt_]
	Total Regions: 1
	Total Region Length: 652
Analyzing contigs...
CONTIG: contig_840385 (934bp)
Best alignment score: 178.0 (LEN: 185, IDY: 96.22), Total number of alignments: 1
			Looking for the best set of alignments (out of 1 total alignments)
			The best set is below. Score: 178.0, number of alignments: 1, unaligned bases: 749
		This contig is partially unaligned. (Aligned 185 out of 934 non-N bases (19.81%))
		Alignment: 1 185 | 185 1 | 185 185 | 96.22 | GCA_000299995.1_crisprs_GCA_000299995.1_CRISPR_0_from_3959260__crt_ contig_840385
		Unaligned bases: 186 to 934 (749)

CONTIG: strain87_opera_contig_68 (23644bp)
Best alignment score: 178.0 (LEN: 186, IDY: 95.70), Total number of alignments: 1
			Looking for the best set of alignments (out of 1 total alignments)
			The best set is below. Score: 178.0, number of alignments: 1, unaligned bases: 23458
		This contig is partially unaligned. (Aligned 186 out of 19689 non-N bases (0.94%))
		Alignment: 1 186 | 1633 1448 | 186 186 | 95.7 | GCA_000299995.1_crisprs_GCA_000299995.1_CRISPR_0_from_3959260__crt_ strain87_opera_contig_68
		Unaligned bases: 1 to 1447 (1447)
		Unaligned bases: 1634 to 23644 (22011)

Analyzing coverage...
Writing SNPs into /net/sgi/cami/data/CAMI2/scripts/second_challenge_evaluation/assembly/scripts/data/CRISPR/metaquast_all/runs_per_reference/GCA_000299995.1_crisprs/contigs_reports/minimap_output/A_STAR.used_snps.gz

Analysis is finished!
Founded SNPs were written into /net/sgi/cami/data/CAMI2/scripts/second_challenge_evaluation/assembly/scripts/data/CRISPR/metaquast_all/runs_per_reference/GCA_000299995.1_crisprs/contigs_reports/minimap_output/A_STAR.used_snps.gz

Results:
	Local Misassemblies: 0
	Misassemblies: 0
		Relocations: 0
		Translocations: 0
		Inversions: 0
	Scaffold gap extensive misassemblies: 0
	Scaffold gap local misassemblies: 0
	Misassembled Contigs: 0
	Misassembled Contig Bases: 0
	Misassemblies Inter-Contig Overlap: 0
Unaligned Contigs: 0 + 2 part
Half Unaligned Contigs with Misassemblies: 0
Unaligned Contig Bases: 20253

Ambiguously Mapped Contigs: 0
Total Bases in Ambiguously Mapped Contigs: 0
Extra Bases in Ambiguously Mapped Contigs: 0
Note that --allow-ambiguity option was set to "one" and only first alignment per each of these contigs was used.

	Covered Bases: 186

	SNPs: 14
	Insertions: 0
	Deletions: 0

