Aligning contigs to reference...
	Aligning contigs to the reference
Filtering alignments...
Parsing coords...
Loading reference...
	Loaded [GCA_000307105.1_crisprs_GCA_000307105.1_CRISPR_0_from_1120959__all_]
	Loaded [GCA_000307105.1_crisprs_GCA_000307105.1_CRISPR_1_from_1127872__finder_crt_]
	Loaded [GCA_000307105.1_crisprs_GCA_000307105.1_CRISPR_2_from_3489798__all_]
	Total Regions: 3
	Total Region Length: 5418
Analyzing contigs...
CONTIG: utg004223l (407302bp)
Best alignment score: 1803.7 (LEN: 1880, IDY: 95.94), Total number of alignments: 1
			Looking for the best set of alignments (out of 1 total alignments)
			The best set is below. Score: 1803.7, number of alignments: 1, unaligned bases: 405422
		This contig is partially unaligned. (Aligned 1880 out of 407302 non-N bases (0.46%))
		Alignment: 1 1846 | 404176 406055 | 1846 1880 | 95.94 | GCA_000307105.1_crisprs_GCA_000307105.1_CRISPR_0_from_1120959__all_ utg004223l
		Unaligned bases: 1 to 404175 (404175)
		Unaligned bases: 406056 to 407302 (1247)

Analyzing coverage...
Writing SNPs into /net/sgi/cami/data/CAMI2/scripts/second_challenge_evaluation/assembly/scripts/data/CRISPR/metaquast_all/runs_per_reference/GCA_000307105.1_crisprs/contigs_reports/minimap_output/Miniasm.used_snps.gz

Analysis is finished!
Founded SNPs were written into /net/sgi/cami/data/CAMI2/scripts/second_challenge_evaluation/assembly/scripts/data/CRISPR/metaquast_all/runs_per_reference/GCA_000307105.1_crisprs/contigs_reports/minimap_output/Miniasm.used_snps.gz

Results:
	Local Misassemblies: 0
	Misassemblies: 0
		Relocations: 0
		Translocations: 0
		Inversions: 0
	Scaffold gap extensive misassemblies: 0
	Scaffold gap local misassemblies: 0
	Misassembled Contigs: 0
	Misassembled Contig Bases: 0
	Misassemblies Inter-Contig Overlap: 0
Unaligned Contigs: 0 + 1 part
Half Unaligned Contigs with Misassemblies: 0
Unaligned Contig Bases: 405422

Ambiguously Mapped Contigs: 0
Total Bases in Ambiguously Mapped Contigs: 0
Extra Bases in Ambiguously Mapped Contigs: 0
Note that --allow-ambiguity option was set to "one" and only first alignment per each of these contigs was used.

	Covered Bases: 1846

	SNPs: 11
	Insertions: 50
	Deletions: 16

