Aligning contigs to reference...
	Aligning contigs to the reference
Filtering alignments...
Parsing coords...
Loading reference...
	Loaded [GCA_000221185.1_crisprs_GCA_000221185.1_CRISPR_0_from_131168__all_]
	Loaded [GCA_000221185.1_crisprs_GCA_000221185.1_CRISPR_1_from_137547__all_]
	Loaded [GCA_000221185.1_crisprs_GCA_000221185.1_CRISPR_2_from_345768__all_]
	Loaded [GCA_000221185.1_crisprs_GCA_000221185.1_CRISPR_3_from_701929__all_]
	Loaded [GCA_000221185.1_crisprs_GCA_000221185.1_CRISPR_4_from_1907425__all_]
	Total Regions: 5
	Total Region Length: 7907
Analyzing contigs...
CONTIG: opera_contig_1551 (71756bp)
Best alignment score: 764.0 (LEN: 767, IDY: 99.61), Total number of alignments: 1
			Looking for the best set of alignments (out of 1 total alignments)
			The best set is below. Score: 764.0, number of alignments: 1, unaligned bases: 70989
		This contig is partially unaligned. (Aligned 767 out of 71756 non-N bases (1.07%))
		Alignment: 1 767 | 2875 2109 | 767 767 | 99.61 | GCA_000221185.1_crisprs_GCA_000221185.1_CRISPR_4_from_1907425__all_ opera_contig_1551
		Unaligned bases: 1 to 2108 (2108)
		Unaligned bases: 2876 to 71756 (68881)

CONTIG: opera_contig_1775 (64569bp)
Best alignment score: 2520.2 (LEN: 2564, IDY: 98.29), Total number of alignments: 2
			Looking for the best set of alignments (out of 2 total alignments)
			The best set is below. Score: 4180.3, number of alignments: 2, unaligned bases: 60029
		This contig is misassembled.
		This contig is partially unaligned. (Aligned 4540 out of 64568 non-N bases (7.03%))
			Warning! This contig is more unaligned than misassembled. Contig length is 64569 (number of Ns: 1) and total length of all aligns is 4540
		Alignment: 1 2558 | 15088 12525 | 2558 2564 | 98.29 | GCA_000221185.1_crisprs_GCA_000221185.1_CRISPR_1_from_137547__all_ opera_contig_1775
		Alignment: 1 2041 | 21402 19427 | 2041 1976 | 96.72 | GCA_000221185.1_crisprs_GCA_000221185.1_CRISPR_0_from_131168__all_ opera_contig_1775
		Unaligned bases: 60029

CONTIG: opera_contig_11986 (14493bp)
Best alignment score: 764.0 (LEN: 764, IDY: 100.00), Total number of alignments: 1
			Looking for the best set of alignments (out of 1 total alignments)
			The best set is below. Score: 764.0, number of alignments: 1, unaligned bases: 13729
		This contig is partially unaligned. (Aligned 764 out of 14493 non-N bases (5.27%))
		Alignment: 1 764 | 5959 6722 | 764 764 | 100.0 | GCA_000221185.1_crisprs_GCA_000221185.1_CRISPR_2_from_345768__all_ opera_contig_11986
		Unaligned bases: 1 to 5958 (5958)
		Unaligned bases: 6723 to 14493 (7771)

CONTIG: opera_contig_29083 (6165bp)
Best alignment score: 1775.0 (LEN: 1777, IDY: 99.89), Total number of alignments: 1
			Looking for the best set of alignments (out of 1 total alignments)
			The best set is below. Score: 1775.0, number of alignments: 1, unaligned bases: 4388
		This contig is partially unaligned. (Aligned 1777 out of 6165 non-N bases (28.82%))
		Alignment: 1 1777 | 3711 1935 | 1777 1777 | 99.89 | GCA_000221185.1_crisprs_GCA_000221185.1_CRISPR_3_from_701929__all_ opera_contig_29083
		Unaligned bases: 1 to 1934 (1934)
		Unaligned bases: 3712 to 6165 (2454)

Analyzing coverage...
Writing SNPs into /net/sgi/cami/data/CAMI2/scripts/second_challenge_evaluation/assembly/scripts/data/CRISPR/metaquast_all/runs_per_reference/GCA_000221185.1_crisprs/contigs_reports/minimap_output/OPERA_MS_inhouse.used_snps.gz

Analysis is finished!
Founded SNPs were written into /net/sgi/cami/data/CAMI2/scripts/second_challenge_evaluation/assembly/scripts/data/CRISPR/metaquast_all/runs_per_reference/GCA_000221185.1_crisprs/contigs_reports/minimap_output/OPERA_MS_inhouse.used_snps.gz

Results:
	Local Misassemblies: 0
	Misassemblies: 0
		Relocations: 0
		Translocations: 0
		Inversions: 0
	Scaffold gap extensive misassemblies: 0
	Scaffold gap local misassemblies: 0
	Misassembled Contigs: 0
	Misassembled Contig Bases: 0
	Misassemblies Inter-Contig Overlap: 0
Unaligned Contigs: 0 + 4 part
Half Unaligned Contigs with Misassemblies: 1
Unaligned Contig Bases: 149134

Ambiguously Mapped Contigs: 0
Total Bases in Ambiguously Mapped Contigs: 0
Extra Bases in Ambiguously Mapped Contigs: 0
Note that --allow-ambiguity option was set to "one" and only first alignment per each of these contigs was used.

	Covered Bases: 7907

	SNPs: 33
	Insertions: 12
	Deletions: 71

