Aligning contigs to reference...
	Aligning contigs to the reference
Filtering alignments...
Parsing coords...
Loading reference...
	Loaded [GCA_000221185.1_crisprs_GCA_000221185.1_CRISPR_0_from_131168__all_]
	Loaded [GCA_000221185.1_crisprs_GCA_000221185.1_CRISPR_1_from_137547__all_]
	Loaded [GCA_000221185.1_crisprs_GCA_000221185.1_CRISPR_2_from_345768__all_]
	Loaded [GCA_000221185.1_crisprs_GCA_000221185.1_CRISPR_3_from_701929__all_]
	Loaded [GCA_000221185.1_crisprs_GCA_000221185.1_CRISPR_4_from_1907425__all_]
	Total Regions: 5
	Total Region Length: 7907
Analyzing contigs...
CONTIG: PC1041898 (2011287bp)
Best alignment score: 2558.0 (LEN: 2558, IDY: 100.00), Total number of alignments: 5
			Looking for the best set of alignments (out of 5 total alignments)
			The best set is below. Score: 6903.0, number of alignments: 5, unaligned bases: 2003380
		This contig is misassembled.
		This contig is partially unaligned. (Aligned 7907 out of 2011287 non-N bases (0.39%))
			Warning! This contig is more unaligned than misassembled. Contig length is 2011287 (number of Ns: 0) and total length of all aligns is 7907
		Alignment: 1 2041 | 131150 133190 | 2041 2041 | 100.0 | GCA_000221185.1_crisprs_GCA_000221185.1_CRISPR_0_from_131168__all_ PC1041898
		Alignment: 1 2558 | 137529 140086 | 2558 2558 | 100.0 | GCA_000221185.1_crisprs_GCA_000221185.1_CRISPR_1_from_137547__all_ PC1041898
		Alignment: 1 764 | 345750 346513 | 764 764 | 100.0 | GCA_000221185.1_crisprs_GCA_000221185.1_CRISPR_2_from_345768__all_ PC1041898
		Alignment: 1 1777 | 701911 703687 | 1777 1777 | 100.0 | GCA_000221185.1_crisprs_GCA_000221185.1_CRISPR_3_from_701929__all_ PC1041898
		Alignment: 1 767 | 1907407 1908173 | 767 767 | 100.0 | GCA_000221185.1_crisprs_GCA_000221185.1_CRISPR_4_from_1907425__all_ PC1041898
		Unaligned bases: 2003380

Analyzing coverage...
Writing SNPs into /net/sgi/cami/data/CAMI2/scripts/second_challenge_evaluation/assembly/scripts/data/CRISPR/metaquast_all/runs_per_reference/GCA_000221185.1_crisprs/contigs_reports/minimap_output/marmgCAMI2.used_snps.gz

Analysis is finished!
Founded SNPs were written into /net/sgi/cami/data/CAMI2/scripts/second_challenge_evaluation/assembly/scripts/data/CRISPR/metaquast_all/runs_per_reference/GCA_000221185.1_crisprs/contigs_reports/minimap_output/marmgCAMI2.used_snps.gz

Results:
	Local Misassemblies: 0
	Misassemblies: 0
		Relocations: 0
		Translocations: 0
		Inversions: 0
	Scaffold gap extensive misassemblies: 0
	Scaffold gap local misassemblies: 0
	Misassembled Contigs: 0
	Misassembled Contig Bases: 0
	Misassemblies Inter-Contig Overlap: 0
Unaligned Contigs: 0 + 1 part
Half Unaligned Contigs with Misassemblies: 1
Unaligned Contig Bases: 2003380

Ambiguously Mapped Contigs: 0
Total Bases in Ambiguously Mapped Contigs: 0
Extra Bases in Ambiguously Mapped Contigs: 0
Note that --allow-ambiguity option was set to "one" and only first alignment per each of these contigs was used.

	Covered Bases: 7907

	SNPs: 0
	Insertions: 0
	Deletions: 0

