Aligning contigs to reference...
	Aligning contigs to the reference
Filtering alignments...
Parsing coords...
Loading reference...
	Loaded [GCA_000195335.1_crisprs_GCA_000195335.1_CRISPR_0_from_2083555__all_]
	Loaded [GCA_000195335.1_crisprs_GCA_000195335.1_CRISPR_1_from_274044__all_]
	Loaded [GCA_000195335.1_crisprs_GCA_000195335.1_CRISPR_2_from_959694__all_]
	Loaded [GCA_000195335.1_crisprs_GCA_000195335.1_CRISPR_3_from_1465974__all_]
	Loaded [GCA_000195335.1_crisprs_GCA_000195335.1_CRISPR_4_from_193090__crt_]
	Total Regions: 5
	Total Region Length: 10774
Analyzing contigs...
CONTIG: 389415 (511bp)
Best alignment score: 511.0 (LEN: 511, IDY: 100.00), Total number of alignments: 1
		One align captures most of this contig: 200 710 | 1 511 | 511 511 | 100.0 | GCA_000195335.1_crisprs_GCA_000195335.1_CRISPR_0_from_2083555__all_ 389415

Analyzing coverage...
Writing SNPs into /net/sgi/cami/data/CAMI2/scripts/second_challenge_evaluation/assembly/scripts/data/CRISPR/metaquast_all/runs_per_reference/GCA_000195335.1_crisprs/contigs_reports/minimap_output/ABySS.used_snps.gz

Analysis is finished!
Founded SNPs were written into /net/sgi/cami/data/CAMI2/scripts/second_challenge_evaluation/assembly/scripts/data/CRISPR/metaquast_all/runs_per_reference/GCA_000195335.1_crisprs/contigs_reports/minimap_output/ABySS.used_snps.gz

Results:
	Local Misassemblies: 0
	Misassemblies: 0
		Relocations: 0
		Translocations: 0
		Inversions: 0
	Scaffold gap extensive misassemblies: 0
	Scaffold gap local misassemblies: 0
	Misassembled Contigs: 0
	Misassembled Contig Bases: 0
	Misassemblies Inter-Contig Overlap: 0
Unaligned Contigs: 0 + 0 part
Half Unaligned Contigs with Misassemblies: 0
Unaligned Contig Bases: 0

Ambiguously Mapped Contigs: 0
Total Bases in Ambiguously Mapped Contigs: 0
Extra Bases in Ambiguously Mapped Contigs: 0
Note that --allow-ambiguity option was set to "one" and only first alignment per each of these contigs was used.

	Covered Bases: 511

	SNPs: 0
	Insertions: 0
	Deletions: 0

