Aligning contigs to reference...
	Aligning contigs to the reference
Filtering alignments...
Parsing coords...
Loading reference...
	Loaded [GCA_000590925.1_crisprs_GCA_000590925.1_CRISPR_0_from_1172920__ml_]
	Total Regions: 1
	Total Region Length: 590
Analyzing contigs...
CONTIG: k131_250312 (66999bp)
Best alignment score: 590.0 (LEN: 590, IDY: 100.00), Total number of alignments: 1
			Looking for the best set of alignments (out of 1 total alignments)
			The best set is below. Score: 590.0, number of alignments: 1, unaligned bases: 66409
		This contig is partially unaligned. (Aligned 590 out of 66999 non-N bases (0.88%))
		Alignment: 1 590 | 27497 28086 | 590 590 | 100.0 | GCA_000590925.1_crisprs_GCA_000590925.1_CRISPR_0_from_1172920__ml_ k131_250312
		Unaligned bases: 1 to 27496 (27496)
		Unaligned bases: 28087 to 66999 (38913)

CONTIG: k141_1484369 (33707bp)
Best alignment score: 586.0 (LEN: 590, IDY: 99.32), Total number of alignments: 1
			Looking for the best set of alignments (out of 1 total alignments)
			The best set is below. Score: 586.0, number of alignments: 1, unaligned bases: 33117
		This contig is partially unaligned. (Aligned 590 out of 33707 non-N bases (1.75%))
		Alignment: 1 590 | 6084 6673 | 590 590 | 99.32 | GCA_000590925.1_crisprs_GCA_000590925.1_CRISPR_0_from_1172920__ml_ k141_1484369
		Unaligned bases: 1 to 6083 (6083)
		Unaligned bases: 6674 to 33707 (27034)

CONTIG: k91_803780 (60601bp)
Best alignment score: 590.0 (LEN: 590, IDY: 100.00), Total number of alignments: 1
			Looking for the best set of alignments (out of 1 total alignments)
			The best set is below. Score: 590.0, number of alignments: 1, unaligned bases: 60011
		This contig is partially unaligned. (Aligned 590 out of 60601 non-N bases (0.97%))
		Alignment: 1 590 | 33083 32494 | 590 590 | 100.0 | GCA_000590925.1_crisprs_GCA_000590925.1_CRISPR_0_from_1172920__ml_ k91_803780
		Unaligned bases: 1 to 32493 (32493)
		Unaligned bases: 33084 to 60601 (27518)

Analyzing coverage...
Writing SNPs into /net/sgi/cami/data/CAMI2/scripts/second_challenge_evaluation/assembly/scripts/data/CRISPR/metaquast_all/runs_per_reference/GCA_000590925.1_crisprs/contigs_reports/minimap_output/Megahit.used_snps.gz

Analysis is finished!
Founded SNPs were written into /net/sgi/cami/data/CAMI2/scripts/second_challenge_evaluation/assembly/scripts/data/CRISPR/metaquast_all/runs_per_reference/GCA_000590925.1_crisprs/contigs_reports/minimap_output/Megahit.used_snps.gz

Results:
	Local Misassemblies: 0
	Misassemblies: 0
		Relocations: 0
		Translocations: 0
		Inversions: 0
	Scaffold gap extensive misassemblies: 0
	Scaffold gap local misassemblies: 0
	Misassembled Contigs: 0
	Misassembled Contig Bases: 0
	Misassemblies Inter-Contig Overlap: 0
Unaligned Contigs: 0 + 3 part
Half Unaligned Contigs with Misassemblies: 0
Unaligned Contig Bases: 159537

Ambiguously Mapped Contigs: 0
Total Bases in Ambiguously Mapped Contigs: 0
Extra Bases in Ambiguously Mapped Contigs: 0
Note that --allow-ambiguity option was set to "one" and only first alignment per each of these contigs was used.

	Covered Bases: 590

	SNPs: 4
	Insertions: 0
	Deletions: 0

