Aligning contigs to reference...
	Aligning contigs to the reference
Filtering alignments...
Parsing coords...
Loading reference...
	Loaded [GCA_000590925.1_crisprs_GCA_000590925.1_CRISPR_0_from_1172920__ml_]
	Total Regions: 1
	Total Region Length: 590
Analyzing contigs...
CONTIG: NODE_36992_length_3556_cov_5.170739 (3556bp)
Best alignment score: 590.0 (LEN: 590, IDY: 100.00), Total number of alignments: 1
			Looking for the best set of alignments (out of 1 total alignments)
			The best set is below. Score: 590.0, number of alignments: 1, unaligned bases: 2966
		This contig is partially unaligned. (Aligned 590 out of 3556 non-N bases (16.59%))
		Alignment: 1 590 | 2818 3407 | 590 590 | 100.0 | GCA_000590925.1_crisprs_GCA_000590925.1_CRISPR_0_from_1172920__ml_ NODE_36992_length_3556_cov_5.170739
		Unaligned bases: 1 to 2817 (2817)
		Unaligned bases: 3408 to 3556 (149)

Analyzing coverage...
Writing SNPs into /net/sgi/cami/data/CAMI2/scripts/second_challenge_evaluation/assembly/scripts/data/CRISPR/metaquast_all/runs_per_reference/GCA_000590925.1_crisprs/contigs_reports/minimap_output/SPAdes.used_snps.gz

Analysis is finished!
Founded SNPs were written into /net/sgi/cami/data/CAMI2/scripts/second_challenge_evaluation/assembly/scripts/data/CRISPR/metaquast_all/runs_per_reference/GCA_000590925.1_crisprs/contigs_reports/minimap_output/SPAdes.used_snps.gz

Results:
	Local Misassemblies: 0
	Misassemblies: 0
		Relocations: 0
		Translocations: 0
		Inversions: 0
	Scaffold gap extensive misassemblies: 0
	Scaffold gap local misassemblies: 0
	Misassembled Contigs: 0
	Misassembled Contig Bases: 0
	Misassemblies Inter-Contig Overlap: 0
Unaligned Contigs: 0 + 1 part
Half Unaligned Contigs with Misassemblies: 0
Unaligned Contig Bases: 2966

Ambiguously Mapped Contigs: 0
Total Bases in Ambiguously Mapped Contigs: 0
Extra Bases in Ambiguously Mapped Contigs: 0
Note that --allow-ambiguity option was set to "one" and only first alignment per each of these contigs was used.

	Covered Bases: 590

	SNPs: 0
	Insertions: 0
	Deletions: 0

