Aligning contigs to reference...
	Aligning contigs to the reference
Filtering alignments...
Parsing coords...
Loading reference...
	Loaded [GCA_000212355.1_crisprs_GCA_000212355.1_CRISPR_0_from_619130__ml_]
	Total Regions: 1
	Total Region Length: 510
Analyzing contigs...
CONTIG: contig_551661 (2285bp)
Best alignment score: 479.0 (LEN: 483, IDY: 99.17), Total number of alignments: 1
			Looking for the best set of alignments (out of 1 total alignments)
			The best set is below. Score: 479.0, number of alignments: 1, unaligned bases: 1802
		This contig is partially unaligned. (Aligned 483 out of 2285 non-N bases (21.14%))
		Alignment: 28 510 | 1280 1762 | 483 483 | 99.17 | GCA_000212355.1_crisprs_GCA_000212355.1_CRISPR_0_from_619130__ml_ contig_551661
		Unaligned bases: 1 to 1279 (1279)
		Unaligned bases: 1763 to 2285 (523)

CONTIG: opera_contig_23778 (7134bp)
Best alignment score: 479.0 (LEN: 483, IDY: 99.17), Total number of alignments: 1
			Looking for the best set of alignments (out of 1 total alignments)
			The best set is below. Score: 479.0, number of alignments: 1, unaligned bases: 6651
		This contig is partially unaligned. (Aligned 483 out of 5104 non-N bases (9.46%))
		Alignment: 28 510 | 6129 6611 | 483 483 | 99.17 | GCA_000212355.1_crisprs_GCA_000212355.1_CRISPR_0_from_619130__ml_ opera_contig_23778
		Unaligned bases: 1 to 6128 (6128)
		Unaligned bases: 6612 to 7134 (523)

Analyzing coverage...
Writing SNPs into /net/sgi/cami/data/CAMI2/scripts/second_challenge_evaluation/assembly/scripts/data/CRISPR/metaquast_all/runs_per_reference/GCA_000212355.1_crisprs/contigs_reports/minimap_output/A_STAR.used_snps.gz

Analysis is finished!
Founded SNPs were written into /net/sgi/cami/data/CAMI2/scripts/second_challenge_evaluation/assembly/scripts/data/CRISPR/metaquast_all/runs_per_reference/GCA_000212355.1_crisprs/contigs_reports/minimap_output/A_STAR.used_snps.gz

Results:
	Local Misassemblies: 0
	Misassemblies: 0
		Relocations: 0
		Translocations: 0
		Inversions: 0
	Scaffold gap extensive misassemblies: 0
	Scaffold gap local misassemblies: 0
	Misassembled Contigs: 0
	Misassembled Contig Bases: 0
	Misassemblies Inter-Contig Overlap: 0
Unaligned Contigs: 0 + 2 part
Half Unaligned Contigs with Misassemblies: 0
Unaligned Contig Bases: 6423

Ambiguously Mapped Contigs: 0
Total Bases in Ambiguously Mapped Contigs: 0
Extra Bases in Ambiguously Mapped Contigs: 0
Note that --allow-ambiguity option was set to "one" and only first alignment per each of these contigs was used.

	Covered Bases: 483

	SNPs: 8
	Insertions: 0
	Deletions: 0

