Aligning contigs to reference...
	Aligning contigs to the reference
Filtering alignments...
Parsing coords...
Loading reference...
	Loaded [GCA_000212355.1_crisprs_GCA_000212355.1_CRISPR_0_from_619130__ml_]
	Total Regions: 1
	Total Region Length: 510
Analyzing contigs...
CONTIG: NODE_10949_length_10156_cov_21.523216 (10156bp)
Best alignment score: 510.0 (LEN: 510, IDY: 100.00), Total number of alignments: 1
			Looking for the best set of alignments (out of 1 total alignments)
			The best set is below. Score: 510.0, number of alignments: 1, unaligned bases: 9646
		This contig is partially unaligned. (Aligned 510 out of 10156 non-N bases (5.02%))
		Alignment: 1 510 | 8732 8223 | 510 510 | 100.0 | GCA_000212355.1_crisprs_GCA_000212355.1_CRISPR_0_from_619130__ml_ NODE_10949_length_10156_cov_21.523216
		Unaligned bases: 1 to 8222 (8222)
		Unaligned bases: 8733 to 10156 (1424)

CONTIG: NODE_4944_length_19820_cov_13.311098 (19820bp)
Best alignment score: 510.0 (LEN: 510, IDY: 100.00), Total number of alignments: 1
			Looking for the best set of alignments (out of 1 total alignments)
			The best set is below. Score: 510.0, number of alignments: 1, unaligned bases: 19310
		This contig is partially unaligned. (Aligned 510 out of 19820 non-N bases (2.57%))
		Alignment: 1 510 | 18326 17817 | 510 510 | 100.0 | GCA_000212355.1_crisprs_GCA_000212355.1_CRISPR_0_from_619130__ml_ NODE_4944_length_19820_cov_13.311098
		Unaligned bases: 1 to 17816 (17816)
		Unaligned bases: 18327 to 19820 (1494)

CONTIG: NODE_674_length_113468_cov_19.346354 (113468bp)
Best alignment score: 510.0 (LEN: 510, IDY: 100.00), Total number of alignments: 1
			Looking for the best set of alignments (out of 1 total alignments)
			The best set is below. Score: 510.0, number of alignments: 1, unaligned bases: 112958
		This contig is partially unaligned. (Aligned 510 out of 113468 non-N bases (0.45%))
		Alignment: 1 510 | 1425 1934 | 510 510 | 100.0 | GCA_000212355.1_crisprs_GCA_000212355.1_CRISPR_0_from_619130__ml_ NODE_674_length_113468_cov_19.346354
		Unaligned bases: 1 to 1424 (1424)
		Unaligned bases: 1935 to 113468 (111534)

Analyzing coverage...
Writing SNPs into /net/sgi/cami/data/CAMI2/scripts/second_challenge_evaluation/assembly/scripts/data/CRISPR/metaquast_all/runs_per_reference/GCA_000212355.1_crisprs/contigs_reports/minimap_output/metaSPAdes.used_snps.gz

Analysis is finished!
Founded SNPs were written into /net/sgi/cami/data/CAMI2/scripts/second_challenge_evaluation/assembly/scripts/data/CRISPR/metaquast_all/runs_per_reference/GCA_000212355.1_crisprs/contigs_reports/minimap_output/metaSPAdes.used_snps.gz

Results:
	Local Misassemblies: 0
	Misassemblies: 0
		Relocations: 0
		Translocations: 0
		Inversions: 0
	Scaffold gap extensive misassemblies: 0
	Scaffold gap local misassemblies: 0
	Misassembled Contigs: 0
	Misassembled Contig Bases: 0
	Misassemblies Inter-Contig Overlap: 0
Unaligned Contigs: 0 + 3 part
Half Unaligned Contigs with Misassemblies: 0
Unaligned Contig Bases: 141914

Ambiguously Mapped Contigs: 0
Total Bases in Ambiguously Mapped Contigs: 0
Extra Bases in Ambiguously Mapped Contigs: 0
Note that --allow-ambiguity option was set to "one" and only first alignment per each of these contigs was used.

	Covered Bases: 510

	SNPs: 0
	Insertions: 0
	Deletions: 0

