Aligning contigs to reference...
	Aligning contigs to the reference
Filtering alignments...
Parsing coords...
Loading reference...
	Loaded [GCA_000725425.1_crisprs_GCA_000725425.1_CRISPR_0_from_735977__all_]
	Loaded [GCA_000725425.1_crisprs_GCA_000725425.1_CRISPR_1_from_1003934__all_]
	Loaded [GCA_000725425.1_crisprs_GCA_000725425.1_CRISPR_2_from_1426423__all_]
	Total Regions: 3
	Total Region Length: 7308
Analyzing contigs...
CONTIG: PC1444046 (1859369bp)
Best alignment score: 3437.0 (LEN: 3437, IDY: 100.00), Total number of alignments: 3
			Looking for the best set of alignments (out of 3 total alignments)
			The best set is below. Score: 6806.0, number of alignments: 3, unaligned bases: 1852061
		This contig is misassembled.
		This contig is partially unaligned. (Aligned 7308 out of 1859369 non-N bases (0.39%))
			Warning! This contig is more unaligned than misassembled. Contig length is 1859369 (number of Ns: 0) and total length of all aligns is 7308
		Alignment: 1 3437 | 735978 739414 | 3437 3437 | 100.0 | GCA_000725425.1_crisprs_GCA_000725425.1_CRISPR_0_from_735977__all_ PC1444046
		Alignment: 1 1776 | 1003935 1005710 | 1776 1776 | 100.0 | GCA_000725425.1_crisprs_GCA_000725425.1_CRISPR_1_from_1003934__all_ PC1444046
		Alignment: 1 2095 | 1426424 1428518 | 2095 2095 | 100.0 | GCA_000725425.1_crisprs_GCA_000725425.1_CRISPR_2_from_1426423__all_ PC1444046
		Unaligned bases: 1852061

Analyzing coverage...
Writing SNPs into /net/sgi/cami/data/CAMI2/scripts/second_challenge_evaluation/assembly/scripts/data/CRISPR/metaquast_all/runs_per_reference/GCA_000725425.1_crisprs/contigs_reports/minimap_output/marmgCAMI2.used_snps.gz

Analysis is finished!
Founded SNPs were written into /net/sgi/cami/data/CAMI2/scripts/second_challenge_evaluation/assembly/scripts/data/CRISPR/metaquast_all/runs_per_reference/GCA_000725425.1_crisprs/contigs_reports/minimap_output/marmgCAMI2.used_snps.gz

Results:
	Local Misassemblies: 0
	Misassemblies: 0
		Relocations: 0
		Translocations: 0
		Inversions: 0
	Scaffold gap extensive misassemblies: 0
	Scaffold gap local misassemblies: 0
	Misassembled Contigs: 0
	Misassembled Contig Bases: 0
	Misassemblies Inter-Contig Overlap: 0
Unaligned Contigs: 0 + 1 part
Half Unaligned Contigs with Misassemblies: 1
Unaligned Contig Bases: 1852061

Ambiguously Mapped Contigs: 0
Total Bases in Ambiguously Mapped Contigs: 0
Extra Bases in Ambiguously Mapped Contigs: 0
Note that --allow-ambiguity option was set to "one" and only first alignment per each of these contigs was used.

	Covered Bases: 7308

	SNPs: 0
	Insertions: 0
	Deletions: 0

