Aligning contigs to reference...
	Aligning contigs to the reference
Filtering alignments...
Parsing coords...
Loading reference...
	Loaded [GCA_000725425.1_crisprs_GCA_000725425.1_CRISPR_0_from_735977__all_]
	Loaded [GCA_000725425.1_crisprs_GCA_000725425.1_CRISPR_1_from_1003934__all_]
	Loaded [GCA_000725425.1_crisprs_GCA_000725425.1_CRISPR_2_from_1426423__all_]
	Total Regions: 3
	Total Region Length: 7308
Analyzing contigs...
CONTIG: opera_contig_16 (763998bp)
Best alignment score: 3172.2 (LEN: 3303, IDY: 96.04), Total number of alignments: 1
			Looking for the best set of alignments (out of 1 total alignments)
			The best set is below. Score: 3172.2, number of alignments: 1, unaligned bases: 760695
		This contig is partially unaligned. (Aligned 3303 out of 763998 non-N bases (0.43%))
		Alignment: 1 3437 | 736946 740248 | 3437 3303 | 96.04 | GCA_000725425.1_crisprs_GCA_000725425.1_CRISPR_0_from_735977__all_ opera_contig_16
		Unaligned bases: 1 to 736945 (736945)
		Unaligned bases: 740249 to 763998 (23750)

CONTIG: opera_contig_18 (749473bp)
Best alignment score: 2081.9 (LEN: 2104, IDY: 98.95), Total number of alignments: 5
			Looking for the best set of alignments (out of 5 total alignments)
			The best set is below. Score: 3234.9, number of alignments: 5, unaligned bases: 745939
		This contig is misassembled.
		This contig is partially unaligned. (Aligned 3534 out of 749473 non-N bases (0.47%))
			Warning! This contig is more unaligned than misassembled. Contig length is 749473 (number of Ns: 0) and total length of all aligns is 3534
		Alignment: 1 327 | 228873 229199 | 327 327 | 100.0 | GCA_000725425.1_crisprs_GCA_000725425.1_CRISPR_1_from_1003934__all_ opera_contig_18
		Alignment: 606 1272 | 229275 229941 | 667 667 | 99.85 | GCA_000725425.1_crisprs_GCA_000725425.1_CRISPR_1_from_1003934__all_ opera_contig_18
		Alignment: 1340 1435 | 229942 230037 | 96 96 | 100.0 | GCA_000725425.1_crisprs_GCA_000725425.1_CRISPR_1_from_1003934__all_ opera_contig_18
		Alignment: 1437 1776 | 230038 230377 | 340 340 | 99.71 | GCA_000725425.1_crisprs_GCA_000725425.1_CRISPR_1_from_1003934__all_ opera_contig_18
		Alignment: 1 2095 | 651607 653710 | 2095 2104 | 98.95 | GCA_000725425.1_crisprs_GCA_000725425.1_CRISPR_2_from_1426423__all_ opera_contig_18
		Unaligned bases: 745939

Analyzing coverage...
Writing SNPs into /net/sgi/cami/data/CAMI2/scripts/second_challenge_evaluation/assembly/scripts/data/CRISPR/metaquast_all/runs_per_reference/GCA_000725425.1_crisprs/contigs_reports/minimap_output/OPERA_MS_inhouse.used_snps.gz

Analysis is finished!
Founded SNPs were written into /net/sgi/cami/data/CAMI2/scripts/second_challenge_evaluation/assembly/scripts/data/CRISPR/metaquast_all/runs_per_reference/GCA_000725425.1_crisprs/contigs_reports/minimap_output/OPERA_MS_inhouse.used_snps.gz

Results:
	Local Misassemblies: 0
	Misassemblies: 0
		Relocations: 0
		Translocations: 0
		Inversions: 0
	Scaffold gap extensive misassemblies: 0
	Scaffold gap local misassemblies: 0
	Misassembled Contigs: 0
	Misassembled Contig Bases: 0
	Misassemblies Inter-Contig Overlap: 0
Unaligned Contigs: 0 + 2 part
Half Unaligned Contigs with Misassemblies: 1
Unaligned Contig Bases: 1506634

Ambiguously Mapped Contigs: 0
Total Bases in Ambiguously Mapped Contigs: 0
Extra Bases in Ambiguously Mapped Contigs: 0
Note that --allow-ambiguity option was set to "one" and only first alignment per each of these contigs was used.

	Covered Bases: 6962

	SNPs: 15
	Insertions: 10
	Deletions: 135

