Aligning contigs to reference...
	Aligning contigs to the reference
Filtering alignments...
Parsing coords...
Loading reference...
	Loaded [GCA_000626635.1_crisprs_GCA_000626635.1_CRISPR_0_from_4017666__finder_crt_]
	Total Regions: 1
	Total Region Length: 298
Analyzing contigs...
CONTIG: Scaffold412468 (81572bp)
Best alignment score: 180.0 (LEN: 180, IDY: 100.00), Total number of alignments: 1
			Looking for the best set of alignments (out of 1 total alignments)
			The best set is below. Score: 180.0, number of alignments: 1, unaligned bases: 81392
		This contig is partially unaligned. (Aligned 180 out of 81572 non-N bases (0.22%))
		Alignment: 119 298 | 81572 81393 | 180 180 | 100.0 | GCA_000626635.1_crisprs_GCA_000626635.1_CRISPR_0_from_4017666__finder_crt_ Scaffold412468
		Unaligned bases: 1 to 81392 (81392)

CONTIG: Scaffold744781 (48623bp)
Best alignment score: 169.0 (LEN: 169, IDY: 100.00), Total number of alignments: 1
			Looking for the best set of alignments (out of 1 total alignments)
			The best set is below. Score: 169.0, number of alignments: 1, unaligned bases: 48454
		This contig is partially unaligned. (Aligned 169 out of 48623 non-N bases (0.35%))
		Alignment: 1 169 | 48455 48623 | 169 169 | 100.0 | GCA_000626635.1_crisprs_GCA_000626635.1_CRISPR_0_from_4017666__finder_crt_ Scaffold744781
		Unaligned bases: 1 to 48454 (48454)

CONTIG: Scaffold25124396 (55566bp)
Best alignment score: 180.0 (LEN: 180, IDY: 100.00), Total number of alignments: 1
			Looking for the best set of alignments (out of 1 total alignments)
			The best set is below. Score: 180.0, number of alignments: 1, unaligned bases: 55386
		This contig is partially unaligned. (Aligned 180 out of 55566 non-N bases (0.32%))
		Alignment: 119 298 | 55566 55387 | 180 180 | 100.0 | GCA_000626635.1_crisprs_GCA_000626635.1_CRISPR_0_from_4017666__finder_crt_ Scaffold25124396
		Unaligned bases: 1 to 55386 (55386)

CONTIG: Scaffold19719299 (5271bp)
Best alignment score: 169.0 (LEN: 169, IDY: 100.00), Total number of alignments: 1
			Looking for the best set of alignments (out of 1 total alignments)
			The best set is below. Score: 169.0, number of alignments: 1, unaligned bases: 5102
		This contig is partially unaligned. (Aligned 169 out of 5271 non-N bases (3.21%))
		Alignment: 1 169 | 5103 5271 | 169 169 | 100.0 | GCA_000626635.1_crisprs_GCA_000626635.1_CRISPR_0_from_4017666__finder_crt_ Scaffold19719299
		Unaligned bases: 1 to 5102 (5102)

Analyzing coverage...
Writing SNPs into /net/sgi/cami/data/CAMI2/scripts/second_challenge_evaluation/assembly/scripts/data/CRISPR/metaquast_all/runs_per_reference/GCA_000626635.1_crisprs/contigs_reports/minimap_output/HipMer.used_snps.gz

Analysis is finished!
Founded SNPs were written into /net/sgi/cami/data/CAMI2/scripts/second_challenge_evaluation/assembly/scripts/data/CRISPR/metaquast_all/runs_per_reference/GCA_000626635.1_crisprs/contigs_reports/minimap_output/HipMer.used_snps.gz

Results:
	Local Misassemblies: 0
	Misassemblies: 0
		Relocations: 0
		Translocations: 0
		Inversions: 0
	Scaffold gap extensive misassemblies: 0
	Scaffold gap local misassemblies: 0
	Misassembled Contigs: 0
	Misassembled Contig Bases: 0
	Misassemblies Inter-Contig Overlap: 0
Unaligned Contigs: 0 + 4 part
Half Unaligned Contigs with Misassemblies: 0
Unaligned Contig Bases: 190334

Ambiguously Mapped Contigs: 0
Total Bases in Ambiguously Mapped Contigs: 0
Extra Bases in Ambiguously Mapped Contigs: 0
Note that --allow-ambiguity option was set to "one" and only first alignment per each of these contigs was used.

	Covered Bases: 298

	SNPs: 0
	Insertions: 0
	Deletions: 0

