Aligning contigs to reference...
	Aligning contigs to the reference
Filtering alignments...
Parsing coords...
Loading reference...
	Loaded [GCA_000626635.1_crisprs_GCA_000626635.1_CRISPR_0_from_4017666__finder_crt_]
	Total Regions: 1
	Total Region Length: 298
Analyzing contigs...
CONTIG: contig_790448 (1860bp)
Best alignment score: 298.0 (LEN: 298, IDY: 100.00), Total number of alignments: 1
			Looking for the best set of alignments (out of 1 total alignments)
			The best set is below. Score: 298.0, number of alignments: 1, unaligned bases: 1562
		This contig is partially unaligned. (Aligned 298 out of 1860 non-N bases (16.02%))
		Alignment: 1 298 | 406 109 | 298 298 | 100.0 | GCA_000626635.1_crisprs_GCA_000626635.1_CRISPR_0_from_4017666__finder_crt_ contig_790448
		Unaligned bases: 1 to 108 (108)
		Unaligned bases: 407 to 1860 (1454)

CONTIG: opera_contig_81809 (1860bp)
Best alignment score: 298.0 (LEN: 298, IDY: 100.00), Total number of alignments: 1
			Looking for the best set of alignments (out of 1 total alignments)
			The best set is below. Score: 298.0, number of alignments: 1, unaligned bases: 1562
		This contig is partially unaligned. (Aligned 298 out of 1860 non-N bases (16.02%))
		Alignment: 1 298 | 406 109 | 298 298 | 100.0 | GCA_000626635.1_crisprs_GCA_000626635.1_CRISPR_0_from_4017666__finder_crt_ opera_contig_81809
		Unaligned bases: 1 to 108 (108)
		Unaligned bases: 407 to 1860 (1454)

Analyzing coverage...
Writing SNPs into /net/sgi/cami/data/CAMI2/scripts/second_challenge_evaluation/assembly/scripts/data/CRISPR/metaquast_all/runs_per_reference/GCA_000626635.1_crisprs/contigs_reports/minimap_output/A_STAR.used_snps.gz

Analysis is finished!
Founded SNPs were written into /net/sgi/cami/data/CAMI2/scripts/second_challenge_evaluation/assembly/scripts/data/CRISPR/metaquast_all/runs_per_reference/GCA_000626635.1_crisprs/contigs_reports/minimap_output/A_STAR.used_snps.gz

Results:
	Local Misassemblies: 0
	Misassemblies: 0
		Relocations: 0
		Translocations: 0
		Inversions: 0
	Scaffold gap extensive misassemblies: 0
	Scaffold gap local misassemblies: 0
	Misassembled Contigs: 0
	Misassembled Contig Bases: 0
	Misassemblies Inter-Contig Overlap: 0
Unaligned Contigs: 0 + 2 part
Half Unaligned Contigs with Misassemblies: 0
Unaligned Contig Bases: 3124

Ambiguously Mapped Contigs: 0
Total Bases in Ambiguously Mapped Contigs: 0
Extra Bases in Ambiguously Mapped Contigs: 0
Note that --allow-ambiguity option was set to "one" and only first alignment per each of these contigs was used.

	Covered Bases: 298

	SNPs: 0
	Insertions: 0
	Deletions: 0

