Aligning contigs to reference...
	Aligning contigs to the reference
Filtering alignments...
Parsing coords...
Loading reference...
	Loaded [GCA_000012325.1_crisprs_GCA_000012325.1_CRISPR_0_from_3967485__crt_]
	Total Regions: 1
	Total Region Length: 913
Analyzing contigs...
CONTIG: opera_contig_48 (555914bp)
Best alignment score: 301.0 (LEN: 307, IDY: 98.05), Total number of alignments: 2
			Looking for the best set of alignments (out of 2 total alignments)
			Skipping redundant alignments after choosing the best set of alignments
		Skipping redundant alignment 1 300 | 306 7 | 300 300 | 97.0 | GCA_000012325.1_crisprs_GCA_000012325.1_CRISPR_0_from_3967485__crt_ opera_contig_48
			The best set is below. Score: 301.0, number of alignments: 1, unaligned bases: 555607
		This contig is partially unaligned. (Aligned 307 out of 555914 non-N bases (0.06%))
		Alignment: 120 426 | 313 7 | 307 307 | 98.05 | GCA_000012325.1_crisprs_GCA_000012325.1_CRISPR_0_from_3967485__crt_ opera_contig_48
		Unaligned bases: 1 to 6 (6)
		Unaligned bases: 314 to 555914 (555601)

CONTIG: opera_contig_956 (106671bp)
Best alignment score: 246.0 (LEN: 246, IDY: 100.00), Total number of alignments: 1
			Looking for the best set of alignments (out of 1 total alignments)
			The best set is below. Score: 246.0, number of alignments: 1, unaligned bases: 106425
		This contig is partially unaligned. (Aligned 246 out of 106671 non-N bases (0.23%))
		Alignment: 668 913 | 106671 106426 | 246 246 | 100.0 | GCA_000012325.1_crisprs_GCA_000012325.1_CRISPR_0_from_3967485__crt_ opera_contig_956
		Unaligned bases: 1 to 106425 (106425)

Analyzing coverage...
Writing SNPs into /net/sgi/cami/data/CAMI2/scripts/second_challenge_evaluation/assembly/scripts/data/CRISPR/metaquast_all/runs_per_reference/GCA_000012325.1_crisprs/contigs_reports/minimap_output/OPERA_MS_inhouse.used_snps.gz

Analysis is finished!
Founded SNPs were written into /net/sgi/cami/data/CAMI2/scripts/second_challenge_evaluation/assembly/scripts/data/CRISPR/metaquast_all/runs_per_reference/GCA_000012325.1_crisprs/contigs_reports/minimap_output/OPERA_MS_inhouse.used_snps.gz

Results:
	Local Misassemblies: 0
	Misassemblies: 0
		Relocations: 0
		Translocations: 0
		Inversions: 0
	Scaffold gap extensive misassemblies: 0
	Scaffold gap local misassemblies: 0
	Misassembled Contigs: 0
	Misassembled Contig Bases: 0
	Misassemblies Inter-Contig Overlap: 0
Unaligned Contigs: 0 + 2 part
Half Unaligned Contigs with Misassemblies: 0
Unaligned Contig Bases: 662032

Ambiguously Mapped Contigs: 0
Total Bases in Ambiguously Mapped Contigs: 0
Extra Bases in Ambiguously Mapped Contigs: 0
Note that --allow-ambiguity option was set to "one" and only first alignment per each of these contigs was used.

	Covered Bases: 553

	SNPs: 6
	Insertions: 0
	Deletions: 0

