Aligning contigs to reference...
	Aligning contigs to the reference
Filtering alignments...
Parsing coords...
Loading reference...
	Loaded [GCA_000012325.1_crisprs_GCA_000012325.1_CRISPR_0_from_3967485__crt_]
	Total Regions: 1
	Total Region Length: 913
Analyzing contigs...
CONTIG: contig_352376 (60217bp)
Best alignment score: 344.0 (LEN: 344, IDY: 100.00), Total number of alignments: 1
			Looking for the best set of alignments (out of 1 total alignments)
			The best set is below. Score: 344.0, number of alignments: 1, unaligned bases: 59873
		This contig is partially unaligned. (Aligned 344 out of 60217 non-N bases (0.57%))
		Alignment: 570 913 | 44379 44036 | 344 344 | 100.0 | GCA_000012325.1_crisprs_GCA_000012325.1_CRISPR_0_from_3967485__crt_ contig_352376
		Unaligned bases: 1 to 44035 (44035)
		Unaligned bases: 44380 to 60217 (15838)

CONTIG: contig_917087 (510bp)
Best alignment score: 361.0 (LEN: 361, IDY: 100.00), Total number of alignments: 1
			Looking for the best set of alignments (out of 1 total alignments)
			The best set is below. Score: 361.0, number of alignments: 1, unaligned bases: 149
		Alignment: 1 361 | 361 1 | 361 361 | 100.0 | GCA_000012325.1_crisprs_GCA_000012325.1_CRISPR_0_from_3967485__crt_ contig_917087

CONTIG: strain4_opera_contig_33 (60217bp)
Best alignment score: 344.0 (LEN: 344, IDY: 100.00), Total number of alignments: 1
			Looking for the best set of alignments (out of 1 total alignments)
			The best set is below. Score: 344.0, number of alignments: 1, unaligned bases: 59873
		This contig is partially unaligned. (Aligned 344 out of 60217 non-N bases (0.57%))
		Alignment: 570 913 | 44379 44036 | 344 344 | 100.0 | GCA_000012325.1_crisprs_GCA_000012325.1_CRISPR_0_from_3967485__crt_ strain4_opera_contig_33
		Unaligned bases: 1 to 44035 (44035)
		Unaligned bases: 44380 to 60217 (15838)

CONTIG: opera_contig_437629 (510bp)
Best alignment score: 361.0 (LEN: 361, IDY: 100.00), Total number of alignments: 1
			Looking for the best set of alignments (out of 1 total alignments)
			The best set is below. Score: 361.0, number of alignments: 1, unaligned bases: 149
		Alignment: 1 361 | 361 1 | 361 361 | 100.0 | GCA_000012325.1_crisprs_GCA_000012325.1_CRISPR_0_from_3967485__crt_ opera_contig_437629

Analyzing coverage...
Writing SNPs into /net/sgi/cami/data/CAMI2/scripts/second_challenge_evaluation/assembly/scripts/data/CRISPR/metaquast_all/runs_per_reference/GCA_000012325.1_crisprs/contigs_reports/minimap_output/A_STAR.used_snps.gz

Analysis is finished!
Founded SNPs were written into /net/sgi/cami/data/CAMI2/scripts/second_challenge_evaluation/assembly/scripts/data/CRISPR/metaquast_all/runs_per_reference/GCA_000012325.1_crisprs/contigs_reports/minimap_output/A_STAR.used_snps.gz

Results:
	Local Misassemblies: 0
	Misassemblies: 0
		Relocations: 0
		Translocations: 0
		Inversions: 0
	Scaffold gap extensive misassemblies: 0
	Scaffold gap local misassemblies: 0
	Misassembled Contigs: 0
	Misassembled Contig Bases: 0
	Misassemblies Inter-Contig Overlap: 0
Unaligned Contigs: 0 + 2 part
Half Unaligned Contigs with Misassemblies: 0
Unaligned Contig Bases: 119746

Ambiguously Mapped Contigs: 0
Total Bases in Ambiguously Mapped Contigs: 0
Extra Bases in Ambiguously Mapped Contigs: 0
Note that --allow-ambiguity option was set to "one" and only first alignment per each of these contigs was used.

	Covered Bases: 705

	SNPs: 0
	Insertions: 0
	Deletions: 0

