Aligning contigs to reference...
	Aligning contigs to the reference
Filtering alignments...
Parsing coords...
Loading reference...
	Loaded [GCA_000012325.1_crisprs_GCA_000012325.1_CRISPR_0_from_3967485__crt_]
	Total Regions: 1
	Total Region Length: 913
Analyzing contigs...
CONTIG: k131_225248 (55407bp)
Best alignment score: 342.0 (LEN: 345, IDY: 99.13), Total number of alignments: 1
			Looking for the best set of alignments (out of 1 total alignments)
			The best set is below. Score: 342.0, number of alignments: 1, unaligned bases: 55062
		This contig is partially unaligned. (Aligned 345 out of 55407 non-N bases (0.62%))
		Alignment: 569 913 | 55407 55063 | 345 345 | 99.13 | GCA_000012325.1_crisprs_GCA_000012325.1_CRISPR_0_from_3967485__crt_ k131_225248
		Unaligned bases: 1 to 55062 (55062)

CONTIG: k131_511512 (517479bp)
Best alignment score: 306.0 (LEN: 312, IDY: 98.08), Total number of alignments: 2
			Looking for the best set of alignments (out of 2 total alignments)
			Skipping redundant alignments after choosing the best set of alignments
		Skipping redundant alignment 1 305 | 517175 517479 | 305 305 | 97.05 | GCA_000012325.1_crisprs_GCA_000012325.1_CRISPR_0_from_3967485__crt_ k131_511512
			The best set is below. Score: 306.0, number of alignments: 1, unaligned bases: 517167
		This contig is partially unaligned. (Aligned 312 out of 517479 non-N bases (0.06%))
		Alignment: 120 431 | 517168 517479 | 312 312 | 98.08 | GCA_000012325.1_crisprs_GCA_000012325.1_CRISPR_0_from_3967485__crt_ k131_511512
		Unaligned bases: 1 to 517167 (517167)

CONTIG: k141_920287 (22828bp)
Best alignment score: 154.0 (LEN: 158, IDY: 97.47), Total number of alignments: 3
			Looking for the best set of alignments (out of 3 total alignments)
			Skipping redundant alignments after choosing the best set of alignments
		Skipping redundant alignment 802 913 | 21219 21108 | 112 112 | 100.0 | GCA_000012325.1_crisprs_GCA_000012325.1_CRISPR_0_from_3967485__crt_ k141_920287
		Skipping redundant alignment 1 151 | 21321 21171 | 151 151 | 98.01 | GCA_000012325.1_crisprs_GCA_000012325.1_CRISPR_0_from_3967485__crt_ k141_920287
			The best set is below. Score: 154.0, number of alignments: 1, unaligned bases: 22670
		This contig is partially unaligned. (Aligned 158 out of 22828 non-N bases (0.69%))
		Alignment: 120 277 | 21328 21171 | 158 158 | 97.47 | GCA_000012325.1_crisprs_GCA_000012325.1_CRISPR_0_from_3967485__crt_ k141_920287
		Unaligned bases: 1 to 21170 (21170)
		Unaligned bases: 21329 to 22828 (1500)

CONTIG: k91_381862 (56504bp)
Best alignment score: 249.0 (LEN: 254, IDY: 98.03), Total number of alignments: 1
			Looking for the best set of alignments (out of 1 total alignments)
			The best set is below. Score: 249.0, number of alignments: 1, unaligned bases: 56250
		This contig is partially unaligned. (Aligned 254 out of 56504 non-N bases (0.45%))
		Alignment: 660 913 | 56504 56251 | 254 254 | 98.03 | GCA_000012325.1_crisprs_GCA_000012325.1_CRISPR_0_from_3967485__crt_ k91_381862
		Unaligned bases: 1 to 56250 (56250)

CONTIG: k91_553729 (1482bp)
Best alignment score: 110.0 (LEN: 112, IDY: 98.21), Total number of alignments: 3
			Looking for the best set of alignments (out of 3 total alignments)
			Skipping redundant alignments after choosing the best set of alignments
		Skipping redundant alignment 1 105 | 105 1 | 105 105 | 99.05 | GCA_000012325.1_crisprs_GCA_000012325.1_CRISPR_0_from_3967485__crt_ k91_553729
		Skipping redundant alignment 246 353 | 112 5 | 108 108 | 95.37 | GCA_000012325.1_crisprs_GCA_000012325.1_CRISPR_0_from_3967485__crt_ k91_553729
			The best set is below. Score: 110.0, number of alignments: 1, unaligned bases: 1370
		This contig is partially unaligned. (Aligned 112 out of 1482 non-N bases (7.56%))
		Alignment: 120 231 | 112 1 | 112 112 | 98.21 | GCA_000012325.1_crisprs_GCA_000012325.1_CRISPR_0_from_3967485__crt_ k91_553729
		Unaligned bases: 113 to 1482 (1370)

Analyzing coverage...
Writing SNPs into /net/sgi/cami/data/CAMI2/scripts/second_challenge_evaluation/assembly/scripts/data/CRISPR/metaquast_all/runs_per_reference/GCA_000012325.1_crisprs/contigs_reports/minimap_output/Megahit.used_snps.gz

Analysis is finished!
Founded SNPs were written into /net/sgi/cami/data/CAMI2/scripts/second_challenge_evaluation/assembly/scripts/data/CRISPR/metaquast_all/runs_per_reference/GCA_000012325.1_crisprs/contigs_reports/minimap_output/Megahit.used_snps.gz

Results:
	Local Misassemblies: 0
	Misassemblies: 0
		Relocations: 0
		Translocations: 0
		Inversions: 0
	Scaffold gap extensive misassemblies: 0
	Scaffold gap local misassemblies: 0
	Misassembled Contigs: 0
	Misassembled Contig Bases: 0
	Misassemblies Inter-Contig Overlap: 0
Unaligned Contigs: 0 + 5 part
Half Unaligned Contigs with Misassemblies: 0
Unaligned Contig Bases: 652519

Ambiguously Mapped Contigs: 0
Total Bases in Ambiguously Mapped Contigs: 0
Extra Bases in Ambiguously Mapped Contigs: 0
Note that --allow-ambiguity option was set to "one" and only first alignment per each of these contigs was used.

	Covered Bases: 657

	SNPs: 20
	Insertions: 0
	Deletions: 0

