Aligning contigs to reference...
	Aligning contigs to the reference
Filtering alignments...
Parsing coords...
Loading reference...
	Loaded [GCA_000012325.1_crisprs_GCA_000012325.1_CRISPR_0_from_3967485__crt_]
	Total Regions: 1
	Total Region Length: 913
Analyzing contigs...
CONTIG: PC1137402 (5373173bp)
Best alignment score: 913.0 (LEN: 913, IDY: 100.00), Total number of alignments: 1
			Looking for the best set of alignments (out of 1 total alignments)
			The best set is below. Score: 913.0, number of alignments: 1, unaligned bases: 5372260
		This contig is partially unaligned. (Aligned 913 out of 5373173 non-N bases (0.02%))
		Alignment: 1 913 | 3967480 3968392 | 913 913 | 100.0 | GCA_000012325.1_crisprs_GCA_000012325.1_CRISPR_0_from_3967485__crt_ PC1137402
		Unaligned bases: 1 to 3967479 (3967479)
		Unaligned bases: 3968393 to 5373173 (1404781)

Analyzing coverage...
Writing SNPs into /net/sgi/cami/data/CAMI2/scripts/second_challenge_evaluation/assembly/scripts/data/CRISPR/metaquast_all/runs_per_reference/GCA_000012325.1_crisprs/contigs_reports/minimap_output/marmgCAMI2.used_snps.gz

Analysis is finished!
Founded SNPs were written into /net/sgi/cami/data/CAMI2/scripts/second_challenge_evaluation/assembly/scripts/data/CRISPR/metaquast_all/runs_per_reference/GCA_000012325.1_crisprs/contigs_reports/minimap_output/marmgCAMI2.used_snps.gz

Results:
	Local Misassemblies: 0
	Misassemblies: 0
		Relocations: 0
		Translocations: 0
		Inversions: 0
	Scaffold gap extensive misassemblies: 0
	Scaffold gap local misassemblies: 0
	Misassembled Contigs: 0
	Misassembled Contig Bases: 0
	Misassemblies Inter-Contig Overlap: 0
Unaligned Contigs: 0 + 1 part
Half Unaligned Contigs with Misassemblies: 0
Unaligned Contig Bases: 5372260

Ambiguously Mapped Contigs: 0
Total Bases in Ambiguously Mapped Contigs: 0
Extra Bases in Ambiguously Mapped Contigs: 0
Note that --allow-ambiguity option was set to "one" and only first alignment per each of these contigs was used.

	Covered Bases: 913

	SNPs: 0
	Insertions: 0
	Deletions: 0

