Aligning contigs to reference...
	Aligning contigs to the reference
Filtering alignments...
Parsing coords...
Loading reference...
	Loaded [GCA_000214665.1_crisprs_GCA_000214665.1_CRISPR_1]
	Loaded [GCA_000214665.1_crisprs_GCA_000214665.1_CRISPR_2]
	Loaded [GCA_000214665.1_crisprs_GCA_000214665.1_CRISPR_3]
	Loaded [GCA_000214665.1_crisprs_GCA_000214665.1_CRISPR_4]
	Total Regions: 4
	Total Region Length: 6584
Analyzing contigs...
CONTIG: NODE_17_length_1327807_cov_22.640059 (1327807bp)
Best alignment score: 1000.0 (LEN: 1000, IDY: 100.00), Total number of alignments: 3
			Looking for the best set of alignments (out of 3 total alignments)
			The best set is below. Score: 1794.0, number of alignments: 3, unaligned bases: 1325511
		This contig is misassembled.
		This contig is partially unaligned. (Aligned 2296 out of 1318914 non-N bases (0.17%))
			Warning! This contig is more unaligned than misassembled. Contig length is 1327807 (number of Ns: 8893) and total length of all aligns is 2296
		Alignment: 1 1000 | 150948 151947 | 1000 1000 | 100.0 | GCA_000214665.1_crisprs_GCA_000214665.1_CRISPR_2 NODE_17_length_1327807_cov_22.640059
		Alignment: 1 877 | 153328 154204 | 877 877 | 100.0 | GCA_000214665.1_crisprs_GCA_000214665.1_CRISPR_3 NODE_17_length_1327807_cov_22.640059
		Alignment: 1 419 | 155861 156279 | 419 419 | 100.0 | GCA_000214665.1_crisprs_GCA_000214665.1_CRISPR_4 NODE_17_length_1327807_cov_22.640059
		Unaligned bases: 1325511

CONTIG: NODE_19_length_1253395_cov_24.968595 (1253395bp)
Best alignment score: 4288.0 (LEN: 4288, IDY: 100.00), Total number of alignments: 1
			Looking for the best set of alignments (out of 1 total alignments)
			The best set is below. Score: 4288.0, number of alignments: 1, unaligned bases: 1249107
		This contig is partially unaligned. (Aligned 4288 out of 1250097 non-N bases (0.34%))
		Alignment: 1 4288 | 583123 578836 | 4288 4288 | 100.0 | GCA_000214665.1_crisprs_GCA_000214665.1_CRISPR_1 NODE_19_length_1253395_cov_24.968595
		Unaligned bases: 1 to 578835 (578835)
		Unaligned bases: 583124 to 1253395 (670272)

Analyzing coverage...
Writing SNPs into /net/sgi/cami/data/CAMI2/scripts/second_challenge_evaluation/assembly/scripts/data/CRISPR/metaquast/runs_per_reference/GCA_000214665.1_crisprs/contigs_reports/minimap_output/SPAdes.used_snps.gz

Analysis is finished!
Founded SNPs were written into /net/sgi/cami/data/CAMI2/scripts/second_challenge_evaluation/assembly/scripts/data/CRISPR/metaquast/runs_per_reference/GCA_000214665.1_crisprs/contigs_reports/minimap_output/SPAdes.used_snps.gz

Results:
	Local Misassemblies: 0
	Misassemblies: 0
		Relocations: 0
		Translocations: 0
		Inversions: 0
	Scaffold gap extensive misassemblies: 0
	Scaffold gap local misassemblies: 0
	Misassembled Contigs: 0
	Misassembled Contig Bases: 0
	Misassemblies Inter-Contig Overlap: 0
Unaligned Contigs: 0 + 2 part
Half Unaligned Contigs with Misassemblies: 1
Unaligned Contig Bases: 2562427

Ambiguously Mapped Contigs: 0
Total Bases in Ambiguously Mapped Contigs: 0
Extra Bases in Ambiguously Mapped Contigs: 0
Note that --allow-ambiguity option was set to "one" and only first alignment per each of these contigs was used.

	Covered Bases: 6584

	SNPs: 0
	Insertions: 0
	Deletions: 0

