Aligning contigs to reference...
	Aligning contigs to the reference
Filtering alignments...
Parsing coords...
Loading reference...
	Loaded [GCA_000016425.1_crisprs_GCA_000016425.1_CRISPR_0_from_1116406__all_]
	Loaded [GCA_000016425.1_crisprs_GCA_000016425.1_CRISPR_1_from_1140294__finder_]
	Loaded [GCA_000016425.1_crisprs_GCA_000016425.1_CRISPR_2_from_1622233__crt_ml_]
	Loaded [GCA_000016425.1_crisprs_GCA_000016425.1_CRISPR_3_from_2237967__crt_ml_]
	Loaded [GCA_000016425.1_crisprs_GCA_000016425.1_CRISPR_4_from_1620310__ml_]
	Loaded [GCA_000016425.1_crisprs_GCA_000016425.1_CRISPR_5_from_4121650__ml_]
	Total Regions: 6
	Total Region Length: 5107
Analyzing contigs...
CONTIG: NODE_3973_length_15693_cov_5.460681 (15693bp)
Best alignment score: 229.0 (LEN: 229, IDY: 100.00), Total number of alignments: 1
			Looking for the best set of alignments (out of 1 total alignments)
			The best set is below. Score: 229.0, number of alignments: 1, unaligned bases: 15464
		This contig is partially unaligned. (Aligned 229 out of 15693 non-N bases (1.46%))
		Alignment: 1 229 | 5118 5346 | 229 229 | 100.0 | GCA_000016425.1_crisprs_GCA_000016425.1_CRISPR_1_from_1140294__finder_ NODE_3973_length_15693_cov_5.460681
		Unaligned bases: 1 to 5117 (5117)
		Unaligned bases: 5347 to 15693 (10347)

CONTIG: NODE_7519_length_9414_cov_5.795866 (9414bp)
Best alignment score: 109.0 (LEN: 111, IDY: 98.20), Total number of alignments: 1
			Looking for the best set of alignments (out of 1 total alignments)
			The best set is below. Score: 109.0, number of alignments: 1, unaligned bases: 9303
		This contig is partially unaligned. (Aligned 111 out of 9314 non-N bases (1.19%))
		Alignment: 597 707 | 7 117 | 111 111 | 98.2 | GCA_000016425.1_crisprs_GCA_000016425.1_CRISPR_4_from_1620310__ml_ NODE_7519_length_9414_cov_5.795866
		Unaligned bases: 1 to 6 (6)
		Unaligned bases: 118 to 9414 (9297)

CONTIG: NODE_90535_length_2200_cov_5.576543 (2200bp)
Best alignment score: 544.6 (LEN: 563, IDY: 96.73), Total number of alignments: 3
			Looking for the best set of alignments (out of 3 total alignments)
			Skipping redundant alignments after choosing the best set of alignments
		Skipping redundant alignment 451 599 | 1788 1936 | 149 149 | 98.66 | GCA_000016425.1_crisprs_GCA_000016425.1_CRISPR_4_from_1620310__ml_ NODE_90535_length_2200_cov_5.576543
			The best set is below. Score: 580.6, number of alignments: 2, unaligned bases: 1559
		This contig is misassembled.
		This contig is partially unaligned. (Aligned 641 out of 2200 non-N bases (29.14%))
			Warning! This contig is more unaligned than misassembled. Contig length is 2200 (number of Ns: 0) and total length of all aligns is 641
		Alignment: 205 432 | 1560 1787 | 228 228 | 100.0 | GCA_000016425.1_crisprs_GCA_000016425.1_CRISPR_4_from_1620310__ml_ NODE_90535_length_2200_cov_5.576543
		Alignment: 1 581 | 1638 2200 | 581 563 | 96.73 | GCA_000016425.1_crisprs_GCA_000016425.1_CRISPR_4_from_1620310__ml_ NODE_90535_length_2200_cov_5.576543
		Unaligned bases: 1559

CONTIG: NODE_118386_length_1863_cov_6.167973 (1863bp)
Best alignment score: 412.0 (LEN: 413, IDY: 99.76), Total number of alignments: 3
			Looking for the best set of alignments (out of 3 total alignments)
			The best set is below. Score: 615.5, number of alignments: 3, unaligned bases: 1037
		This contig is misassembled.
		This contig is partially unaligned. (Aligned 826 out of 1863 non-N bases (44.34%))
			Warning! This contig is more unaligned than misassembled. Contig length is 1863 (number of Ns: 0) and total length of all aligns is 826
		Alignment: 576 988 | 1 413 | 413 413 | 99.76 | GCA_000016425.1_crisprs_GCA_000016425.1_CRISPR_2_from_1622233__crt_ml_ NODE_118386_length_1863_cov_6.167973
		Alignment: 597 890 | 379 672 | 294 294 | 100.0 | GCA_000016425.1_crisprs_GCA_000016425.1_CRISPR_4_from_1620310__ml_ NODE_118386_length_1863_cov_6.167973
		Alignment: 1 154 | 1706 1859 | 154 154 | 97.4 | GCA_000016425.1_crisprs_GCA_000016425.1_CRISPR_2_from_1622233__crt_ml_ NODE_118386_length_1863_cov_6.167973
		Unaligned bases: 1037

CONTIG: NODE_14199_length_6012_cov_5.937489 (6012bp)
Best alignment score: 516.0 (LEN: 516, IDY: 100.00), Total number of alignments: 1
			Looking for the best set of alignments (out of 1 total alignments)
			The best set is below. Score: 516.0, number of alignments: 1, unaligned bases: 5496
		This contig is partially unaligned. (Aligned 516 out of 6012 non-N bases (8.58%))
		Alignment: 1 516 | 177 692 | 516 516 | 100.0 | GCA_000016425.1_crisprs_GCA_000016425.1_CRISPR_3_from_2237967__crt_ml_ NODE_14199_length_6012_cov_5.937489
		Unaligned bases: 1 to 176 (176)
		Unaligned bases: 693 to 6012 (5320)

CONTIG: NODE_16711_length_5454_cov_6.320439 (5454bp)
Best alignment score: 436.0 (LEN: 436, IDY: 100.00), Total number of alignments: 1
			Looking for the best set of alignments (out of 1 total alignments)
			The best set is below. Score: 436.0, number of alignments: 1, unaligned bases: 5018
		This contig is partially unaligned. (Aligned 436 out of 5454 non-N bases (7.99%))
		Alignment: 425 860 | 5454 5019 | 436 436 | 100.0 | GCA_000016425.1_crisprs_GCA_000016425.1_CRISPR_5_from_4121650__ml_ NODE_16711_length_5454_cov_6.320439
		Unaligned bases: 1 to 5018 (5018)

CONTIG: NODE_20572_length_4836_cov_5.312671 (4836bp)
Best alignment score: 767.0 (LEN: 772, IDY: 99.35), Total number of alignments: 1
			Looking for the best set of alignments (out of 1 total alignments)
			The best set is below. Score: 767.0, number of alignments: 1, unaligned bases: 4064
		This contig is partially unaligned. (Aligned 772 out of 4836 non-N bases (15.96%))
		Alignment: 1 772 | 781 10 | 772 772 | 99.35 | GCA_000016425.1_crisprs_GCA_000016425.1_CRISPR_0_from_1116406__all_ NODE_20572_length_4836_cov_5.312671
		Unaligned bases: 1 to 9 (9)
		Unaligned bases: 782 to 4836 (4055)

CONTIG: NODE_132288_length_1728_cov_6.089643 (1728bp)
Best alignment score: 877.0 (LEN: 877, IDY: 100.00), Total number of alignments: 1
			Looking for the best set of alignments (out of 1 total alignments)
			The best set is below. Score: 877.0, number of alignments: 1, unaligned bases: 851
		This contig is partially unaligned. (Aligned 877 out of 1728 non-N bases (50.75%))
		Alignment: 748 1624 | 1 877 | 877 877 | 100.0 | GCA_000016425.1_crisprs_GCA_000016425.1_CRISPR_0_from_1116406__all_ NODE_132288_length_1728_cov_6.089643
		Unaligned bases: 878 to 1728 (851)

Analyzing coverage...
Writing SNPs into /net/sgi/cami/data/CAMI2/scripts/second_challenge_evaluation/assembly/scripts/data/CRISPR/metaquast_all/runs_per_reference/GCA_000016425.1_crisprs/contigs_reports/minimap_output/SPAdes.used_snps.gz

Analysis is finished!
Founded SNPs were written into /net/sgi/cami/data/CAMI2/scripts/second_challenge_evaluation/assembly/scripts/data/CRISPR/metaquast_all/runs_per_reference/GCA_000016425.1_crisprs/contigs_reports/minimap_output/SPAdes.used_snps.gz

Results:
	Local Misassemblies: 0
	Misassemblies: 0
		Relocations: 0
		Translocations: 0
		Inversions: 0
	Scaffold gap extensive misassemblies: 0
	Scaffold gap local misassemblies: 0
	Misassembled Contigs: 0
	Misassembled Contig Bases: 0
	Misassemblies Inter-Contig Overlap: 0
Unaligned Contigs: 0 + 8 part
Half Unaligned Contigs with Misassemblies: 2
Unaligned Contig Bases: 42692

Ambiguously Mapped Contigs: 0
Total Bases in Ambiguously Mapped Contigs: 0
Extra Bases in Ambiguously Mapped Contigs: 0
Note that --allow-ambiguity option was set to "one" and only first alignment per each of these contigs was used.

	Covered Bases: 4247

	SNPs: 13
	Insertions: 0
	Deletions: 18

