Aligning contigs to reference...
	Aligning contigs to the reference
Filtering alignments...
Parsing coords...
Loading reference...
	Loaded [GCA_000012985.1_crisprs_GCA_000012985.1_CRISPR_1]
	Loaded [GCA_000012985.1_crisprs_GCA_000012985.1_CRISPR_2]
	Total Regions: 2
	Total Region Length: 5818
Analyzing contigs...
CONTIG: opera_contig_1113 (95253bp)
Best alignment score: 3516.7 (LEN: 3608, IDY: 97.47), Total number of alignments: 2
			Looking for the best set of alignments (out of 2 total alignments)
			The best set is below. Score: 5395.9, number of alignments: 2, unaligned bases: 89494
		This contig is misassembled.
		This contig is partially unaligned. (Aligned 5759 out of 95252 non-N bases (6.05%))
			Warning! This contig is more unaligned than misassembled. Contig length is 95253 (number of Ns: 1) and total length of all aligns is 5759
		Alignment: 1 3670 | 77466 73859 | 3670 3608 | 97.47 | GCA_000012985.1_crisprs_GCA_000012985.1_CRISPR_2 opera_contig_1113
		Alignment: 1 2148 | 89455 87305 | 2148 2151 | 99.03 | GCA_000012985.1_crisprs_GCA_000012985.1_CRISPR_1 opera_contig_1113
		Unaligned bases: 89494

Analyzing coverage...
Writing SNPs into /net/sgi/cami/data/CAMI2/scripts/second_challenge_evaluation/assembly/scripts/data/CRISPR/metaquast/runs_per_reference/GCA_000012985.1_crisprs/contigs_reports/minimap_output/OPERA_MS_inhouse.used_snps.gz

Analysis is finished!
Founded SNPs were written into /net/sgi/cami/data/CAMI2/scripts/second_challenge_evaluation/assembly/scripts/data/CRISPR/metaquast/runs_per_reference/GCA_000012985.1_crisprs/contigs_reports/minimap_output/OPERA_MS_inhouse.used_snps.gz

Results:
	Local Misassemblies: 0
	Misassemblies: 0
		Relocations: 0
		Translocations: 0
		Inversions: 0
	Scaffold gap extensive misassemblies: 0
	Scaffold gap local misassemblies: 0
	Misassembled Contigs: 0
	Misassembled Contig Bases: 0
	Misassemblies Inter-Contig Overlap: 0
Unaligned Contigs: 0 + 1 part
Half Unaligned Contigs with Misassemblies: 1
Unaligned Contig Bases: 89493

Ambiguously Mapped Contigs: 0
Total Bases in Ambiguously Mapped Contigs: 0
Extra Bases in Ambiguously Mapped Contigs: 0
Note that --allow-ambiguity option was set to "one" and only first alignment per each of these contigs was used.

	Covered Bases: 5818

	SNPs: 19
	Insertions: 18
	Deletions: 77

