Aligning contigs to reference...
	Aligning contigs to the reference
Filtering alignments...
Parsing coords...
Loading reference...
	Loaded [GCA_000012985.1_crisprs_GCA_000012985.1_CRISPR_1]
	Loaded [GCA_000012985.1_crisprs_GCA_000012985.1_CRISPR_2]
	Total Regions: 2
	Total Region Length: 5818
Analyzing contigs...
CONTIG: NODE_39907_length_3422_cov_1.764425 (3422bp)
Best alignment score: 1502.0 (LEN: 1510, IDY: 99.47), Total number of alignments: 3
			Looking for the best set of alignments (out of 3 total alignments)
			The best set is below. Score: 2386.0, number of alignments: 3, unaligned bases: 997
		This contig is misassembled.
		This contig is partially unaligned. (Aligned 2425 out of 3422 non-N bases (70.86%))
			Real Alignment 1: 1982 3491 | 1512 3 | 1510 1510 | 99.47 | GCA_000012985.1_crisprs_GCA_000012985.1_CRISPR_2 NODE_39907_length_3422_cov_1.764425
			  Gap between these two alignments (local misassembly). Inconsistency = -179 [linear representation of circular genome]
			Real Alignment 2: 531 1043 | 2913 2401 | 513 513 | 99.03 | GCA_000012985.1_crisprs_GCA_000012985.1_CRISPR_2 NODE_39907_length_3422_cov_1.764425
			  Gap between these two alignments (local misassembly). Inconsistency = -7
			Real Alignment 3: 29 430 | 3422 3021 | 402 402 | 99.5 | GCA_000012985.1_crisprs_GCA_000012985.1_CRISPR_2 NODE_39907_length_3422_cov_1.764425
		Unaligned bases: 997

CONTIG: NODE_55002_length_2897_cov_1.702837 (2897bp)
Best alignment score: 769.0 (LEN: 778, IDY: 98.84), Total number of alignments: 2
			Looking for the best set of alignments (out of 2 total alignments)
			The best set is below. Score: 908.0, number of alignments: 2, unaligned bases: 1977
		This contig is misassembled.
		This contig is partially unaligned. (Aligned 920 out of 2897 non-N bases (31.76%))
			Warning! This contig is more unaligned than misassembled. Contig length is 2897 (number of Ns: 0) and total length of all aligns is 920
		Alignment: 1 142 | 944 1085 | 142 142 | 97.89 | GCA_000012985.1_crisprs_GCA_000012985.1_CRISPR_2 NODE_55002_length_2897_cov_1.702837
		Alignment: 1173 1950 | 2075 2852 | 778 778 | 98.84 | GCA_000012985.1_crisprs_GCA_000012985.1_CRISPR_2 NODE_55002_length_2897_cov_1.702837
		Unaligned bases: 1977

CONTIG: NODE_113239_length_1918_cov_3.483433 (1918bp)
Best alignment score: 1337.0 (LEN: 1342, IDY: 99.63), Total number of alignments: 1
			Looking for the best set of alignments (out of 1 total alignments)
			The best set is below. Score: 1337.0, number of alignments: 1, unaligned bases: 576
		This contig is partially unaligned. (Aligned 1342 out of 1918 non-N bases (69.97%))
		Alignment: 1 1343 | 577 1918 | 1343 1342 | 99.63 | GCA_000012985.1_crisprs_GCA_000012985.1_CRISPR_1 NODE_113239_length_1918_cov_3.483433
		Unaligned bases: 1 to 576 (576)

CONTIG: NODE_256011_length_982_cov_2.543646 (982bp)
Best alignment score: 861.0 (LEN: 867, IDY: 99.31), Total number of alignments: 1
			Looking for the best set of alignments (out of 1 total alignments)
			The best set is below. Score: 861.0, number of alignments: 1, unaligned bases: 115
		Alignment: 1282 2148 | 1 867 | 867 867 | 99.31 | GCA_000012985.1_crisprs_GCA_000012985.1_CRISPR_1 NODE_256011_length_982_cov_2.543646

Analyzing coverage...
Writing SNPs into /net/sgi/cami/data/CAMI2/scripts/second_challenge_evaluation/assembly/scripts/data/CRISPR/metaquast/runs_per_reference/GCA_000012985.1_crisprs/contigs_reports/minimap_output/SPAdes.used_snps.gz

Analysis is finished!
Founded SNPs were written into /net/sgi/cami/data/CAMI2/scripts/second_challenge_evaluation/assembly/scripts/data/CRISPR/metaquast/runs_per_reference/GCA_000012985.1_crisprs/contigs_reports/minimap_output/SPAdes.used_snps.gz

Results:
	Local Misassemblies: 2
	Misassemblies: 0
		Relocations: 0
		Translocations: 0
		Inversions: 0
	Scaffold gap extensive misassemblies: 0
	Scaffold gap local misassemblies: 0
	Misassembled Contigs: 0
	Misassembled Contig Bases: 0
	Misassemblies Inter-Contig Overlap: 0
Unaligned Contigs: 0 + 3 part
Half Unaligned Contigs with Misassemblies: 1
Unaligned Contig Bases: 3550

Ambiguously Mapped Contigs: 0
Total Bases in Ambiguously Mapped Contigs: 0
Extra Bases in Ambiguously Mapped Contigs: 0
Note that --allow-ambiguity option was set to "one" and only first alignment per each of these contigs was used.

	Covered Bases: 5379

	SNPs: 37
	Insertions: 0
	Deletions: 1

