Aligning contigs to reference...
	Aligning contigs to the reference
Filtering alignments...
Parsing coords...
Loading reference...
	Loaded [GCA_000227745.2_crisprs_GCA_000227745.2_CRISPR_0_from_480145__crt_ml_]
	Loaded [GCA_000227745.2_crisprs_GCA_000227745.2_CRISPR_1_from_1161625__crt_ml_]
	Loaded [GCA_000227745.2_crisprs_GCA_000227745.2_CRISPR_2_from_4879408__crt_]
	Loaded [GCA_000227745.2_crisprs_GCA_000227745.2_CRISPR_3_from_4881006__crt_ml_]
	Loaded [GCA_000227745.2_crisprs_GCA_000227745.2_CRISPR_4_from_2078060__ml_]
	Total Regions: 5
	Total Region Length: 5818
Analyzing contigs...
CONTIG: NODE_4961_length_13038_cov_24.248592 (13038bp)
Best alignment score: 2711.1 (LEN: 2716, IDY: 99.82), Total number of alignments: 1
			Looking for the best set of alignments (out of 1 total alignments)
			The best set is below. Score: 2711.1, number of alignments: 1, unaligned bases: 10322
		This contig is partially unaligned. (Aligned 2716 out of 13038 non-N bases (20.83%))
		Alignment: 1 2716 | 9623 6908 | 2716 2716 | 99.82 | GCA_000227745.2_crisprs_GCA_000227745.2_CRISPR_0_from_480145__crt_ml_ NODE_4961_length_13038_cov_24.248592
		Unaligned bases: 1 to 6907 (6907)
		Unaligned bases: 9624 to 13038 (3415)

CONTIG: NODE_5039_length_12887_cov_4.620687 (12887bp)
Best alignment score: 1186.0 (LEN: 1186, IDY: 100.00), Total number of alignments: 1
			Looking for the best set of alignments (out of 1 total alignments)
			The best set is below. Score: 1186.0, number of alignments: 1, unaligned bases: 11701
		This contig is partially unaligned. (Aligned 1186 out of 12887 non-N bases (9.20%))
		Alignment: 1 1186 | 5784 6969 | 1186 1186 | 100.0 | GCA_000227745.2_crisprs_GCA_000227745.2_CRISPR_1_from_1161625__crt_ml_ NODE_5039_length_12887_cov_4.620687
		Unaligned bases: 1 to 5783 (5783)
		Unaligned bases: 6970 to 12887 (5918)

CONTIG: NODE_47360_length_3131_cov_4.313032 (3131bp)
Best alignment score: 196.0 (LEN: 196, IDY: 100.00), Total number of alignments: 1
			Looking for the best set of alignments (out of 1 total alignments)
			The best set is below. Score: 196.0, number of alignments: 1, unaligned bases: 2935
		This contig is partially unaligned. (Aligned 196 out of 3131 non-N bases (6.26%))
		Alignment: 475 670 | 72 267 | 196 196 | 100.0 | GCA_000227745.2_crisprs_GCA_000227745.2_CRISPR_4_from_2078060__ml_ NODE_47360_length_3131_cov_4.313032
		Unaligned bases: 1 to 71 (71)
		Unaligned bases: 268 to 3131 (2864)

CONTIG: NODE_78485_length_2392_cov_3.106695 (2392bp)
Best alignment score: 137.0 (LEN: 141, IDY: 97.16), Total number of alignments: 1
			Looking for the best set of alignments (out of 1 total alignments)
			The best set is below. Score: 137.0, number of alignments: 1, unaligned bases: 2251
		This contig is partially unaligned. (Aligned 141 out of 2392 non-N bases (5.89%))
		Alignment: 1 141 | 141 1 | 141 141 | 97.16 | GCA_000227745.2_crisprs_GCA_000227745.2_CRISPR_4_from_2078060__ml_ NODE_78485_length_2392_cov_3.106695
		Unaligned bases: 142 to 2392 (2251)

CONTIG: NODE_349959_length_673_cov_2.359060 (673bp)
Best alignment score: 610.1 (LEN: 624, IDY: 97.77), Total number of alignments: 1
			Looking for the best set of alignments (out of 1 total alignments)
			The best set is below. Score: 610.1, number of alignments: 1, unaligned bases: 49
		Alignment: 1 628 | 628 5 | 628 624 | 97.77 | GCA_000227745.2_crisprs_GCA_000227745.2_CRISPR_3_from_4881006__crt_ml_ NODE_349959_length_673_cov_2.359060

Analyzing coverage...
Writing SNPs into /net/sgi/cami/data/CAMI2/scripts/second_challenge_evaluation/assembly/scripts/data/CRISPR/metaquast_all/runs_per_reference/GCA_000227745.2_crisprs/contigs_reports/minimap_output/SPAdes.used_snps.gz

Analysis is finished!
Founded SNPs were written into /net/sgi/cami/data/CAMI2/scripts/second_challenge_evaluation/assembly/scripts/data/CRISPR/metaquast_all/runs_per_reference/GCA_000227745.2_crisprs/contigs_reports/minimap_output/SPAdes.used_snps.gz

Results:
	Local Misassemblies: 0
	Misassemblies: 0
		Relocations: 0
		Translocations: 0
		Inversions: 0
	Scaffold gap extensive misassemblies: 0
	Scaffold gap local misassemblies: 0
	Misassembled Contigs: 0
	Misassembled Contig Bases: 0
	Misassemblies Inter-Contig Overlap: 0
Unaligned Contigs: 0 + 4 part
Half Unaligned Contigs with Misassemblies: 0
Unaligned Contig Bases: 27209

Ambiguously Mapped Contigs: 0
Total Bases in Ambiguously Mapped Contigs: 0
Extra Bases in Ambiguously Mapped Contigs: 0
Note that --allow-ambiguity option was set to "one" and only first alignment per each of these contigs was used.

	Covered Bases: 4867

	SNPs: 17
	Insertions: 1
	Deletions: 5

