Aligning contigs to reference...
	Aligning contigs to the reference
Filtering alignments...
Parsing coords...
Loading reference...
	Loaded [GCA_000014865.1_crisprs_GCA_000014865.1_CRISPR_1]
	Total Regions: 1
	Total Region Length: 9260
Analyzing contigs...
CONTIG: contig_750521 (2425bp)
Best alignment score: 896.0 (LEN: 896, IDY: 100.00), Total number of alignments: 1
			Looking for the best set of alignments (out of 1 total alignments)
			The best set is below. Score: 896.0, number of alignments: 1, unaligned bases: 1529
		This contig is partially unaligned. (Aligned 896 out of 2425 non-N bases (36.95%))
		Alignment: 8365 9260 | 1 896 | 896 896 | 100.0 | GCA_000014865.1_crisprs_GCA_000014865.1_CRISPR_1 contig_750521
		Unaligned bases: 897 to 2425 (1529)

CONTIG: contig_832293 (961bp)
Best alignment score: 499.0 (LEN: 499, IDY: 100.00), Total number of alignments: 1
			Looking for the best set of alignments (out of 1 total alignments)
			The best set is below. Score: 499.0, number of alignments: 1, unaligned bases: 462
		Alignment: 1 499 | 502 4 | 499 499 | 100.0 | GCA_000014865.1_crisprs_GCA_000014865.1_CRISPR_1 contig_832293

CONTIG: opera_contig_59855 (2425bp)
Best alignment score: 896.0 (LEN: 896, IDY: 100.00), Total number of alignments: 1
			Looking for the best set of alignments (out of 1 total alignments)
			The best set is below. Score: 896.0, number of alignments: 1, unaligned bases: 1529
		This contig is partially unaligned. (Aligned 896 out of 2425 non-N bases (36.95%))
		Alignment: 8365 9260 | 1 896 | 896 896 | 100.0 | GCA_000014865.1_crisprs_GCA_000014865.1_CRISPR_1 opera_contig_59855
		Unaligned bases: 897 to 2425 (1529)

CONTIG: opera_contig_181877 (961bp)
Best alignment score: 499.0 (LEN: 499, IDY: 100.00), Total number of alignments: 1
			Looking for the best set of alignments (out of 1 total alignments)
			The best set is below. Score: 499.0, number of alignments: 1, unaligned bases: 462
		Alignment: 1 499 | 502 4 | 499 499 | 100.0 | GCA_000014865.1_crisprs_GCA_000014865.1_CRISPR_1 opera_contig_181877

Analyzing coverage...
Writing SNPs into /net/sgi/cami/data/CAMI2/scripts/second_challenge_evaluation/assembly/scripts/data/CRISPR/metaquast/runs_per_reference/GCA_000014865.1_crisprs/contigs_reports/minimap_output/A_STAR.used_snps.gz

Analysis is finished!
Founded SNPs were written into /net/sgi/cami/data/CAMI2/scripts/second_challenge_evaluation/assembly/scripts/data/CRISPR/metaquast/runs_per_reference/GCA_000014865.1_crisprs/contigs_reports/minimap_output/A_STAR.used_snps.gz

Results:
	Local Misassemblies: 0
	Misassemblies: 0
		Relocations: 0
		Translocations: 0
		Inversions: 0
	Scaffold gap extensive misassemblies: 0
	Scaffold gap local misassemblies: 0
	Misassembled Contigs: 0
	Misassembled Contig Bases: 0
	Misassemblies Inter-Contig Overlap: 0
Unaligned Contigs: 0 + 2 part
Half Unaligned Contigs with Misassemblies: 0
Unaligned Contig Bases: 3058

Ambiguously Mapped Contigs: 0
Total Bases in Ambiguously Mapped Contigs: 0
Extra Bases in Ambiguously Mapped Contigs: 0
Note that --allow-ambiguity option was set to "one" and only first alignment per each of these contigs was used.

	Covered Bases: 1395

	SNPs: 0
	Insertions: 0
	Deletions: 0

