Aligning contigs to reference...
	Aligning contigs to the reference
Filtering alignments...
Parsing coords...
Loading reference...
	Loaded [GCA_000014865.1_crisprs_GCA_000014865.1_CRISPR_1]
	Total Regions: 1
	Total Region Length: 9260
Analyzing contigs...
CONTIG: NODE_5025_length_12914_cov_6.208927 (12914bp)
Best alignment score: 706.0 (LEN: 709, IDY: 99.58), Total number of alignments: 1
			Looking for the best set of alignments (out of 1 total alignments)
			The best set is below. Score: 706.0, number of alignments: 1, unaligned bases: 12205
		This contig is partially unaligned. (Aligned 709 out of 12914 non-N bases (5.49%))
		Alignment: 1 709 | 721 13 | 709 709 | 99.58 | GCA_000014865.1_crisprs_GCA_000014865.1_CRISPR_1 NODE_5025_length_12914_cov_6.208927
		Unaligned bases: 1 to 12 (12)
		Unaligned bases: 722 to 12914 (12193)

CONTIG: NODE_11452_length_6909_cov_6.432523 (6909bp)
Best alignment score: 5774.7 (LEN: 5784, IDY: 99.84), Total number of alignments: 1
			Looking for the best set of alignments (out of 1 total alignments)
			The best set is below. Score: 5774.7, number of alignments: 1, unaligned bases: 1125
		This contig is partially unaligned. (Aligned 5784 out of 6909 non-N bases (83.72%))
		Alignment: 3477 9260 | 1 5784 | 5784 5784 | 99.84 | GCA_000014865.1_crisprs_GCA_000014865.1_CRISPR_1 NODE_11452_length_6909_cov_6.432523
		Unaligned bases: 5785 to 6909 (1125)

CONTIG: NODE_49768_length_3053_cov_5.914987 (3053bp)
Best alignment score: 3036.0 (LEN: 3043, IDY: 99.77), Total number of alignments: 1
		One align captures most of this contig: 580 3622 | 1 3043 | 3043 3043 | 99.77 | GCA_000014865.1_crisprs_GCA_000014865.1_CRISPR_1 NODE_49768_length_3053_cov_5.914987

Analyzing coverage...
Writing SNPs into /net/sgi/cami/data/CAMI2/scripts/second_challenge_evaluation/assembly/scripts/data/CRISPR/metaquast/runs_per_reference/GCA_000014865.1_crisprs/contigs_reports/minimap_output/SPAdes.used_snps.gz

Analysis is finished!
Founded SNPs were written into /net/sgi/cami/data/CAMI2/scripts/second_challenge_evaluation/assembly/scripts/data/CRISPR/metaquast/runs_per_reference/GCA_000014865.1_crisprs/contigs_reports/minimap_output/SPAdes.used_snps.gz

Results:
	Local Misassemblies: 0
	Misassemblies: 0
		Relocations: 0
		Translocations: 0
		Inversions: 0
	Scaffold gap extensive misassemblies: 0
	Scaffold gap local misassemblies: 0
	Misassembled Contigs: 0
	Misassembled Contig Bases: 0
	Misassemblies Inter-Contig Overlap: 0
Unaligned Contigs: 0 + 2 part
Half Unaligned Contigs with Misassemblies: 0
Unaligned Contig Bases: 13330

Ambiguously Mapped Contigs: 0
Total Bases in Ambiguously Mapped Contigs: 0
Extra Bases in Ambiguously Mapped Contigs: 0
Note that --allow-ambiguity option was set to "one" and only first alignment per each of these contigs was used.

	Covered Bases: 9260

	SNPs: 19
	Insertions: 0
	Deletions: 0

