Aligning contigs to reference...
	Aligning contigs to the reference
Filtering alignments...
Parsing coords...
Loading reference...
	Loaded [GCA_000014865.1_crisprs_GCA_000014865.1_CRISPR_1]
	Total Regions: 1
	Total Region Length: 9260
Analyzing contigs...
CONTIG: opera_contig_855 (120652bp)
Best alignment score: 4163.8 (LEN: 4178, IDY: 99.66), Total number of alignments: 1
			Looking for the best set of alignments (out of 1 total alignments)
			The best set is below. Score: 4163.8, number of alignments: 1, unaligned bases: 116474
		This contig is partially unaligned. (Aligned 4178 out of 120652 non-N bases (3.46%))
		Alignment: 5083 9260 | 1 4178 | 4178 4178 | 99.66 | GCA_000014865.1_crisprs_GCA_000014865.1_CRISPR_1 opera_contig_855
		Unaligned bases: 4179 to 120652 (116474)

CONTIG: opera_contig_1703 (67210bp)
Best alignment score: 4749.0 (LEN: 4759, IDY: 99.79), Total number of alignments: 1
			Looking for the best set of alignments (out of 1 total alignments)
			The best set is below. Score: 4749.0, number of alignments: 1, unaligned bases: 62451
		This contig is partially unaligned. (Aligned 4759 out of 67210 non-N bases (7.08%))
		Alignment: 1 4759 | 62452 67210 | 4759 4759 | 99.79 | GCA_000014865.1_crisprs_GCA_000014865.1_CRISPR_1 opera_contig_1703
		Unaligned bases: 1 to 62451 (62451)

Analyzing coverage...
Writing SNPs into /net/sgi/cami/data/CAMI2/scripts/second_challenge_evaluation/assembly/scripts/data/CRISPR/metaquast/runs_per_reference/GCA_000014865.1_crisprs/contigs_reports/minimap_output/OPERA_MS_inhouse.used_snps.gz

Analysis is finished!
Founded SNPs were written into /net/sgi/cami/data/CAMI2/scripts/second_challenge_evaluation/assembly/scripts/data/CRISPR/metaquast/runs_per_reference/GCA_000014865.1_crisprs/contigs_reports/minimap_output/OPERA_MS_inhouse.used_snps.gz

Results:
	Local Misassemblies: 0
	Misassemblies: 0
		Relocations: 0
		Translocations: 0
		Inversions: 0
	Scaffold gap extensive misassemblies: 0
	Scaffold gap local misassemblies: 0
	Misassembled Contigs: 0
	Misassembled Contig Bases: 0
	Misassemblies Inter-Contig Overlap: 0
Unaligned Contigs: 0 + 2 part
Half Unaligned Contigs with Misassemblies: 0
Unaligned Contig Bases: 178925

Ambiguously Mapped Contigs: 0
Total Bases in Ambiguously Mapped Contigs: 0
Extra Bases in Ambiguously Mapped Contigs: 0
Note that --allow-ambiguity option was set to "one" and only first alignment per each of these contigs was used.

	Covered Bases: 8937

	SNPs: 24
	Insertions: 0
	Deletions: 0

