Aligning contigs to reference...
	Aligning contigs to the reference
Filtering alignments...
Parsing coords...
Loading reference...
	Loaded [GCA_000014865.1_crisprs_GCA_000014865.1_CRISPR_1]
	Total Regions: 1
	Total Region Length: 9260
Analyzing contigs...
CONTIG: NODE_747_length_106950_cov_15.200019 (106950bp)
Best alignment score: 9260.0 (LEN: 9260, IDY: 100.00), Total number of alignments: 1
			Looking for the best set of alignments (out of 1 total alignments)
			The best set is below. Score: 9260.0, number of alignments: 1, unaligned bases: 97690
		This contig is partially unaligned. (Aligned 9260 out of 106950 non-N bases (8.66%))
		Alignment: 1 9260 | 29191 19932 | 9260 9260 | 100.0 | GCA_000014865.1_crisprs_GCA_000014865.1_CRISPR_1 NODE_747_length_106950_cov_15.200019
		Unaligned bases: 1 to 19931 (19931)
		Unaligned bases: 29192 to 106950 (77759)

CONTIG: NODE_1529_length_53723_cov_11.100250 (53723bp)
Best alignment score: 9260.0 (LEN: 9260, IDY: 100.00), Total number of alignments: 1
			Looking for the best set of alignments (out of 1 total alignments)
			The best set is below. Score: 9260.0, number of alignments: 1, unaligned bases: 44463
		This contig is partially unaligned. (Aligned 9260 out of 53723 non-N bases (17.24%))
		Alignment: 1 9260 | 24511 33770 | 9260 9260 | 100.0 | GCA_000014865.1_crisprs_GCA_000014865.1_CRISPR_1 NODE_1529_length_53723_cov_11.100250
		Unaligned bases: 1 to 24510 (24510)
		Unaligned bases: 33771 to 53723 (19953)

CONTIG: NODE_735_length_106950_cov_15.202329 (106950bp)
Best alignment score: 9260.0 (LEN: 9260, IDY: 100.00), Total number of alignments: 1
			Looking for the best set of alignments (out of 1 total alignments)
			The best set is below. Score: 9260.0, number of alignments: 1, unaligned bases: 97690
		This contig is partially unaligned. (Aligned 9260 out of 106950 non-N bases (8.66%))
		Alignment: 1 9260 | 29191 19932 | 9260 9260 | 100.0 | GCA_000014865.1_crisprs_GCA_000014865.1_CRISPR_1 NODE_735_length_106950_cov_15.202329
		Unaligned bases: 1 to 19931 (19931)
		Unaligned bases: 29192 to 106950 (77759)

Analyzing coverage...
Writing SNPs into /net/sgi/cami/data/CAMI2/scripts/second_challenge_evaluation/assembly/scripts/data/CRISPR/metaquast/runs_per_reference/GCA_000014865.1_crisprs/contigs_reports/minimap_output/metaSPAdes.used_snps.gz

Analysis is finished!
Founded SNPs were written into /net/sgi/cami/data/CAMI2/scripts/second_challenge_evaluation/assembly/scripts/data/CRISPR/metaquast/runs_per_reference/GCA_000014865.1_crisprs/contigs_reports/minimap_output/metaSPAdes.used_snps.gz

Results:
	Local Misassemblies: 0
	Misassemblies: 0
		Relocations: 0
		Translocations: 0
		Inversions: 0
	Scaffold gap extensive misassemblies: 0
	Scaffold gap local misassemblies: 0
	Misassembled Contigs: 0
	Misassembled Contig Bases: 0
	Misassemblies Inter-Contig Overlap: 0
Unaligned Contigs: 0 + 3 part
Half Unaligned Contigs with Misassemblies: 0
Unaligned Contig Bases: 239843

Ambiguously Mapped Contigs: 0
Total Bases in Ambiguously Mapped Contigs: 0
Extra Bases in Ambiguously Mapped Contigs: 0
Note that --allow-ambiguity option was set to "one" and only first alignment per each of these contigs was used.

	Covered Bases: 9260

	SNPs: 0
	Insertions: 0
	Deletions: 0

