Aligning contigs to reference...
	Aligning contigs to the reference
Filtering alignments...
Parsing coords...
Loading reference...
	Loaded [GCA_000014865.1_crisprs_GCA_000014865.1_CRISPR_1]
	Total Regions: 1
	Total Region Length: 9260
Analyzing contigs...
CONTIG: 124874 (45687bp)
Best alignment score: 9260.0 (LEN: 9260, IDY: 100.00), Total number of alignments: 1
			Looking for the best set of alignments (out of 1 total alignments)
			The best set is below. Score: 9260.0, number of alignments: 1, unaligned bases: 36427
		This contig is partially unaligned. (Aligned 9260 out of 45687 non-N bases (20.27%))
		Alignment: 1 9260 | 16617 25876 | 9260 9260 | 100.0 | GCA_000014865.1_crisprs_GCA_000014865.1_CRISPR_1 124874
		Unaligned bases: 1 to 16616 (16616)
		Unaligned bases: 25877 to 45687 (19811)

CONTIG: utg004959l (37820bp)
Best alignment score: 73.0 (LEN: 73, IDY: 100.00), Total number of alignments: 1
			Looking for the best set of alignments (out of 1 total alignments)
			The best set is below. Score: 73.0, number of alignments: 1, unaligned bases: 37747
		This contig is partially unaligned. (Aligned 73 out of 37820 non-N bases (0.19%))
		Alignment: 146 218 | 37680 37752 | 73 73 | 100.0 | GCA_000014865.1_crisprs_GCA_000014865.1_CRISPR_1 utg004959l
		Unaligned bases: 1 to 37679 (37679)
		Unaligned bases: 37753 to 37820 (68)

Analyzing coverage...
Writing SNPs into /net/sgi/cami/data/CAMI2/scripts/second_challenge_evaluation/assembly/scripts/data/CRISPR/metaquast/runs_per_reference/GCA_000014865.1_crisprs/contigs_reports/minimap_output/Miniasm.used_snps.gz

Analysis is finished!
Founded SNPs were written into /net/sgi/cami/data/CAMI2/scripts/second_challenge_evaluation/assembly/scripts/data/CRISPR/metaquast/runs_per_reference/GCA_000014865.1_crisprs/contigs_reports/minimap_output/Miniasm.used_snps.gz

Results:
	Local Misassemblies: 0
	Misassemblies: 0
		Relocations: 0
		Translocations: 0
		Inversions: 0
	Scaffold gap extensive misassemblies: 0
	Scaffold gap local misassemblies: 0
	Misassembled Contigs: 0
	Misassembled Contig Bases: 0
	Misassemblies Inter-Contig Overlap: 0
Unaligned Contigs: 0 + 2 part
Half Unaligned Contigs with Misassemblies: 0
Unaligned Contig Bases: 74174

Ambiguously Mapped Contigs: 0
Total Bases in Ambiguously Mapped Contigs: 0
Extra Bases in Ambiguously Mapped Contigs: 0
Note that --allow-ambiguity option was set to "one" and only first alignment per each of these contigs was used.

	Covered Bases: 9260

	SNPs: 0
	Insertions: 0
	Deletions: 0

