Aligning contigs to reference...
	Aligning contigs to the reference
Filtering alignments...
Parsing coords...
Loading reference...
	Loaded [GCA_000012985.1_crisprs_GCA_000012985.1_CRISPR_0_from_2905515__all_]
	Loaded [GCA_000012985.1_crisprs_GCA_000012985.1_CRISPR_1_from_2917501__all_]
	Total Regions: 2
	Total Region Length: 5818
Analyzing contigs...
CONTIG: 112116 (13816bp)
Best alignment score: 3539.1 (LEN: 3604, IDY: 98.20), Total number of alignments: 1
			Looking for the best set of alignments (out of 1 total alignments)
			The best set is below. Score: 3539.1, number of alignments: 1, unaligned bases: 10212
		This contig is partially unaligned. (Aligned 3604 out of 13816 non-N bases (26.09%))
		Alignment: 1 3670 | 9815 13418 | 3670 3604 | 98.2 | GCA_000012985.1_crisprs_GCA_000012985.1_CRISPR_1_from_2917501__all_ 112116
		Unaligned bases: 1 to 9814 (9814)
		Unaligned bases: 13419 to 13816 (398)

CONTIG: utg012804l (9216bp)
		This contig is unaligned. (9216 bp)
		Unaligned bases: 9216 (number of Ns: 0)

CONTIG: 124100 (156385bp)
Best alignment score: 2148.0 (LEN: 2148, IDY: 100.00), Total number of alignments: 1
			Looking for the best set of alignments (out of 1 total alignments)
			The best set is below. Score: 2148.0, number of alignments: 1, unaligned bases: 154237
		This contig is partially unaligned. (Aligned 2148 out of 156385 non-N bases (1.37%))
		Alignment: 1 2148 | 2269 122 | 2148 2148 | 100.0 | GCA_000012985.1_crisprs_GCA_000012985.1_CRISPR_0_from_2905515__all_ 124100
		Unaligned bases: 1 to 121 (121)
		Unaligned bases: 2270 to 156385 (154116)

Analyzing coverage...
Writing SNPs into /net/sgi/cami/data/CAMI2/scripts/second_challenge_evaluation/assembly/scripts/data/CRISPR/metaquast_all/runs_per_reference/GCA_000012985.1_crisprs/contigs_reports/minimap_output/Miniasm.used_snps.gz

Analysis is finished!
Founded SNPs were written into /net/sgi/cami/data/CAMI2/scripts/second_challenge_evaluation/assembly/scripts/data/CRISPR/metaquast_all/runs_per_reference/GCA_000012985.1_crisprs/contigs_reports/minimap_output/Miniasm.used_snps.gz

Results:
	Local Misassemblies: 0
	Misassemblies: 0
		Relocations: 0
		Translocations: 0
		Inversions: 0
	Scaffold gap extensive misassemblies: 0
	Scaffold gap local misassemblies: 0
	Misassembled Contigs: 0
	Misassembled Contig Bases: 0
	Misassemblies Inter-Contig Overlap: 0
Unaligned Contigs: 1 + 2 part
Half Unaligned Contigs with Misassemblies: 0
Unaligned Contig Bases: 173665

Ambiguously Mapped Contigs: 0
Total Bases in Ambiguously Mapped Contigs: 0
Extra Bases in Ambiguously Mapped Contigs: 0
Note that --allow-ambiguity option was set to "one" and only first alignment per each of these contigs was used.

	Covered Bases: 5818

	SNPs: 0
	Insertions: 0
	Deletions: 66

