Aligning contigs to reference...
	Aligning contigs to the reference
Filtering alignments...
Parsing coords...
Loading reference...
	Loaded [GCA_000012985.1_crisprs_GCA_000012985.1_CRISPR_0_from_2905515__all_]
	Loaded [GCA_000012985.1_crisprs_GCA_000012985.1_CRISPR_1_from_2917501__all_]
	Total Regions: 2
	Total Region Length: 5818
Analyzing contigs...
CONTIG: k131_129486 (776bp)
Best alignment score: 776.0 (LEN: 776, IDY: 100.00), Total number of alignments: 1
		One align captures most of this contig: 594 1369 | 776 1 | 776 776 | 100.0 | GCA_000012985.1_crisprs_GCA_000012985.1_CRISPR_0_from_2905515__all_ k131_129486

CONTIG: k131_426536 (18016bp)
Best alignment score: 626.0 (LEN: 628, IDY: 99.68), Total number of alignments: 1
			Looking for the best set of alignments (out of 1 total alignments)
			The best set is below. Score: 626.0, number of alignments: 1, unaligned bases: 17388
		This contig is partially unaligned. (Aligned 628 out of 18016 non-N bases (3.49%))
		Alignment: 1 628 | 17388 18015 | 628 628 | 99.68 | GCA_000012985.1_crisprs_GCA_000012985.1_CRISPR_0_from_2905515__all_ k131_426536
		Unaligned bases: 1 to 17387 (17387)
		Unaligned bases: 18016 to 18016 (1)

CONTIG: k131_529983 (1127bp)
Best alignment score: 878.0 (LEN: 883, IDY: 99.43), Total number of alignments: 1
			Looking for the best set of alignments (out of 1 total alignments)
			The best set is below. Score: 878.0, number of alignments: 1, unaligned bases: 244
		Alignment: 1266 2148 | 1 883 | 883 883 | 99.43 | GCA_000012985.1_crisprs_GCA_000012985.1_CRISPR_0_from_2905515__all_ k131_529983

CONTIG: k131_686814 (8702bp)
Best alignment score: 81.0 (LEN: 81, IDY: 100.00), Total number of alignments: 1
			Looking for the best set of alignments (out of 1 total alignments)
			The best set is below. Score: 81.0, number of alignments: 1, unaligned bases: 8621
		This contig is partially unaligned. (Aligned 81 out of 8702 non-N bases (0.93%))
		Alignment: 2068 2148 | 1 81 | 81 81 | 100.0 | GCA_000012985.1_crisprs_GCA_000012985.1_CRISPR_0_from_2905515__all_ k131_686814
		Unaligned bases: 82 to 8702 (8621)

CONTIG: k141_547309 (669bp)
Best alignment score: 643.0 (LEN: 651, IDY: 98.77), Total number of alignments: 1
			Looking for the best set of alignments (out of 1 total alignments)
			The best set is below. Score: 643.0, number of alignments: 1, unaligned bases: 18
		Alignment: 1266 1916 | 1 651 | 651 651 | 98.77 | GCA_000012985.1_crisprs_GCA_000012985.1_CRISPR_0_from_2905515__all_ k141_547309

CONTIG: k141_878411 (611bp)
Best alignment score: 361.0 (LEN: 367, IDY: 98.37), Total number of alignments: 1
			Looking for the best set of alignments (out of 1 total alignments)
			The best set is below. Score: 361.0, number of alignments: 1, unaligned bases: 244
		Alignment: 1782 2148 | 611 245 | 367 367 | 98.37 | GCA_000012985.1_crisprs_GCA_000012985.1_CRISPR_0_from_2905515__all_ k141_878411

CONTIG: k141_1071573 (2554bp)
Best alignment score: 81.0 (LEN: 81, IDY: 100.00), Total number of alignments: 1
			Looking for the best set of alignments (out of 1 total alignments)
			The best set is below. Score: 81.0, number of alignments: 1, unaligned bases: 2473
		This contig is partially unaligned. (Aligned 81 out of 2554 non-N bases (3.17%))
		Alignment: 2068 2148 | 2554 2474 | 81 81 | 100.0 | GCA_000012985.1_crisprs_GCA_000012985.1_CRISPR_0_from_2905515__all_ k141_1071573
		Unaligned bases: 1 to 2473 (2473)

CONTIG: k141_1073191 (832bp)
Best alignment score: 826.0 (LEN: 832, IDY: 99.28), Total number of alignments: 1
		One align captures most of this contig: 610 1441 | 1 832 | 832 832 | 99.28 | GCA_000012985.1_crisprs_GCA_000012985.1_CRISPR_0_from_2905515__all_ k141_1073191

CONTIG: k141_1146591 (1408bp)
Best alignment score: 737.0 (LEN: 740, IDY: 99.59), Total number of alignments: 1
			Looking for the best set of alignments (out of 1 total alignments)
			The best set is below. Score: 737.0, number of alignments: 1, unaligned bases: 668
		This contig is partially unaligned. (Aligned 740 out of 1408 non-N bases (52.56%))
		Alignment: 1 740 | 740 1 | 740 740 | 99.59 | GCA_000012985.1_crisprs_GCA_000012985.1_CRISPR_0_from_2905515__all_ k141_1146591
		Unaligned bases: 741 to 1408 (668)

CONTIG: k91_206870 (60780bp)
Best alignment score: 693.0 (LEN: 695, IDY: 99.71), Total number of alignments: 2
			Looking for the best set of alignments (out of 2 total alignments)
			The best set is below. Score: 804.0, number of alignments: 2, unaligned bases: 59974
		This contig is misassembled.
		This contig is partially unaligned. (Aligned 806 out of 60780 non-N bases (1.33%))
			Warning! This contig is more unaligned than misassembled. Contig length is 60780 (number of Ns: 0) and total length of all aligns is 806
		Alignment: 1 695 | 59975 60669 | 695 695 | 99.71 | GCA_000012985.1_crisprs_GCA_000012985.1_CRISPR_0_from_2905515__all_ k91_206870
		Alignment: 761 871 | 60670 60780 | 111 111 | 100.0 | GCA_000012985.1_crisprs_GCA_000012985.1_CRISPR_0_from_2905515__all_ k91_206870
		Unaligned bases: 59974

CONTIG: k131_275804 (2041bp)
Best alignment score: 1473.0 (LEN: 1481, IDY: 99.46), Total number of alignments: 1
			Looking for the best set of alignments (out of 1 total alignments)
			The best set is below. Score: 1473.0, number of alignments: 1, unaligned bases: 560
		This contig is partially unaligned. (Aligned 1481 out of 2041 non-N bases (72.56%))
		Alignment: 1 1481 | 1481 1 | 1481 1481 | 99.46 | GCA_000012985.1_crisprs_GCA_000012985.1_CRISPR_1_from_2917501__all_ k131_275804
		Unaligned bases: 1482 to 2041 (560)

CONTIG: k131_701473 (1205bp)
Best alignment score: 1196.0 (LEN: 1199, IDY: 99.75), Total number of alignments: 1
		One align captures most of this contig: 1795 2993 | 1 1199 | 1199 1199 | 99.75 | GCA_000012985.1_crisprs_GCA_000012985.1_CRISPR_1_from_2917501__all_ k131_701473

CONTIG: k131_740675 (11101bp)
Best alignment score: 633.0 (LEN: 637, IDY: 99.37), Total number of alignments: 1
			Looking for the best set of alignments (out of 1 total alignments)
			The best set is below. Score: 633.0, number of alignments: 1, unaligned bases: 10464
		This contig is partially unaligned. (Aligned 637 out of 11101 non-N bases (5.74%))
		Alignment: 3034 3670 | 1 637 | 637 637 | 99.37 | GCA_000012985.1_crisprs_GCA_000012985.1_CRISPR_1_from_2917501__all_ k131_740675
		Unaligned bases: 638 to 11101 (10464)

CONTIG: k141_291877 (2523bp)
Best alignment score: 128.0 (LEN: 129, IDY: 99.22), Total number of alignments: 2
			Looking for the best set of alignments (out of 2 total alignments)
			The best set is below. Score: 233.0, number of alignments: 2, unaligned bases: 2289
		This contig is misassembled.
		This contig is partially unaligned. (Aligned 234 out of 2523 non-N bases (9.27%))
			Warning! This contig is more unaligned than misassembled. Contig length is 2523 (number of Ns: 0) and total length of all aligns is 234
		Alignment: 197 301 | 105 1 | 105 105 | 100.0 | GCA_000012985.1_crisprs_GCA_000012985.1_CRISPR_1_from_2917501__all_ k141_291877
		Alignment: 1 129 | 234 106 | 129 129 | 99.22 | GCA_000012985.1_crisprs_GCA_000012985.1_CRISPR_1_from_2917501__all_ k141_291877
		Unaligned bases: 2289

CONTIG: k141_373580 (11040bp)
Best alignment score: 1272.0 (LEN: 1291, IDY: 98.53), Total number of alignments: 1
			Looking for the best set of alignments (out of 1 total alignments)
			The best set is below. Score: 1272.0, number of alignments: 1, unaligned bases: 9749
		This contig is partially unaligned. (Aligned 1291 out of 11040 non-N bases (11.69%))
		Alignment: 2380 3670 | 188 1478 | 1291 1291 | 98.53 | GCA_000012985.1_crisprs_GCA_000012985.1_CRISPR_1_from_2917501__all_ k141_373580
		Unaligned bases: 1 to 187 (187)
		Unaligned bases: 1479 to 11040 (9562)

CONTIG: k141_1184971 (661bp)
Best alignment score: 626.0 (LEN: 637, IDY: 98.27), Total number of alignments: 1
			Looking for the best set of alignments (out of 1 total alignments)
			The best set is below. Score: 626.0, number of alignments: 1, unaligned bases: 24
		Alignment: 31 667 | 637 1 | 637 637 | 98.27 | GCA_000012985.1_crisprs_GCA_000012985.1_CRISPR_1_from_2917501__all_ k141_1184971

CONTIG: k141_1400893 (1181bp)
Best alignment score: 646.0 (LEN: 649, IDY: 99.54), Total number of alignments: 2
			Looking for the best set of alignments (out of 2 total alignments)
			The best set is below. Score: 1170.0, number of alignments: 2, unaligned bases: 0
		This contig is misassembled.
			Real Alignment 1: 1255 1786 | 1 532 | 532 532 | 98.5 | GCA_000012985.1_crisprs_GCA_000012985.1_CRISPR_1_from_2917501__all_ k141_1400893
			  Indel (> 5bp) between these two alignments: deletion of length 66; 0 mismatches (number of Ns: 0)
			Real Alignment 2: 1853 2501 | 533 1181 | 649 649 | 99.54 | GCA_000012985.1_crisprs_GCA_000012985.1_CRISPR_1_from_2917501__all_ k141_1400893

CONTIG: k91_252138 (9819bp)
Best alignment score: 125.0 (LEN: 129, IDY: 96.90), Total number of alignments: 1
			Looking for the best set of alignments (out of 1 total alignments)
			The best set is below. Score: 125.0, number of alignments: 1, unaligned bases: 9690
		This contig is partially unaligned. (Aligned 129 out of 9819 non-N bases (1.31%))
		Alignment: 1 129 | 9691 9819 | 129 129 | 96.9 | GCA_000012985.1_crisprs_GCA_000012985.1_CRISPR_1_from_2917501__all_ k91_252138
		Unaligned bases: 1 to 9690 (9690)

CONTIG: k91_335028 (970bp)
Best alignment score: 887.0 (LEN: 898, IDY: 98.78), Total number of alignments: 1
			Looking for the best set of alignments (out of 1 total alignments)
			The best set is below. Score: 887.0, number of alignments: 1, unaligned bases: 72
		Alignment: 1 898 | 898 1 | 898 898 | 98.78 | GCA_000012985.1_crisprs_GCA_000012985.1_CRISPR_1_from_2917501__all_ k91_335028

CONTIG: k91_129595 (10841bp)
Best alignment score: 246.0 (LEN: 251, IDY: 98.01), Total number of alignments: 1
			Looking for the best set of alignments (out of 1 total alignments)
			The best set is below. Score: 246.0, number of alignments: 1, unaligned bases: 10590
		This contig is partially unaligned. (Aligned 251 out of 10841 non-N bases (2.32%))
		Alignment: 3420 3670 | 1 251 | 251 251 | 98.01 | GCA_000012985.1_crisprs_GCA_000012985.1_CRISPR_1_from_2917501__all_ k91_129595
		Unaligned bases: 252 to 10841 (10590)

Analyzing coverage...
Writing SNPs into /net/sgi/cami/data/CAMI2/scripts/second_challenge_evaluation/assembly/scripts/data/CRISPR/metaquast_all/runs_per_reference/GCA_000012985.1_crisprs/contigs_reports/minimap_output/Megahit.used_snps.gz

Analysis is finished!
Founded SNPs were written into /net/sgi/cami/data/CAMI2/scripts/second_challenge_evaluation/assembly/scripts/data/CRISPR/metaquast_all/runs_per_reference/GCA_000012985.1_crisprs/contigs_reports/minimap_output/Megahit.used_snps.gz

Results:
	Local Misassemblies: 0
	Misassemblies: 0
		Relocations: 0
		Translocations: 0
		Inversions: 0
	Scaffold gap extensive misassemblies: 0
	Scaffold gap local misassemblies: 0
	Misassembled Contigs: 0
	Misassembled Contig Bases: 0
	Misassemblies Inter-Contig Overlap: 0
Unaligned Contigs: 0 + 11 part
Half Unaligned Contigs with Misassemblies: 2
Unaligned Contig Bases: 132466

Ambiguously Mapped Contigs: 0
Total Bases in Ambiguously Mapped Contigs: 0
Extra Bases in Ambiguously Mapped Contigs: 0
Note that --allow-ambiguity option was set to "one" and only first alignment per each of these contigs was used.

	Covered Bases: 5810

	SNPs: 109
	Insertions: 0
	Deletions: 66

