Aligning contigs to reference...
	Aligning contigs to the reference
Filtering alignments...
Parsing coords...
Loading reference...
	Loaded [GCA_000307105.1_crisprs_GCA_000307105.1_CRISPR_1]
	Loaded [GCA_000307105.1_crisprs_GCA_000307105.1_CRISPR_2]
	Loaded [GCA_000307105.1_crisprs_GCA_000307105.1_CRISPR_3]
	Total Regions: 3
	Total Region Length: 5418
Analyzing contigs...
CONTIG: contig_70940 (6878bp)
Best alignment score: 1982.9 (LEN: 2051, IDY: 96.68), Total number of alignments: 1
			Looking for the best set of alignments (out of 1 total alignments)
			The best set is below. Score: 1982.9, number of alignments: 1, unaligned bases: 4827
		This contig is partially unaligned. (Aligned 2051 out of 6877 non-N bases (29.82%))
		Alignment: 1 1985 | 2051 1 | 1985 2051 | 96.68 | GCA_000307105.1_crisprs_GCA_000307105.1_CRISPR_1 contig_70940
		Unaligned bases: 2052 to 6878 (4827)

CONTIG: contig_124653 (60504bp)
Best alignment score: 442.0 (LEN: 445, IDY: 99.33), Total number of alignments: 1
			Looking for the best set of alignments (out of 1 total alignments)
			The best set is below. Score: 442.0, number of alignments: 1, unaligned bases: 60059
		This contig is partially unaligned. (Aligned 445 out of 60503 non-N bases (0.74%))
		Alignment: 1 445 | 445 1 | 445 445 | 99.33 | GCA_000307105.1_crisprs_GCA_000307105.1_CRISPR_1 contig_124653
		Unaligned bases: 446 to 60504 (60059)

CONTIG: contig_457623 (2898bp)
Best alignment score: 543.0 (LEN: 543, IDY: 100.00), Total number of alignments: 1
			Looking for the best set of alignments (out of 1 total alignments)
			The best set is below. Score: 543.0, number of alignments: 1, unaligned bases: 2355
		This contig is partially unaligned. (Aligned 543 out of 2898 non-N bases (18.74%))
		Alignment: 3962 4504 | 2898 2356 | 543 543 | 100.0 | GCA_000307105.1_crisprs_GCA_000307105.1_CRISPR_1 contig_457623
		Unaligned bases: 1 to 2355 (2355)

CONTIG: contig_713565 (1351bp)
Best alignment score: 394.0 (LEN: 396, IDY: 99.49), Total number of alignments: 1
			Looking for the best set of alignments (out of 1 total alignments)
			The best set is below. Score: 394.0, number of alignments: 1, unaligned bases: 955
		This contig is partially unaligned. (Aligned 396 out of 1351 non-N bases (29.31%))
		Alignment: 1 396 | 956 1351 | 396 396 | 99.49 | GCA_000307105.1_crisprs_GCA_000307105.1_CRISPR_1 contig_713565
		Unaligned bases: 1 to 955 (955)

CONTIG: opera_contig_6043_3 (6878bp)
Best alignment score: 1982.9 (LEN: 2051, IDY: 96.68), Total number of alignments: 1
			Looking for the best set of alignments (out of 1 total alignments)
			The best set is below. Score: 1982.9, number of alignments: 1, unaligned bases: 4827
		This contig is partially unaligned. (Aligned 2051 out of 6877 non-N bases (29.82%))
		Alignment: 1 1985 | 2051 1 | 1985 2051 | 96.68 | GCA_000307105.1_crisprs_GCA_000307105.1_CRISPR_1 opera_contig_6043_3
		Unaligned bases: 2052 to 6878 (4827)

CONTIG: opera_contig_296_6 (60504bp)
Best alignment score: 442.0 (LEN: 445, IDY: 99.33), Total number of alignments: 1
			Looking for the best set of alignments (out of 1 total alignments)
			The best set is below. Score: 442.0, number of alignments: 1, unaligned bases: 60059
		This contig is partially unaligned. (Aligned 445 out of 60503 non-N bases (0.74%))
		Alignment: 1 445 | 445 1 | 445 445 | 99.33 | GCA_000307105.1_crisprs_GCA_000307105.1_CRISPR_1 opera_contig_296_6
		Unaligned bases: 446 to 60504 (60059)

CONTIG: opera_contig_48384 (2898bp)
Best alignment score: 543.0 (LEN: 543, IDY: 100.00), Total number of alignments: 1
			Looking for the best set of alignments (out of 1 total alignments)
			The best set is below. Score: 543.0, number of alignments: 1, unaligned bases: 2355
		This contig is partially unaligned. (Aligned 543 out of 2898 non-N bases (18.74%))
		Alignment: 3962 4504 | 2898 2356 | 543 543 | 100.0 | GCA_000307105.1_crisprs_GCA_000307105.1_CRISPR_1 opera_contig_48384
		Unaligned bases: 1 to 2355 (2355)

CONTIG: opera_contig_119700 (1351bp)
Best alignment score: 394.0 (LEN: 396, IDY: 99.49), Total number of alignments: 1
			Looking for the best set of alignments (out of 1 total alignments)
			The best set is below. Score: 394.0, number of alignments: 1, unaligned bases: 955
		This contig is partially unaligned. (Aligned 396 out of 1351 non-N bases (29.31%))
		Alignment: 1 396 | 956 1351 | 396 396 | 99.49 | GCA_000307105.1_crisprs_GCA_000307105.1_CRISPR_1 opera_contig_119700
		Unaligned bases: 1 to 955 (955)

CONTIG: contig_72054 (34607bp)
Best alignment score: 619.0 (LEN: 631, IDY: 98.10), Total number of alignments: 1
			Looking for the best set of alignments (out of 1 total alignments)
			The best set is below. Score: 619.0, number of alignments: 1, unaligned bases: 33976
		This contig is partially unaligned. (Aligned 631 out of 34607 non-N bases (1.82%))
		Alignment: 1 622 | 23715 24345 | 622 631 | 98.1 | GCA_000307105.1_crisprs_GCA_000307105.1_CRISPR_3 contig_72054
		Unaligned bases: 1 to 23714 (23714)
		Unaligned bases: 24346 to 34607 (10262)

CONTIG: contig_124711 (46131bp)
Best alignment score: 622.0 (LEN: 622, IDY: 100.00), Total number of alignments: 1
			Looking for the best set of alignments (out of 1 total alignments)
			The best set is below. Score: 622.0, number of alignments: 1, unaligned bases: 45509
		This contig is partially unaligned. (Aligned 622 out of 46131 non-N bases (1.35%))
		Alignment: 1 622 | 16313 15692 | 622 622 | 100.0 | GCA_000307105.1_crisprs_GCA_000307105.1_CRISPR_3 contig_124711
		Unaligned bases: 1 to 15691 (15691)
		Unaligned bases: 16314 to 46131 (29818)

CONTIG: opera_contig_488_3 (34607bp)
Best alignment score: 619.0 (LEN: 631, IDY: 98.10), Total number of alignments: 1
			Looking for the best set of alignments (out of 1 total alignments)
			The best set is below. Score: 619.0, number of alignments: 1, unaligned bases: 33976
		This contig is partially unaligned. (Aligned 631 out of 34607 non-N bases (1.82%))
		Alignment: 1 622 | 23715 24345 | 622 631 | 98.1 | GCA_000307105.1_crisprs_GCA_000307105.1_CRISPR_3 opera_contig_488_3
		Unaligned bases: 1 to 23714 (23714)
		Unaligned bases: 24346 to 34607 (10262)

CONTIG: opera_contig_467_6 (46131bp)
Best alignment score: 622.0 (LEN: 622, IDY: 100.00), Total number of alignments: 1
			Looking for the best set of alignments (out of 1 total alignments)
			The best set is below. Score: 622.0, number of alignments: 1, unaligned bases: 45509
		This contig is partially unaligned. (Aligned 622 out of 46131 non-N bases (1.35%))
		Alignment: 1 622 | 16313 15692 | 622 622 | 100.0 | GCA_000307105.1_crisprs_GCA_000307105.1_CRISPR_3 opera_contig_467_6
		Unaligned bases: 1 to 15691 (15691)
		Unaligned bases: 16314 to 46131 (29818)

CONTIG: contig_72057 (31393bp)
Best alignment score: 122.0 (LEN: 126, IDY: 96.83), Total number of alignments: 1
			Looking for the best set of alignments (out of 1 total alignments)
			The best set is below. Score: 122.0, number of alignments: 1, unaligned bases: 31267
		This contig is partially unaligned. (Aligned 126 out of 31393 non-N bases (0.40%))
		Alignment: 167 292 | 31393 31268 | 126 126 | 96.83 | GCA_000307105.1_crisprs_GCA_000307105.1_CRISPR_2 contig_72057
		Unaligned bases: 1 to 31267 (31267)

CONTIG: contig_124654 (49799bp)
Best alignment score: 292.0 (LEN: 292, IDY: 100.00), Total number of alignments: 1
			Looking for the best set of alignments (out of 1 total alignments)
			The best set is below. Score: 292.0, number of alignments: 1, unaligned bases: 49507
		This contig is partially unaligned. (Aligned 292 out of 49799 non-N bases (0.59%))
		Alignment: 1 292 | 214 505 | 292 292 | 100.0 | GCA_000307105.1_crisprs_GCA_000307105.1_CRISPR_2 contig_124654
		Unaligned bases: 1 to 213 (213)
		Unaligned bases: 506 to 49799 (49294)

CONTIG: opera_contig_576_3 (31393bp)
Best alignment score: 122.0 (LEN: 126, IDY: 96.83), Total number of alignments: 1
			Looking for the best set of alignments (out of 1 total alignments)
			The best set is below. Score: 122.0, number of alignments: 1, unaligned bases: 31267
		This contig is partially unaligned. (Aligned 126 out of 31393 non-N bases (0.40%))
		Alignment: 167 292 | 31393 31268 | 126 126 | 96.83 | GCA_000307105.1_crisprs_GCA_000307105.1_CRISPR_2 opera_contig_576_3
		Unaligned bases: 1 to 31267 (31267)

CONTIG: opera_contig_412_6 (49799bp)
Best alignment score: 292.0 (LEN: 292, IDY: 100.00), Total number of alignments: 1
			Looking for the best set of alignments (out of 1 total alignments)
			The best set is below. Score: 292.0, number of alignments: 1, unaligned bases: 49507
		This contig is partially unaligned. (Aligned 292 out of 49799 non-N bases (0.59%))
		Alignment: 1 292 | 214 505 | 292 292 | 100.0 | GCA_000307105.1_crisprs_GCA_000307105.1_CRISPR_2 opera_contig_412_6
		Unaligned bases: 1 to 213 (213)
		Unaligned bases: 506 to 49799 (49294)

Analyzing coverage...
Writing SNPs into /net/sgi/cami/data/CAMI2/scripts/second_challenge_evaluation/assembly/scripts/data/CRISPR/metaquast/runs_per_reference/GCA_000307105.1_crisprs/contigs_reports/minimap_output/A_STAR.used_snps.gz

Analysis is finished!
Founded SNPs were written into /net/sgi/cami/data/CAMI2/scripts/second_challenge_evaluation/assembly/scripts/data/CRISPR/metaquast/runs_per_reference/GCA_000307105.1_crisprs/contigs_reports/minimap_output/A_STAR.used_snps.gz

Results:
	Local Misassemblies: 0
	Misassemblies: 0
		Relocations: 0
		Translocations: 0
		Inversions: 0
	Scaffold gap extensive misassemblies: 0
	Scaffold gap local misassemblies: 0
	Misassembled Contigs: 0
	Misassembled Contig Bases: 0
	Misassemblies Inter-Contig Overlap: 0
Unaligned Contigs: 0 + 16 part
Half Unaligned Contigs with Misassemblies: 0
Unaligned Contig Bases: 456908

Ambiguously Mapped Contigs: 0
Total Bases in Ambiguously Mapped Contigs: 0
Extra Bases in Ambiguously Mapped Contigs: 0
Note that --allow-ambiguity option was set to "one" and only first alignment per each of these contigs was used.

	Covered Bases: 3442

	SNPs: 30
	Insertions: 150
	Deletions: 0

