Aligning contigs to reference...
	Aligning contigs to the reference
Filtering alignments...
Parsing coords...
Loading reference...
	Loaded [GCA_000214665.1_crisprs_GCA_000214665.1_CRISPR_0_from_1526146__all_]
	Loaded [GCA_000214665.1_crisprs_GCA_000214665.1_CRISPR_1_from_3370177__all_]
	Loaded [GCA_000214665.1_crisprs_GCA_000214665.1_CRISPR_2_from_3372471__all_]
	Loaded [GCA_000214665.1_crisprs_GCA_000214665.1_CRISPR_3_from_3375004__finder_crt_]
	Total Regions: 4
	Total Region Length: 6584
Analyzing contigs...
CONTIG: NODE_46_length_407606_cov_30.453659 (407606bp)
Best alignment score: 419.0 (LEN: 419, IDY: 100.00), Total number of alignments: 1
			Looking for the best set of alignments (out of 1 total alignments)
			The best set is below. Score: 419.0, number of alignments: 1, unaligned bases: 407187
		This contig is partially unaligned. (Aligned 419 out of 407606 non-N bases (0.10%))
		Alignment: 1 419 | 42 460 | 419 419 | 100.0 | GCA_000214665.1_crisprs_GCA_000214665.1_CRISPR_3_from_3375004__finder_crt_ NODE_46_length_407606_cov_30.453659
		Unaligned bases: 1 to 41 (41)
		Unaligned bases: 461 to 407606 (407146)

CONTIG: NODE_818_length_82466_cov_22.261200 (82466bp)
Best alignment score: 419.0 (LEN: 419, IDY: 100.00), Total number of alignments: 1
			Looking for the best set of alignments (out of 1 total alignments)
			The best set is below. Score: 419.0, number of alignments: 1, unaligned bases: 82047
		This contig is partially unaligned. (Aligned 419 out of 82466 non-N bases (0.51%))
		Alignment: 1 419 | 65 483 | 419 419 | 100.0 | GCA_000214665.1_crisprs_GCA_000214665.1_CRISPR_3_from_3375004__finder_crt_ NODE_818_length_82466_cov_22.261200
		Unaligned bases: 1 to 64 (64)
		Unaligned bases: 484 to 82466 (81983)

CONTIG: NODE_51_length_407606_cov_30.453678 (407606bp)
Best alignment score: 419.0 (LEN: 419, IDY: 100.00), Total number of alignments: 1
			Looking for the best set of alignments (out of 1 total alignments)
			The best set is below. Score: 419.0, number of alignments: 1, unaligned bases: 407187
		This contig is partially unaligned. (Aligned 419 out of 407606 non-N bases (0.10%))
		Alignment: 1 419 | 42 460 | 419 419 | 100.0 | GCA_000214665.1_crisprs_GCA_000214665.1_CRISPR_3_from_3375004__finder_crt_ NODE_51_length_407606_cov_30.453678
		Unaligned bases: 1 to 41 (41)
		Unaligned bases: 461 to 407606 (407146)

CONTIG: NODE_567_length_128106_cov_31.543143 (128106bp)
Best alignment score: 4288.0 (LEN: 4288, IDY: 100.00), Total number of alignments: 1
			Looking for the best set of alignments (out of 1 total alignments)
			The best set is below. Score: 4288.0, number of alignments: 1, unaligned bases: 123818
		This contig is partially unaligned. (Aligned 4288 out of 128106 non-N bases (3.35%))
		Alignment: 1 4288 | 91647 95934 | 4288 4288 | 100.0 | GCA_000214665.1_crisprs_GCA_000214665.1_CRISPR_0_from_1526146__all_ NODE_567_length_128106_cov_31.543143
		Unaligned bases: 1 to 91646 (91646)
		Unaligned bases: 95935 to 128106 (32172)

CONTIG: NODE_439_length_128150_cov_23.220171 (128150bp)
Best alignment score: 4288.0 (LEN: 4288, IDY: 100.00), Total number of alignments: 1
			Looking for the best set of alignments (out of 1 total alignments)
			The best set is below. Score: 4288.0, number of alignments: 1, unaligned bases: 123862
		This contig is partially unaligned. (Aligned 4288 out of 128150 non-N bases (3.35%))
		Alignment: 1 4288 | 36482 32195 | 4288 4288 | 100.0 | GCA_000214665.1_crisprs_GCA_000214665.1_CRISPR_0_from_1526146__all_ NODE_439_length_128150_cov_23.220171
		Unaligned bases: 1 to 32194 (32194)
		Unaligned bases: 36483 to 128150 (91668)

CONTIG: NODE_549_length_128106_cov_31.538473 (128106bp)
Best alignment score: 4288.0 (LEN: 4288, IDY: 100.00), Total number of alignments: 1
			Looking for the best set of alignments (out of 1 total alignments)
			The best set is below. Score: 4288.0, number of alignments: 1, unaligned bases: 123818
		This contig is partially unaligned. (Aligned 4288 out of 128106 non-N bases (3.35%))
		Alignment: 1 4288 | 91647 95934 | 4288 4288 | 100.0 | GCA_000214665.1_crisprs_GCA_000214665.1_CRISPR_0_from_1526146__all_ NODE_549_length_128106_cov_31.538473
		Unaligned bases: 1 to 91646 (91646)
		Unaligned bases: 95935 to 128106 (32172)

CONTIG: NODE_2741_length_39265_cov_30.999286 (39265bp)
Best alignment score: 1000.0 (LEN: 1000, IDY: 100.00), Total number of alignments: 1
			Looking for the best set of alignments (out of 1 total alignments)
			The best set is below. Score: 1000.0, number of alignments: 1, unaligned bases: 38265
		This contig is partially unaligned. (Aligned 1000 out of 39265 non-N bases (2.55%))
		Alignment: 1 1000 | 1079 80 | 1000 1000 | 100.0 | GCA_000214665.1_crisprs_GCA_000214665.1_CRISPR_1_from_3370177__all_ NODE_2741_length_39265_cov_30.999286
		Unaligned bases: 1 to 79 (79)
		Unaligned bases: 1080 to 39265 (38186)

CONTIG: NODE_2239_length_39348_cov_22.703980 (39348bp)
Best alignment score: 1000.0 (LEN: 1000, IDY: 100.00), Total number of alignments: 1
			Looking for the best set of alignments (out of 1 total alignments)
			The best set is below. Score: 1000.0, number of alignments: 1, unaligned bases: 38348
		This contig is partially unaligned. (Aligned 1000 out of 39348 non-N bases (2.54%))
		Alignment: 1 1000 | 38248 39247 | 1000 1000 | 100.0 | GCA_000214665.1_crisprs_GCA_000214665.1_CRISPR_1_from_3370177__all_ NODE_2239_length_39348_cov_22.703980
		Unaligned bases: 1 to 38247 (38247)
		Unaligned bases: 39248 to 39348 (101)

CONTIG: NODE_2713_length_39265_cov_31.002984 (39265bp)
Best alignment score: 1000.0 (LEN: 1000, IDY: 100.00), Total number of alignments: 1
			Looking for the best set of alignments (out of 1 total alignments)
			The best set is below. Score: 1000.0, number of alignments: 1, unaligned bases: 38265
		This contig is partially unaligned. (Aligned 1000 out of 39265 non-N bases (2.55%))
		Alignment: 1 1000 | 1079 80 | 1000 1000 | 100.0 | GCA_000214665.1_crisprs_GCA_000214665.1_CRISPR_1_from_3370177__all_ NODE_2713_length_39265_cov_31.002984
		Unaligned bases: 1 to 79 (79)
		Unaligned bases: 1080 to 39265 (38186)

CONTIG: NODE_223006_length_977_cov_31.701735 (977bp)
Best alignment score: 877.0 (LEN: 877, IDY: 100.00), Total number of alignments: 1
			Looking for the best set of alignments (out of 1 total alignments)
			The best set is below. Score: 877.0, number of alignments: 1, unaligned bases: 100
		Alignment: 1 877 | 63 939 | 877 877 | 100.0 | GCA_000214665.1_crisprs_GCA_000214665.1_CRISPR_2_from_3372471__all_ NODE_223006_length_977_cov_31.701735

CONTIG: NODE_189816_length_1021_cov_22.934322 (1021bp)
Best alignment score: 877.0 (LEN: 877, IDY: 100.00), Total number of alignments: 1
			Looking for the best set of alignments (out of 1 total alignments)
			The best set is below. Score: 877.0, number of alignments: 1, unaligned bases: 144
		Alignment: 1 877 | 85 961 | 877 877 | 100.0 | GCA_000214665.1_crisprs_GCA_000214665.1_CRISPR_2_from_3372471__all_ NODE_189816_length_1021_cov_22.934322

CONTIG: NODE_222923_length_977_cov_31.584599 (977bp)
Best alignment score: 877.0 (LEN: 877, IDY: 100.00), Total number of alignments: 1
			Looking for the best set of alignments (out of 1 total alignments)
			The best set is below. Score: 877.0, number of alignments: 1, unaligned bases: 100
		Alignment: 1 877 | 63 939 | 877 877 | 100.0 | GCA_000214665.1_crisprs_GCA_000214665.1_CRISPR_2_from_3372471__all_ NODE_222923_length_977_cov_31.584599

Analyzing coverage...
Writing SNPs into /net/sgi/cami/data/CAMI2/scripts/second_challenge_evaluation/assembly/scripts/data/CRISPR/metaquast_all/runs_per_reference/GCA_000214665.1_crisprs/contigs_reports/minimap_output/metaSPAdes.used_snps.gz

Analysis is finished!
Founded SNPs were written into /net/sgi/cami/data/CAMI2/scripts/second_challenge_evaluation/assembly/scripts/data/CRISPR/metaquast_all/runs_per_reference/GCA_000214665.1_crisprs/contigs_reports/minimap_output/metaSPAdes.used_snps.gz

Results:
	Local Misassemblies: 0
	Misassemblies: 0
		Relocations: 0
		Translocations: 0
		Inversions: 0
	Scaffold gap extensive misassemblies: 0
	Scaffold gap local misassemblies: 0
	Misassembled Contigs: 0
	Misassembled Contig Bases: 0
	Misassemblies Inter-Contig Overlap: 0
Unaligned Contigs: 0 + 9 part
Half Unaligned Contigs with Misassemblies: 0
Unaligned Contig Bases: 1382797

Ambiguously Mapped Contigs: 0
Total Bases in Ambiguously Mapped Contigs: 0
Extra Bases in Ambiguously Mapped Contigs: 0
Note that --allow-ambiguity option was set to "one" and only first alignment per each of these contigs was used.

	Covered Bases: 6584

	SNPs: 0
	Insertions: 0
	Deletions: 0

