Aligning contigs to reference...
	Aligning contigs to the reference
Filtering alignments...
Parsing coords...
Loading reference...
	Loaded [GCA_000214665.1_crisprs_GCA_000214665.1_CRISPR_0_from_1526146__all_]
	Loaded [GCA_000214665.1_crisprs_GCA_000214665.1_CRISPR_1_from_3370177__all_]
	Loaded [GCA_000214665.1_crisprs_GCA_000214665.1_CRISPR_2_from_3372471__all_]
	Loaded [GCA_000214665.1_crisprs_GCA_000214665.1_CRISPR_3_from_3375004__finder_crt_]
	Total Regions: 4
	Total Region Length: 6584
Analyzing contigs...
CONTIG: contig_129265 (750bp)
Best alignment score: 228.0 (LEN: 229, IDY: 99.56), Total number of alignments: 1
			Looking for the best set of alignments (out of 1 total alignments)
			The best set is below. Score: 228.0, number of alignments: 1, unaligned bases: 521
		This contig is partially unaligned. (Aligned 229 out of 750 non-N bases (30.53%))
		Alignment: 1 229 | 522 750 | 229 229 | 99.56 | GCA_000214665.1_crisprs_GCA_000214665.1_CRISPR_1_from_3370177__all_ contig_129265
		Unaligned bases: 1 to 521 (521)

CONTIG: opera_contig_75422_6 (750bp)
Best alignment score: 228.0 (LEN: 229, IDY: 99.56), Total number of alignments: 1
			Looking for the best set of alignments (out of 1 total alignments)
			The best set is below. Score: 228.0, number of alignments: 1, unaligned bases: 521
		This contig is partially unaligned. (Aligned 229 out of 750 non-N bases (30.53%))
		Alignment: 1 229 | 522 750 | 229 229 | 99.56 | GCA_000214665.1_crisprs_GCA_000214665.1_CRISPR_1_from_3370177__all_ opera_contig_75422_6
		Unaligned bases: 1 to 521 (521)

CONTIG: contig_153639 (4903bp)
Best alignment score: 115.0 (LEN: 117, IDY: 98.29), Total number of alignments: 1
			Looking for the best set of alignments (out of 1 total alignments)
			The best set is below. Score: 115.0, number of alignments: 1, unaligned bases: 4786
		This contig is partially unaligned. (Aligned 117 out of 4903 non-N bases (2.39%))
		Alignment: 4172 4288 | 1 117 | 117 117 | 98.29 | GCA_000214665.1_crisprs_GCA_000214665.1_CRISPR_0_from_1526146__all_ contig_153639
		Unaligned bases: 118 to 4903 (4786)

CONTIG: contig_154717 (3317bp)
Best alignment score: 623.0 (LEN: 626, IDY: 99.52), Total number of alignments: 2
			Looking for the best set of alignments (out of 2 total alignments)
			The best set is below. Score: 827.0, number of alignments: 2, unaligned bases: 2485
		This contig is misassembled.
		This contig is partially unaligned. (Aligned 832 out of 3317 non-N bases (25.08%))
			Warning! This contig is more unaligned than misassembled. Contig length is 3317 (number of Ns: 0) and total length of all aligns is 832
		Alignment: 1 206 | 2065 2270 | 206 206 | 99.03 | GCA_000214665.1_crisprs_GCA_000214665.1_CRISPR_0_from_1526146__all_ contig_154717
		Alignment: 606 1231 | 2692 3317 | 626 626 | 99.52 | GCA_000214665.1_crisprs_GCA_000214665.1_CRISPR_0_from_1526146__all_ contig_154717
		Unaligned bases: 2485

CONTIG: contig_677273 (806bp)
Best alignment score: 667.0 (LEN: 667, IDY: 100.00), Total number of alignments: 1
			Looking for the best set of alignments (out of 1 total alignments)
			The best set is below. Score: 667.0, number of alignments: 1, unaligned bases: 139
		Alignment: 3622 4288 | 1 667 | 667 667 | 100.0 | GCA_000214665.1_crisprs_GCA_000214665.1_CRISPR_0_from_1526146__all_ contig_677273

CONTIG: opera_contig_6628_8 (4903bp)
Best alignment score: 115.0 (LEN: 117, IDY: 98.29), Total number of alignments: 1
			Looking for the best set of alignments (out of 1 total alignments)
			The best set is below. Score: 115.0, number of alignments: 1, unaligned bases: 4786
		This contig is partially unaligned. (Aligned 117 out of 4903 non-N bases (2.39%))
		Alignment: 4172 4288 | 1 117 | 117 117 | 98.29 | GCA_000214665.1_crisprs_GCA_000214665.1_CRISPR_0_from_1526146__all_ opera_contig_6628_8
		Unaligned bases: 118 to 4903 (4786)

CONTIG: opera_contig_12322_8 (3317bp)
Best alignment score: 623.0 (LEN: 626, IDY: 99.52), Total number of alignments: 2
			Looking for the best set of alignments (out of 2 total alignments)
			The best set is below. Score: 827.0, number of alignments: 2, unaligned bases: 2485
		This contig is misassembled.
		This contig is partially unaligned. (Aligned 832 out of 3317 non-N bases (25.08%))
			Warning! This contig is more unaligned than misassembled. Contig length is 3317 (number of Ns: 0) and total length of all aligns is 832
		Alignment: 1 206 | 2065 2270 | 206 206 | 99.03 | GCA_000214665.1_crisprs_GCA_000214665.1_CRISPR_0_from_1526146__all_ opera_contig_12322_8
		Alignment: 606 1231 | 2692 3317 | 626 626 | 99.52 | GCA_000214665.1_crisprs_GCA_000214665.1_CRISPR_0_from_1526146__all_ opera_contig_12322_8
		Unaligned bases: 2485

CONTIG: opera_contig_228513 (806bp)
Best alignment score: 667.0 (LEN: 667, IDY: 100.00), Total number of alignments: 1
			Looking for the best set of alignments (out of 1 total alignments)
			The best set is below. Score: 667.0, number of alignments: 1, unaligned bases: 139
		Alignment: 3622 4288 | 1 667 | 667 667 | 100.0 | GCA_000214665.1_crisprs_GCA_000214665.1_CRISPR_0_from_1526146__all_ opera_contig_228513

CONTIG: contig_153702 (1372bp)
Best alignment score: 348.0 (LEN: 354, IDY: 98.31), Total number of alignments: 1
			Looking for the best set of alignments (out of 1 total alignments)
			The best set is below. Score: 348.0, number of alignments: 1, unaligned bases: 1018
		This contig is partially unaligned. (Aligned 354 out of 1372 non-N bases (25.80%))
		Alignment: 66 419 | 1 354 | 354 354 | 98.31 | GCA_000214665.1_crisprs_GCA_000214665.1_CRISPR_3_from_3375004__finder_crt_ contig_153702
		Unaligned bases: 355 to 1372 (1018)

CONTIG: contig_221811 (628bp)
Best alignment score: 389.0 (LEN: 389, IDY: 100.00), Total number of alignments: 1
			Looking for the best set of alignments (out of 1 total alignments)
			The best set is below. Score: 389.0, number of alignments: 1, unaligned bases: 239
		Alignment: 1 389 | 389 1 | 389 389 | 100.0 | GCA_000214665.1_crisprs_GCA_000214665.1_CRISPR_3_from_3375004__finder_crt_ contig_221811

CONTIG: opera_contig_31819_8 (1372bp)
Best alignment score: 348.0 (LEN: 354, IDY: 98.31), Total number of alignments: 1
			Looking for the best set of alignments (out of 1 total alignments)
			The best set is below. Score: 348.0, number of alignments: 1, unaligned bases: 1018
		This contig is partially unaligned. (Aligned 354 out of 1372 non-N bases (25.80%))
		Alignment: 66 419 | 1 354 | 354 354 | 98.31 | GCA_000214665.1_crisprs_GCA_000214665.1_CRISPR_3_from_3375004__finder_crt_ opera_contig_31819_8
		Unaligned bases: 355 to 1372 (1018)

CONTIG: strain61_opera_contig_107 (4502bp)
Best alignment score: 389.0 (LEN: 389, IDY: 100.00), Total number of alignments: 1
			Looking for the best set of alignments (out of 1 total alignments)
			The best set is below. Score: 389.0, number of alignments: 1, unaligned bases: 4113
		This contig is partially unaligned. (Aligned 389 out of 4159 non-N bases (9.35%))
		Alignment: 1 389 | 4263 3875 | 389 389 | 100.0 | GCA_000214665.1_crisprs_GCA_000214665.1_CRISPR_3_from_3375004__finder_crt_ strain61_opera_contig_107
		Unaligned bases: 1 to 3874 (3874)
		Unaligned bases: 4264 to 4502 (239)

CONTIG: contig_461361 (1072bp)
Best alignment score: 877.0 (LEN: 877, IDY: 100.00), Total number of alignments: 1
			Looking for the best set of alignments (out of 1 total alignments)
			The best set is below. Score: 877.0, number of alignments: 1, unaligned bases: 195
		Alignment: 1 877 | 1002 126 | 877 877 | 100.0 | GCA_000214665.1_crisprs_GCA_000214665.1_CRISPR_2_from_3372471__all_ contig_461361

CONTIG: opera_contig_159566 (1072bp)
Best alignment score: 877.0 (LEN: 877, IDY: 100.00), Total number of alignments: 1
			Looking for the best set of alignments (out of 1 total alignments)
			The best set is below. Score: 877.0, number of alignments: 1, unaligned bases: 195
		Alignment: 1 877 | 1002 126 | 877 877 | 100.0 | GCA_000214665.1_crisprs_GCA_000214665.1_CRISPR_2_from_3372471__all_ opera_contig_159566

Analyzing coverage...
Writing SNPs into /net/sgi/cami/data/CAMI2/scripts/second_challenge_evaluation/assembly/scripts/data/CRISPR/metaquast_all/runs_per_reference/GCA_000214665.1_crisprs/contigs_reports/minimap_output/A_STAR.used_snps.gz

Analysis is finished!
Founded SNPs were written into /net/sgi/cami/data/CAMI2/scripts/second_challenge_evaluation/assembly/scripts/data/CRISPR/metaquast_all/runs_per_reference/GCA_000214665.1_crisprs/contigs_reports/minimap_output/A_STAR.used_snps.gz

Results:
	Local Misassemblies: 0
	Misassemblies: 0
		Relocations: 0
		Translocations: 0
		Inversions: 0
	Scaffold gap extensive misassemblies: 0
	Scaffold gap local misassemblies: 0
	Misassembled Contigs: 0
	Misassembled Contig Bases: 0
	Misassemblies Inter-Contig Overlap: 0
Unaligned Contigs: 0 + 9 part
Half Unaligned Contigs with Misassemblies: 2
Unaligned Contig Bases: 21390

Ambiguously Mapped Contigs: 0
Total Bases in Ambiguously Mapped Contigs: 0
Extra Bases in Ambiguously Mapped Contigs: 0
Note that --allow-ambiguity option was set to "one" and only first alignment per each of these contigs was used.

	Covered Bases: 3024

	SNPs: 28
	Insertions: 0
	Deletions: 0

