Aligning contigs to reference...
	Aligning contigs to the reference
Filtering alignments...
Parsing coords...
Loading reference...
	Loaded [GCA_000214665.1_crisprs_GCA_000214665.1_CRISPR_0_from_1526146__all_]
	Loaded [GCA_000214665.1_crisprs_GCA_000214665.1_CRISPR_1_from_3370177__all_]
	Loaded [GCA_000214665.1_crisprs_GCA_000214665.1_CRISPR_2_from_3372471__all_]
	Loaded [GCA_000214665.1_crisprs_GCA_000214665.1_CRISPR_3_from_3375004__finder_crt_]
	Total Regions: 4
	Total Region Length: 6584
Analyzing contigs...
CONTIG: 27686 (13654bp)
Best alignment score: 419.0 (LEN: 419, IDY: 100.00), Total number of alignments: 1
			Looking for the best set of alignments (out of 1 total alignments)
			The best set is below. Score: 419.0, number of alignments: 1, unaligned bases: 13235
		This contig is partially unaligned. (Aligned 419 out of 13654 non-N bases (3.07%))
		Alignment: 1 419 | 13550 13132 | 419 419 | 100.0 | GCA_000214665.1_crisprs_GCA_000214665.1_CRISPR_3_from_3375004__finder_crt_ 27686
		Unaligned bases: 1 to 13131 (13131)
		Unaligned bases: 13551 to 13654 (104)

Analyzing coverage...
Writing SNPs into /net/sgi/cami/data/CAMI2/scripts/second_challenge_evaluation/assembly/scripts/data/CRISPR/metaquast_all/runs_per_reference/GCA_000214665.1_crisprs/contigs_reports/minimap_output/Miniasm.used_snps.gz

Analysis is finished!
Founded SNPs were written into /net/sgi/cami/data/CAMI2/scripts/second_challenge_evaluation/assembly/scripts/data/CRISPR/metaquast_all/runs_per_reference/GCA_000214665.1_crisprs/contigs_reports/minimap_output/Miniasm.used_snps.gz

Results:
	Local Misassemblies: 0
	Misassemblies: 0
		Relocations: 0
		Translocations: 0
		Inversions: 0
	Scaffold gap extensive misassemblies: 0
	Scaffold gap local misassemblies: 0
	Misassembled Contigs: 0
	Misassembled Contig Bases: 0
	Misassemblies Inter-Contig Overlap: 0
Unaligned Contigs: 0 + 1 part
Half Unaligned Contigs with Misassemblies: 0
Unaligned Contig Bases: 13235

Ambiguously Mapped Contigs: 0
Total Bases in Ambiguously Mapped Contigs: 0
Extra Bases in Ambiguously Mapped Contigs: 0
Note that --allow-ambiguity option was set to "one" and only first alignment per each of these contigs was used.

	Covered Bases: 419

	SNPs: 0
	Insertions: 0
	Deletions: 0

