Aligning contigs to reference...
	Aligning contigs to the reference
Filtering alignments...
Parsing coords...
Loading reference...
	Loaded [GCA_000214665.1_crisprs_GCA_000214665.1_CRISPR_0_from_1526146__all_]
	Loaded [GCA_000214665.1_crisprs_GCA_000214665.1_CRISPR_1_from_3370177__all_]
	Loaded [GCA_000214665.1_crisprs_GCA_000214665.1_CRISPR_2_from_3372471__all_]
	Loaded [GCA_000214665.1_crisprs_GCA_000214665.1_CRISPR_3_from_3375004__finder_crt_]
	Total Regions: 4
	Total Region Length: 6584
Analyzing contigs...
CONTIG: PC1381474 (5051673bp)
Best alignment score: 4288.0 (LEN: 4288, IDY: 100.00), Total number of alignments: 4
			Looking for the best set of alignments (out of 4 total alignments)
			The best set is below. Score: 5831.0, number of alignments: 4, unaligned bases: 5045089
		This contig is misassembled.
		This contig is partially unaligned. (Aligned 6584 out of 5051673 non-N bases (0.13%))
			Warning! This contig is more unaligned than misassembled. Contig length is 5051673 (number of Ns: 0) and total length of all aligns is 6584
		Alignment: 1 4288 | 1526146 1530433 | 4288 4288 | 100.0 | GCA_000214665.1_crisprs_GCA_000214665.1_CRISPR_0_from_1526146__all_ PC1381474
		Alignment: 1 1000 | 3370177 3371176 | 1000 1000 | 100.0 | GCA_000214665.1_crisprs_GCA_000214665.1_CRISPR_1_from_3370177__all_ PC1381474
		Alignment: 1 877 | 3372471 3373347 | 877 877 | 100.0 | GCA_000214665.1_crisprs_GCA_000214665.1_CRISPR_2_from_3372471__all_ PC1381474
		Alignment: 1 419 | 3375004 3375422 | 419 419 | 100.0 | GCA_000214665.1_crisprs_GCA_000214665.1_CRISPR_3_from_3375004__finder_crt_ PC1381474
		Unaligned bases: 5045089

Analyzing coverage...
Writing SNPs into /net/sgi/cami/data/CAMI2/scripts/second_challenge_evaluation/assembly/scripts/data/CRISPR/metaquast_all/runs_per_reference/GCA_000214665.1_crisprs/contigs_reports/minimap_output/marmgCAMI2.used_snps.gz

Analysis is finished!
Founded SNPs were written into /net/sgi/cami/data/CAMI2/scripts/second_challenge_evaluation/assembly/scripts/data/CRISPR/metaquast_all/runs_per_reference/GCA_000214665.1_crisprs/contigs_reports/minimap_output/marmgCAMI2.used_snps.gz

Results:
	Local Misassemblies: 0
	Misassemblies: 0
		Relocations: 0
		Translocations: 0
		Inversions: 0
	Scaffold gap extensive misassemblies: 0
	Scaffold gap local misassemblies: 0
	Misassembled Contigs: 0
	Misassembled Contig Bases: 0
	Misassemblies Inter-Contig Overlap: 0
Unaligned Contigs: 0 + 1 part
Half Unaligned Contigs with Misassemblies: 1
Unaligned Contig Bases: 5045089

Ambiguously Mapped Contigs: 0
Total Bases in Ambiguously Mapped Contigs: 0
Extra Bases in Ambiguously Mapped Contigs: 0
Note that --allow-ambiguity option was set to "one" and only first alignment per each of these contigs was used.

	Covered Bases: 6584

	SNPs: 0
	Insertions: 0
	Deletions: 0

