Aligning contigs to reference...
	Aligning contigs to the reference
Filtering alignments...
Parsing coords...
Loading reference...
	Loaded [GCA_000211475.1_crisprs_GCA_000211475.1_CRISPR_1]
	Loaded [GCA_000211475.1_crisprs_GCA_000211475.1_CRISPR_2]
	Total Regions: 2
	Total Region Length: 11017
Analyzing contigs...
CONTIG: PC343448 (1861292bp)
Best alignment score: 5747.0 (LEN: 5747, IDY: 100.00), Total number of alignments: 2
			Looking for the best set of alignments (out of 2 total alignments)
			The best set is below. Score: 10766.0, number of alignments: 2, unaligned bases: 1850275
		This contig is misassembled.
		This contig is partially unaligned. (Aligned 11017 out of 1861292 non-N bases (0.59%))
			Warning! This contig is more unaligned than misassembled. Contig length is 1861292 (number of Ns: 0) and total length of all aligns is 11017
		Alignment: 1 5270 | 1491869 1497138 | 5270 5270 | 100.0 | GCA_000211475.1_crisprs_GCA_000211475.1_CRISPR_1 PC343448
		Alignment: 1 5747 | 1688093 1693839 | 5747 5747 | 100.0 | GCA_000211475.1_crisprs_GCA_000211475.1_CRISPR_2 PC343448
		Unaligned bases: 1850275

Analyzing coverage...
Writing SNPs into /net/sgi/cami/data/CAMI2/scripts/second_challenge_evaluation/assembly/scripts/data/CRISPR/metaquast/runs_per_reference/GCA_000211475.1_crisprs/contigs_reports/minimap_output/marmgCAMI2.used_snps.gz

Analysis is finished!
Founded SNPs were written into /net/sgi/cami/data/CAMI2/scripts/second_challenge_evaluation/assembly/scripts/data/CRISPR/metaquast/runs_per_reference/GCA_000211475.1_crisprs/contigs_reports/minimap_output/marmgCAMI2.used_snps.gz

Results:
	Local Misassemblies: 0
	Misassemblies: 0
		Relocations: 0
		Translocations: 0
		Inversions: 0
	Scaffold gap extensive misassemblies: 0
	Scaffold gap local misassemblies: 0
	Misassembled Contigs: 0
	Misassembled Contig Bases: 0
	Misassemblies Inter-Contig Overlap: 0
Unaligned Contigs: 0 + 1 part
Half Unaligned Contigs with Misassemblies: 1
Unaligned Contig Bases: 1850275

Ambiguously Mapped Contigs: 0
Total Bases in Ambiguously Mapped Contigs: 0
Extra Bases in Ambiguously Mapped Contigs: 0
Note that --allow-ambiguity option was set to "one" and only first alignment per each of these contigs was used.

	Covered Bases: 11017

	SNPs: 0
	Insertions: 0
	Deletions: 0

