Aligning contigs to reference...
	Aligning contigs to the reference
Filtering alignments...
Parsing coords...
Loading reference...
	Loaded [GCA_000211475.1_crisprs_GCA_000211475.1_CRISPR_1]
	Loaded [GCA_000211475.1_crisprs_GCA_000211475.1_CRISPR_2]
	Total Regions: 2
	Total Region Length: 11017
Analyzing contigs...
CONTIG: contig_82045 (1383bp)
Best alignment score: 798.0 (LEN: 798, IDY: 100.00), Total number of alignments: 1
			Looking for the best set of alignments (out of 1 total alignments)
			The best set is below. Score: 798.0, number of alignments: 1, unaligned bases: 585
		This contig is partially unaligned. (Aligned 798 out of 1383 non-N bases (57.70%))
		Alignment: 4950 5747 | 1 798 | 798 798 | 100.0 | GCA_000211475.1_crisprs_GCA_000211475.1_CRISPR_2 contig_82045
		Unaligned bases: 799 to 1383 (585)

CONTIG: contig_85387 (71122bp)
Best alignment score: 240.0 (LEN: 240, IDY: 100.00), Total number of alignments: 1
			Looking for the best set of alignments (out of 1 total alignments)
			The best set is below. Score: 240.0, number of alignments: 1, unaligned bases: 70882
		This contig is partially unaligned. (Aligned 240 out of 71121 non-N bases (0.34%))
		Alignment: 1 240 | 70883 71122 | 240 240 | 100.0 | GCA_000211475.1_crisprs_GCA_000211475.1_CRISPR_2 contig_85387
		Unaligned bases: 1 to 70882 (70882)

CONTIG: contig_767645 (1111bp)
Best alignment score: 749.0 (LEN: 749, IDY: 100.00), Total number of alignments: 1
			Looking for the best set of alignments (out of 1 total alignments)
			The best set is below. Score: 749.0, number of alignments: 1, unaligned bases: 362
		Alignment: 1 749 | 363 1111 | 749 749 | 100.0 | GCA_000211475.1_crisprs_GCA_000211475.1_CRISPR_2 contig_767645

CONTIG: contig_767646 (2205bp)
Best alignment score: 2205.0 (LEN: 2205, IDY: 100.00), Total number of alignments: 1
		One align captures most of this contig: 1948 4152 | 1 2205 | 2205 2205 | 100.0 | GCA_000211475.1_crisprs_GCA_000211475.1_CRISPR_2 contig_767646

CONTIG: opera_contig_25150_4 (1383bp)
Best alignment score: 798.0 (LEN: 798, IDY: 100.00), Total number of alignments: 1
			Looking for the best set of alignments (out of 1 total alignments)
			The best set is below. Score: 798.0, number of alignments: 1, unaligned bases: 585
		This contig is partially unaligned. (Aligned 798 out of 1383 non-N bases (57.70%))
		Alignment: 4950 5747 | 1 798 | 798 798 | 100.0 | GCA_000211475.1_crisprs_GCA_000211475.1_CRISPR_2 opera_contig_25150_4
		Unaligned bases: 799 to 1383 (585)

CONTIG: opera_contig_299_4 (71122bp)
Best alignment score: 240.0 (LEN: 240, IDY: 100.00), Total number of alignments: 1
			Looking for the best set of alignments (out of 1 total alignments)
			The best set is below. Score: 240.0, number of alignments: 1, unaligned bases: 70882
		This contig is partially unaligned. (Aligned 240 out of 71121 non-N bases (0.34%))
		Alignment: 1 240 | 70883 71122 | 240 240 | 100.0 | GCA_000211475.1_crisprs_GCA_000211475.1_CRISPR_2 opera_contig_299_4
		Unaligned bases: 1 to 70882 (70882)

CONTIG: opera_contig_41147 (4716bp)
Best alignment score: 2002.0 (LEN: 2002, IDY: 100.00), Total number of alignments: 3
			Looking for the best set of alignments (out of 3 total alignments)
			The best set is below. Score: 2880.0, number of alignments: 3, unaligned bases: 1831
		This contig is misassembled.
			Real Alignment 1: 1 749 | 363 1111 | 749 749 | 100.0 | GCA_000211475.1_crisprs_GCA_000211475.1_CRISPR_2 opera_contig_41147
			  Incorrectly estimated size of scaffold gap between these two alignments: gap length difference = -202 (local)
			Real Alignment 2: 1948 2081 | 2512 2645 | 134 134 | 100.0 | GCA_000211475.1_crisprs_GCA_000211475.1_CRISPR_2 opera_contig_41147
			  Stretch of 69 mismatches between these two alignments (number of Ns: 0)
			Real Alignment 3: 2151 4152 | 2715 4716 | 2002 2002 | 100.0 | GCA_000211475.1_crisprs_GCA_000211475.1_CRISPR_2 opera_contig_41147

CONTIG: contig_226073 (1382bp)
Best alignment score: 988.0 (LEN: 988, IDY: 100.00), Total number of alignments: 1
			Looking for the best set of alignments (out of 1 total alignments)
			The best set is below. Score: 988.0, number of alignments: 1, unaligned bases: 394
		Alignment: 1 988 | 395 1382 | 988 988 | 100.0 | GCA_000211475.1_crisprs_GCA_000211475.1_CRISPR_1 contig_226073

CONTIG: contig_732311 (1609bp)
Best alignment score: 752.0 (LEN: 752, IDY: 100.00), Total number of alignments: 1
			Looking for the best set of alignments (out of 1 total alignments)
			The best set is below. Score: 752.0, number of alignments: 1, unaligned bases: 857
		This contig is partially unaligned. (Aligned 752 out of 1609 non-N bases (46.74%))
		Alignment: 4519 5270 | 1609 858 | 752 752 | 100.0 | GCA_000211475.1_crisprs_GCA_000211475.1_CRISPR_1 contig_732311
		Unaligned bases: 1 to 857 (857)

CONTIG: opera_contig_116426 (1382bp)
Best alignment score: 988.0 (LEN: 988, IDY: 100.00), Total number of alignments: 1
			Looking for the best set of alignments (out of 1 total alignments)
			The best set is below. Score: 988.0, number of alignments: 1, unaligned bases: 394
		Alignment: 1 988 | 395 1382 | 988 988 | 100.0 | GCA_000211475.1_crisprs_GCA_000211475.1_CRISPR_1 opera_contig_116426

CONTIG: opera_contig_97079 (1609bp)
Best alignment score: 752.0 (LEN: 752, IDY: 100.00), Total number of alignments: 1
			Looking for the best set of alignments (out of 1 total alignments)
			The best set is below. Score: 752.0, number of alignments: 1, unaligned bases: 857
		This contig is partially unaligned. (Aligned 752 out of 1609 non-N bases (46.74%))
		Alignment: 4519 5270 | 1609 858 | 752 752 | 100.0 | GCA_000211475.1_crisprs_GCA_000211475.1_CRISPR_1 opera_contig_97079
		Unaligned bases: 1 to 857 (857)

Analyzing coverage...
Writing SNPs into /net/sgi/cami/data/CAMI2/scripts/second_challenge_evaluation/assembly/scripts/data/CRISPR/metaquast/runs_per_reference/GCA_000211475.1_crisprs/contigs_reports/minimap_output/A_STAR.used_snps.gz

Analysis is finished!
Founded SNPs were written into /net/sgi/cami/data/CAMI2/scripts/second_challenge_evaluation/assembly/scripts/data/CRISPR/metaquast/runs_per_reference/GCA_000211475.1_crisprs/contigs_reports/minimap_output/A_STAR.used_snps.gz

Results:
	Local Misassemblies: 0
	Misassemblies: 0
		Relocations: 0
		Translocations: 0
		Inversions: 0
	Scaffold gap extensive misassemblies: 0
	Scaffold gap local misassemblies: 1
	Misassembled Contigs: 0
	Misassembled Contig Bases: 0
	Misassemblies Inter-Contig Overlap: 0
Unaligned Contigs: 0 + 6 part
Half Unaligned Contigs with Misassemblies: 0
Unaligned Contig Bases: 144646

Ambiguously Mapped Contigs: 0
Total Bases in Ambiguously Mapped Contigs: 0
Extra Bases in Ambiguously Mapped Contigs: 0
Note that --allow-ambiguity option was set to "one" and only first alignment per each of these contigs was used.

	Covered Bases: 5492

	SNPs: 69
	Insertions: 0
	Deletions: 0

