Aligning contigs to reference...
	Aligning contigs to the reference
Filtering alignments...
Parsing coords...
Loading reference...
	Loaded [GCA_000011185.1_crisprs_GCA_000011185.1_CRISPR_1]
	Loaded [GCA_000011185.1_crisprs_GCA_000011185.1_CRISPR_2]
	Loaded [GCA_000012885.1_crisprs_GCA_000012885.1_CRISPR_1]
	Loaded [GCA_000012985.1_crisprs_GCA_000012985.1_CRISPR_1]
	Loaded [GCA_000012985.1_crisprs_GCA_000012985.1_CRISPR_2]
	Loaded [GCA_000014865.1_crisprs_GCA_000014865.1_CRISPR_1]
	Loaded [GCA_000014885.1_crisprs_GCA_000014885.1_CRISPR_1]
	Loaded [GCA_000015145.1_crisprs_GCA_000015145.1_CRISPR_1]
	Loaded [GCA_000015145.1_crisprs_GCA_000015145.1_CRISPR_2]
	Loaded [GCA_000016425.1_crisprs_GCA_000016425.1_CRISPR_1]
	Loaded [GCA_000016425.1_crisprs_GCA_000016425.1_CRISPR_2]
	Loaded [GCA_000020525.1_crisprs_GCA_000020525.1_CRISPR_1]
	Loaded [GCA_000020525.1_crisprs_GCA_000020525.1_CRISPR_2]
	Loaded [GCA_000192865.1_crisprs_GCA_000192865.1_CRISPR_1]
	Loaded [GCA_000192865.1_crisprs_GCA_000192865.1_CRISPR_2]
	Loaded [GCA_000192865.1_crisprs_GCA_000192865.1_CRISPR_3]
	Loaded [GCA_000192865.1_crisprs_GCA_000192865.1_CRISPR_4]
	Loaded [GCA_000192865.1_crisprs_GCA_000192865.1_CRISPR_5]
	Loaded [GCA_000195335.1_crisprs_GCA_000195335.1_CRISPR_1]
	Loaded [GCA_000195335.1_crisprs_GCA_000195335.1_CRISPR_2]
	Loaded [GCA_000195335.1_crisprs_GCA_000195335.1_CRISPR_3]
	Loaded [GCA_000195335.1_crisprs_GCA_000195335.1_CRISPR_4]
	Loaded [GCA_000211475.1_crisprs_GCA_000211475.1_CRISPR_1]
	Loaded [GCA_000211475.1_crisprs_GCA_000211475.1_CRISPR_2]
	Loaded [GCA_000214665.1_crisprs_GCA_000214665.1_CRISPR_1]
	Loaded [GCA_000214665.1_crisprs_GCA_000214665.1_CRISPR_2]
	Loaded [GCA_000214665.1_crisprs_GCA_000214665.1_CRISPR_3]
	Loaded [GCA_000214665.1_crisprs_GCA_000214665.1_CRISPR_4]
	Loaded [GCA_000221185.1_crisprs_GCA_000221185.1_CRISPR_1]
	Loaded [GCA_000221185.1_crisprs_GCA_000221185.1_CRISPR_2]
	Loaded [GCA_000221185.1_crisprs_GCA_000221185.1_CRISPR_3]
	Loaded [GCA_000221185.1_crisprs_GCA_000221185.1_CRISPR_4]
	Loaded [GCA_000221185.1_crisprs_GCA_000221185.1_CRISPR_5]
	Loaded [GCA_000307105.1_crisprs_GCA_000307105.1_CRISPR_1]
	Loaded [GCA_000307105.1_crisprs_GCA_000307105.1_CRISPR_2]
	Loaded [GCA_000307105.1_crisprs_GCA_000307105.1_CRISPR_3]
	Loaded [GCA_000591035.1_crisprs_GCA_000591035.1_CRISPR_1]
	Loaded [GCA_000591035.1_crisprs_GCA_000591035.1_CRISPR_2]
	Loaded [GCA_000591035.1_crisprs_GCA_000591035.1_CRISPR_3]
	Loaded [GCA_000591035.1_crisprs_GCA_000591035.1_CRISPR_4]
	Loaded [GCA_000626635.1_crisprs_GCA_000626635.1_CRISPR_1]
	Loaded [GCA_000725425.1_crisprs_GCA_000725425.1_CRISPR_1]
	Loaded [GCA_000725425.1_crisprs_GCA_000725425.1_CRISPR_2]
	Loaded [GCA_000725425.1_crisprs_GCA_000725425.1_CRISPR_3]
	Total Regions: 44
	Total Region Length: 113900
Analyzing contigs...
CONTIG: contig_10 (50564bp)
		This contig is unaligned. (50564 bp)
		Unaligned bases: 50564 (number of Ns: 0)

CONTIG: contig_106 (12976bp)
		This contig is unaligned. (12976 bp)
		Unaligned bases: 12976 (number of Ns: 0)

CONTIG: contig_110 (1095bp)
		This contig is unaligned. (1095 bp)
		Unaligned bases: 1095 (number of Ns: 0)

CONTIG: contig_116 (29504bp)
		This contig is unaligned. (29504 bp)
		Unaligned bases: 29504 (number of Ns: 0)

CONTIG: contig_12 (16601bp)
		This contig is unaligned. (16601 bp)
		Unaligned bases: 16601 (number of Ns: 0)

CONTIG: contig_128 (27549bp)
		This contig is unaligned. (27549 bp)
		Unaligned bases: 27549 (number of Ns: 0)

CONTIG: contig_129 (17768bp)
		This contig is unaligned. (17768 bp)
		Unaligned bases: 17768 (number of Ns: 0)

CONTIG: contig_131 (81216bp)
		This contig is unaligned. (81216 bp)
		Unaligned bases: 81216 (number of Ns: 0)

CONTIG: contig_133 (14039bp)
		This contig is unaligned. (14039 bp)
		Unaligned bases: 14039 (number of Ns: 0)

CONTIG: contig_140 (32688bp)
		This contig is unaligned. (32688 bp)
		Unaligned bases: 32688 (number of Ns: 0)

CONTIG: contig_148 (22546bp)
		This contig is unaligned. (22546 bp)
		Unaligned bases: 22546 (number of Ns: 0)

CONTIG: contig_151 (60109bp)
		This contig is unaligned. (60109 bp)
		Unaligned bases: 60109 (number of Ns: 0)

CONTIG: contig_152 (12307bp)
		This contig is unaligned. (12307 bp)
		Unaligned bases: 12307 (number of Ns: 0)

CONTIG: contig_155 (54708bp)
		This contig is unaligned. (54708 bp)
		Unaligned bases: 54708 (number of Ns: 0)

CONTIG: contig_160 (36767bp)
		This contig is unaligned. (36767 bp)
		Unaligned bases: 36767 (number of Ns: 0)

CONTIG: contig_179 (39676bp)
		This contig is unaligned. (39676 bp)
		Unaligned bases: 39676 (number of Ns: 0)

CONTIG: contig_183 (57593bp)
		This contig is unaligned. (57593 bp)
		Unaligned bases: 57593 (number of Ns: 0)

CONTIG: contig_187 (1330bp)
		This contig is unaligned. (1330 bp)
		Unaligned bases: 1330 (number of Ns: 0)

CONTIG: contig_19 (25927bp)
		This contig is unaligned. (25927 bp)
		Unaligned bases: 25927 (number of Ns: 0)

CONTIG: contig_190 (25991bp)
		This contig is unaligned. (25991 bp)
		Unaligned bases: 25991 (number of Ns: 0)

CONTIG: contig_213 (15140bp)
		This contig is unaligned. (15140 bp)
		Unaligned bases: 15140 (number of Ns: 0)

CONTIG: contig_229 (526bp)
		This contig is unaligned. (526 bp)
		Unaligned bases: 526 (number of Ns: 0)

CONTIG: contig_231 (15472bp)
		This contig is unaligned. (15472 bp)
		Unaligned bases: 15472 (number of Ns: 0)

CONTIG: contig_25 (22993bp)
		This contig is unaligned. (22993 bp)
		Unaligned bases: 22993 (number of Ns: 0)

CONTIG: contig_250 (19774bp)
		This contig is unaligned. (19774 bp)
		Unaligned bases: 19774 (number of Ns: 0)

CONTIG: contig_252 (14357bp)
		This contig is unaligned. (14357 bp)
		Unaligned bases: 14357 (number of Ns: 0)

CONTIG: contig_257 (761bp)
		This contig is unaligned. (761 bp)
		Unaligned bases: 761 (number of Ns: 0)

CONTIG: contig_258 (549bp)
		This contig is unaligned. (549 bp)
		Unaligned bases: 549 (number of Ns: 0)

CONTIG: contig_26 (14367bp)
		This contig is unaligned. (14367 bp)
		Unaligned bases: 14367 (number of Ns: 0)

CONTIG: contig_260 (17468bp)
		This contig is unaligned. (17468 bp)
		Unaligned bases: 17468 (number of Ns: 0)

CONTIG: contig_270 (15331bp)
		This contig is unaligned. (15331 bp)
		Unaligned bases: 15331 (number of Ns: 0)

CONTIG: contig_279 (13163bp)
		This contig is unaligned. (13163 bp)
		Unaligned bases: 13163 (number of Ns: 0)

CONTIG: contig_28 (32256bp)
		This contig is unaligned. (32256 bp)
		Unaligned bases: 32256 (number of Ns: 0)

CONTIG: contig_285 (16704bp)
		This contig is unaligned. (16704 bp)
		Unaligned bases: 16704 (number of Ns: 0)

CONTIG: contig_288 (569bp)
		This contig is unaligned. (569 bp)
		Unaligned bases: 569 (number of Ns: 0)

CONTIG: contig_301 (19897bp)
		This contig is unaligned. (19897 bp)
		Unaligned bases: 19897 (number of Ns: 0)

CONTIG: contig_310 (17618bp)
		This contig is unaligned. (17618 bp)
		Unaligned bases: 17618 (number of Ns: 0)

CONTIG: contig_311 (503bp)
		This contig is unaligned. (503 bp)
		Unaligned bases: 503 (number of Ns: 0)

CONTIG: contig_35 (982bp)
		This contig is unaligned. (982 bp)
		Unaligned bases: 982 (number of Ns: 0)

CONTIG: contig_38 (81513bp)
		This contig is unaligned. (81513 bp)
		Unaligned bases: 81513 (number of Ns: 0)

CONTIG: contig_39 (25612bp)
		This contig is unaligned. (25612 bp)
		Unaligned bases: 25612 (number of Ns: 0)

CONTIG: contig_42 (62964bp)
		This contig is unaligned. (62964 bp)
		Unaligned bases: 62964 (number of Ns: 0)

CONTIG: contig_48 (109549bp)
		This contig is unaligned. (109549 bp)
		Unaligned bases: 109549 (number of Ns: 0)

CONTIG: contig_53 (92278bp)
		This contig is unaligned. (92278 bp)
		Unaligned bases: 92278 (number of Ns: 0)

CONTIG: contig_55 (95054bp)
		This contig is unaligned. (95054 bp)
		Unaligned bases: 95054 (number of Ns: 0)

CONTIG: contig_6 (68818bp)
		This contig is unaligned. (68818 bp)
		Unaligned bases: 68818 (number of Ns: 0)

CONTIG: contig_62 (124885bp)
		This contig is unaligned. (124885 bp)
		Unaligned bases: 124885 (number of Ns: 0)

CONTIG: contig_75 (58573bp)
		This contig is unaligned. (58573 bp)
		Unaligned bases: 58573 (number of Ns: 0)

CONTIG: contig_87 (37935bp)
		This contig is unaligned. (37935 bp)
		Unaligned bases: 37935 (number of Ns: 0)

CONTIG: contig_9 (96278bp)
		This contig is unaligned. (96278 bp)
		Unaligned bases: 96278 (number of Ns: 0)

CONTIG: contig_96 (78316bp)
		This contig is unaligned. (78316 bp)
		Unaligned bases: 78316 (number of Ns: 0)

CONTIG: contig_99 (12429bp)
		This contig is unaligned. (12429 bp)
		Unaligned bases: 12429 (number of Ns: 0)

CONTIG: contig_102 (15097bp)
		This contig is unaligned. (15097 bp)
		Unaligned bases: 15097 (number of Ns: 0)

CONTIG: contig_118 (24160bp)
		This contig is unaligned. (24160 bp)
		Unaligned bases: 24160 (number of Ns: 0)

CONTIG: contig_124 (22683bp)
		This contig is unaligned. (22683 bp)
		Unaligned bases: 22683 (number of Ns: 0)

CONTIG: contig_13 (23552bp)
		This contig is unaligned. (23552 bp)
		Unaligned bases: 23552 (number of Ns: 0)

CONTIG: contig_147 (16400bp)
		This contig is unaligned. (16400 bp)
		Unaligned bases: 16400 (number of Ns: 0)

CONTIG: contig_156 (24854bp)
		This contig is unaligned. (24854 bp)
		Unaligned bases: 24854 (number of Ns: 0)

CONTIG: contig_158 (15489bp)
		This contig is unaligned. (15489 bp)
		Unaligned bases: 15489 (number of Ns: 0)

CONTIG: contig_172 (15756bp)
		This contig is unaligned. (15756 bp)
		Unaligned bases: 15756 (number of Ns: 0)

CONTIG: contig_174 (15390bp)
		This contig is unaligned. (15390 bp)
		Unaligned bases: 15390 (number of Ns: 0)

CONTIG: contig_178 (25522bp)
		This contig is unaligned. (25522 bp)
		Unaligned bases: 25522 (number of Ns: 0)

CONTIG: contig_181 (26985bp)
		This contig is unaligned. (26985 bp)
		Unaligned bases: 26985 (number of Ns: 0)

CONTIG: contig_186 (15778bp)
		This contig is unaligned. (15778 bp)
		Unaligned bases: 15778 (number of Ns: 0)

CONTIG: contig_194 (23574bp)
		This contig is unaligned. (23574 bp)
		Unaligned bases: 23574 (number of Ns: 0)

CONTIG: contig_195 (20240bp)
		This contig is unaligned. (20240 bp)
		Unaligned bases: 20240 (number of Ns: 0)

CONTIG: contig_199 (20684bp)
		This contig is unaligned. (20684 bp)
		Unaligned bases: 20684 (number of Ns: 0)

CONTIG: contig_202 (18886bp)
		This contig is unaligned. (18886 bp)
		Unaligned bases: 18886 (number of Ns: 0)

CONTIG: contig_21 (28380bp)
Best alignment score: 3182.1 (LEN: 3184, IDY: 99.94), Total number of alignments: 15
			Looking for the best set of alignments (out of 15 total alignments)
			Skipping redundant alignments after choosing the best set of alignments
		Skipping redundant alignment 1856 1994 | 12045 11907 | 139 139 | 100.0 | GCA_000015145.1_crisprs_GCA_000015145.1_CRISPR_2 contig_21
		Skipping redundant alignment 1856 1994 | 12045 11907 | 139 139 | 100.0 | GCA_000015145.1_crisprs_GCA_000015145.1_CRISPR_2 contig_21
		Skipping redundant alignment 1715 1925 | 12186 11976 | 211 211 | 100.0 | GCA_000015145.1_crisprs_GCA_000015145.1_CRISPR_2 contig_21
		Skipping redundant alignment 1715 2207 | 12186 11694 | 493 493 | 100.0 | GCA_000015145.1_crisprs_GCA_000015145.1_CRISPR_2 contig_21
		Skipping redundant alignment 1241 1853 | 12660 12048 | 613 613 | 100.0 | GCA_000015145.1_crisprs_GCA_000015145.1_CRISPR_2 contig_21
		Skipping redundant alignment 1241 1853 | 12660 12048 | 613 613 | 100.0 | GCA_000015145.1_crisprs_GCA_000015145.1_CRISPR_2 contig_21
		Skipping redundant alignment 1025 1924 | 12876 11977 | 900 900 | 100.0 | GCA_000015145.1_crisprs_GCA_000015145.1_CRISPR_2 contig_21
		Skipping redundant alignment 1025 1994 | 12876 11907 | 970 970 | 100.0 | GCA_000015145.1_crisprs_GCA_000015145.1_CRISPR_2 contig_21
		Skipping redundant alignment 959 1714 | 12942 12187 | 756 756 | 100.0 | GCA_000015145.1_crisprs_GCA_000015145.1_CRISPR_2 contig_21
		Skipping redundant alignment 959 1714 | 12942 12187 | 756 756 | 100.0 | GCA_000015145.1_crisprs_GCA_000015145.1_CRISPR_2 contig_21
		Skipping redundant alignment 830 1643 | 13071 12258 | 814 814 | 100.0 | GCA_000015145.1_crisprs_GCA_000015145.1_CRISPR_2 contig_21
		Skipping redundant alignment 830 1712 | 13071 12189 | 883 883 | 100.0 | GCA_000015145.1_crisprs_GCA_000015145.1_CRISPR_2 contig_21
		Skipping redundant alignment 690 1509 | 13211 12392 | 820 820 | 100.0 | GCA_000015145.1_crisprs_GCA_000015145.1_CRISPR_2 contig_21
		Skipping redundant alignment 690 1573 | 13211 12328 | 884 884 | 100.0 | GCA_000015145.1_crisprs_GCA_000015145.1_CRISPR_2 contig_21
			The best set is below. Score: 3182.1, number of alignments: 1, unaligned bases: 25196
		This contig is partially unaligned. (Aligned 3184 out of 28380 non-N bases (11.22%))
		Alignment: 1 3182 | 13900 10717 | 3182 3184 | 99.94 | GCA_000015145.1_crisprs_GCA_000015145.1_CRISPR_2 contig_21
		Unaligned bases: 1 to 10716 (10716)
		Unaligned bases: 13901 to 28380 (14480)
		It can contain up to 2 interspecies translocations (will be reported as Possible Misassemblies).

CONTIG: contig_216 (16517bp)
		This contig is unaligned. (16517 bp)
		Unaligned bases: 16517 (number of Ns: 0)

CONTIG: contig_219 (20051bp)
		This contig is unaligned. (20051 bp)
		Unaligned bases: 20051 (number of Ns: 0)

CONTIG: contig_226 (14838bp)
Best alignment score: 2399.0 (LEN: 2400, IDY: 99.96), Total number of alignments: 10
			Looking for the best set of alignments (out of 10 total alignments)
			Skipping redundant alignments after choosing the best set of alignments
		Skipping redundant alignment 1601 1833 | 799 567 | 233 233 | 100.0 | GCA_000015145.1_crisprs_GCA_000015145.1_CRISPR_1 contig_226
		Skipping redundant alignment 1601 1969 | 799 431 | 369 369 | 100.0 | GCA_000015145.1_crisprs_GCA_000015145.1_CRISPR_1 contig_226
		Skipping redundant alignment 1500 1600 | 901 801 | 101 101 | 100.0 | GCA_000015145.1_crisprs_GCA_000015145.1_CRISPR_1 contig_226
		Skipping redundant alignment 1233 1600 | 1168 801 | 368 368 | 100.0 | GCA_000015145.1_crisprs_GCA_000015145.1_CRISPR_1 contig_226
		Skipping redundant alignment 898 1169 | 1503 1232 | 272 272 | 100.0 | GCA_000015145.1_crisprs_GCA_000015145.1_CRISPR_1 contig_226
		Skipping redundant alignment 898 1169 | 1503 1232 | 272 272 | 100.0 | GCA_000015145.1_crisprs_GCA_000015145.1_CRISPR_1 contig_226
		Skipping redundant alignment 828 1362 | 1573 1039 | 535 535 | 100.0 | GCA_000015145.1_crisprs_GCA_000015145.1_CRISPR_1 contig_226
		Skipping redundant alignment 828 1498 | 1573 903 | 671 671 | 100.0 | GCA_000015145.1_crisprs_GCA_000015145.1_CRISPR_1 contig_226
		Skipping redundant alignment 409 687 | 1992 1714 | 279 279 | 100.0 | GCA_000015145.1_crisprs_GCA_000015145.1_CRISPR_1 contig_226
			The best set is below. Score: 2399.0, number of alignments: 1, unaligned bases: 12438
		This contig is partially unaligned. (Aligned 2400 out of 14838 non-N bases (16.17%))
		Alignment: 1 2399 | 2400 1 | 2399 2400 | 99.96 | GCA_000015145.1_crisprs_GCA_000015145.1_CRISPR_1 contig_226
		Unaligned bases: 2401 to 14838 (12438)
		It can contain up to 1 interspecies translocations (will be reported as Possible Misassemblies).

CONTIG: contig_243 (19375bp)
		This contig is unaligned. (19375 bp)
		Unaligned bases: 19375 (number of Ns: 0)

CONTIG: contig_248 (16924bp)
		This contig is unaligned. (16924 bp)
		Unaligned bases: 16924 (number of Ns: 0)

CONTIG: contig_264 (16242bp)
		This contig is unaligned. (16242 bp)
		Unaligned bases: 16242 (number of Ns: 0)

CONTIG: contig_271 (14978bp)
		This contig is unaligned. (14978 bp)
		Unaligned bases: 14978 (number of Ns: 0)

CONTIG: contig_278 (19485bp)
		This contig is unaligned. (19485 bp)
		Unaligned bases: 19485 (number of Ns: 0)

CONTIG: contig_282 (11897bp)
		This contig is unaligned. (11897 bp)
		Unaligned bases: 11897 (number of Ns: 0)

CONTIG: contig_292 (16250bp)
		This contig is unaligned. (16250 bp)
		Unaligned bases: 16250 (number of Ns: 0)

CONTIG: contig_302 (13504bp)
		This contig is unaligned. (13504 bp)
		Unaligned bases: 13504 (number of Ns: 0)

CONTIG: contig_305 (17772bp)
		This contig is unaligned. (17772 bp)
		Unaligned bases: 17772 (number of Ns: 0)

CONTIG: contig_31 (17635bp)
		This contig is unaligned. (17635 bp)
		Unaligned bases: 17635 (number of Ns: 0)

CONTIG: contig_47 (12121bp)
		This contig is unaligned. (12121 bp)
		Unaligned bases: 12121 (number of Ns: 0)

CONTIG: contig_70 (16959bp)
		This contig is unaligned. (16959 bp)
		Unaligned bases: 16959 (number of Ns: 0)

CONTIG: contig_80 (15604bp)
		This contig is unaligned. (15604 bp)
		Unaligned bases: 15604 (number of Ns: 0)

CONTIG: contig_83 (14966bp)
		This contig is unaligned. (14966 bp)
		Unaligned bases: 14966 (number of Ns: 0)

CONTIG: contig_103 (14721bp)
		This contig is unaligned. (14721 bp)
		Unaligned bases: 14721 (number of Ns: 0)

CONTIG: contig_167 (14237bp)
		This contig is unaligned. (14237 bp)
		Unaligned bases: 14237 (number of Ns: 0)

CONTIG: contig_196 (23808bp)
		This contig is unaligned. (23808 bp)
		Unaligned bases: 23808 (number of Ns: 0)

CONTIG: contig_283 (18915bp)
		This contig is unaligned. (18915 bp)
		Unaligned bases: 18915 (number of Ns: 0)

CONTIG: contig_295 (16253bp)
		This contig is unaligned. (16253 bp)
		Unaligned bases: 16253 (number of Ns: 0)

CONTIG: contig_64 (13913bp)
		This contig is unaligned. (13913 bp)
		Unaligned bases: 13913 (number of Ns: 0)

CONTIG: contig_290 (16652bp)
		This contig is unaligned. (16652 bp)
		Unaligned bases: 16652 (number of Ns: 0)

CONTIG: contig_79 (14939bp)
		This contig is unaligned. (14939 bp)
		Unaligned bases: 14939 (number of Ns: 0)

CONTIG: contig_102_1 (15097bp)
		This contig is unaligned. (15097 bp)
		Unaligned bases: 15097 (number of Ns: 0)

CONTIG: contig_118_1 (24160bp)
		This contig is unaligned. (24160 bp)
		Unaligned bases: 24160 (number of Ns: 0)

CONTIG: contig_124_1 (22683bp)
		This contig is unaligned. (22683 bp)
		Unaligned bases: 22683 (number of Ns: 0)

CONTIG: contig_13_1 (23552bp)
		This contig is unaligned. (23552 bp)
		Unaligned bases: 23552 (number of Ns: 0)

CONTIG: contig_147_1 (16400bp)
		This contig is unaligned. (16400 bp)
		Unaligned bases: 16400 (number of Ns: 0)

CONTIG: contig_156_1 (24854bp)
		This contig is unaligned. (24854 bp)
		Unaligned bases: 24854 (number of Ns: 0)

CONTIG: contig_158_1 (15489bp)
		This contig is unaligned. (15489 bp)
		Unaligned bases: 15489 (number of Ns: 0)

CONTIG: contig_172_1 (15756bp)
		This contig is unaligned. (15756 bp)
		Unaligned bases: 15756 (number of Ns: 0)

CONTIG: contig_174_1 (15390bp)
		This contig is unaligned. (15390 bp)
		Unaligned bases: 15390 (number of Ns: 0)

CONTIG: contig_178_1 (25522bp)
		This contig is unaligned. (25522 bp)
		Unaligned bases: 25522 (number of Ns: 0)

CONTIG: contig_181_1 (26985bp)
		This contig is unaligned. (26985 bp)
		Unaligned bases: 26985 (number of Ns: 0)

CONTIG: contig_186_1 (15778bp)
		This contig is unaligned. (15778 bp)
		Unaligned bases: 15778 (number of Ns: 0)

CONTIG: contig_194_1 (23574bp)
		This contig is unaligned. (23574 bp)
		Unaligned bases: 23574 (number of Ns: 0)

CONTIG: contig_195_1 (20240bp)
		This contig is unaligned. (20240 bp)
		Unaligned bases: 20240 (number of Ns: 0)

CONTIG: contig_199_1 (20684bp)
		This contig is unaligned. (20684 bp)
		Unaligned bases: 20684 (number of Ns: 0)

CONTIG: contig_202_1 (18886bp)
		This contig is unaligned. (18886 bp)
		Unaligned bases: 18886 (number of Ns: 0)

CONTIG: contig_21_1 (28380bp)
Best alignment score: 3182.1 (LEN: 3184, IDY: 99.94), Total number of alignments: 15
			Looking for the best set of alignments (out of 15 total alignments)
			Skipping redundant alignments after choosing the best set of alignments
		Skipping redundant alignment 1856 1994 | 12045 11907 | 139 139 | 100.0 | GCA_000015145.1_crisprs_GCA_000015145.1_CRISPR_2 contig_21_1
		Skipping redundant alignment 1856 1994 | 12045 11907 | 139 139 | 100.0 | GCA_000015145.1_crisprs_GCA_000015145.1_CRISPR_2 contig_21_1
		Skipping redundant alignment 1715 1925 | 12186 11976 | 211 211 | 100.0 | GCA_000015145.1_crisprs_GCA_000015145.1_CRISPR_2 contig_21_1
		Skipping redundant alignment 1715 2207 | 12186 11694 | 493 493 | 100.0 | GCA_000015145.1_crisprs_GCA_000015145.1_CRISPR_2 contig_21_1
		Skipping redundant alignment 1241 1853 | 12660 12048 | 613 613 | 100.0 | GCA_000015145.1_crisprs_GCA_000015145.1_CRISPR_2 contig_21_1
		Skipping redundant alignment 1241 1853 | 12660 12048 | 613 613 | 100.0 | GCA_000015145.1_crisprs_GCA_000015145.1_CRISPR_2 contig_21_1
		Skipping redundant alignment 1025 1924 | 12876 11977 | 900 900 | 100.0 | GCA_000015145.1_crisprs_GCA_000015145.1_CRISPR_2 contig_21_1
		Skipping redundant alignment 1025 1994 | 12876 11907 | 970 970 | 100.0 | GCA_000015145.1_crisprs_GCA_000015145.1_CRISPR_2 contig_21_1
		Skipping redundant alignment 959 1714 | 12942 12187 | 756 756 | 100.0 | GCA_000015145.1_crisprs_GCA_000015145.1_CRISPR_2 contig_21_1
		Skipping redundant alignment 959 1714 | 12942 12187 | 756 756 | 100.0 | GCA_000015145.1_crisprs_GCA_000015145.1_CRISPR_2 contig_21_1
		Skipping redundant alignment 830 1643 | 13071 12258 | 814 814 | 100.0 | GCA_000015145.1_crisprs_GCA_000015145.1_CRISPR_2 contig_21_1
		Skipping redundant alignment 830 1712 | 13071 12189 | 883 883 | 100.0 | GCA_000015145.1_crisprs_GCA_000015145.1_CRISPR_2 contig_21_1
		Skipping redundant alignment 690 1509 | 13211 12392 | 820 820 | 100.0 | GCA_000015145.1_crisprs_GCA_000015145.1_CRISPR_2 contig_21_1
		Skipping redundant alignment 690 1573 | 13211 12328 | 884 884 | 100.0 | GCA_000015145.1_crisprs_GCA_000015145.1_CRISPR_2 contig_21_1
			The best set is below. Score: 3182.1, number of alignments: 1, unaligned bases: 25196
		This contig is partially unaligned. (Aligned 3184 out of 28380 non-N bases (11.22%))
		Alignment: 1 3182 | 13900 10717 | 3182 3184 | 99.94 | GCA_000015145.1_crisprs_GCA_000015145.1_CRISPR_2 contig_21_1
		Unaligned bases: 1 to 10716 (10716)
		Unaligned bases: 13901 to 28380 (14480)
		It can contain up to 2 interspecies translocations (will be reported as Possible Misassemblies).

CONTIG: contig_216_1 (16517bp)
		This contig is unaligned. (16517 bp)
		Unaligned bases: 16517 (number of Ns: 0)

CONTIG: contig_219_1 (20051bp)
		This contig is unaligned. (20051 bp)
		Unaligned bases: 20051 (number of Ns: 0)

CONTIG: contig_226_1 (14838bp)
Best alignment score: 2399.0 (LEN: 2400, IDY: 99.96), Total number of alignments: 10
			Looking for the best set of alignments (out of 10 total alignments)
			Skipping redundant alignments after choosing the best set of alignments
		Skipping redundant alignment 1601 1833 | 799 567 | 233 233 | 100.0 | GCA_000015145.1_crisprs_GCA_000015145.1_CRISPR_1 contig_226_1
		Skipping redundant alignment 1601 1969 | 799 431 | 369 369 | 100.0 | GCA_000015145.1_crisprs_GCA_000015145.1_CRISPR_1 contig_226_1
		Skipping redundant alignment 1500 1600 | 901 801 | 101 101 | 100.0 | GCA_000015145.1_crisprs_GCA_000015145.1_CRISPR_1 contig_226_1
		Skipping redundant alignment 1233 1600 | 1168 801 | 368 368 | 100.0 | GCA_000015145.1_crisprs_GCA_000015145.1_CRISPR_1 contig_226_1
		Skipping redundant alignment 898 1169 | 1503 1232 | 272 272 | 100.0 | GCA_000015145.1_crisprs_GCA_000015145.1_CRISPR_1 contig_226_1
		Skipping redundant alignment 898 1169 | 1503 1232 | 272 272 | 100.0 | GCA_000015145.1_crisprs_GCA_000015145.1_CRISPR_1 contig_226_1
		Skipping redundant alignment 828 1362 | 1573 1039 | 535 535 | 100.0 | GCA_000015145.1_crisprs_GCA_000015145.1_CRISPR_1 contig_226_1
		Skipping redundant alignment 828 1498 | 1573 903 | 671 671 | 100.0 | GCA_000015145.1_crisprs_GCA_000015145.1_CRISPR_1 contig_226_1
		Skipping redundant alignment 409 687 | 1992 1714 | 279 279 | 100.0 | GCA_000015145.1_crisprs_GCA_000015145.1_CRISPR_1 contig_226_1
			The best set is below. Score: 2399.0, number of alignments: 1, unaligned bases: 12438
		This contig is partially unaligned. (Aligned 2400 out of 14838 non-N bases (16.17%))
		Alignment: 1 2399 | 2400 1 | 2399 2400 | 99.96 | GCA_000015145.1_crisprs_GCA_000015145.1_CRISPR_1 contig_226_1
		Unaligned bases: 2401 to 14838 (12438)
		It can contain up to 1 interspecies translocations (will be reported as Possible Misassemblies).

CONTIG: contig_243_1 (19375bp)
		This contig is unaligned. (19375 bp)
		Unaligned bases: 19375 (number of Ns: 0)

CONTIG: contig_248_1 (16924bp)
		This contig is unaligned. (16924 bp)
		Unaligned bases: 16924 (number of Ns: 0)

CONTIG: contig_264_1 (16242bp)
		This contig is unaligned. (16242 bp)
		Unaligned bases: 16242 (number of Ns: 0)

CONTIG: contig_271_1 (14978bp)
		This contig is unaligned. (14978 bp)
		Unaligned bases: 14978 (number of Ns: 0)

CONTIG: contig_278_1 (19485bp)
		This contig is unaligned. (19485 bp)
		Unaligned bases: 19485 (number of Ns: 0)

CONTIG: contig_282_1 (11897bp)
		This contig is unaligned. (11897 bp)
		Unaligned bases: 11897 (number of Ns: 0)

CONTIG: contig_292_1 (16250bp)
		This contig is unaligned. (16250 bp)
		Unaligned bases: 16250 (number of Ns: 0)

CONTIG: contig_302_1 (13504bp)
		This contig is unaligned. (13504 bp)
		Unaligned bases: 13504 (number of Ns: 0)

CONTIG: contig_305_1 (17772bp)
		This contig is unaligned. (17772 bp)
		Unaligned bases: 17772 (number of Ns: 0)

CONTIG: contig_31_1 (17635bp)
		This contig is unaligned. (17635 bp)
		Unaligned bases: 17635 (number of Ns: 0)

CONTIG: contig_47_1 (12121bp)
		This contig is unaligned. (12121 bp)
		Unaligned bases: 12121 (number of Ns: 0)

CONTIG: contig_70_1 (16959bp)
		This contig is unaligned. (16959 bp)
		Unaligned bases: 16959 (number of Ns: 0)

CONTIG: contig_80_1 (15604bp)
		This contig is unaligned. (15604 bp)
		Unaligned bases: 15604 (number of Ns: 0)

CONTIG: contig_83_1 (14966bp)
		This contig is unaligned. (14966 bp)
		Unaligned bases: 14966 (number of Ns: 0)

CONTIG: contig_10_1 (50564bp)
		This contig is unaligned. (50564 bp)
		Unaligned bases: 50564 (number of Ns: 0)

CONTIG: contig_106_1 (12976bp)
		This contig is unaligned. (12976 bp)
		Unaligned bases: 12976 (number of Ns: 0)

CONTIG: contig_110_1 (1095bp)
		This contig is unaligned. (1095 bp)
		Unaligned bases: 1095 (number of Ns: 0)

CONTIG: contig_116_1 (29504bp)
		This contig is unaligned. (29504 bp)
		Unaligned bases: 29504 (number of Ns: 0)

CONTIG: contig_12_1 (16601bp)
		This contig is unaligned. (16601 bp)
		Unaligned bases: 16601 (number of Ns: 0)

CONTIG: contig_128_1 (27549bp)
		This contig is unaligned. (27549 bp)
		Unaligned bases: 27549 (number of Ns: 0)

CONTIG: contig_129_1 (17768bp)
		This contig is unaligned. (17768 bp)
		Unaligned bases: 17768 (number of Ns: 0)

CONTIG: contig_131_1 (81216bp)
		This contig is unaligned. (81216 bp)
		Unaligned bases: 81216 (number of Ns: 0)

CONTIG: contig_133_1 (14039bp)
		This contig is unaligned. (14039 bp)
		Unaligned bases: 14039 (number of Ns: 0)

CONTIG: contig_140_1 (32688bp)
		This contig is unaligned. (32688 bp)
		Unaligned bases: 32688 (number of Ns: 0)

CONTIG: contig_148_1 (22546bp)
		This contig is unaligned. (22546 bp)
		Unaligned bases: 22546 (number of Ns: 0)

CONTIG: contig_151_1 (60109bp)
		This contig is unaligned. (60109 bp)
		Unaligned bases: 60109 (number of Ns: 0)

CONTIG: contig_152_1 (12307bp)
		This contig is unaligned. (12307 bp)
		Unaligned bases: 12307 (number of Ns: 0)

CONTIG: contig_155_1 (54708bp)
		This contig is unaligned. (54708 bp)
		Unaligned bases: 54708 (number of Ns: 0)

CONTIG: contig_160_1 (36767bp)
		This contig is unaligned. (36767 bp)
		Unaligned bases: 36767 (number of Ns: 0)

CONTIG: contig_179_1 (39676bp)
		This contig is unaligned. (39676 bp)
		Unaligned bases: 39676 (number of Ns: 0)

CONTIG: contig_183_1 (57593bp)
		This contig is unaligned. (57593 bp)
		Unaligned bases: 57593 (number of Ns: 0)

CONTIG: contig_187_1 (1330bp)
		This contig is unaligned. (1330 bp)
		Unaligned bases: 1330 (number of Ns: 0)

CONTIG: contig_19_1 (25927bp)
		This contig is unaligned. (25927 bp)
		Unaligned bases: 25927 (number of Ns: 0)

CONTIG: contig_190_1 (25991bp)
		This contig is unaligned. (25991 bp)
		Unaligned bases: 25991 (number of Ns: 0)

CONTIG: contig_213_1 (15140bp)
		This contig is unaligned. (15140 bp)
		Unaligned bases: 15140 (number of Ns: 0)

CONTIG: contig_229_1 (526bp)
		This contig is unaligned. (526 bp)
		Unaligned bases: 526 (number of Ns: 0)

CONTIG: contig_231_1 (15472bp)
		This contig is unaligned. (15472 bp)
		Unaligned bases: 15472 (number of Ns: 0)

CONTIG: contig_25_1 (22993bp)
		This contig is unaligned. (22993 bp)
		Unaligned bases: 22993 (number of Ns: 0)

CONTIG: contig_250_1 (19774bp)
		This contig is unaligned. (19774 bp)
		Unaligned bases: 19774 (number of Ns: 0)

CONTIG: contig_252_1 (14357bp)
		This contig is unaligned. (14357 bp)
		Unaligned bases: 14357 (number of Ns: 0)

CONTIG: contig_257_1 (761bp)
		This contig is unaligned. (761 bp)
		Unaligned bases: 761 (number of Ns: 0)

CONTIG: contig_258_1 (549bp)
		This contig is unaligned. (549 bp)
		Unaligned bases: 549 (number of Ns: 0)

CONTIG: contig_26_1 (14367bp)
		This contig is unaligned. (14367 bp)
		Unaligned bases: 14367 (number of Ns: 0)

CONTIG: contig_260_1 (17468bp)
		This contig is unaligned. (17468 bp)
		Unaligned bases: 17468 (number of Ns: 0)

CONTIG: contig_270_1 (15331bp)
		This contig is unaligned. (15331 bp)
		Unaligned bases: 15331 (number of Ns: 0)

CONTIG: contig_279_1 (13163bp)
		This contig is unaligned. (13163 bp)
		Unaligned bases: 13163 (number of Ns: 0)

CONTIG: contig_28_1 (32256bp)
		This contig is unaligned. (32256 bp)
		Unaligned bases: 32256 (number of Ns: 0)

CONTIG: contig_285_1 (16704bp)
		This contig is unaligned. (16704 bp)
		Unaligned bases: 16704 (number of Ns: 0)

CONTIG: contig_288_1 (569bp)
		This contig is unaligned. (569 bp)
		Unaligned bases: 569 (number of Ns: 0)

CONTIG: contig_301_1 (19897bp)
		This contig is unaligned. (19897 bp)
		Unaligned bases: 19897 (number of Ns: 0)

CONTIG: contig_310_1 (17618bp)
		This contig is unaligned. (17618 bp)
		Unaligned bases: 17618 (number of Ns: 0)

CONTIG: contig_311_1 (503bp)
		This contig is unaligned. (503 bp)
		Unaligned bases: 503 (number of Ns: 0)

CONTIG: contig_35_1 (982bp)
		This contig is unaligned. (982 bp)
		Unaligned bases: 982 (number of Ns: 0)

CONTIG: contig_38_1 (81513bp)
		This contig is unaligned. (81513 bp)
		Unaligned bases: 81513 (number of Ns: 0)

CONTIG: contig_39_1 (25612bp)
		This contig is unaligned. (25612 bp)
		Unaligned bases: 25612 (number of Ns: 0)

CONTIG: contig_42_1 (62964bp)
		This contig is unaligned. (62964 bp)
		Unaligned bases: 62964 (number of Ns: 0)

CONTIG: contig_48_1 (109549bp)
		This contig is unaligned. (109549 bp)
		Unaligned bases: 109549 (number of Ns: 0)

CONTIG: contig_53_1 (92278bp)
		This contig is unaligned. (92278 bp)
		Unaligned bases: 92278 (number of Ns: 0)

CONTIG: contig_55_1 (95054bp)
		This contig is unaligned. (95054 bp)
		Unaligned bases: 95054 (number of Ns: 0)

CONTIG: contig_6_1 (68818bp)
		This contig is unaligned. (68818 bp)
		Unaligned bases: 68818 (number of Ns: 0)

CONTIG: contig_62_1 (124885bp)
		This contig is unaligned. (124885 bp)
		Unaligned bases: 124885 (number of Ns: 0)

CONTIG: contig_75_1 (58573bp)
		This contig is unaligned. (58573 bp)
		Unaligned bases: 58573 (number of Ns: 0)

CONTIG: contig_87_1 (37935bp)
		This contig is unaligned. (37935 bp)
		Unaligned bases: 37935 (number of Ns: 0)

CONTIG: contig_9_1 (96278bp)
		This contig is unaligned. (96278 bp)
		Unaligned bases: 96278 (number of Ns: 0)

CONTIG: contig_96_1 (78316bp)
		This contig is unaligned. (78316 bp)
		Unaligned bases: 78316 (number of Ns: 0)

CONTIG: contig_99_1 (12429bp)
		This contig is unaligned. (12429 bp)
		Unaligned bases: 12429 (number of Ns: 0)

CONTIG: contig_290_1 (16652bp)
		This contig is unaligned. (16652 bp)
		Unaligned bases: 16652 (number of Ns: 0)

CONTIG: contig_79_1 (14939bp)
		This contig is unaligned. (14939 bp)
		Unaligned bases: 14939 (number of Ns: 0)

CONTIG: contig_227 (16918bp)
		This contig is unaligned. (16918 bp)
		Unaligned bases: 16918 (number of Ns: 0)

CONTIG: contig_103_1 (14721bp)
		This contig is unaligned. (14721 bp)
		Unaligned bases: 14721 (number of Ns: 0)

CONTIG: contig_167_1 (14237bp)
		This contig is unaligned. (14237 bp)
		Unaligned bases: 14237 (number of Ns: 0)

CONTIG: contig_196_1 (23808bp)
		This contig is unaligned. (23808 bp)
		Unaligned bases: 23808 (number of Ns: 0)

CONTIG: contig_283_1 (18915bp)
		This contig is unaligned. (18915 bp)
		Unaligned bases: 18915 (number of Ns: 0)

CONTIG: contig_295_1 (16253bp)
		This contig is unaligned. (16253 bp)
		Unaligned bases: 16253 (number of Ns: 0)

CONTIG: contig_64_1 (13913bp)
		This contig is unaligned. (13913 bp)
		Unaligned bases: 13913 (number of Ns: 0)

Analyzing coverage...
Writing SNPs into /net/sgi/cami/data/CAMI2/scripts/second_challenge_evaluation/assembly/scripts/data/CRISPR/metaquast/combined_reference/contigs_reports/minimap_output/Flye.used_snps.gz

Analysis is finished!
Founded SNPs were written into /net/sgi/cami/data/CAMI2/scripts/second_challenge_evaluation/assembly/scripts/data/CRISPR/metaquast/combined_reference/contigs_reports/minimap_output/Flye.used_snps.gz

Results:
	Local Misassemblies: 0
	Misassemblies: 0
		Relocations: 0
		Translocations: 0
		Interspecies translocations: 0
		Inversions: 0
	Potentially Misassembled Contigs (i/s translocations): 4
		Possible Misassemblies: 6
	Scaffold gap extensive misassemblies: 0
	Scaffold gap local misassemblies: 0
	Misassembled Contigs: 0
	Misassembled Contig Bases: 0
	Misassemblies Inter-Contig Overlap: 0
Unaligned Contigs: 185 + 4 part
Half Unaligned Contigs with Misassemblies: 0
Unaligned Contig Bases: 5136898

Ambiguously Mapped Contigs: 0
Total Bases in Ambiguously Mapped Contigs: 0
Extra Bases in Ambiguously Mapped Contigs: 0
Note that --allow-ambiguity option was set to "one" and only first alignment per each of these contigs was used.

	Covered Bases: 5581

	SNPs: 0
	Insertions: 6
	Deletions: 0

