Aligning contigs to reference...
	Aligning contigs to the reference
Filtering alignments...
Parsing coords...
Loading reference...
	Loaded [GCA_000014865.1_crisprs_GCA_000014865.1_CRISPR_0_from_4407395__all_]
	Loaded [GCA_000014865.1_crisprs_GCA_000014865.1_CRISPR_1_from_973200__ml_]
	Loaded [GCA_000014865.1_crisprs_GCA_000014865.1_CRISPR_2_from_1797180__ml_]
	Loaded [GCA_000014865.1_crisprs_GCA_000014865.1_CRISPR_3_from_2656410__ml_]
	Loaded [GCA_000014865.1_crisprs_GCA_000014865.1_CRISPR_4_from_4528410__ml_]
	Total Regions: 5
	Total Region Length: 13840
Analyzing contigs...
CONTIG: opera_contig_643 (145003bp)
Best alignment score: 168.0 (LEN: 171, IDY: 98.25), Total number of alignments: 1
			Looking for the best set of alignments (out of 1 total alignments)
			The best set is below. Score: 168.0, number of alignments: 1, unaligned bases: 144832
		This contig is partially unaligned. (Aligned 171 out of 145003 non-N bases (0.12%))
		Alignment: 1340 1510 | 104310 104480 | 171 171 | 98.25 | GCA_000014865.1_crisprs_GCA_000014865.1_CRISPR_3_from_2656410__ml_ opera_contig_643
		Unaligned bases: 1 to 104309 (104309)
		Unaligned bases: 104481 to 145003 (40523)

CONTIG: opera_contig_288994 (696bp)
Best alignment score: 598.0 (LEN: 598, IDY: 100.00), Total number of alignments: 1
			Looking for the best set of alignments (out of 1 total alignments)
			The best set is below. Score: 598.0, number of alignments: 1, unaligned bases: 98
		Alignment: 813 1410 | 598 1 | 598 598 | 100.0 | GCA_000014865.1_crisprs_GCA_000014865.1_CRISPR_3_from_2656410__ml_ opera_contig_288994

CONTIG: opera_contig_437898 (542bp)
Best alignment score: 298.0 (LEN: 299, IDY: 99.67), Total number of alignments: 3
			Looking for the best set of alignments (out of 3 total alignments)
			Skipping redundant alignments after choosing the best set of alignments
		Skipping redundant alignment 75 373 | 450 152 | 299 299 | 99.67 | GCA_000014865.1_crisprs_GCA_000014865.1_CRISPR_3_from_2656410__ml_ opera_contig_437898
		This contig has several significant sets of alignments. [An ambiguously mapped contig]
		Using only the very best set (option --ambiguity-usage is set to "one").
			The best set is below. Score: 510.0, number of alignments: 2, unaligned bases: 24
		This contig is misassembled.
			Real Alignment 1: 368 623 | 262 7 | 256 256 | 99.22 | GCA_000014865.1_crisprs_GCA_000014865.1_CRISPR_3_from_2656410__ml_ opera_contig_437898
			  Gap between these two alignments (local misassembly). Inconsistency = 105
			Real Alignment 2: 1 262 | 524 263 | 262 262 | 99.24 | GCA_000014865.1_crisprs_GCA_000014865.1_CRISPR_3_from_2656410__ml_ opera_contig_437898

CONTIG: opera_contig_855 (120652bp)
Best alignment score: 4163.8 (LEN: 4178, IDY: 99.66), Total number of alignments: 1
			Looking for the best set of alignments (out of 1 total alignments)
			The best set is below. Score: 4163.8, number of alignments: 1, unaligned bases: 116474
		This contig is partially unaligned. (Aligned 4178 out of 120652 non-N bases (3.46%))
		Alignment: 5083 9260 | 1 4178 | 4178 4178 | 99.66 | GCA_000014865.1_crisprs_GCA_000014865.1_CRISPR_0_from_4407395__all_ opera_contig_855
		Unaligned bases: 4179 to 120652 (116474)

CONTIG: opera_contig_1703 (67210bp)
Best alignment score: 4749.0 (LEN: 4759, IDY: 99.79), Total number of alignments: 1
			Looking for the best set of alignments (out of 1 total alignments)
			The best set is below. Score: 4749.0, number of alignments: 1, unaligned bases: 62451
		This contig is partially unaligned. (Aligned 4759 out of 67210 non-N bases (7.08%))
		Alignment: 1 4759 | 62452 67210 | 4759 4759 | 99.79 | GCA_000014865.1_crisprs_GCA_000014865.1_CRISPR_0_from_4407395__all_ opera_contig_1703
		Unaligned bases: 1 to 62451 (62451)

CONTIG: opera_contig_1532 (73260bp)
Best alignment score: 198.0 (LEN: 200, IDY: 99.00), Total number of alignments: 2
			Looking for the best set of alignments (out of 2 total alignments)
			The best set is below. Score: 272.0, number of alignments: 2, unaligned bases: 72962
		This contig is misassembled.
		This contig is partially unaligned. (Aligned 298 out of 73260 non-N bases (0.41%))
			Warning! This contig is more unaligned than misassembled. Contig length is 73260 (number of Ns: 0) and total length of all aligns is 298
		Alignment: 441 640 | 49969 49770 | 200 200 | 99.0 | GCA_000014865.1_crisprs_GCA_000014865.1_CRISPR_1_from_973200__ml_ opera_contig_1532
		Alignment: 37 134 | 50442 50345 | 98 98 | 100.0 | GCA_000014865.1_crisprs_GCA_000014865.1_CRISPR_1_from_973200__ml_ opera_contig_1532
		Unaligned bases: 72962

CONTIG: opera_contig_2030 (59081bp)
Best alignment score: 295.0 (LEN: 307, IDY: 96.09), Total number of alignments: 5
			Looking for the best set of alignments (out of 5 total alignments)
			Skipping redundant alignments after choosing the best set of alignments
		Skipping redundant alignment 263 461 | 39419 39221 | 199 199 | 95.98 | GCA_000014865.1_crisprs_GCA_000014865.1_CRISPR_2_from_1797180__ml_ opera_contig_2030
		Skipping redundant alignment 179 262 | 39527 39444 | 84 84 | 100.0 | GCA_000014865.1_crisprs_GCA_000014865.1_CRISPR_2_from_1797180__ml_ opera_contig_2030
			The best set is below. Score: 578.0, number of alignments: 3, unaligned bases: 58467
		This contig is misassembled.
		This contig is partially unaligned. (Aligned 614 out of 59081 non-N bases (1.04%))
			Warning! This contig is more unaligned than misassembled. Contig length is 59081 (number of Ns: 0) and total length of all aligns is 614
		Alignment: 1416 1570 | 38188 38034 | 155 155 | 100.0 | GCA_000014865.1_crisprs_GCA_000014865.1_CRISPR_2_from_1797180__ml_ opera_contig_2030
		Alignment: 1216 1367 | 38340 38189 | 152 152 | 100.0 | GCA_000014865.1_crisprs_GCA_000014865.1_CRISPR_2_from_1797180__ml_ opera_contig_2030
		Alignment: 983 1289 | 39527 39221 | 307 307 | 96.09 | GCA_000014865.1_crisprs_GCA_000014865.1_CRISPR_2_from_1797180__ml_ opera_contig_2030
		Unaligned bases: 58467

Analyzing coverage...
Writing SNPs into /net/sgi/cami/data/CAMI2/scripts/second_challenge_evaluation/assembly/scripts/data/CRISPR/metaquast_all/runs_per_reference/GCA_000014865.1_crisprs/contigs_reports/minimap_output/OPERA_MS_inhouse.used_snps.gz

Analysis is finished!
Founded SNPs were written into /net/sgi/cami/data/CAMI2/scripts/second_challenge_evaluation/assembly/scripts/data/CRISPR/metaquast_all/runs_per_reference/GCA_000014865.1_crisprs/contigs_reports/minimap_output/OPERA_MS_inhouse.used_snps.gz

Results:
	Local Misassemblies: 1
	Misassemblies: 0
		Relocations: 0
		Translocations: 0
		Inversions: 0
	Scaffold gap extensive misassemblies: 0
	Scaffold gap local misassemblies: 0
	Misassembled Contigs: 0
	Misassembled Contig Bases: 0
	Misassemblies Inter-Contig Overlap: 0
Unaligned Contigs: 0 + 5 part
Half Unaligned Contigs with Misassemblies: 2
Unaligned Contig Bases: 455186

Ambiguously Mapped Contigs: 1
Total Bases in Ambiguously Mapped Contigs: 542
Extra Bases in Ambiguously Mapped Contigs: 0
Note that --allow-ambiguity option was set to "one" and only first alignment per each of these contigs was used.

	Covered Bases: 10991

	SNPs: 45
	Insertions: 0
	Deletions: 0

