Aligning contigs to reference...
	Aligning contigs to the reference
Filtering alignments...
Parsing coords...
Loading reference...
	Loaded [GCA_000148645.1_crisprs_GCA_000148645.1_CRISPR_0_from_2937980__ml_]
	Total Regions: 1
	Total Region Length: 720
Analyzing contigs...
CONTIG: NODE_1168_length_77932_cov_20.117724 (77932bp)
Best alignment score: 242.0 (LEN: 242, IDY: 100.00), Total number of alignments: 1
			Looking for the best set of alignments (out of 1 total alignments)
			The best set is below. Score: 242.0, number of alignments: 1, unaligned bases: 77690
		This contig is partially unaligned. (Aligned 242 out of 77932 non-N bases (0.31%))
		Alignment: 479 720 | 1 242 | 242 242 | 100.0 | GCA_000148645.1_crisprs_GCA_000148645.1_CRISPR_0_from_2937980__ml_ NODE_1168_length_77932_cov_20.117724
		Unaligned bases: 243 to 77932 (77690)

CONTIG: NODE_2854_length_37987_cov_20.173495 (37987bp)
Best alignment score: 174.0 (LEN: 181, IDY: 96.13), Total number of alignments: 3
			Looking for the best set of alignments (out of 3 total alignments)
			Skipping redundant alignments after choosing the best set of alignments
		Skipping redundant alignment 424 568 | 145 1 | 145 145 | 97.93 | GCA_000148645.1_crisprs_GCA_000148645.1_CRISPR_0_from_2937980__ml_ NODE_2854_length_37987_cov_20.173495
		Skipping redundant alignment 25 203 | 181 3 | 179 179 | 96.65 | GCA_000148645.1_crisprs_GCA_000148645.1_CRISPR_0_from_2937980__ml_ NODE_2854_length_37987_cov_20.173495
		This contig has several significant sets of alignments. [An ambiguously mapped contig]
		Using only the very best set (option --ambiguity-usage is set to "one").
			The best set is below. Score: 174.0, number of alignments: 1, unaligned bases: 37806
		This contig is partially unaligned. (Aligned 181 out of 37987 non-N bases (0.48%))
		Alignment: 91 271 | 181 1 | 181 181 | 96.13 | GCA_000148645.1_crisprs_GCA_000148645.1_CRISPR_0_from_2937980__ml_ NODE_2854_length_37987_cov_20.173495
		Unaligned bases: 182 to 37987 (37806)

CONTIG: NODE_2562_length_35145_cov_14.144120 (35145bp)
Best alignment score: 720.0 (LEN: 720, IDY: 100.00), Total number of alignments: 5
			Looking for the best set of alignments (out of 5 total alignments)
			Skipping redundant alignments after choosing the best set of alignments
		Skipping redundant alignment 190 680 | 17292 16802 | 491 491 | 96.95 | GCA_000148645.1_crisprs_GCA_000148645.1_CRISPR_0_from_2937980__ml_ NODE_2562_length_35145_cov_14.144120
		Skipping redundant alignment 424 654 | 17523 17293 | 231 231 | 97.4 | GCA_000148645.1_crisprs_GCA_000148645.1_CRISPR_0_from_2937980__ml_ NODE_2562_length_35145_cov_14.144120
			The best set is below. Score: 1028.0, number of alignments: 3, unaligned bases: 34053
		This contig is misassembled.
		This contig is partially unaligned. (Aligned 1092 out of 35145 non-N bases (3.11%))
			Warning! This contig is more unaligned than misassembled. Contig length is 35145 (number of Ns: 0) and total length of all aligns is 1092
		Alignment: 1 720 | 17184 16465 | 720 720 | 100.0 | GCA_000148645.1_crisprs_GCA_000148645.1_CRISPR_0_from_2937980__ml_ NODE_2562_length_35145_cov_14.144120
		Alignment: 421 680 | 17292 17033 | 260 260 | 95.38 | GCA_000148645.1_crisprs_GCA_000148645.1_CRISPR_0_from_2937980__ml_ NODE_2562_length_35145_cov_14.144120
		Alignment: 127 390 | 17556 17293 | 264 264 | 95.83 | GCA_000148645.1_crisprs_GCA_000148645.1_CRISPR_0_from_2937980__ml_ NODE_2562_length_35145_cov_14.144120
		Unaligned bases: 34053

CONTIG: NODE_1170_length_77977_cov_20.135854 (77977bp)
Best alignment score: 287.0 (LEN: 287, IDY: 100.00), Total number of alignments: 1
			Looking for the best set of alignments (out of 1 total alignments)
			The best set is below. Score: 287.0, number of alignments: 1, unaligned bases: 77690
		This contig is partially unaligned. (Aligned 287 out of 77977 non-N bases (0.37%))
		Alignment: 434 720 | 1 287 | 287 287 | 100.0 | GCA_000148645.1_crisprs_GCA_000148645.1_CRISPR_0_from_2937980__ml_ NODE_1170_length_77977_cov_20.135854
		Unaligned bases: 288 to 77977 (77690)

CONTIG: NODE_1458_length_66211_cov_20.141166 (66211bp)
Best alignment score: 203.0 (LEN: 212, IDY: 95.75), Total number of alignments: 2
			Looking for the best set of alignments (out of 2 total alignments)
			Skipping redundant alignments after choosing the best set of alignments
		Skipping redundant alignment 424 599 | 178 3 | 176 176 | 97.73 | GCA_000148645.1_crisprs_GCA_000148645.1_CRISPR_0_from_2937980__ml_ NODE_1458_length_66211_cov_20.141166
			The best set is below. Score: 203.0, number of alignments: 1, unaligned bases: 65999
		This contig is partially unaligned. (Aligned 212 out of 66211 non-N bases (0.32%))
		Alignment: 91 302 | 214 3 | 212 212 | 95.75 | GCA_000148645.1_crisprs_GCA_000148645.1_CRISPR_0_from_2937980__ml_ NODE_1458_length_66211_cov_20.141166
		Unaligned bases: 1 to 2 (2)
		Unaligned bases: 215 to 66211 (65997)

Analyzing coverage...
Writing SNPs into /net/sgi/cami/data/CAMI2/scripts/second_challenge_evaluation/assembly/scripts/data/CRISPR/metaquast_all/runs_per_reference/GCA_000148645.1_crisprs/contigs_reports/minimap_output/metaSPAdes.used_snps.gz

Analysis is finished!
Founded SNPs were written into /net/sgi/cami/data/CAMI2/scripts/second_challenge_evaluation/assembly/scripts/data/CRISPR/metaquast_all/runs_per_reference/GCA_000148645.1_crisprs/contigs_reports/minimap_output/metaSPAdes.used_snps.gz

Results:
	Local Misassemblies: 0
	Misassemblies: 0
		Relocations: 0
		Translocations: 0
		Inversions: 0
	Scaffold gap extensive misassemblies: 0
	Scaffold gap local misassemblies: 0
	Misassembled Contigs: 0
	Misassembled Contig Bases: 0
	Misassemblies Inter-Contig Overlap: 0
Unaligned Contigs: 0 + 5 part
Half Unaligned Contigs with Misassemblies: 1
Unaligned Contig Bases: 293238

Ambiguously Mapped Contigs: 1
Total Bases in Ambiguously Mapped Contigs: 37987
Extra Bases in Ambiguously Mapped Contigs: 0
Note that --allow-ambiguity option was set to "one" and only first alignment per each of these contigs was used.

	Covered Bases: 720

	SNPs: 39
	Insertions: 0
	Deletions: 0

