Aligning contigs to reference...
	Aligning contigs to the reference
Filtering alignments...
Parsing coords...
Loading reference...
	Loaded [GCA_000148645.1_crisprs_GCA_000148645.1_CRISPR_0_from_2937980__ml_]
	Total Regions: 1
	Total Region Length: 720
Analyzing contigs...
CONTIG: 25675 (66341bp)
Best alignment score: 131.0 (LEN: 133, IDY: 98.50), Total number of alignments: 1
			Looking for the best set of alignments (out of 1 total alignments)
			The best set is below. Score: 131.0, number of alignments: 1, unaligned bases: 66208
		This contig is partially unaligned. (Aligned 133 out of 66341 non-N bases (0.20%))
		Alignment: 355 487 | 66209 66341 | 133 133 | 98.5 | GCA_000148645.1_crisprs_GCA_000148645.1_CRISPR_0_from_2937980__ml_ 25675
		Unaligned bases: 1 to 66208 (66208)

Analyzing coverage...
Writing SNPs into /net/sgi/cami/data/CAMI2/scripts/second_challenge_evaluation/assembly/scripts/data/CRISPR/metaquast_all/runs_per_reference/GCA_000148645.1_crisprs/contigs_reports/minimap_output/Miniasm.used_snps.gz

Analysis is finished!
Founded SNPs were written into /net/sgi/cami/data/CAMI2/scripts/second_challenge_evaluation/assembly/scripts/data/CRISPR/metaquast_all/runs_per_reference/GCA_000148645.1_crisprs/contigs_reports/minimap_output/Miniasm.used_snps.gz

Results:
	Local Misassemblies: 0
	Misassemblies: 0
		Relocations: 0
		Translocations: 0
		Inversions: 0
	Scaffold gap extensive misassemblies: 0
	Scaffold gap local misassemblies: 0
	Misassembled Contigs: 0
	Misassembled Contig Bases: 0
	Misassemblies Inter-Contig Overlap: 0
Unaligned Contigs: 0 + 1 part
Half Unaligned Contigs with Misassemblies: 0
Unaligned Contig Bases: 66208

Ambiguously Mapped Contigs: 0
Total Bases in Ambiguously Mapped Contigs: 0
Extra Bases in Ambiguously Mapped Contigs: 0
Note that --allow-ambiguity option was set to "one" and only first alignment per each of these contigs was used.

	Covered Bases: 133

	SNPs: 2
	Insertions: 0
	Deletions: 0

