Aligning contigs to reference...
	Aligning contigs to the reference
Filtering alignments...
Parsing coords...
Loading reference...
	Loaded [GCA_000148645.1_crisprs_GCA_000148645.1_CRISPR_0_from_2937980__ml_]
	Total Regions: 1
	Total Region Length: 720
Analyzing contigs...
CONTIG: contig_23911 (271443bp)
Best alignment score: 304.0 (LEN: 308, IDY: 98.70), Total number of alignments: 1
			Looking for the best set of alignments (out of 1 total alignments)
			The best set is below. Score: 304.0, number of alignments: 1, unaligned bases: 271135
		This contig is partially unaligned. (Aligned 308 out of 271443 non-N bases (0.11%))
		Alignment: 413 720 | 271443 271136 | 308 308 | 98.7 | GCA_000148645.1_crisprs_GCA_000148645.1_CRISPR_0_from_2937980__ml_ contig_23911
		Unaligned bases: 1 to 271135 (271135)

CONTIG: contig_23916 (66245bp)
Best alignment score: 117.0 (LEN: 119, IDY: 98.32), Total number of alignments: 1
			Looking for the best set of alignments (out of 1 total alignments)
			The best set is below. Score: 117.0, number of alignments: 1, unaligned bases: 66126
		This contig is partially unaligned. (Aligned 119 out of 66245 non-N bases (0.18%))
		Alignment: 424 542 | 136 18 | 119 119 | 98.32 | GCA_000148645.1_crisprs_GCA_000148645.1_CRISPR_0_from_2937980__ml_ contig_23916
		Unaligned bases: 1 to 17 (17)
		Unaligned bases: 137 to 66245 (66109)

CONTIG: opera_contig_18_1 (271443bp)
Best alignment score: 304.0 (LEN: 308, IDY: 98.70), Total number of alignments: 1
			Looking for the best set of alignments (out of 1 total alignments)
			The best set is below. Score: 304.0, number of alignments: 1, unaligned bases: 271135
		This contig is partially unaligned. (Aligned 308 out of 271443 non-N bases (0.11%))
		Alignment: 413 720 | 271443 271136 | 308 308 | 98.7 | GCA_000148645.1_crisprs_GCA_000148645.1_CRISPR_0_from_2937980__ml_ opera_contig_18_1
		Unaligned bases: 1 to 271135 (271135)

CONTIG: opera_contig_244_1 (66245bp)
Best alignment score: 117.0 (LEN: 119, IDY: 98.32), Total number of alignments: 1
			Looking for the best set of alignments (out of 1 total alignments)
			The best set is below. Score: 117.0, number of alignments: 1, unaligned bases: 66126
		This contig is partially unaligned. (Aligned 119 out of 66245 non-N bases (0.18%))
		Alignment: 424 542 | 136 18 | 119 119 | 98.32 | GCA_000148645.1_crisprs_GCA_000148645.1_CRISPR_0_from_2937980__ml_ opera_contig_244_1
		Unaligned bases: 1 to 17 (17)
		Unaligned bases: 137 to 66245 (66109)

Analyzing coverage...
Writing SNPs into /net/sgi/cami/data/CAMI2/scripts/second_challenge_evaluation/assembly/scripts/data/CRISPR/metaquast_all/runs_per_reference/GCA_000148645.1_crisprs/contigs_reports/minimap_output/A_STAR.used_snps.gz

Analysis is finished!
Founded SNPs were written into /net/sgi/cami/data/CAMI2/scripts/second_challenge_evaluation/assembly/scripts/data/CRISPR/metaquast_all/runs_per_reference/GCA_000148645.1_crisprs/contigs_reports/minimap_output/A_STAR.used_snps.gz

Results:
	Local Misassemblies: 0
	Misassemblies: 0
		Relocations: 0
		Translocations: 0
		Inversions: 0
	Scaffold gap extensive misassemblies: 0
	Scaffold gap local misassemblies: 0
	Misassembled Contigs: 0
	Misassembled Contig Bases: 0
	Misassemblies Inter-Contig Overlap: 0
Unaligned Contigs: 0 + 4 part
Half Unaligned Contigs with Misassemblies: 0
Unaligned Contig Bases: 674522

Ambiguously Mapped Contigs: 0
Total Bases in Ambiguously Mapped Contigs: 0
Extra Bases in Ambiguously Mapped Contigs: 0
Note that --allow-ambiguity option was set to "one" and only first alignment per each of these contigs was used.

	Covered Bases: 308

	SNPs: 12
	Insertions: 0
	Deletions: 0

