Aligning contigs to reference...
	Aligning contigs to the reference
Filtering alignments...
Parsing coords...
Loading reference...
	Loaded [GCA_000830985.1_crisprs_GCA_000830985.1_CRISPR_0_from_3062310__ml_]
	Total Regions: 1
	Total Region Length: 580
Analyzing contigs...
CONTIG: PC1563287 (3975877bp)
Best alignment score: 580.0 (LEN: 580, IDY: 100.00), Total number of alignments: 1
			Looking for the best set of alignments (out of 1 total alignments)
			The best set is below. Score: 580.0, number of alignments: 1, unaligned bases: 3975297
		This contig is partially unaligned. (Aligned 580 out of 3975877 non-N bases (0.01%))
		Alignment: 1 580 | 3062301 3062880 | 580 580 | 100.0 | GCA_000830985.1_crisprs_GCA_000830985.1_CRISPR_0_from_3062310__ml_ PC1563287
		Unaligned bases: 1 to 3062300 (3062300)
		Unaligned bases: 3062881 to 3975877 (912997)

Analyzing coverage...
Writing SNPs into /net/sgi/cami/data/CAMI2/scripts/second_challenge_evaluation/assembly/scripts/data/CRISPR/metaquast_all/runs_per_reference/GCA_000830985.1_crisprs/contigs_reports/minimap_output/marmgCAMI2.used_snps.gz

Analysis is finished!
Founded SNPs were written into /net/sgi/cami/data/CAMI2/scripts/second_challenge_evaluation/assembly/scripts/data/CRISPR/metaquast_all/runs_per_reference/GCA_000830985.1_crisprs/contigs_reports/minimap_output/marmgCAMI2.used_snps.gz

Results:
	Local Misassemblies: 0
	Misassemblies: 0
		Relocations: 0
		Translocations: 0
		Inversions: 0
	Scaffold gap extensive misassemblies: 0
	Scaffold gap local misassemblies: 0
	Misassembled Contigs: 0
	Misassembled Contig Bases: 0
	Misassemblies Inter-Contig Overlap: 0
Unaligned Contigs: 0 + 1 part
Half Unaligned Contigs with Misassemblies: 0
Unaligned Contig Bases: 3975297

Ambiguously Mapped Contigs: 0
Total Bases in Ambiguously Mapped Contigs: 0
Extra Bases in Ambiguously Mapped Contigs: 0
Note that --allow-ambiguity option was set to "one" and only first alignment per each of these contigs was used.

	Covered Bases: 580

	SNPs: 0
	Insertions: 0
	Deletions: 0

