Aligning contigs to reference...
	Aligning contigs to the reference
Filtering alignments...
Parsing coords...
Loading reference...
	Loaded [GCA_000830985.1_crisprs_GCA_000830985.1_CRISPR_0_from_3062310__ml_]
	Total Regions: 1
	Total Region Length: 580
Analyzing contigs...
CONTIG: NODE_155191_length_1539_cov_1.929549 (1539bp)
Best alignment score: 556.2 (LEN: 582, IDY: 95.56), Total number of alignments: 1
			Looking for the best set of alignments (out of 1 total alignments)
			The best set is below. Score: 556.2, number of alignments: 1, unaligned bases: 957
		This contig is partially unaligned. (Aligned 582 out of 1539 non-N bases (37.82%))
		Alignment: 2 580 | 802 1383 | 579 582 | 95.56 | GCA_000830985.1_crisprs_GCA_000830985.1_CRISPR_0_from_3062310__ml_ NODE_155191_length_1539_cov_1.929549
		Unaligned bases: 1 to 801 (801)
		Unaligned bases: 1384 to 1539 (156)

Analyzing coverage...
Writing SNPs into /net/sgi/cami/data/CAMI2/scripts/second_challenge_evaluation/assembly/scripts/data/CRISPR/metaquast_all/runs_per_reference/GCA_000830985.1_crisprs/contigs_reports/minimap_output/SPAdes.used_snps.gz

Analysis is finished!
Founded SNPs were written into /net/sgi/cami/data/CAMI2/scripts/second_challenge_evaluation/assembly/scripts/data/CRISPR/metaquast_all/runs_per_reference/GCA_000830985.1_crisprs/contigs_reports/minimap_output/SPAdes.used_snps.gz

Results:
	Local Misassemblies: 0
	Misassemblies: 0
		Relocations: 0
		Translocations: 0
		Inversions: 0
	Scaffold gap extensive misassemblies: 0
	Scaffold gap local misassemblies: 0
	Misassembled Contigs: 0
	Misassembled Contig Bases: 0
	Misassemblies Inter-Contig Overlap: 0
Unaligned Contigs: 0 + 1 part
Half Unaligned Contigs with Misassemblies: 0
Unaligned Contig Bases: 957

Ambiguously Mapped Contigs: 0
Total Bases in Ambiguously Mapped Contigs: 0
Extra Bases in Ambiguously Mapped Contigs: 0
Note that --allow-ambiguity option was set to "one" and only first alignment per each of these contigs was used.

	Covered Bases: 579

	SNPs: 15
	Insertions: 7
	Deletions: 4

