Aligning contigs to reference...
	Aligning contigs to the reference
Filtering alignments...
Parsing coords...
Loading reference...
	Loaded [GCA_000473245.1_crisprs_GCA_000473245.1_CRISPR_0_from_2720828__crt_]
	Loaded [GCA_000473245.1_crisprs_GCA_000473245.1_CRISPR_1_from_4678458__crt_]
	Loaded [GCA_000473245.1_crisprs_GCA_000473245.1_CRISPR_2_from_2119200__ml_]
	Loaded [GCA_000473245.1_crisprs_GCA_000473245.1_CRISPR_3_from_2134210__ml_]
	Total Regions: 4
	Total Region Length: 5083
Analyzing contigs...
CONTIG: NODE_6002_length_18669_cov_9.882938 (18669bp)
Best alignment score: 593.0 (LEN: 593, IDY: 100.00), Total number of alignments: 1
			Looking for the best set of alignments (out of 1 total alignments)
			The best set is below. Score: 593.0, number of alignments: 1, unaligned bases: 18076
		This contig is partially unaligned. (Aligned 593 out of 18669 non-N bases (3.18%))
		Alignment: 1 593 | 593 1 | 593 593 | 100.0 | GCA_000473245.1_crisprs_GCA_000473245.1_CRISPR_2_from_2119200__ml_ NODE_6002_length_18669_cov_9.882938
		Unaligned bases: 594 to 18669 (18076)

CONTIG: NODE_99159_length_1722_cov_9.431914 (1722bp)
Best alignment score: 515.0 (LEN: 516, IDY: 99.81), Total number of alignments: 1
			Looking for the best set of alignments (out of 1 total alignments)
			The best set is below. Score: 515.0, number of alignments: 1, unaligned bases: 1206
		This contig is partially unaligned. (Aligned 516 out of 1722 non-N bases (29.97%))
		Alignment: 2595 3110 | 1722 1207 | 516 516 | 99.81 | GCA_000473245.1_crisprs_GCA_000473245.1_CRISPR_2_from_2119200__ml_ NODE_99159_length_1722_cov_9.431914
		Unaligned bases: 1 to 1206 (1206)

CONTIG: NODE_7190_length_14054_cov_7.026186 (14054bp)
Best alignment score: 630.0 (LEN: 630, IDY: 100.00), Total number of alignments: 1
			Looking for the best set of alignments (out of 1 total alignments)
			The best set is below. Score: 630.0, number of alignments: 1, unaligned bases: 13424
		This contig is partially unaligned. (Aligned 630 out of 14054 non-N bases (4.48%))
		Alignment: 1 630 | 630 1 | 630 630 | 100.0 | GCA_000473245.1_crisprs_GCA_000473245.1_CRISPR_2_from_2119200__ml_ NODE_7190_length_14054_cov_7.026186
		Unaligned bases: 631 to 14054 (13424)

CONTIG: NODE_8240_length_12421_cov_7.428953 (12421bp)
Best alignment score: 443.0 (LEN: 447, IDY: 99.11), Total number of alignments: 2
			Looking for the best set of alignments (out of 2 total alignments)
			Skipping redundant alignments after choosing the best set of alignments
		Skipping redundant alignment 214 339 | 12291 12416 | 126 126 | 96.83 | GCA_000473245.1_crisprs_GCA_000473245.1_CRISPR_3_from_2134210__ml_ NODE_8240_length_12421_cov_7.428953
			The best set is below. Score: 443.0, number of alignments: 1, unaligned bases: 11974
		This contig is partially unaligned. (Aligned 447 out of 12421 non-N bases (3.60%))
		Alignment: 2664 3110 | 1 447 | 447 447 | 99.11 | GCA_000473245.1_crisprs_GCA_000473245.1_CRISPR_2_from_2119200__ml_ NODE_8240_length_12421_cov_7.428953
		Unaligned bases: 448 to 12421 (11974)

CONTIG: NODE_5947_length_18669_cov_9.879553 (18669bp)
Best alignment score: 593.0 (LEN: 593, IDY: 100.00), Total number of alignments: 1
			Looking for the best set of alignments (out of 1 total alignments)
			The best set is below. Score: 593.0, number of alignments: 1, unaligned bases: 18076
		This contig is partially unaligned. (Aligned 593 out of 18669 non-N bases (3.18%))
		Alignment: 1 593 | 593 1 | 593 593 | 100.0 | GCA_000473245.1_crisprs_GCA_000473245.1_CRISPR_2_from_2119200__ml_ NODE_5947_length_18669_cov_9.879553
		Unaligned bases: 594 to 18669 (18076)

CONTIG: NODE_95702_length_1767_cov_9.870327 (1767bp)
Best alignment score: 559.0 (LEN: 561, IDY: 99.64), Total number of alignments: 1
			Looking for the best set of alignments (out of 1 total alignments)
			The best set is below. Score: 559.0, number of alignments: 1, unaligned bases: 1206
		This contig is partially unaligned. (Aligned 561 out of 1767 non-N bases (31.75%))
		Alignment: 2550 3110 | 1767 1207 | 561 561 | 99.64 | GCA_000473245.1_crisprs_GCA_000473245.1_CRISPR_2_from_2119200__ml_ NODE_95702_length_1767_cov_9.870327
		Unaligned bases: 1 to 1206 (1206)

CONTIG: NODE_426865_length_633_cov_13.036332 (633bp)
Best alignment score: 633.0 (LEN: 633, IDY: 100.00), Total number of alignments: 1
		One align captures most of this contig: 1524 2156 | 1 633 | 633 633 | 100.0 | GCA_000473245.1_crisprs_GCA_000473245.1_CRISPR_2_from_2119200__ml_ NODE_426865_length_633_cov_13.036332

CONTIG: NODE_9009_length_12296_cov_9.603709 (12296bp)
Best alignment score: 160.0 (LEN: 160, IDY: 100.00), Total number of alignments: 1
			Looking for the best set of alignments (out of 1 total alignments)
			The best set is below. Score: 160.0, number of alignments: 1, unaligned bases: 12136
		This contig is partially unaligned. (Aligned 160 out of 12296 non-N bases (1.30%))
		Alignment: 657 816 | 1 160 | 160 160 | 100.0 | GCA_000473245.1_crisprs_GCA_000473245.1_CRISPR_1_from_4678458__crt_ NODE_9009_length_12296_cov_9.603709
		Unaligned bases: 161 to 12296 (12136)

CONTIG: NODE_39995_length_3410_cov_10.055440 (3410bp)
Best alignment score: 106.0 (LEN: 107, IDY: 99.07), Total number of alignments: 4
			Looking for the best set of alignments (out of 4 total alignments)
			Skipping redundant alignments after choosing the best set of alignments
		Skipping redundant alignment 491 564 | 3317 3390 | 74 74 | 100.0 | GCA_000473245.1_crisprs_GCA_000473245.1_CRISPR_1_from_4678458__crt_ NODE_39995_length_3410_cov_10.055440
		Skipping redundant alignment 225 305 | 3316 3396 | 81 81 | 97.53 | GCA_000473245.1_crisprs_GCA_000473245.1_CRISPR_1_from_4678458__crt_ NODE_39995_length_3410_cov_10.055440
		Skipping redundant alignment 646 732 | 3316 3402 | 87 87 | 98.85 | GCA_000473245.1_crisprs_GCA_000473245.1_CRISPR_1_from_4678458__crt_ NODE_39995_length_3410_cov_10.055440
			The best set is below. Score: 106.0, number of alignments: 1, unaligned bases: 3303
		This contig is partially unaligned. (Aligned 107 out of 3410 non-N bases (3.14%))
		Alignment: 1 107 | 3304 3410 | 107 107 | 99.07 | GCA_000473245.1_crisprs_GCA_000473245.1_CRISPR_1_from_4678458__crt_ NODE_39995_length_3410_cov_10.055440
		Unaligned bases: 1 to 3303 (3303)

CONTIG: NODE_11321_length_9245_cov_7.030868 (9245bp)
Best alignment score: 662.0 (LEN: 663, IDY: 99.85), Total number of alignments: 1
			Looking for the best set of alignments (out of 1 total alignments)
			The best set is below. Score: 662.0, number of alignments: 1, unaligned bases: 8582
		This contig is partially unaligned. (Aligned 663 out of 9245 non-N bases (7.17%))
		Alignment: 154 816 | 9245 8583 | 663 663 | 99.85 | GCA_000473245.1_crisprs_GCA_000473245.1_CRISPR_1_from_4678458__crt_ NODE_11321_length_9245_cov_7.030868
		Unaligned bases: 1 to 8582 (8582)

CONTIG: NODE_8963_length_12296_cov_9.604281 (12296bp)
Best alignment score: 160.0 (LEN: 160, IDY: 100.00), Total number of alignments: 1
			Looking for the best set of alignments (out of 1 total alignments)
			The best set is below. Score: 160.0, number of alignments: 1, unaligned bases: 12136
		This contig is partially unaligned. (Aligned 160 out of 12296 non-N bases (1.30%))
		Alignment: 657 816 | 1 160 | 160 160 | 100.0 | GCA_000473245.1_crisprs_GCA_000473245.1_CRISPR_1_from_4678458__crt_ NODE_8963_length_12296_cov_9.604281
		Unaligned bases: 161 to 12296 (12136)

CONTIG: NODE_40055_length_3410_cov_10.051267 (3410bp)
Best alignment score: 106.0 (LEN: 107, IDY: 99.07), Total number of alignments: 4
			Looking for the best set of alignments (out of 4 total alignments)
			Skipping redundant alignments after choosing the best set of alignments
		Skipping redundant alignment 491 564 | 3317 3390 | 74 74 | 100.0 | GCA_000473245.1_crisprs_GCA_000473245.1_CRISPR_1_from_4678458__crt_ NODE_40055_length_3410_cov_10.051267
		Skipping redundant alignment 225 305 | 3316 3396 | 81 81 | 97.53 | GCA_000473245.1_crisprs_GCA_000473245.1_CRISPR_1_from_4678458__crt_ NODE_40055_length_3410_cov_10.051267
		Skipping redundant alignment 646 732 | 3316 3402 | 87 87 | 98.85 | GCA_000473245.1_crisprs_GCA_000473245.1_CRISPR_1_from_4678458__crt_ NODE_40055_length_3410_cov_10.051267
			The best set is below. Score: 106.0, number of alignments: 1, unaligned bases: 3303
		This contig is partially unaligned. (Aligned 107 out of 3410 non-N bases (3.14%))
		Alignment: 1 107 | 3304 3410 | 107 107 | 99.07 | GCA_000473245.1_crisprs_GCA_000473245.1_CRISPR_1_from_4678458__crt_ NODE_40055_length_3410_cov_10.051267
		Unaligned bases: 1 to 3303 (3303)

CONTIG: NODE_10058_length_11022_cov_10.150451 (11022bp)
Best alignment score: 229.0 (LEN: 236, IDY: 97.03), Total number of alignments: 3
			Looking for the best set of alignments (out of 3 total alignments)
			Skipping redundant alignments after choosing the best set of alignments
		Skipping redundant alignment 214 416 | 10785 10987 | 203 203 | 98.03 | GCA_000473245.1_crisprs_GCA_000473245.1_CRISPR_3_from_2134210__ml_ NODE_10058_length_11022_cov_10.150451
		Skipping redundant alignment 1 181 | 10842 11022 | 181 181 | 100.0 | GCA_000473245.1_crisprs_GCA_000473245.1_CRISPR_3_from_2134210__ml_ NODE_10058_length_11022_cov_10.150451
			The best set is below. Score: 229.0, number of alignments: 1, unaligned bases: 10786
		This contig is partially unaligned. (Aligned 236 out of 11022 non-N bases (2.14%))
		Alignment: 52 287 | 10785 11020 | 236 236 | 97.03 | GCA_000473245.1_crisprs_GCA_000473245.1_CRISPR_3_from_2134210__ml_ NODE_10058_length_11022_cov_10.150451
		Unaligned bases: 1 to 10784 (10784)
		Unaligned bases: 11021 to 11022 (2)

CONTIG: NODE_15150_length_7467_cov_9.165947 (7467bp)
Best alignment score: 495.0 (LEN: 497, IDY: 99.60), Total number of alignments: 1
			Looking for the best set of alignments (out of 1 total alignments)
			The best set is below. Score: 495.0, number of alignments: 1, unaligned bases: 6970
		This contig is partially unaligned. (Aligned 497 out of 7467 non-N bases (6.66%))
		Alignment: 314 810 | 1 497 | 497 497 | 99.6 | GCA_000473245.1_crisprs_GCA_000473245.1_CRISPR_3_from_2134210__ml_ NODE_15150_length_7467_cov_9.165947
		Unaligned bases: 498 to 7467 (6970)

CONTIG: NODE_31353_length_3768_cov_6.927933 (3768bp)
Best alignment score: 469.0 (LEN: 471, IDY: 99.58), Total number of alignments: 1
			Looking for the best set of alignments (out of 1 total alignments)
			The best set is below. Score: 469.0, number of alignments: 1, unaligned bases: 3297
		This contig is partially unaligned. (Aligned 471 out of 3768 non-N bases (12.50%))
		Alignment: 340 810 | 3768 3298 | 471 471 | 99.58 | GCA_000473245.1_crisprs_GCA_000473245.1_CRISPR_3_from_2134210__ml_ NODE_31353_length_3768_cov_6.927933
		Unaligned bases: 1 to 3297 (3297)

CONTIG: NODE_10011_length_11022_cov_10.161484 (11022bp)
Best alignment score: 229.0 (LEN: 236, IDY: 97.03), Total number of alignments: 3
			Looking for the best set of alignments (out of 3 total alignments)
			Skipping redundant alignments after choosing the best set of alignments
		Skipping redundant alignment 214 416 | 10785 10987 | 203 203 | 98.03 | GCA_000473245.1_crisprs_GCA_000473245.1_CRISPR_3_from_2134210__ml_ NODE_10011_length_11022_cov_10.161484
		Skipping redundant alignment 1 181 | 10842 11022 | 181 181 | 100.0 | GCA_000473245.1_crisprs_GCA_000473245.1_CRISPR_3_from_2134210__ml_ NODE_10011_length_11022_cov_10.161484
			The best set is below. Score: 229.0, number of alignments: 1, unaligned bases: 10786
		This contig is partially unaligned. (Aligned 236 out of 11022 non-N bases (2.14%))
		Alignment: 52 287 | 10785 11020 | 236 236 | 97.03 | GCA_000473245.1_crisprs_GCA_000473245.1_CRISPR_3_from_2134210__ml_ NODE_10011_length_11022_cov_10.161484
		Unaligned bases: 1 to 10784 (10784)
		Unaligned bases: 11021 to 11022 (2)

CONTIG: NODE_15093_length_7467_cov_9.168106 (7467bp)
Best alignment score: 495.0 (LEN: 497, IDY: 99.60), Total number of alignments: 1
			Looking for the best set of alignments (out of 1 total alignments)
			The best set is below. Score: 495.0, number of alignments: 1, unaligned bases: 6970
		This contig is partially unaligned. (Aligned 497 out of 7467 non-N bases (6.66%))
		Alignment: 314 810 | 1 497 | 497 497 | 99.6 | GCA_000473245.1_crisprs_GCA_000473245.1_CRISPR_3_from_2134210__ml_ NODE_15093_length_7467_cov_9.168106
		Unaligned bases: 498 to 7467 (6970)

CONTIG: NODE_10558_length_10525_cov_9.409456 (10525bp)
Best alignment score: 347.0 (LEN: 347, IDY: 100.00), Total number of alignments: 1
			Looking for the best set of alignments (out of 1 total alignments)
			The best set is below. Score: 347.0, number of alignments: 1, unaligned bases: 10178
		This contig is partially unaligned. (Aligned 347 out of 10525 non-N bases (3.30%))
		Alignment: 1 347 | 1206 1552 | 347 347 | 100.0 | GCA_000473245.1_crisprs_GCA_000473245.1_CRISPR_0_from_2720828__crt_ NODE_10558_length_10525_cov_9.409456
		Unaligned bases: 1 to 1205 (1205)
		Unaligned bases: 1553 to 10525 (8973)

CONTIG: NODE_2982_length_31085_cov_7.005998 (31085bp)
Best alignment score: 347.0 (LEN: 347, IDY: 100.00), Total number of alignments: 1
			Looking for the best set of alignments (out of 1 total alignments)
			The best set is below. Score: 347.0, number of alignments: 1, unaligned bases: 30738
		This contig is partially unaligned. (Aligned 347 out of 31085 non-N bases (1.12%))
		Alignment: 1 347 | 28343 28689 | 347 347 | 100.0 | GCA_000473245.1_crisprs_GCA_000473245.1_CRISPR_0_from_2720828__crt_ NODE_2982_length_31085_cov_7.005998
		Unaligned bases: 1 to 28342 (28342)
		Unaligned bases: 28690 to 31085 (2396)

CONTIG: NODE_10514_length_10525_cov_9.406972 (10525bp)
Best alignment score: 347.0 (LEN: 347, IDY: 100.00), Total number of alignments: 1
			Looking for the best set of alignments (out of 1 total alignments)
			The best set is below. Score: 347.0, number of alignments: 1, unaligned bases: 10178
		This contig is partially unaligned. (Aligned 347 out of 10525 non-N bases (3.30%))
		Alignment: 1 347 | 1206 1552 | 347 347 | 100.0 | GCA_000473245.1_crisprs_GCA_000473245.1_CRISPR_0_from_2720828__crt_ NODE_10514_length_10525_cov_9.406972
		Unaligned bases: 1 to 1205 (1205)
		Unaligned bases: 1553 to 10525 (8973)

Analyzing coverage...
Writing SNPs into /net/sgi/cami/data/CAMI2/scripts/second_challenge_evaluation/assembly/scripts/data/CRISPR/metaquast_all/runs_per_reference/GCA_000473245.1_crisprs/contigs_reports/minimap_output/metaSPAdes.used_snps.gz

Analysis is finished!
Founded SNPs were written into /net/sgi/cami/data/CAMI2/scripts/second_challenge_evaluation/assembly/scripts/data/CRISPR/metaquast_all/runs_per_reference/GCA_000473245.1_crisprs/contigs_reports/minimap_output/metaSPAdes.used_snps.gz

Results:
	Local Misassemblies: 0
	Misassemblies: 0
		Relocations: 0
		Translocations: 0
		Inversions: 0
	Scaffold gap extensive misassemblies: 0
	Scaffold gap local misassemblies: 0
	Misassembled Contigs: 0
	Misassembled Contig Bases: 0
	Misassemblies Inter-Contig Overlap: 0
Unaligned Contigs: 0 + 19 part
Half Unaligned Contigs with Misassemblies: 0
Unaligned Contig Bases: 193325

Ambiguously Mapped Contigs: 0
Total Bases in Ambiguously Mapped Contigs: 0
Extra Bases in Ambiguously Mapped Contigs: 0
Note that --allow-ambiguity option was set to "one" and only first alignment per each of these contigs was used.

	Covered Bases: 3674

	SNPs: 30
	Insertions: 0
	Deletions: 0

