Aligning contigs to reference...
	Aligning contigs to the reference
Filtering alignments...
Parsing coords...
Loading reference...
	Loaded [GCA_000473245.1_crisprs_GCA_000473245.1_CRISPR_0_from_2720828__crt_]
	Loaded [GCA_000473245.1_crisprs_GCA_000473245.1_CRISPR_1_from_4678458__crt_]
	Loaded [GCA_000473245.1_crisprs_GCA_000473245.1_CRISPR_2_from_2119200__ml_]
	Loaded [GCA_000473245.1_crisprs_GCA_000473245.1_CRISPR_3_from_2134210__ml_]
	Total Regions: 4
	Total Region Length: 5083
Analyzing contigs...
CONTIG: PC181781 (4884705bp)
Best alignment score: 3110.0 (LEN: 3110, IDY: 100.00), Total number of alignments: 6
			Looking for the best set of alignments (out of 6 total alignments)
			Skipping redundant alignments after choosing the best set of alignments
		Skipping redundant alignment 214 288 | 2134148 2134222 | 75 75 | 98.67 | GCA_000473245.1_crisprs_GCA_000473245.1_CRISPR_3_from_2134210__ml_ PC181781
		Skipping redundant alignment 289 416 | 2134277 2134404 | 128 128 | 98.44 | GCA_000473245.1_crisprs_GCA_000473245.1_CRISPR_3_from_2134210__ml_ PC181781
			The best set is below. Score: 4330.0, number of alignments: 4, unaligned bases: 4879622
		This contig is misassembled.
		This contig is partially unaligned. (Aligned 5083 out of 4884705 non-N bases (0.10%))
			Warning! This contig is more unaligned than misassembled. Contig length is 4884705 (number of Ns: 0) and total length of all aligns is 5083
		Alignment: 1 3110 | 2119195 2122304 | 3110 3110 | 100.0 | GCA_000473245.1_crisprs_GCA_000473245.1_CRISPR_2_from_2119200__ml_ PC181781
		Alignment: 1 810 | 2134205 2135014 | 810 810 | 100.0 | GCA_000473245.1_crisprs_GCA_000473245.1_CRISPR_3_from_2134210__ml_ PC181781
		Alignment: 1 347 | 2720823 2721169 | 347 347 | 100.0 | GCA_000473245.1_crisprs_GCA_000473245.1_CRISPR_0_from_2720828__crt_ PC181781
		Alignment: 1 816 | 4678453 4679268 | 816 816 | 100.0 | GCA_000473245.1_crisprs_GCA_000473245.1_CRISPR_1_from_4678458__crt_ PC181781
		Unaligned bases: 4879622

Analyzing coverage...
Writing SNPs into /net/sgi/cami/data/CAMI2/scripts/second_challenge_evaluation/assembly/scripts/data/CRISPR/metaquast_all/runs_per_reference/GCA_000473245.1_crisprs/contigs_reports/minimap_output/marmgCAMI2.used_snps.gz

Analysis is finished!
Founded SNPs were written into /net/sgi/cami/data/CAMI2/scripts/second_challenge_evaluation/assembly/scripts/data/CRISPR/metaquast_all/runs_per_reference/GCA_000473245.1_crisprs/contigs_reports/minimap_output/marmgCAMI2.used_snps.gz

Results:
	Local Misassemblies: 0
	Misassemblies: 0
		Relocations: 0
		Translocations: 0
		Inversions: 0
	Scaffold gap extensive misassemblies: 0
	Scaffold gap local misassemblies: 0
	Misassembled Contigs: 0
	Misassembled Contig Bases: 0
	Misassemblies Inter-Contig Overlap: 0
Unaligned Contigs: 0 + 1 part
Half Unaligned Contigs with Misassemblies: 1
Unaligned Contig Bases: 4879622

Ambiguously Mapped Contigs: 0
Total Bases in Ambiguously Mapped Contigs: 0
Extra Bases in Ambiguously Mapped Contigs: 0
Note that --allow-ambiguity option was set to "one" and only first alignment per each of these contigs was used.

	Covered Bases: 5083

	SNPs: 0
	Insertions: 0
	Deletions: 0

