Aligning contigs to reference...
	Aligning contigs to the reference
Filtering alignments...
Parsing coords...
Loading reference...
	Loaded [GCA_000473245.1_crisprs_GCA_000473245.1_CRISPR_0_from_2720828__crt_]
	Loaded [GCA_000473245.1_crisprs_GCA_000473245.1_CRISPR_1_from_4678458__crt_]
	Loaded [GCA_000473245.1_crisprs_GCA_000473245.1_CRISPR_2_from_2119200__ml_]
	Loaded [GCA_000473245.1_crisprs_GCA_000473245.1_CRISPR_3_from_2134210__ml_]
	Total Regions: 4
	Total Region Length: 5083
Analyzing contigs...
CONTIG: contig_44052 (1252bp)
Best alignment score: 222.0 (LEN: 223, IDY: 99.55), Total number of alignments: 1
			Looking for the best set of alignments (out of 1 total alignments)
			The best set is below. Score: 222.0, number of alignments: 1, unaligned bases: 1029
		This contig is partially unaligned. (Aligned 223 out of 1252 non-N bases (17.81%))
		Alignment: 2888 3110 | 1252 1030 | 223 223 | 99.55 | GCA_000473245.1_crisprs_GCA_000473245.1_CRISPR_2_from_2119200__ml_ contig_44052
		Unaligned bases: 1 to 1029 (1029)

CONTIG: contig_522395 (738bp)
Best alignment score: 276.0 (LEN: 276, IDY: 100.00), Total number of alignments: 3
			Looking for the best set of alignments (out of 3 total alignments)
			The best set is below. Score: 630.0, number of alignments: 3, unaligned bases: 101
		This contig is misassembled.
			Real Alignment 1: 677 799 | 123 1 | 123 123 | 100.0 | GCA_000473245.1_crisprs_GCA_000473245.1_CRISPR_2_from_2119200__ml_ contig_522395
			  Indel (> 5bp) between these two alignments: deletion of length 54; 0 mismatches (number of Ns: 0)
			Real Alignment 2: 347 622 | 399 124 | 276 276 | 100.0 | GCA_000473245.1_crisprs_GCA_000473245.1_CRISPR_2_from_2119200__ml_ contig_522395
			  Gap between these two alignments (local misassembly). Inconsistency = 108
			Real Alignment 3: 1 238 | 637 400 | 238 238 | 99.58 | GCA_000473245.1_crisprs_GCA_000473245.1_CRISPR_2_from_2119200__ml_ contig_522395

CONTIG: contig_624971 (78111bp)
Best alignment score: 539.0 (LEN: 543, IDY: 99.26), Total number of alignments: 5
			Looking for the best set of alignments (out of 5 total alignments)
			The best set is below. Score: 1493.0, number of alignments: 5, unaligned bases: 76307
		This contig is misassembled.
		This contig is partially unaligned. (Aligned 1804 out of 78111 non-N bases (2.31%))
			Warning! This contig is more unaligned than misassembled. Contig length is 78111 (number of Ns: 0) and total length of all aligns is 1804
		Alignment: 1 225 | 45465 45689 | 225 225 | 99.56 | GCA_000473245.1_crisprs_GCA_000473245.1_CRISPR_2_from_2119200__ml_ contig_624971
		Alignment: 1319 1834 | 46686 47201 | 516 516 | 95.54 | GCA_000473245.1_crisprs_GCA_000473245.1_CRISPR_2_from_2119200__ml_ contig_624971
		Alignment: 1840 2029 | 47211 47400 | 190 190 | 100.0 | GCA_000473245.1_crisprs_GCA_000473245.1_CRISPR_2_from_2119200__ml_ contig_624971
		Alignment: 2102 2431 | 47401 47730 | 330 330 | 97.58 | GCA_000473245.1_crisprs_GCA_000473245.1_CRISPR_2_from_2119200__ml_ contig_624971
		Alignment: 268 810 | 60833 61375 | 543 543 | 99.26 | GCA_000473245.1_crisprs_GCA_000473245.1_CRISPR_3_from_2134210__ml_ contig_624971
		Unaligned bases: 76307

CONTIG: contig_934551 (592bp)
Best alignment score: 571.0 (LEN: 571, IDY: 100.00), Total number of alignments: 1
			Looking for the best set of alignments (out of 1 total alignments)
			The best set is below. Score: 571.0, number of alignments: 1, unaligned bases: 21
		Alignment: 2540 3110 | 1 571 | 571 571 | 100.0 | GCA_000473245.1_crisprs_GCA_000473245.1_CRISPR_2_from_2119200__ml_ contig_934551

CONTIG: opera_contig_39257_1 (1252bp)
Best alignment score: 222.0 (LEN: 223, IDY: 99.55), Total number of alignments: 1
			Looking for the best set of alignments (out of 1 total alignments)
			The best set is below. Score: 222.0, number of alignments: 1, unaligned bases: 1029
		This contig is partially unaligned. (Aligned 223 out of 1252 non-N bases (17.81%))
		Alignment: 2888 3110 | 1252 1030 | 223 223 | 99.55 | GCA_000473245.1_crisprs_GCA_000473245.1_CRISPR_2_from_2119200__ml_ opera_contig_39257_1
		Unaligned bases: 1 to 1029 (1029)

CONTIG: opera_contig_257928 (738bp)
Best alignment score: 276.0 (LEN: 276, IDY: 100.00), Total number of alignments: 3
			Looking for the best set of alignments (out of 3 total alignments)
			The best set is below. Score: 630.0, number of alignments: 3, unaligned bases: 101
		This contig is misassembled.
			Real Alignment 1: 677 799 | 123 1 | 123 123 | 100.0 | GCA_000473245.1_crisprs_GCA_000473245.1_CRISPR_2_from_2119200__ml_ opera_contig_257928
			  Indel (> 5bp) between these two alignments: deletion of length 54; 0 mismatches (number of Ns: 0)
			Real Alignment 2: 347 622 | 399 124 | 276 276 | 100.0 | GCA_000473245.1_crisprs_GCA_000473245.1_CRISPR_2_from_2119200__ml_ opera_contig_257928
			  Gap between these two alignments (local misassembly). Inconsistency = 108
			Real Alignment 3: 1 238 | 637 400 | 238 238 | 99.58 | GCA_000473245.1_crisprs_GCA_000473245.1_CRISPR_2_from_2119200__ml_ opera_contig_257928

CONTIG: strain22_opera_contig_20 (78111bp)
Best alignment score: 539.0 (LEN: 543, IDY: 99.26), Total number of alignments: 5
			Looking for the best set of alignments (out of 5 total alignments)
			The best set is below. Score: 1493.0, number of alignments: 5, unaligned bases: 76307
		This contig is misassembled.
		This contig is partially unaligned. (Aligned 1804 out of 78111 non-N bases (2.31%))
			Warning! This contig is more unaligned than misassembled. Contig length is 78111 (number of Ns: 0) and total length of all aligns is 1804
		Alignment: 1 225 | 45465 45689 | 225 225 | 99.56 | GCA_000473245.1_crisprs_GCA_000473245.1_CRISPR_2_from_2119200__ml_ strain22_opera_contig_20
		Alignment: 1319 1834 | 46686 47201 | 516 516 | 95.54 | GCA_000473245.1_crisprs_GCA_000473245.1_CRISPR_2_from_2119200__ml_ strain22_opera_contig_20
		Alignment: 1840 2029 | 47211 47400 | 190 190 | 100.0 | GCA_000473245.1_crisprs_GCA_000473245.1_CRISPR_2_from_2119200__ml_ strain22_opera_contig_20
		Alignment: 2102 2431 | 47401 47730 | 330 330 | 97.58 | GCA_000473245.1_crisprs_GCA_000473245.1_CRISPR_2_from_2119200__ml_ strain22_opera_contig_20
		Alignment: 268 810 | 60833 61375 | 543 543 | 99.26 | GCA_000473245.1_crisprs_GCA_000473245.1_CRISPR_3_from_2134210__ml_ strain22_opera_contig_20
		Unaligned bases: 76307

CONTIG: opera_contig_352786 (592bp)
Best alignment score: 571.0 (LEN: 571, IDY: 100.00), Total number of alignments: 1
			Looking for the best set of alignments (out of 1 total alignments)
			The best set is below. Score: 571.0, number of alignments: 1, unaligned bases: 21
		Alignment: 2540 3110 | 1 571 | 571 571 | 100.0 | GCA_000473245.1_crisprs_GCA_000473245.1_CRISPR_2_from_2119200__ml_ opera_contig_352786

CONTIG: contig_741544 (236311bp)
Best alignment score: 347.0 (LEN: 347, IDY: 100.00), Total number of alignments: 1
			Looking for the best set of alignments (out of 1 total alignments)
			The best set is below. Score: 347.0, number of alignments: 1, unaligned bases: 235964
		This contig is partially unaligned. (Aligned 347 out of 236311 non-N bases (0.15%))
		Alignment: 1 347 | 172822 172476 | 347 347 | 100.0 | GCA_000473245.1_crisprs_GCA_000473245.1_CRISPR_0_from_2720828__crt_ contig_741544
		Unaligned bases: 1 to 172475 (172475)
		Unaligned bases: 172823 to 236311 (63489)

CONTIG: strain22_opera_contig_3 (236311bp)
Best alignment score: 347.0 (LEN: 347, IDY: 100.00), Total number of alignments: 1
			Looking for the best set of alignments (out of 1 total alignments)
			The best set is below. Score: 347.0, number of alignments: 1, unaligned bases: 235964
		This contig is partially unaligned. (Aligned 347 out of 236311 non-N bases (0.15%))
		Alignment: 1 347 | 172822 172476 | 347 347 | 100.0 | GCA_000473245.1_crisprs_GCA_000473245.1_CRISPR_0_from_2720828__crt_ strain22_opera_contig_3
		Unaligned bases: 1 to 172475 (172475)
		Unaligned bases: 172823 to 236311 (63489)

CONTIG: contig_819695 (226018bp)
Best alignment score: 578.0 (LEN: 578, IDY: 100.00), Total number of alignments: 1
			Looking for the best set of alignments (out of 1 total alignments)
			The best set is below. Score: 578.0, number of alignments: 1, unaligned bases: 225440
		This contig is partially unaligned. (Aligned 578 out of 226015 non-N bases (0.26%))
		Alignment: 239 816 | 206475 205898 | 578 578 | 100.0 | GCA_000473245.1_crisprs_GCA_000473245.1_CRISPR_1_from_4678458__crt_ contig_819695
		Unaligned bases: 1 to 205897 (205897)
		Unaligned bases: 206476 to 226018 (19543)

CONTIG: strain22_opera_contig_4 (226018bp)
Best alignment score: 578.0 (LEN: 578, IDY: 100.00), Total number of alignments: 1
			Looking for the best set of alignments (out of 1 total alignments)
			The best set is below. Score: 578.0, number of alignments: 1, unaligned bases: 225440
		This contig is partially unaligned. (Aligned 578 out of 226015 non-N bases (0.26%))
		Alignment: 239 816 | 206475 205898 | 578 578 | 100.0 | GCA_000473245.1_crisprs_GCA_000473245.1_CRISPR_1_from_4678458__crt_ strain22_opera_contig_4
		Unaligned bases: 1 to 205897 (205897)
		Unaligned bases: 206476 to 226018 (19543)

Analyzing coverage...
Writing SNPs into /net/sgi/cami/data/CAMI2/scripts/second_challenge_evaluation/assembly/scripts/data/CRISPR/metaquast_all/runs_per_reference/GCA_000473245.1_crisprs/contigs_reports/minimap_output/A_STAR.used_snps.gz

Analysis is finished!
Founded SNPs were written into /net/sgi/cami/data/CAMI2/scripts/second_challenge_evaluation/assembly/scripts/data/CRISPR/metaquast_all/runs_per_reference/GCA_000473245.1_crisprs/contigs_reports/minimap_output/A_STAR.used_snps.gz

Results:
	Local Misassemblies: 2
	Misassemblies: 0
		Relocations: 0
		Translocations: 0
		Inversions: 0
	Scaffold gap extensive misassemblies: 0
	Scaffold gap local misassemblies: 0
	Misassembled Contigs: 0
	Misassembled Contig Bases: 0
	Misassemblies Inter-Contig Overlap: 0
Unaligned Contigs: 0 + 8 part
Half Unaligned Contigs with Misassemblies: 2
Unaligned Contig Bases: 1077474

Ambiguously Mapped Contigs: 0
Total Bases in Ambiguously Mapped Contigs: 0
Extra Bases in Ambiguously Mapped Contigs: 0
Note that --allow-ambiguity option was set to "one" and only first alignment per each of these contigs was used.

	Covered Bases: 3712

	SNPs: 76
	Insertions: 0
	Deletions: 108

