Aligning contigs to reference...
	Aligning contigs to the reference
Filtering alignments...
Parsing coords...
Loading reference...
	Loaded [GCA_000473245.1_crisprs_GCA_000473245.1_CRISPR_0_from_2720828__crt_]
	Loaded [GCA_000473245.1_crisprs_GCA_000473245.1_CRISPR_1_from_4678458__crt_]
	Loaded [GCA_000473245.1_crisprs_GCA_000473245.1_CRISPR_2_from_2119200__ml_]
	Loaded [GCA_000473245.1_crisprs_GCA_000473245.1_CRISPR_3_from_2134210__ml_]
	Total Regions: 4
	Total Region Length: 5083
Analyzing contigs...
CONTIG: NODE_19778_length_4952_cov_2.591795 (4952bp)
Best alignment score: 345.0 (LEN: 347, IDY: 99.42), Total number of alignments: 1
			Looking for the best set of alignments (out of 1 total alignments)
			The best set is below. Score: 345.0, number of alignments: 1, unaligned bases: 4605
		This contig is partially unaligned. (Aligned 347 out of 4952 non-N bases (7.01%))
		Alignment: 1 347 | 948 1294 | 347 347 | 99.42 | GCA_000473245.1_crisprs_GCA_000473245.1_CRISPR_0_from_2720828__crt_ NODE_19778_length_4952_cov_2.591795
		Unaligned bases: 1 to 947 (947)
		Unaligned bases: 1295 to 4952 (3658)

CONTIG: NODE_126280_length_1784_cov_3.173989 (1784bp)
Best alignment score: 449.0 (LEN: 451, IDY: 99.56), Total number of alignments: 1
			Looking for the best set of alignments (out of 1 total alignments)
			The best set is below. Score: 449.0, number of alignments: 1, unaligned bases: 1333
		This contig is partially unaligned. (Aligned 451 out of 1784 non-N bases (25.28%))
		Alignment: 366 816 | 1784 1334 | 451 451 | 99.56 | GCA_000473245.1_crisprs_GCA_000473245.1_CRISPR_1_from_4678458__crt_ NODE_126280_length_1784_cov_3.173989
		Unaligned bases: 1 to 1333 (1333)

CONTIG: NODE_282321_length_879_cov_3.320449 (879bp)
Best alignment score: 86.0 (LEN: 86, IDY: 100.00), Total number of alignments: 1
			Looking for the best set of alignments (out of 1 total alignments)
			The best set is below. Score: 86.0, number of alignments: 1, unaligned bases: 793
		This contig is partially unaligned. (Aligned 86 out of 879 non-N bases (9.78%))
		Alignment: 1 86 | 794 879 | 86 86 | 100.0 | GCA_000473245.1_crisprs_GCA_000473245.1_CRISPR_1_from_4678458__crt_ NODE_282321_length_879_cov_3.320449
		Unaligned bases: 1 to 793 (793)

CONTIG: NODE_136836_length_1688_cov_3.100559 (1688bp)
Best alignment score: 475.0 (LEN: 484, IDY: 98.14), Total number of alignments: 1
			Looking for the best set of alignments (out of 1 total alignments)
			The best set is below. Score: 475.0, number of alignments: 1, unaligned bases: 1204
		This contig is partially unaligned. (Aligned 484 out of 1688 non-N bases (28.67%))
		Alignment: 2627 3110 | 1 484 | 484 484 | 98.14 | GCA_000473245.1_crisprs_GCA_000473245.1_CRISPR_2_from_2119200__ml_ NODE_136836_length_1688_cov_3.100559
		Unaligned bases: 485 to 1688 (1204)

CONTIG: NODE_222497_length_1133_cov_2.548295 (1133bp)
Best alignment score: 552.0 (LEN: 554, IDY: 99.64), Total number of alignments: 1
			Looking for the best set of alignments (out of 1 total alignments)
			The best set is below. Score: 552.0, number of alignments: 1, unaligned bases: 579
		This contig is partially unaligned. (Aligned 554 out of 1133 non-N bases (48.90%))
		Alignment: 8 561 | 554 1 | 554 554 | 99.64 | GCA_000473245.1_crisprs_GCA_000473245.1_CRISPR_2_from_2119200__ml_ NODE_222497_length_1133_cov_2.548295
		Unaligned bases: 555 to 1133 (579)

CONTIG: NODE_305062_length_800_cov_1.723375 (800bp)
Best alignment score: 165.0 (LEN: 166, IDY: 99.40), Total number of alignments: 1
			Looking for the best set of alignments (out of 1 total alignments)
			The best set is below. Score: 165.0, number of alignments: 1, unaligned bases: 634
		This contig is partially unaligned. (Aligned 166 out of 800 non-N bases (20.75%))
		Alignment: 645 810 | 796 631 | 166 166 | 99.4 | GCA_000473245.1_crisprs_GCA_000473245.1_CRISPR_3_from_2134210__ml_ NODE_305062_length_800_cov_1.723375
		Unaligned bases: 1 to 630 (630)
		Unaligned bases: 797 to 800 (4)

Analyzing coverage...
Writing SNPs into /net/sgi/cami/data/CAMI2/scripts/second_challenge_evaluation/assembly/scripts/data/CRISPR/metaquast_all/runs_per_reference/GCA_000473245.1_crisprs/contigs_reports/minimap_output/SPAdes.used_snps.gz

Analysis is finished!
Founded SNPs were written into /net/sgi/cami/data/CAMI2/scripts/second_challenge_evaluation/assembly/scripts/data/CRISPR/metaquast_all/runs_per_reference/GCA_000473245.1_crisprs/contigs_reports/minimap_output/SPAdes.used_snps.gz

Results:
	Local Misassemblies: 0
	Misassemblies: 0
		Relocations: 0
		Translocations: 0
		Inversions: 0
	Scaffold gap extensive misassemblies: 0
	Scaffold gap local misassemblies: 0
	Misassembled Contigs: 0
	Misassembled Contig Bases: 0
	Misassemblies Inter-Contig Overlap: 0
Unaligned Contigs: 0 + 6 part
Half Unaligned Contigs with Misassemblies: 0
Unaligned Contig Bases: 9148

Ambiguously Mapped Contigs: 0
Total Bases in Ambiguously Mapped Contigs: 0
Extra Bases in Ambiguously Mapped Contigs: 0
Note that --allow-ambiguity option was set to "one" and only first alignment per each of these contigs was used.

	Covered Bases: 2088

	SNPs: 16
	Insertions: 0
	Deletions: 0

