Aligning contigs to reference...
	Aligning contigs to the reference
Filtering alignments...
Parsing coords...
Loading reference...
	Loaded [GCA_000591035.1_crisprs_GCA_000591035.1_CRISPR_0_from_313030__all_]
	Loaded [GCA_000591035.1_crisprs_GCA_000591035.1_CRISPR_1_from_679471__all_]
	Loaded [GCA_000591035.1_crisprs_GCA_000591035.1_CRISPR_2_from_737714__all_]
	Loaded [GCA_000591035.1_crisprs_GCA_000591035.1_CRISPR_3_from_1224281__finder_crt_]
	Total Regions: 4
	Total Region Length: 4642
Analyzing contigs...
CONTIG: 156312 (10423bp)
Best alignment score: 215.0 (LEN: 215, IDY: 100.00), Total number of alignments: 1
			Looking for the best set of alignments (out of 1 total alignments)
			The best set is below. Score: 215.0, number of alignments: 1, unaligned bases: 10208
		This contig is partially unaligned. (Aligned 215 out of 10423 non-N bases (2.06%))
		Alignment: 1 215 | 10313 10099 | 215 215 | 100.0 | GCA_000591035.1_crisprs_GCA_000591035.1_CRISPR_3_from_1224281__finder_crt_ 156312
		Unaligned bases: 1 to 10098 (10098)
		Unaligned bases: 10314 to 10423 (110)

CONTIG: 162676 (108667bp)
Best alignment score: 2186.9 (LEN: 2188, IDY: 99.95), Total number of alignments: 2
			Looking for the best set of alignments (out of 2 total alignments)
			The best set is below. Score: 2975.9, number of alignments: 2, unaligned bases: 105439
		This contig is misassembled.
		This contig is partially unaligned. (Aligned 3228 out of 108667 non-N bases (2.97%))
			Warning! This contig is more unaligned than misassembled. Contig length is 108667 (number of Ns: 0) and total length of all aligns is 3228
		Alignment: 1 2188 | 50230 48043 | 2188 2188 | 99.95 | GCA_000591035.1_crisprs_GCA_000591035.1_CRISPR_2_from_737714__all_ 162676
		Alignment: 1 1040 | 108473 107434 | 1040 1040 | 100.0 | GCA_000591035.1_crisprs_GCA_000591035.1_CRISPR_1_from_679471__all_ 162676
		Unaligned bases: 105439

CONTIG: 170233 (23630bp)
Best alignment score: 1199.0 (LEN: 1199, IDY: 100.00), Total number of alignments: 1
			Looking for the best set of alignments (out of 1 total alignments)
			The best set is below. Score: 1199.0, number of alignments: 1, unaligned bases: 22431
		This contig is partially unaligned. (Aligned 1199 out of 23630 non-N bases (5.07%))
		Alignment: 1 1199 | 111 1309 | 1199 1199 | 100.0 | GCA_000591035.1_crisprs_GCA_000591035.1_CRISPR_0_from_313030__all_ 170233
		Unaligned bases: 1 to 110 (110)
		Unaligned bases: 1310 to 23630 (22321)

Analyzing coverage...
Writing SNPs into /net/sgi/cami/data/CAMI2/scripts/second_challenge_evaluation/assembly/scripts/data/CRISPR/metaquast_all/runs_per_reference/GCA_000591035.1_crisprs/contigs_reports/minimap_output/Miniasm.used_snps.gz

Analysis is finished!
Founded SNPs were written into /net/sgi/cami/data/CAMI2/scripts/second_challenge_evaluation/assembly/scripts/data/CRISPR/metaquast_all/runs_per_reference/GCA_000591035.1_crisprs/contigs_reports/minimap_output/Miniasm.used_snps.gz

Results:
	Local Misassemblies: 0
	Misassemblies: 0
		Relocations: 0
		Translocations: 0
		Inversions: 0
	Scaffold gap extensive misassemblies: 0
	Scaffold gap local misassemblies: 0
	Misassembled Contigs: 0
	Misassembled Contig Bases: 0
	Misassemblies Inter-Contig Overlap: 0
Unaligned Contigs: 0 + 3 part
Half Unaligned Contigs with Misassemblies: 1
Unaligned Contig Bases: 138078

Ambiguously Mapped Contigs: 0
Total Bases in Ambiguously Mapped Contigs: 0
Extra Bases in Ambiguously Mapped Contigs: 0
Note that --allow-ambiguity option was set to "one" and only first alignment per each of these contigs was used.

	Covered Bases: 4642

	SNPs: 1
	Insertions: 0
	Deletions: 0

