Aligning contigs to reference...
	Aligning contigs to the reference
Filtering alignments...
Parsing coords...
Loading reference...
	Loaded [GCA_000591035.1_crisprs_GCA_000591035.1_CRISPR_0_from_313030__all_]
	Loaded [GCA_000591035.1_crisprs_GCA_000591035.1_CRISPR_1_from_679471__all_]
	Loaded [GCA_000591035.1_crisprs_GCA_000591035.1_CRISPR_2_from_737714__all_]
	Loaded [GCA_000591035.1_crisprs_GCA_000591035.1_CRISPR_3_from_1224281__finder_crt_]
	Total Regions: 4
	Total Region Length: 4642
Analyzing contigs...
CONTIG: contig_430887 (30470bp)
Best alignment score: 1199.0 (LEN: 1199, IDY: 100.00), Total number of alignments: 1
			Looking for the best set of alignments (out of 1 total alignments)
			The best set is below. Score: 1199.0, number of alignments: 1, unaligned bases: 29271
		This contig is partially unaligned. (Aligned 1199 out of 30470 non-N bases (3.94%))
		Alignment: 1 1199 | 168 1366 | 1199 1199 | 100.0 | GCA_000591035.1_crisprs_GCA_000591035.1_CRISPR_0_from_313030__all_ contig_430887
		Unaligned bases: 1 to 167 (167)
		Unaligned bases: 1367 to 30470 (29104)

CONTIG: strain32_opera_contig_14 (30470bp)
Best alignment score: 1199.0 (LEN: 1199, IDY: 100.00), Total number of alignments: 1
			Looking for the best set of alignments (out of 1 total alignments)
			The best set is below. Score: 1199.0, number of alignments: 1, unaligned bases: 29271
		This contig is partially unaligned. (Aligned 1199 out of 30470 non-N bases (3.94%))
		Alignment: 1 1199 | 168 1366 | 1199 1199 | 100.0 | GCA_000591035.1_crisprs_GCA_000591035.1_CRISPR_0_from_313030__all_ strain32_opera_contig_14
		Unaligned bases: 1 to 167 (167)
		Unaligned bases: 1367 to 30470 (29104)

CONTIG: contig_481460 (967bp)
Best alignment score: 965.0 (LEN: 967, IDY: 99.79), Total number of alignments: 1
		One align captures most of this contig: 177 1143 | 1 967 | 967 967 | 99.79 | GCA_000591035.1_crisprs_GCA_000591035.1_CRISPR_2_from_737714__all_ contig_481460

CONTIG: contig_488607 (50742bp)
Best alignment score: 948.0 (LEN: 954, IDY: 99.37), Total number of alignments: 2
			Looking for the best set of alignments (out of 2 total alignments)
			The best set is below. Score: 1134.2, number of alignments: 2, unaligned bases: 49601
		This contig is misassembled.
		This contig is partially unaligned. (Aligned 1141 out of 50742 non-N bases (2.25%))
			Warning! This contig is more unaligned than misassembled. Contig length is 50742 (number of Ns: 0) and total length of all aligns is 1141
		Alignment: 1 225 | 26583 26807 | 225 225 | 99.56 | GCA_000591035.1_crisprs_GCA_000591035.1_CRISPR_2_from_737714__all_ contig_488607
		Alignment: 1235 2188 | 26770 27723 | 954 954 | 99.37 | GCA_000591035.1_crisprs_GCA_000591035.1_CRISPR_2_from_737714__all_ contig_488607
		Unaligned bases: 49601

CONTIG: opera_contig_180527 (967bp)
Best alignment score: 965.0 (LEN: 967, IDY: 99.79), Total number of alignments: 1
		One align captures most of this contig: 177 1143 | 1 967 | 967 967 | 99.79 | GCA_000591035.1_crisprs_GCA_000591035.1_CRISPR_2_from_737714__all_ opera_contig_180527

CONTIG: opera_contig_317 (50742bp)
Best alignment score: 948.0 (LEN: 954, IDY: 99.37), Total number of alignments: 2
			Looking for the best set of alignments (out of 2 total alignments)
			The best set is below. Score: 1134.2, number of alignments: 2, unaligned bases: 49601
		This contig is misassembled.
		This contig is partially unaligned. (Aligned 1141 out of 50742 non-N bases (2.25%))
			Warning! This contig is more unaligned than misassembled. Contig length is 50742 (number of Ns: 0) and total length of all aligns is 1141
		Alignment: 1 225 | 26583 26807 | 225 225 | 99.56 | GCA_000591035.1_crisprs_GCA_000591035.1_CRISPR_2_from_737714__all_ opera_contig_317
		Alignment: 1235 2188 | 26770 27723 | 954 954 | 99.37 | GCA_000591035.1_crisprs_GCA_000591035.1_CRISPR_2_from_737714__all_ opera_contig_317
		Unaligned bases: 49601

CONTIG: contig_528765 (21942bp)
Best alignment score: 215.0 (LEN: 215, IDY: 100.00), Total number of alignments: 1
			Looking for the best set of alignments (out of 1 total alignments)
			The best set is below. Score: 215.0, number of alignments: 1, unaligned bases: 21727
		This contig is partially unaligned. (Aligned 215 out of 21942 non-N bases (0.98%))
		Alignment: 1 215 | 168 382 | 215 215 | 100.0 | GCA_000591035.1_crisprs_GCA_000591035.1_CRISPR_3_from_1224281__finder_crt_ contig_528765
		Unaligned bases: 1 to 167 (167)
		Unaligned bases: 383 to 21942 (21560)

CONTIG: strain32_opera_contig_23 (21942bp)
Best alignment score: 215.0 (LEN: 215, IDY: 100.00), Total number of alignments: 1
			Looking for the best set of alignments (out of 1 total alignments)
			The best set is below. Score: 215.0, number of alignments: 1, unaligned bases: 21727
		This contig is partially unaligned. (Aligned 215 out of 21942 non-N bases (0.98%))
		Alignment: 1 215 | 168 382 | 215 215 | 100.0 | GCA_000591035.1_crisprs_GCA_000591035.1_CRISPR_3_from_1224281__finder_crt_ strain32_opera_contig_23
		Unaligned bases: 1 to 167 (167)
		Unaligned bases: 383 to 21942 (21560)

CONTIG: contig_586530 (31879bp)
Best alignment score: 1040.0 (LEN: 1040, IDY: 100.00), Total number of alignments: 1
			Looking for the best set of alignments (out of 1 total alignments)
			The best set is below. Score: 1040.0, number of alignments: 1, unaligned bases: 30839
		This contig is partially unaligned. (Aligned 1040 out of 31879 non-N bases (3.26%))
		Alignment: 1 1040 | 31795 30756 | 1040 1040 | 100.0 | GCA_000591035.1_crisprs_GCA_000591035.1_CRISPR_1_from_679471__all_ contig_586530
		Unaligned bases: 1 to 30755 (30755)
		Unaligned bases: 31796 to 31879 (84)

CONTIG: opera_contig_996 (31879bp)
Best alignment score: 1040.0 (LEN: 1040, IDY: 100.00), Total number of alignments: 1
			Looking for the best set of alignments (out of 1 total alignments)
			The best set is below. Score: 1040.0, number of alignments: 1, unaligned bases: 30839
		This contig is partially unaligned. (Aligned 1040 out of 31879 non-N bases (3.26%))
		Alignment: 1 1040 | 31795 30756 | 1040 1040 | 100.0 | GCA_000591035.1_crisprs_GCA_000591035.1_CRISPR_1_from_679471__all_ opera_contig_996
		Unaligned bases: 1 to 30755 (30755)
		Unaligned bases: 31796 to 31879 (84)

Analyzing coverage...
Writing SNPs into /net/sgi/cami/data/CAMI2/scripts/second_challenge_evaluation/assembly/scripts/data/CRISPR/metaquast_all/runs_per_reference/GCA_000591035.1_crisprs/contigs_reports/minimap_output/A_STAR.used_snps.gz

Analysis is finished!
Founded SNPs were written into /net/sgi/cami/data/CAMI2/scripts/second_challenge_evaluation/assembly/scripts/data/CRISPR/metaquast_all/runs_per_reference/GCA_000591035.1_crisprs/contigs_reports/minimap_output/A_STAR.used_snps.gz

Results:
	Local Misassemblies: 0
	Misassemblies: 0
		Relocations: 0
		Translocations: 0
		Inversions: 0
	Scaffold gap extensive misassemblies: 0
	Scaffold gap local misassemblies: 0
	Misassembled Contigs: 0
	Misassembled Contig Bases: 0
	Misassemblies Inter-Contig Overlap: 0
Unaligned Contigs: 0 + 8 part
Half Unaligned Contigs with Misassemblies: 2
Unaligned Contig Bases: 262876

Ambiguously Mapped Contigs: 0
Total Bases in Ambiguously Mapped Contigs: 0
Extra Bases in Ambiguously Mapped Contigs: 0
Note that --allow-ambiguity option was set to "one" and only first alignment per each of these contigs was used.

	Covered Bases: 4551

	SNPs: 18
	Insertions: 0
	Deletions: 0

