Aligning contigs to reference...
	Aligning contigs to the reference
Filtering alignments...
Parsing coords...
Loading reference...
	Loaded [GCA_000591035.1_crisprs_GCA_000591035.1_CRISPR_0_from_313030__all_]
	Loaded [GCA_000591035.1_crisprs_GCA_000591035.1_CRISPR_1_from_679471__all_]
	Loaded [GCA_000591035.1_crisprs_GCA_000591035.1_CRISPR_2_from_737714__all_]
	Loaded [GCA_000591035.1_crisprs_GCA_000591035.1_CRISPR_3_from_1224281__finder_crt_]
	Total Regions: 4
	Total Region Length: 4642
Analyzing contigs...
CONTIG: opera_contig_3448 (37923bp)
Best alignment score: 2183.0 (LEN: 2188, IDY: 99.77), Total number of alignments: 1
			Looking for the best set of alignments (out of 1 total alignments)
			The best set is below. Score: 2183.0, number of alignments: 1, unaligned bases: 35735
		This contig is partially unaligned. (Aligned 2188 out of 37923 non-N bases (5.77%))
		Alignment: 1 2188 | 31525 33712 | 2188 2188 | 99.77 | GCA_000591035.1_crisprs_GCA_000591035.1_CRISPR_2_from_737714__all_ opera_contig_3448
		Unaligned bases: 1 to 31524 (31524)
		Unaligned bases: 33713 to 37923 (4211)

CONTIG: opera_contig_7183 (21739bp)
Best alignment score: 213.0 (LEN: 213, IDY: 100.00), Total number of alignments: 1
			Looking for the best set of alignments (out of 1 total alignments)
			The best set is below. Score: 213.0, number of alignments: 1, unaligned bases: 21526
		This contig is partially unaligned. (Aligned 213 out of 21739 non-N bases (0.98%))
		Alignment: 3 215 | 21628 21416 | 213 213 | 100.0 | GCA_000591035.1_crisprs_GCA_000591035.1_CRISPR_3_from_1224281__finder_crt_ opera_contig_7183
		Unaligned bases: 1 to 21415 (21415)
		Unaligned bases: 21629 to 21739 (111)

CONTIG: opera_contig_10564 (15970bp)
Best alignment score: 1039.0 (LEN: 1040, IDY: 99.90), Total number of alignments: 1
			Looking for the best set of alignments (out of 1 total alignments)
			The best set is below. Score: 1039.0, number of alignments: 1, unaligned bases: 14930
		This contig is partially unaligned. (Aligned 1040 out of 15970 non-N bases (6.51%))
		Alignment: 1 1040 | 15795 14756 | 1040 1040 | 99.9 | GCA_000591035.1_crisprs_GCA_000591035.1_CRISPR_1_from_679471__all_ opera_contig_10564
		Unaligned bases: 1 to 14755 (14755)
		Unaligned bases: 15796 to 15970 (175)

CONTIG: opera_contig_11237 (15197bp)
Best alignment score: 1199.0 (LEN: 1199, IDY: 100.00), Total number of alignments: 1
			Looking for the best set of alignments (out of 1 total alignments)
			The best set is below. Score: 1199.0, number of alignments: 1, unaligned bases: 13998
		This contig is partially unaligned. (Aligned 1199 out of 15197 non-N bases (7.89%))
		Alignment: 1 1199 | 175 1373 | 1199 1199 | 100.0 | GCA_000591035.1_crisprs_GCA_000591035.1_CRISPR_0_from_313030__all_ opera_contig_11237
		Unaligned bases: 1 to 174 (174)
		Unaligned bases: 1374 to 15197 (13824)

Analyzing coverage...
Writing SNPs into /net/sgi/cami/data/CAMI2/scripts/second_challenge_evaluation/assembly/scripts/data/CRISPR/metaquast_all/runs_per_reference/GCA_000591035.1_crisprs/contigs_reports/minimap_output/OPERA_MS_inhouse.used_snps.gz

Analysis is finished!
Founded SNPs were written into /net/sgi/cami/data/CAMI2/scripts/second_challenge_evaluation/assembly/scripts/data/CRISPR/metaquast_all/runs_per_reference/GCA_000591035.1_crisprs/contigs_reports/minimap_output/OPERA_MS_inhouse.used_snps.gz

Results:
	Local Misassemblies: 0
	Misassemblies: 0
		Relocations: 0
		Translocations: 0
		Inversions: 0
	Scaffold gap extensive misassemblies: 0
	Scaffold gap local misassemblies: 0
	Misassembled Contigs: 0
	Misassembled Contig Bases: 0
	Misassemblies Inter-Contig Overlap: 0
Unaligned Contigs: 0 + 4 part
Half Unaligned Contigs with Misassemblies: 0
Unaligned Contig Bases: 86189

Ambiguously Mapped Contigs: 0
Total Bases in Ambiguously Mapped Contigs: 0
Extra Bases in Ambiguously Mapped Contigs: 0
Note that --allow-ambiguity option was set to "one" and only first alignment per each of these contigs was used.

	Covered Bases: 4640

	SNPs: 6
	Insertions: 0
	Deletions: 0

