Aligning contigs to reference...
	Aligning contigs to the reference
Filtering alignments...
Parsing coords...
Loading reference...
	Loaded [GCA_000626635.1_crisprs_GCA_000626635.1_CRISPR_1]
	Total Regions: 1
	Total Region Length: 298
Analyzing contigs...
CONTIG: NODE_1074_length_82233_cov_11.918750 (82233bp)
Best alignment score: 298.0 (LEN: 298, IDY: 100.00), Total number of alignments: 1
			Looking for the best set of alignments (out of 1 total alignments)
			The best set is below. Score: 298.0, number of alignments: 1, unaligned bases: 81935
		This contig is partially unaligned. (Aligned 298 out of 82233 non-N bases (0.36%))
		Alignment: 1 298 | 57886 58183 | 298 298 | 100.0 | GCA_000626635.1_crisprs_GCA_000626635.1_CRISPR_1 NODE_1074_length_82233_cov_11.918750
		Unaligned bases: 1 to 57885 (57885)
		Unaligned bases: 58184 to 82233 (24050)

CONTIG: NODE_1048_length_71378_cov_8.907196 (71378bp)
Best alignment score: 298.0 (LEN: 298, IDY: 100.00), Total number of alignments: 1
			Looking for the best set of alignments (out of 1 total alignments)
			The best set is below. Score: 298.0, number of alignments: 1, unaligned bases: 71080
		This contig is partially unaligned. (Aligned 298 out of 71378 non-N bases (0.42%))
		Alignment: 1 298 | 5620 5917 | 298 298 | 100.0 | GCA_000626635.1_crisprs_GCA_000626635.1_CRISPR_1 NODE_1048_length_71378_cov_8.907196
		Unaligned bases: 1 to 5619 (5619)
		Unaligned bases: 5918 to 71378 (65461)

CONTIG: NODE_1075_length_82233_cov_11.940020 (82233bp)
Best alignment score: 298.0 (LEN: 298, IDY: 100.00), Total number of alignments: 1
			Looking for the best set of alignments (out of 1 total alignments)
			The best set is below. Score: 298.0, number of alignments: 1, unaligned bases: 81935
		This contig is partially unaligned. (Aligned 298 out of 82233 non-N bases (0.36%))
		Alignment: 1 298 | 57886 58183 | 298 298 | 100.0 | GCA_000626635.1_crisprs_GCA_000626635.1_CRISPR_1 NODE_1075_length_82233_cov_11.940020
		Unaligned bases: 1 to 57885 (57885)
		Unaligned bases: 58184 to 82233 (24050)

Analyzing coverage...
Writing SNPs into /net/sgi/cami/data/CAMI2/scripts/second_challenge_evaluation/assembly/scripts/data/CRISPR/metaquast/runs_per_reference/GCA_000626635.1_crisprs/contigs_reports/minimap_output/metaSPAdes.used_snps.gz

Analysis is finished!
Founded SNPs were written into /net/sgi/cami/data/CAMI2/scripts/second_challenge_evaluation/assembly/scripts/data/CRISPR/metaquast/runs_per_reference/GCA_000626635.1_crisprs/contigs_reports/minimap_output/metaSPAdes.used_snps.gz

Results:
	Local Misassemblies: 0
	Misassemblies: 0
		Relocations: 0
		Translocations: 0
		Inversions: 0
	Scaffold gap extensive misassemblies: 0
	Scaffold gap local misassemblies: 0
	Misassembled Contigs: 0
	Misassembled Contig Bases: 0
	Misassemblies Inter-Contig Overlap: 0
Unaligned Contigs: 0 + 3 part
Half Unaligned Contigs with Misassemblies: 0
Unaligned Contig Bases: 234950

Ambiguously Mapped Contigs: 0
Total Bases in Ambiguously Mapped Contigs: 0
Extra Bases in Ambiguously Mapped Contigs: 0
Note that --allow-ambiguity option was set to "one" and only first alignment per each of these contigs was used.

	Covered Bases: 298

	SNPs: 0
	Insertions: 0
	Deletions: 0

