Aligning contigs to reference...
	Aligning contigs to the reference
Filtering alignments...
Parsing coords...
Loading reference...
	Loaded [GCA_000626635.1_crisprs_GCA_000626635.1_CRISPR_1]
	Total Regions: 1
	Total Region Length: 298
Analyzing contigs...
CONTIG: PC84073 (5132065bp)
Best alignment score: 298.0 (LEN: 298, IDY: 100.00), Total number of alignments: 1
			Looking for the best set of alignments (out of 1 total alignments)
			The best set is below. Score: 298.0, number of alignments: 1, unaligned bases: 5131767
		This contig is partially unaligned. (Aligned 298 out of 5132065 non-N bases (0.01%))
		Alignment: 1 298 | 4017666 4017963 | 298 298 | 100.0 | GCA_000626635.1_crisprs_GCA_000626635.1_CRISPR_1 PC84073
		Unaligned bases: 1 to 4017665 (4017665)
		Unaligned bases: 4017964 to 5132065 (1114102)

Analyzing coverage...
Writing SNPs into /net/sgi/cami/data/CAMI2/scripts/second_challenge_evaluation/assembly/scripts/data/CRISPR/metaquast/runs_per_reference/GCA_000626635.1_crisprs/contigs_reports/minimap_output/marmgCAMI2.used_snps.gz

Analysis is finished!
Founded SNPs were written into /net/sgi/cami/data/CAMI2/scripts/second_challenge_evaluation/assembly/scripts/data/CRISPR/metaquast/runs_per_reference/GCA_000626635.1_crisprs/contigs_reports/minimap_output/marmgCAMI2.used_snps.gz

Results:
	Local Misassemblies: 0
	Misassemblies: 0
		Relocations: 0
		Translocations: 0
		Inversions: 0
	Scaffold gap extensive misassemblies: 0
	Scaffold gap local misassemblies: 0
	Misassembled Contigs: 0
	Misassembled Contig Bases: 0
	Misassemblies Inter-Contig Overlap: 0
Unaligned Contigs: 0 + 1 part
Half Unaligned Contigs with Misassemblies: 0
Unaligned Contig Bases: 5131767

Ambiguously Mapped Contigs: 0
Total Bases in Ambiguously Mapped Contigs: 0
Extra Bases in Ambiguously Mapped Contigs: 0
Note that --allow-ambiguity option was set to "one" and only first alignment per each of these contigs was used.

	Covered Bases: 298

	SNPs: 0
	Insertions: 0
	Deletions: 0

