Aligning contigs to reference...
	Aligning contigs to the reference
Filtering alignments...
Parsing coords...
Loading reference...
	Loaded [GCA_000725425.1_crisprs_GCA_000725425.1_CRISPR_1]
	Loaded [GCA_000725425.1_crisprs_GCA_000725425.1_CRISPR_2]
	Loaded [GCA_000725425.1_crisprs_GCA_000725425.1_CRISPR_3]
	Total Regions: 3
	Total Region Length: 7308
Analyzing contigs...
CONTIG: NODE_25_length_1091680_cov_73.518786 (1091680bp)
Best alignment score: 2095.0 (LEN: 2095, IDY: 100.00), Total number of alignments: 2
			Looking for the best set of alignments (out of 2 total alignments)
			The best set is below. Score: 3620.0, number of alignments: 2, unaligned bases: 1087809
		This contig is misassembled.
		This contig is partially unaligned. (Aligned 3871 out of 1091680 non-N bases (0.35%))
			Warning! This contig is more unaligned than misassembled. Contig length is 1091680 (number of Ns: 0) and total length of all aligns is 3871
		Alignment: 1 2095 | 432947 430853 | 2095 2095 | 100.0 | GCA_000725425.1_crisprs_GCA_000725425.1_CRISPR_3 NODE_25_length_1091680_cov_73.518786
		Alignment: 1 1776 | 855436 853661 | 1776 1776 | 100.0 | GCA_000725425.1_crisprs_GCA_000725425.1_CRISPR_2 NODE_25_length_1091680_cov_73.518786
		Unaligned bases: 1087809

CONTIG: NODE_40_length_763029_cov_73.136972 (763029bp)
Best alignment score: 3470.0 (LEN: 3470, IDY: 100.00), Total number of alignments: 1
			Looking for the best set of alignments (out of 1 total alignments)
			The best set is below. Score: 3470.0, number of alignments: 1, unaligned bases: 759559
		This contig is partially unaligned. (Aligned 3470 out of 762929 non-N bases (0.45%))
		Alignment: 1 3437 | 735978 739447 | 3437 3470 | 100.0 | GCA_000725425.1_crisprs_GCA_000725425.1_CRISPR_1 NODE_40_length_763029_cov_73.136972
		Unaligned bases: 1 to 735977 (735977)
		Unaligned bases: 739448 to 763029 (23582)

Analyzing coverage...
Writing SNPs into /net/sgi/cami/data/CAMI2/scripts/second_challenge_evaluation/assembly/scripts/data/CRISPR/metaquast/runs_per_reference/GCA_000725425.1_crisprs/contigs_reports/minimap_output/SPAdes.used_snps.gz

Analysis is finished!
Founded SNPs were written into /net/sgi/cami/data/CAMI2/scripts/second_challenge_evaluation/assembly/scripts/data/CRISPR/metaquast/runs_per_reference/GCA_000725425.1_crisprs/contigs_reports/minimap_output/SPAdes.used_snps.gz

Results:
	Local Misassemblies: 0
	Misassemblies: 0
		Relocations: 0
		Translocations: 0
		Inversions: 0
	Scaffold gap extensive misassemblies: 0
	Scaffold gap local misassemblies: 0
	Misassembled Contigs: 0
	Misassembled Contig Bases: 0
	Misassemblies Inter-Contig Overlap: 0
Unaligned Contigs: 0 + 2 part
Half Unaligned Contigs with Misassemblies: 1
Unaligned Contig Bases: 1847368

Ambiguously Mapped Contigs: 0
Total Bases in Ambiguously Mapped Contigs: 0
Extra Bases in Ambiguously Mapped Contigs: 0
Note that --allow-ambiguity option was set to "one" and only first alignment per each of these contigs was used.

	Covered Bases: 7308

	SNPs: 0
	Insertions: 33
	Deletions: 0

