Aligning contigs to reference...
	Aligning contigs to the reference
Filtering alignments...
Parsing coords...
Loading reference...
	Loaded [GCA_000725425.1_crisprs_GCA_000725425.1_CRISPR_1]
	Loaded [GCA_000725425.1_crisprs_GCA_000725425.1_CRISPR_2]
	Loaded [GCA_000725425.1_crisprs_GCA_000725425.1_CRISPR_3]
	Total Regions: 3
	Total Region Length: 7308
Analyzing contigs...
CONTIG: utg000009l (2428999bp)
Best alignment score: 1932.0 (LEN: 1933, IDY: 99.95), Total number of alignments: 3
			Looking for the best set of alignments (out of 3 total alignments)
			The best set is below. Score: 2680.0, number of alignments: 3, unaligned bases: 2426294
		This contig is misassembled.
		This contig is partially unaligned. (Aligned 2705 out of 2428999 non-N bases (0.11%))
			Warning! This contig is more unaligned than misassembled. Contig length is 2428999 (number of Ns: 0) and total length of all aligns is 2705
		Alignment: 1 650 | 736243 736892 | 650 650 | 100.0 | GCA_000725425.1_crisprs_GCA_000725425.1_CRISPR_1 utg000009l
		Alignment: 1112 3045 | 737396 739328 | 1934 1933 | 99.95 | GCA_000725425.1_crisprs_GCA_000725425.1_CRISPR_1 utg000009l
		Alignment: 3316 3437 | 739602 739723 | 122 122 | 100.0 | GCA_000725425.1_crisprs_GCA_000725425.1_CRISPR_1 utg000009l
		Unaligned bases: 2426294

CONTIG: utg000009l_1 (2428999bp)
Best alignment score: 1932.0 (LEN: 1933, IDY: 99.95), Total number of alignments: 3
			Looking for the best set of alignments (out of 3 total alignments)
			The best set is below. Score: 2680.0, number of alignments: 3, unaligned bases: 2426294
		This contig is misassembled.
		This contig is partially unaligned. (Aligned 2705 out of 2428999 non-N bases (0.11%))
			Warning! This contig is more unaligned than misassembled. Contig length is 2428999 (number of Ns: 0) and total length of all aligns is 2705
		Alignment: 1 650 | 736243 736892 | 650 650 | 100.0 | GCA_000725425.1_crisprs_GCA_000725425.1_CRISPR_1 utg000009l_1
		Alignment: 1112 3045 | 737396 739328 | 1934 1933 | 99.95 | GCA_000725425.1_crisprs_GCA_000725425.1_CRISPR_1 utg000009l_1
		Alignment: 3316 3437 | 739602 739723 | 122 122 | 100.0 | GCA_000725425.1_crisprs_GCA_000725425.1_CRISPR_1 utg000009l_1
		Unaligned bases: 2426294

CONTIG: utg000009l_2 (2428999bp)
Best alignment score: 1932.0 (LEN: 1933, IDY: 99.95), Total number of alignments: 3
			Looking for the best set of alignments (out of 3 total alignments)
			The best set is below. Score: 2680.0, number of alignments: 3, unaligned bases: 2426294
		This contig is misassembled.
		This contig is partially unaligned. (Aligned 2705 out of 2428999 non-N bases (0.11%))
			Warning! This contig is more unaligned than misassembled. Contig length is 2428999 (number of Ns: 0) and total length of all aligns is 2705
		Alignment: 1 650 | 736243 736892 | 650 650 | 100.0 | GCA_000725425.1_crisprs_GCA_000725425.1_CRISPR_1 utg000009l_2
		Alignment: 1112 3045 | 737396 739328 | 1934 1933 | 99.95 | GCA_000725425.1_crisprs_GCA_000725425.1_CRISPR_1 utg000009l_2
		Alignment: 3316 3437 | 739602 739723 | 122 122 | 100.0 | GCA_000725425.1_crisprs_GCA_000725425.1_CRISPR_1 utg000009l_2
		Unaligned bases: 2426294

CONTIG: utg000090l (1094893bp)
Best alignment score: 2007.3 (LEN: 2105, IDY: 95.36), Total number of alignments: 2
			Looking for the best set of alignments (out of 2 total alignments)
			The best set is below. Score: 3532.3, number of alignments: 2, unaligned bases: 1091012
		This contig is misassembled.
		This contig is partially unaligned. (Aligned 3881 out of 1094893 non-N bases (0.35%))
			Warning! This contig is more unaligned than misassembled. Contig length is 1094893 (number of Ns: 0) and total length of all aligns is 3881
		Alignment: 1 2095 | 432970 430866 | 2095 2105 | 95.36 | GCA_000725425.1_crisprs_GCA_000725425.1_CRISPR_3 utg000090l
		Alignment: 1 1776 | 855410 853635 | 1776 1776 | 100.0 | GCA_000725425.1_crisprs_GCA_000725425.1_CRISPR_2 utg000090l
		Unaligned bases: 1091012

Analyzing coverage...
Writing SNPs into /net/sgi/cami/data/CAMI2/scripts/second_challenge_evaluation/assembly/scripts/data/CRISPR/metaquast/runs_per_reference/GCA_000725425.1_crisprs/contigs_reports/minimap_output/Miniasm.used_snps.gz

Analysis is finished!
Founded SNPs were written into /net/sgi/cami/data/CAMI2/scripts/second_challenge_evaluation/assembly/scripts/data/CRISPR/metaquast/runs_per_reference/GCA_000725425.1_crisprs/contigs_reports/minimap_output/Miniasm.used_snps.gz

Results:
	Local Misassemblies: 0
	Misassemblies: 0
		Relocations: 0
		Translocations: 0
		Inversions: 0
	Scaffold gap extensive misassemblies: 0
	Scaffold gap local misassemblies: 0
	Misassembled Contigs: 0
	Misassembled Contig Bases: 0
	Misassemblies Inter-Contig Overlap: 0
Unaligned Contigs: 0 + 4 part
Half Unaligned Contigs with Misassemblies: 4
Unaligned Contig Bases: 8369894

Ambiguously Mapped Contigs: 0
Total Bases in Ambiguously Mapped Contigs: 0
Extra Bases in Ambiguously Mapped Contigs: 0
Note that --allow-ambiguity option was set to "one" and only first alignment per each of these contigs was used.

	Covered Bases: 6577

	SNPs: 31
	Insertions: 39
	Deletions: 32

