Aligning contigs to reference...
	Aligning contigs to the reference
Filtering alignments...
Parsing coords...
Loading reference...
	Loaded [GCA_000725425.1_crisprs_GCA_000725425.1_CRISPR_1]
	Loaded [GCA_000725425.1_crisprs_GCA_000725425.1_CRISPR_2]
	Loaded [GCA_000725425.1_crisprs_GCA_000725425.1_CRISPR_3]
	Total Regions: 3
	Total Region Length: 7308
Analyzing contigs...
CONTIG: NODE_9_length_762974_cov_99.039998 (762974bp)
Best alignment score: 3437.0 (LEN: 3437, IDY: 100.00), Total number of alignments: 1
			Looking for the best set of alignments (out of 1 total alignments)
			The best set is below. Score: 3437.0, number of alignments: 1, unaligned bases: 759537
		This contig is partially unaligned. (Aligned 3437 out of 762974 non-N bases (0.45%))
		Alignment: 1 3437 | 26997 23561 | 3437 3437 | 100.0 | GCA_000725425.1_crisprs_GCA_000725425.1_CRISPR_1 NODE_9_length_762974_cov_99.039998
		Unaligned bases: 1 to 23560 (23560)
		Unaligned bases: 26998 to 762974 (735977)

CONTIG: NODE_14_length_762996_cov_74.408864 (762996bp)
Best alignment score: 3437.0 (LEN: 3437, IDY: 100.00), Total number of alignments: 1
			Looking for the best set of alignments (out of 1 total alignments)
			The best set is below. Score: 3437.0, number of alignments: 1, unaligned bases: 759559
		This contig is partially unaligned. (Aligned 3437 out of 762996 non-N bases (0.45%))
		Alignment: 1 3437 | 27019 23583 | 3437 3437 | 100.0 | GCA_000725425.1_crisprs_GCA_000725425.1_CRISPR_1 NODE_14_length_762996_cov_74.408864
		Unaligned bases: 1 to 23582 (23582)
		Unaligned bases: 27020 to 762996 (735977)

CONTIG: NODE_7_length_762974_cov_99.068779 (762974bp)
Best alignment score: 3437.0 (LEN: 3437, IDY: 100.00), Total number of alignments: 1
			Looking for the best set of alignments (out of 1 total alignments)
			The best set is below. Score: 3437.0, number of alignments: 1, unaligned bases: 759537
		This contig is partially unaligned. (Aligned 3437 out of 762974 non-N bases (0.45%))
		Alignment: 1 3437 | 26997 23561 | 3437 3437 | 100.0 | GCA_000725425.1_crisprs_GCA_000725425.1_CRISPR_1 NODE_7_length_762974_cov_99.068779
		Unaligned bases: 1 to 23560 (23560)
		Unaligned bases: 26998 to 762974 (735977)

CONTIG: NODE_36_length_504133_cov_99.090222 (504133bp)
Best alignment score: 1776.0 (LEN: 1776, IDY: 100.00), Total number of alignments: 1
			Looking for the best set of alignments (out of 1 total alignments)
			The best set is below. Score: 1776.0, number of alignments: 1, unaligned bases: 502357
		This contig is partially unaligned. (Aligned 1776 out of 504133 non-N bases (0.35%))
		Alignment: 1 1776 | 267911 266136 | 1776 1776 | 100.0 | GCA_000725425.1_crisprs_GCA_000725425.1_CRISPR_2 NODE_36_length_504133_cov_99.090222
		Unaligned bases: 1 to 266135 (266135)
		Unaligned bases: 267912 to 504133 (236222)

CONTIG: NODE_23_length_504155_cov_74.417342 (504155bp)
Best alignment score: 1776.0 (LEN: 1776, IDY: 100.00), Total number of alignments: 1
			Looking for the best set of alignments (out of 1 total alignments)
			The best set is below. Score: 1776.0, number of alignments: 1, unaligned bases: 502379
		This contig is partially unaligned. (Aligned 1776 out of 504155 non-N bases (0.35%))
		Alignment: 1 1776 | 236245 238020 | 1776 1776 | 100.0 | GCA_000725425.1_crisprs_GCA_000725425.1_CRISPR_2 NODE_23_length_504155_cov_74.417342
		Unaligned bases: 1 to 236244 (236244)
		Unaligned bases: 238021 to 504155 (266135)

CONTIG: NODE_40_length_504133_cov_99.160922 (504133bp)
Best alignment score: 1776.0 (LEN: 1776, IDY: 100.00), Total number of alignments: 1
			Looking for the best set of alignments (out of 1 total alignments)
			The best set is below. Score: 1776.0, number of alignments: 1, unaligned bases: 502357
		This contig is partially unaligned. (Aligned 1776 out of 504133 non-N bases (0.35%))
		Alignment: 1 1776 | 267911 266136 | 1776 1776 | 100.0 | GCA_000725425.1_crisprs_GCA_000725425.1_CRISPR_2 NODE_40_length_504133_cov_99.160922
		Unaligned bases: 1 to 266135 (266135)
		Unaligned bases: 267912 to 504133 (236222)

CONTIG: NODE_148_length_252525_cov_99.138175 (252525bp)
Best alignment score: 2095.0 (LEN: 2095, IDY: 100.00), Total number of alignments: 1
			Looking for the best set of alignments (out of 1 total alignments)
			The best set is below. Score: 2095.0, number of alignments: 1, unaligned bases: 250430
		This contig is partially unaligned. (Aligned 2095 out of 252525 non-N bases (0.83%))
		Alignment: 1 2095 | 154634 156728 | 2095 2095 | 100.0 | GCA_000725425.1_crisprs_GCA_000725425.1_CRISPR_3 NODE_148_length_252525_cov_99.138175
		Unaligned bases: 1 to 154633 (154633)
		Unaligned bases: 156729 to 252525 (95797)

CONTIG: NODE_108_length_252569_cov_74.407977 (252569bp)
Best alignment score: 2095.0 (LEN: 2095, IDY: 100.00), Total number of alignments: 1
			Looking for the best set of alignments (out of 1 total alignments)
			The best set is below. Score: 2095.0, number of alignments: 1, unaligned bases: 250474
		This contig is partially unaligned. (Aligned 2095 out of 252569 non-N bases (0.83%))
		Alignment: 1 2095 | 97914 95820 | 2095 2095 | 100.0 | GCA_000725425.1_crisprs_GCA_000725425.1_CRISPR_3 NODE_108_length_252569_cov_74.407977
		Unaligned bases: 1 to 95819 (95819)
		Unaligned bases: 97915 to 252569 (154655)

CONTIG: NODE_157_length_252525_cov_99.124645 (252525bp)
Best alignment score: 2095.0 (LEN: 2095, IDY: 100.00), Total number of alignments: 1
			Looking for the best set of alignments (out of 1 total alignments)
			The best set is below. Score: 2095.0, number of alignments: 1, unaligned bases: 250430
		This contig is partially unaligned. (Aligned 2095 out of 252525 non-N bases (0.83%))
		Alignment: 1 2095 | 154634 156728 | 2095 2095 | 100.0 | GCA_000725425.1_crisprs_GCA_000725425.1_CRISPR_3 NODE_157_length_252525_cov_99.124645
		Unaligned bases: 1 to 154633 (154633)
		Unaligned bases: 156729 to 252525 (95797)

Analyzing coverage...
Writing SNPs into /net/sgi/cami/data/CAMI2/scripts/second_challenge_evaluation/assembly/scripts/data/CRISPR/metaquast/runs_per_reference/GCA_000725425.1_crisprs/contigs_reports/minimap_output/metaSPAdes.used_snps.gz

Analysis is finished!
Founded SNPs were written into /net/sgi/cami/data/CAMI2/scripts/second_challenge_evaluation/assembly/scripts/data/CRISPR/metaquast/runs_per_reference/GCA_000725425.1_crisprs/contigs_reports/minimap_output/metaSPAdes.used_snps.gz

Results:
	Local Misassemblies: 0
	Misassemblies: 0
		Relocations: 0
		Translocations: 0
		Inversions: 0
	Scaffold gap extensive misassemblies: 0
	Scaffold gap local misassemblies: 0
	Misassembled Contigs: 0
	Misassembled Contig Bases: 0
	Misassemblies Inter-Contig Overlap: 0
Unaligned Contigs: 0 + 9 part
Half Unaligned Contigs with Misassemblies: 0
Unaligned Contig Bases: 4537060

Ambiguously Mapped Contigs: 0
Total Bases in Ambiguously Mapped Contigs: 0
Extra Bases in Ambiguously Mapped Contigs: 0
Note that --allow-ambiguity option was set to "one" and only first alignment per each of these contigs was used.

	Covered Bases: 7308

	SNPs: 0
	Insertions: 0
	Deletions: 0

