Aligning contigs to reference...
	Aligning contigs to the reference
Filtering alignments...
Parsing coords...
Loading reference...
	Loaded [GCA_000192865.1_crisprs_GCA_000192865.1_CRISPR_0_from_693937__all_]
	Loaded [GCA_000192865.1_crisprs_GCA_000192865.1_CRISPR_1_from_710346__all_]
	Loaded [GCA_000192865.1_crisprs_GCA_000192865.1_CRISPR_2_from_3643810__all_]
	Loaded [GCA_000192865.1_crisprs_GCA_000192865.1_CRISPR_3_from_3896421__all_]
	Total Regions: 4
	Total Region Length: 10146
Analyzing contigs...
CONTIG: NODE_2337_length_24754_cov_8.750132 (24754bp)
Best alignment score: 3148.0 (LEN: 3148, IDY: 100.00), Total number of alignments: 1
			Looking for the best set of alignments (out of 1 total alignments)
			The best set is below. Score: 3148.0, number of alignments: 1, unaligned bases: 21606
		This contig is partially unaligned. (Aligned 3148 out of 24754 non-N bases (12.72%))
		Alignment: 1 3148 | 11816 8669 | 3148 3148 | 100.0 | GCA_000192865.1_crisprs_GCA_000192865.1_CRISPR_2_from_3643810__all_ NODE_2337_length_24754_cov_8.750132
		Unaligned bases: 1 to 8668 (8668)
		Unaligned bases: 11817 to 24754 (12938)

CONTIG: NODE_2529_length_23209_cov_8.455127 (23209bp)
Best alignment score: 597.0 (LEN: 598, IDY: 99.83), Total number of alignments: 1
			Looking for the best set of alignments (out of 1 total alignments)
			The best set is below. Score: 597.0, number of alignments: 1, unaligned bases: 22611
		This contig is partially unaligned. (Aligned 598 out of 23209 non-N bases (2.58%))
		Alignment: 1 598 | 9600 10197 | 598 598 | 99.83 | GCA_000192865.1_crisprs_GCA_000192865.1_CRISPR_1_from_710346__all_ NODE_2529_length_23209_cov_8.455127
		Unaligned bases: 1 to 9599 (9599)
		Unaligned bases: 10198 to 23209 (13012)

CONTIG: NODE_3188_length_19019_cov_9.517527 (19019bp)
Best alignment score: 4150.8 (LEN: 4155, IDY: 99.90), Total number of alignments: 1
			Looking for the best set of alignments (out of 1 total alignments)
			The best set is below. Score: 4150.8, number of alignments: 1, unaligned bases: 14864
		This contig is partially unaligned. (Aligned 4155 out of 19019 non-N bases (21.85%))
		Alignment: 1 4153 | 6959 2805 | 4153 4155 | 99.9 | GCA_000192865.1_crisprs_GCA_000192865.1_CRISPR_0_from_693937__all_ NODE_3188_length_19019_cov_9.517527
		Unaligned bases: 1 to 2804 (2804)
		Unaligned bases: 6960 to 19019 (12060)

CONTIG: NODE_454526_length_513_cov_5.043578 (513bp)
Best alignment score: 372.0 (LEN: 375, IDY: 99.20), Total number of alignments: 1
			Looking for the best set of alignments (out of 1 total alignments)
			The best set is below. Score: 372.0, number of alignments: 1, unaligned bases: 138
		Alignment: 1 375 | 380 6 | 375 375 | 99.2 | GCA_000192865.1_crisprs_GCA_000192865.1_CRISPR_0_from_693937__all_ NODE_454526_length_513_cov_5.043578

CONTIG: NODE_3737_length_16558_cov_7.945574 (16558bp)
Best alignment score: 2247.0 (LEN: 2247, IDY: 100.00), Total number of alignments: 1
			Looking for the best set of alignments (out of 1 total alignments)
			The best set is below. Score: 2247.0, number of alignments: 1, unaligned bases: 14311
		This contig is partially unaligned. (Aligned 2247 out of 16558 non-N bases (13.57%))
		Alignment: 1 2247 | 12658 14904 | 2247 2247 | 100.0 | GCA_000192865.1_crisprs_GCA_000192865.1_CRISPR_3_from_3896421__all_ NODE_3737_length_16558_cov_7.945574
		Unaligned bases: 1 to 12657 (12657)
		Unaligned bases: 14905 to 16558 (1654)

Analyzing coverage...
Writing SNPs into /net/sgi/cami/data/CAMI2/scripts/second_challenge_evaluation/assembly/scripts/data/CRISPR/metaquast_all/runs_per_reference/GCA_000192865.1_crisprs/contigs_reports/minimap_output/SPAdes.used_snps.gz

Analysis is finished!
Founded SNPs were written into /net/sgi/cami/data/CAMI2/scripts/second_challenge_evaluation/assembly/scripts/data/CRISPR/metaquast_all/runs_per_reference/GCA_000192865.1_crisprs/contigs_reports/minimap_output/SPAdes.used_snps.gz

Results:
	Local Misassemblies: 0
	Misassemblies: 0
		Relocations: 0
		Translocations: 0
		Inversions: 0
	Scaffold gap extensive misassemblies: 0
	Scaffold gap local misassemblies: 0
	Misassembled Contigs: 0
	Misassembled Contig Bases: 0
	Misassemblies Inter-Contig Overlap: 0
Unaligned Contigs: 0 + 4 part
Half Unaligned Contigs with Misassemblies: 0
Unaligned Contig Bases: 73392

Ambiguously Mapped Contigs: 0
Total Bases in Ambiguously Mapped Contigs: 0
Extra Bases in Ambiguously Mapped Contigs: 0
Note that --allow-ambiguity option was set to "one" and only first alignment per each of these contigs was used.

	Covered Bases: 10146

	SNPs: 6
	Insertions: 2
	Deletions: 0

