Aligning contigs to reference...
	Aligning contigs to the reference
Filtering alignments...
Parsing coords...
Loading reference...
	Loaded [GCA_000012885.1_crisprs_GCA_000012885.1_CRISPR_0_from_1134549__all_]
	Total Regions: 1
	Total Region Length: 6799
Analyzing contigs...
CONTIG: PC406074 (3665852bp)
Best alignment score: 6799.0 (LEN: 6799, IDY: 100.00), Total number of alignments: 1
			Looking for the best set of alignments (out of 1 total alignments)
			The best set is below. Score: 6799.0, number of alignments: 1, unaligned bases: 3659053
		This contig is partially unaligned. (Aligned 6799 out of 3665852 non-N bases (0.19%))
		Alignment: 1 6799 | 1134532 1141330 | 6799 6799 | 100.0 | GCA_000012885.1_crisprs_GCA_000012885.1_CRISPR_0_from_1134549__all_ PC406074
		Unaligned bases: 1 to 1134531 (1134531)
		Unaligned bases: 1141331 to 3665852 (2524522)

Analyzing coverage...
Writing SNPs into /net/sgi/cami/data/CAMI2/scripts/second_challenge_evaluation/assembly/scripts/data/CRISPR/metaquast_all/runs_per_reference/GCA_000012885.1_crisprs/contigs_reports/minimap_output/marmgCAMI2.used_snps.gz

Analysis is finished!
Founded SNPs were written into /net/sgi/cami/data/CAMI2/scripts/second_challenge_evaluation/assembly/scripts/data/CRISPR/metaquast_all/runs_per_reference/GCA_000012885.1_crisprs/contigs_reports/minimap_output/marmgCAMI2.used_snps.gz

Results:
	Local Misassemblies: 0
	Misassemblies: 0
		Relocations: 0
		Translocations: 0
		Inversions: 0
	Scaffold gap extensive misassemblies: 0
	Scaffold gap local misassemblies: 0
	Misassembled Contigs: 0
	Misassembled Contig Bases: 0
	Misassemblies Inter-Contig Overlap: 0
Unaligned Contigs: 0 + 1 part
Half Unaligned Contigs with Misassemblies: 0
Unaligned Contig Bases: 3659053

Ambiguously Mapped Contigs: 0
Total Bases in Ambiguously Mapped Contigs: 0
Extra Bases in Ambiguously Mapped Contigs: 0
Note that --allow-ambiguity option was set to "one" and only first alignment per each of these contigs was used.

	Covered Bases: 6799

	SNPs: 0
	Insertions: 0
	Deletions: 0

