Aligning contigs to reference...
	Aligning contigs to the reference
Filtering alignments...
Parsing coords...
Loading reference...
	Loaded [GCA_001430865.1_crisprs_GCA_001430865.1_CRISPR_0_from_1748110__ml_]
	Total Regions: 1
	Total Region Length: 820
Analyzing contigs...
CONTIG: 107 (764306bp)
Best alignment score: 820.0 (LEN: 820, IDY: 100.00), Total number of alignments: 1
			Looking for the best set of alignments (out of 1 total alignments)
			The best set is below. Score: 820.0, number of alignments: 1, unaligned bases: 763486
		This contig is partially unaligned. (Aligned 820 out of 764306 non-N bases (0.11%))
		Alignment: 1 820 | 656519 657338 | 820 820 | 100.0 | GCA_001430865.1_crisprs_GCA_001430865.1_CRISPR_0_from_1748110__ml_ 107
		Unaligned bases: 1 to 656518 (656518)
		Unaligned bases: 657339 to 764306 (106968)

CONTIG: utg009576l (24027bp)
Best alignment score: 700.0 (LEN: 716, IDY: 97.77), Total number of alignments: 1
			Looking for the best set of alignments (out of 1 total alignments)
			The best set is below. Score: 700.0, number of alignments: 1, unaligned bases: 23311
		This contig is partially unaligned. (Aligned 716 out of 24027 non-N bases (2.98%))
		Alignment: 85 792 | 14907 15622 | 708 716 | 97.77 | GCA_001430865.1_crisprs_GCA_001430865.1_CRISPR_0_from_1748110__ml_ utg009576l
		Unaligned bases: 1 to 14906 (14906)
		Unaligned bases: 15623 to 24027 (8405)

Analyzing coverage...
Writing SNPs into /net/sgi/cami/data/CAMI2/scripts/second_challenge_evaluation/assembly/scripts/data/CRISPR/metaquast_all/runs_per_reference/GCA_001430865.1_crisprs/contigs_reports/minimap_output/Miniasm.used_snps.gz

Analysis is finished!
Founded SNPs were written into /net/sgi/cami/data/CAMI2/scripts/second_challenge_evaluation/assembly/scripts/data/CRISPR/metaquast_all/runs_per_reference/GCA_001430865.1_crisprs/contigs_reports/minimap_output/Miniasm.used_snps.gz

Results:
	Local Misassemblies: 0
	Misassemblies: 0
		Relocations: 0
		Translocations: 0
		Inversions: 0
	Scaffold gap extensive misassemblies: 0
	Scaffold gap local misassemblies: 0
	Misassembled Contigs: 0
	Misassembled Contig Bases: 0
	Misassemblies Inter-Contig Overlap: 0
Unaligned Contigs: 0 + 2 part
Half Unaligned Contigs with Misassemblies: 0
Unaligned Contig Bases: 786797

Ambiguously Mapped Contigs: 0
Total Bases in Ambiguously Mapped Contigs: 0
Extra Bases in Ambiguously Mapped Contigs: 0
Note that --allow-ambiguity option was set to "one" and only first alignment per each of these contigs was used.

	Covered Bases: 820

	SNPs: 2
	Insertions: 11
	Deletions: 3

