Aligning contigs to reference...
	Aligning contigs to the reference
Filtering alignments...
Parsing coords...
Loading reference...
	Loaded [GCA_001430865.1_crisprs_GCA_001430865.1_CRISPR_0_from_1748110__ml_]
	Total Regions: 1
	Total Region Length: 820
Analyzing contigs...
CONTIG: contig_646101 (12791bp)
Best alignment score: 820.0 (LEN: 820, IDY: 100.00), Total number of alignments: 1
			Looking for the best set of alignments (out of 1 total alignments)
			The best set is below. Score: 820.0, number of alignments: 1, unaligned bases: 11971
		This contig is partially unaligned. (Aligned 820 out of 12791 non-N bases (6.41%))
		Alignment: 1 820 | 10855 10036 | 820 820 | 100.0 | GCA_001430865.1_crisprs_GCA_001430865.1_CRISPR_0_from_1748110__ml_ contig_646101
		Unaligned bases: 1 to 10035 (10035)
		Unaligned bases: 10856 to 12791 (1936)

CONTIG: opera_contig_3614 (17118bp)
Best alignment score: 820.0 (LEN: 820, IDY: 100.00), Total number of alignments: 1
			Looking for the best set of alignments (out of 1 total alignments)
			The best set is below. Score: 820.0, number of alignments: 1, unaligned bases: 16298
		This contig is partially unaligned. (Aligned 820 out of 16970 non-N bases (4.83%))
		Alignment: 1 820 | 10855 10036 | 820 820 | 100.0 | GCA_001430865.1_crisprs_GCA_001430865.1_CRISPR_0_from_1748110__ml_ opera_contig_3614
		Unaligned bases: 1 to 10035 (10035)
		Unaligned bases: 10856 to 17118 (6263)

Analyzing coverage...
Writing SNPs into /net/sgi/cami/data/CAMI2/scripts/second_challenge_evaluation/assembly/scripts/data/CRISPR/metaquast_all/runs_per_reference/GCA_001430865.1_crisprs/contigs_reports/minimap_output/A_STAR.used_snps.gz

Analysis is finished!
Founded SNPs were written into /net/sgi/cami/data/CAMI2/scripts/second_challenge_evaluation/assembly/scripts/data/CRISPR/metaquast_all/runs_per_reference/GCA_001430865.1_crisprs/contigs_reports/minimap_output/A_STAR.used_snps.gz

Results:
	Local Misassemblies: 0
	Misassemblies: 0
		Relocations: 0
		Translocations: 0
		Inversions: 0
	Scaffold gap extensive misassemblies: 0
	Scaffold gap local misassemblies: 0
	Misassembled Contigs: 0
	Misassembled Contig Bases: 0
	Misassemblies Inter-Contig Overlap: 0
Unaligned Contigs: 0 + 2 part
Half Unaligned Contigs with Misassemblies: 0
Unaligned Contig Bases: 28121

Ambiguously Mapped Contigs: 0
Total Bases in Ambiguously Mapped Contigs: 0
Extra Bases in Ambiguously Mapped Contigs: 0
Note that --allow-ambiguity option was set to "one" and only first alignment per each of these contigs was used.

	Covered Bases: 820

	SNPs: 0
	Insertions: 0
	Deletions: 0

