Aligning contigs to reference...
	Aligning contigs to the reference
Filtering alignments...
Parsing coords...
Loading reference...
	Loaded [GCA_001430865.1_crisprs_GCA_001430865.1_CRISPR_0_from_1748110__ml_]
	Total Regions: 1
	Total Region Length: 820
Analyzing contigs...
CONTIG: PC395988 (2884284bp)
Best alignment score: 820.0 (LEN: 820, IDY: 100.00), Total number of alignments: 1
			Looking for the best set of alignments (out of 1 total alignments)
			The best set is below. Score: 820.0, number of alignments: 1, unaligned bases: 2883464
		This contig is partially unaligned. (Aligned 820 out of 2884284 non-N bases (0.03%))
		Alignment: 1 820 | 1748104 1748923 | 820 820 | 100.0 | GCA_001430865.1_crisprs_GCA_001430865.1_CRISPR_0_from_1748110__ml_ PC395988
		Unaligned bases: 1 to 1748103 (1748103)
		Unaligned bases: 1748924 to 2884284 (1135361)

Analyzing coverage...
Writing SNPs into /net/sgi/cami/data/CAMI2/scripts/second_challenge_evaluation/assembly/scripts/data/CRISPR/metaquast_all/runs_per_reference/GCA_001430865.1_crisprs/contigs_reports/minimap_output/marmgCAMI2.used_snps.gz

Analysis is finished!
Founded SNPs were written into /net/sgi/cami/data/CAMI2/scripts/second_challenge_evaluation/assembly/scripts/data/CRISPR/metaquast_all/runs_per_reference/GCA_001430865.1_crisprs/contigs_reports/minimap_output/marmgCAMI2.used_snps.gz

Results:
	Local Misassemblies: 0
	Misassemblies: 0
		Relocations: 0
		Translocations: 0
		Inversions: 0
	Scaffold gap extensive misassemblies: 0
	Scaffold gap local misassemblies: 0
	Misassembled Contigs: 0
	Misassembled Contig Bases: 0
	Misassemblies Inter-Contig Overlap: 0
Unaligned Contigs: 0 + 1 part
Half Unaligned Contigs with Misassemblies: 0
Unaligned Contig Bases: 2883464

Ambiguously Mapped Contigs: 0
Total Bases in Ambiguously Mapped Contigs: 0
Extra Bases in Ambiguously Mapped Contigs: 0
Note that --allow-ambiguity option was set to "one" and only first alignment per each of these contigs was used.

	Covered Bases: 820

	SNPs: 0
	Insertions: 0
	Deletions: 0

