Aligning contigs to reference...
	Aligning contigs to the reference
Filtering alignments...
Parsing coords...
Loading reference...
	Loaded [GCA_001430865.1_crisprs_GCA_001430865.1_CRISPR_0_from_1748110__ml_]
	Total Regions: 1
	Total Region Length: 820
Analyzing contigs...
CONTIG: NODE_267_length_191246_cov_16.655245 (191246bp)
Best alignment score: 820.0 (LEN: 820, IDY: 100.00), Total number of alignments: 1
			Looking for the best set of alignments (out of 1 total alignments)
			The best set is below. Score: 820.0, number of alignments: 1, unaligned bases: 190426
		This contig is partially unaligned. (Aligned 820 out of 191246 non-N bases (0.43%))
		Alignment: 1 820 | 138916 138097 | 820 820 | 100.0 | GCA_001430865.1_crisprs_GCA_001430865.1_CRISPR_0_from_1748110__ml_ NODE_267_length_191246_cov_16.655245
		Unaligned bases: 1 to 138096 (138096)
		Unaligned bases: 138917 to 191246 (52330)

CONTIG: NODE_1731_length_48829_cov_11.974114 (48829bp)
Best alignment score: 820.0 (LEN: 820, IDY: 100.00), Total number of alignments: 1
			Looking for the best set of alignments (out of 1 total alignments)
			The best set is below. Score: 820.0, number of alignments: 1, unaligned bases: 48009
		This contig is partially unaligned. (Aligned 820 out of 48829 non-N bases (1.68%))
		Alignment: 1 820 | 9959 10778 | 820 820 | 100.0 | GCA_001430865.1_crisprs_GCA_001430865.1_CRISPR_0_from_1748110__ml_ NODE_1731_length_48829_cov_11.974114
		Unaligned bases: 1 to 9958 (9958)
		Unaligned bases: 10779 to 48829 (38051)

CONTIG: NODE_273_length_191246_cov_16.655648 (191246bp)
Best alignment score: 820.0 (LEN: 820, IDY: 100.00), Total number of alignments: 1
			Looking for the best set of alignments (out of 1 total alignments)
			The best set is below. Score: 820.0, number of alignments: 1, unaligned bases: 190426
		This contig is partially unaligned. (Aligned 820 out of 191246 non-N bases (0.43%))
		Alignment: 1 820 | 138916 138097 | 820 820 | 100.0 | GCA_001430865.1_crisprs_GCA_001430865.1_CRISPR_0_from_1748110__ml_ NODE_273_length_191246_cov_16.655648
		Unaligned bases: 1 to 138096 (138096)
		Unaligned bases: 138917 to 191246 (52330)

Analyzing coverage...
Writing SNPs into /net/sgi/cami/data/CAMI2/scripts/second_challenge_evaluation/assembly/scripts/data/CRISPR/metaquast_all/runs_per_reference/GCA_001430865.1_crisprs/contigs_reports/minimap_output/metaSPAdes.used_snps.gz

Analysis is finished!
Founded SNPs were written into /net/sgi/cami/data/CAMI2/scripts/second_challenge_evaluation/assembly/scripts/data/CRISPR/metaquast_all/runs_per_reference/GCA_001430865.1_crisprs/contigs_reports/minimap_output/metaSPAdes.used_snps.gz

Results:
	Local Misassemblies: 0
	Misassemblies: 0
		Relocations: 0
		Translocations: 0
		Inversions: 0
	Scaffold gap extensive misassemblies: 0
	Scaffold gap local misassemblies: 0
	Misassembled Contigs: 0
	Misassembled Contig Bases: 0
	Misassemblies Inter-Contig Overlap: 0
Unaligned Contigs: 0 + 3 part
Half Unaligned Contigs with Misassemblies: 0
Unaligned Contig Bases: 428861

Ambiguously Mapped Contigs: 0
Total Bases in Ambiguously Mapped Contigs: 0
Extra Bases in Ambiguously Mapped Contigs: 0
Note that --allow-ambiguity option was set to "one" and only first alignment per each of these contigs was used.

	Covered Bases: 820

	SNPs: 0
	Insertions: 0
	Deletions: 0

