Aligning contigs to reference...
	Aligning contigs to the reference
Filtering alignments...
Parsing coords...
Loading reference...
	Loaded [GCA_000015145.1_crisprs_GCA_000015145.1_CRISPR_0_from_632553__all_]
	Loaded [GCA_000015145.1_crisprs_GCA_000015145.1_CRISPR_1_from_702374__all_]
	Total Regions: 2
	Total Region Length: 6488
Analyzing contigs...
CONTIG: Scaffold138633 (705729bp)
Best alignment score: 3306.0 (LEN: 3306, IDY: 100.00), Total number of alignments: 2
			Looking for the best set of alignments (out of 2 total alignments)
			The best set is below. Score: 5972.8, number of alignments: 2, unaligned bases: 699376
		This contig is misassembled.
		This contig is partially unaligned. (Aligned 6353 out of 705729 non-N bases (0.90%))
			Warning! This contig is more unaligned than misassembled. Contig length is 705729 (number of Ns: 0) and total length of all aligns is 6353
		Alignment: 1 3182 | 3359 313 | 3182 3047 | 95.76 | GCA_000015145.1_crisprs_GCA_000015145.1_CRISPR_1_from_702374__all_ Scaffold138633
		Alignment: 1 3306 | 73180 69875 | 3306 3306 | 100.0 | GCA_000015145.1_crisprs_GCA_000015145.1_CRISPR_0_from_632553__all_ Scaffold138633
		Unaligned bases: 699376

CONTIG: Scaffold673753 (2314bp)
Best alignment score: 2149.5 (LEN: 2197, IDY: 97.84), Total number of alignments: 1
			Looking for the best set of alignments (out of 1 total alignments)
			The best set is below. Score: 2149.5, number of alignments: 1, unaligned bases: 117
		Alignment: 939 3182 | 2314 118 | 2244 2197 | 97.84 | GCA_000015145.1_crisprs_GCA_000015145.1_CRISPR_1_from_702374__all_ Scaffold673753

CONTIG: Scaffold673777 (70992bp)
Best alignment score: 3306.0 (LEN: 3306, IDY: 100.00), Total number of alignments: 2
			Looking for the best set of alignments (out of 2 total alignments)
			The best set is below. Score: 4106.0, number of alignments: 2, unaligned bases: 66635
		This contig is misassembled.
		This contig is partially unaligned. (Aligned 4357 out of 70989 non-N bases (6.14%))
			Warning! This contig is more unaligned than misassembled. Contig length is 70992 (number of Ns: 3) and total length of all aligns is 4357
		Alignment: 1 3306 | 121 3426 | 3306 3306 | 100.0 | GCA_000015145.1_crisprs_GCA_000015145.1_CRISPR_0_from_632553__all_ Scaffold673777
		Alignment: 1 1051 | 69942 70992 | 1051 1051 | 100.0 | GCA_000015145.1_crisprs_GCA_000015145.1_CRISPR_1_from_702374__all_ Scaffold673777
		Unaligned bases: 66635

Analyzing coverage...
Writing SNPs into /net/sgi/cami/data/CAMI2/scripts/second_challenge_evaluation/assembly/scripts/data/CRISPR/metaquast_all/runs_per_reference/GCA_000015145.1_crisprs/contigs_reports/minimap_output/HipMer.used_snps.gz

Analysis is finished!
Founded SNPs were written into /net/sgi/cami/data/CAMI2/scripts/second_challenge_evaluation/assembly/scripts/data/CRISPR/metaquast_all/runs_per_reference/GCA_000015145.1_crisprs/contigs_reports/minimap_output/HipMer.used_snps.gz

Results:
	Local Misassemblies: 0
	Misassemblies: 0
		Relocations: 0
		Translocations: 0
		Inversions: 0
	Scaffold gap extensive misassemblies: 0
	Scaffold gap local misassemblies: 0
	Misassembled Contigs: 0
	Misassembled Contig Bases: 0
	Misassemblies Inter-Contig Overlap: 0
Unaligned Contigs: 0 + 2 part
Half Unaligned Contigs with Misassemblies: 2
Unaligned Contig Bases: 766011

Ambiguously Mapped Contigs: 0
Total Bases in Ambiguously Mapped Contigs: 0
Extra Bases in Ambiguously Mapped Contigs: 0
Note that --allow-ambiguity option was set to "one" and only first alignment per each of these contigs was used.

	Covered Bases: 6488

	SNPs: 1
	Insertions: 0
	Deletions: 182

