Aligning contigs to reference...
	Aligning contigs to the reference
Filtering alignments...
Parsing coords...
Loading reference...
	Loaded [GCA_000015145.1_crisprs_GCA_000015145.1_CRISPR_0_from_632553__all_]
	Loaded [GCA_000015145.1_crisprs_GCA_000015145.1_CRISPR_1_from_702374__all_]
	Total Regions: 2
	Total Region Length: 6488
Analyzing contigs...
CONTIG: NODE_5_length_1034640_cov_498.068892 (1034640bp)
Best alignment score: 3306.0 (LEN: 3306, IDY: 100.00), Total number of alignments: 2
			Looking for the best set of alignments (out of 2 total alignments)
			The best set is below. Score: 6237.0, number of alignments: 2, unaligned bases: 1028152
		This contig is misassembled.
		This contig is partially unaligned. (Aligned 6488 out of 1034640 non-N bases (0.63%))
			Warning! This contig is more unaligned than misassembled. Contig length is 1034640 (number of Ns: 0) and total length of all aligns is 6488
		Alignment: 1 3306 | 29 3334 | 3306 3306 | 100.0 | GCA_000015145.1_crisprs_GCA_000015145.1_CRISPR_0_from_632553__all_ NODE_5_length_1034640_cov_498.068892
		Alignment: 1 3182 | 69850 73031 | 3182 3182 | 100.0 | GCA_000015145.1_crisprs_GCA_000015145.1_CRISPR_1_from_702374__all_ NODE_5_length_1034640_cov_498.068892
		Unaligned bases: 1028152

CONTIG: NODE_1_length_1667163_cov_373.653629 (1667163bp)
Best alignment score: 3306.0 (LEN: 3306, IDY: 100.00), Total number of alignments: 2
			Looking for the best set of alignments (out of 2 total alignments)
			The best set is below. Score: 6237.0, number of alignments: 2, unaligned bases: 1660675
		This contig is misassembled.
		This contig is partially unaligned. (Aligned 6488 out of 1667163 non-N bases (0.39%))
			Warning! This contig is more unaligned than misassembled. Contig length is 1667163 (number of Ns: 0) and total length of all aligns is 6488
		Alignment: 1 3306 | 632554 635859 | 3306 3306 | 100.0 | GCA_000015145.1_crisprs_GCA_000015145.1_CRISPR_0_from_632553__all_ NODE_1_length_1667163_cov_373.653629
		Alignment: 1 3182 | 702375 705556 | 3182 3182 | 100.0 | GCA_000015145.1_crisprs_GCA_000015145.1_CRISPR_1_from_702374__all_ NODE_1_length_1667163_cov_373.653629
		Unaligned bases: 1660675

CONTIG: NODE_3_length_1034640_cov_498.069107 (1034640bp)
Best alignment score: 3306.0 (LEN: 3306, IDY: 100.00), Total number of alignments: 2
			Looking for the best set of alignments (out of 2 total alignments)
			The best set is below. Score: 6237.0, number of alignments: 2, unaligned bases: 1028152
		This contig is misassembled.
		This contig is partially unaligned. (Aligned 6488 out of 1034640 non-N bases (0.63%))
			Warning! This contig is more unaligned than misassembled. Contig length is 1034640 (number of Ns: 0) and total length of all aligns is 6488
		Alignment: 1 3306 | 29 3334 | 3306 3306 | 100.0 | GCA_000015145.1_crisprs_GCA_000015145.1_CRISPR_0_from_632553__all_ NODE_3_length_1034640_cov_498.069107
		Alignment: 1 3182 | 69850 73031 | 3182 3182 | 100.0 | GCA_000015145.1_crisprs_GCA_000015145.1_CRISPR_1_from_702374__all_ NODE_3_length_1034640_cov_498.069107
		Unaligned bases: 1028152

Analyzing coverage...
Writing SNPs into /net/sgi/cami/data/CAMI2/scripts/second_challenge_evaluation/assembly/scripts/data/CRISPR/metaquast_all/runs_per_reference/GCA_000015145.1_crisprs/contigs_reports/minimap_output/metaSPAdes.used_snps.gz

Analysis is finished!
Founded SNPs were written into /net/sgi/cami/data/CAMI2/scripts/second_challenge_evaluation/assembly/scripts/data/CRISPR/metaquast_all/runs_per_reference/GCA_000015145.1_crisprs/contigs_reports/minimap_output/metaSPAdes.used_snps.gz

Results:
	Local Misassemblies: 0
	Misassemblies: 0
		Relocations: 0
		Translocations: 0
		Inversions: 0
	Scaffold gap extensive misassemblies: 0
	Scaffold gap local misassemblies: 0
	Misassembled Contigs: 0
	Misassembled Contig Bases: 0
	Misassemblies Inter-Contig Overlap: 0
Unaligned Contigs: 0 + 3 part
Half Unaligned Contigs with Misassemblies: 3
Unaligned Contig Bases: 3716979

Ambiguously Mapped Contigs: 0
Total Bases in Ambiguously Mapped Contigs: 0
Extra Bases in Ambiguously Mapped Contigs: 0
Note that --allow-ambiguity option was set to "one" and only first alignment per each of these contigs was used.

	Covered Bases: 6488

	SNPs: 0
	Insertions: 0
	Deletions: 0

