Aligning contigs to reference...
	Aligning contigs to the reference
Filtering alignments...
Parsing coords...
Loading reference...
	Loaded [GCA_000011185.1_crisprs_GCA_000011185.1_CRISPR_0_from_109188__all_]
	Loaded [GCA_000011185.1_crisprs_GCA_000011185.1_CRISPR_1_from_121470__all_]
	Total Regions: 2
	Total Region Length: 2397
Analyzing contigs...
CONTIG: opera_contig_5084 (28333bp)
Best alignment score: 1251.0 (LEN: 1251, IDY: 100.00), Total number of alignments: 1
			Looking for the best set of alignments (out of 1 total alignments)
			The best set is below. Score: 1251.0, number of alignments: 1, unaligned bases: 27082
		This contig is partially unaligned. (Aligned 1251 out of 28333 non-N bases (4.42%))
		Alignment: 1 1251 | 20490 21740 | 1251 1251 | 100.0 | GCA_000011185.1_crisprs_GCA_000011185.1_CRISPR_0_from_109188__all_ opera_contig_5084
		Unaligned bases: 1 to 20489 (20489)
		Unaligned bases: 21741 to 28333 (6593)

CONTIG: opera_contig_8781 (18381bp)
Best alignment score: 1145.0 (LEN: 1146, IDY: 99.91), Total number of alignments: 1
			Looking for the best set of alignments (out of 1 total alignments)
			The best set is below. Score: 1145.0, number of alignments: 1, unaligned bases: 17235
		This contig is partially unaligned. (Aligned 1146 out of 18381 non-N bases (6.23%))
		Alignment: 1 1146 | 13474 12329 | 1146 1146 | 99.91 | GCA_000011185.1_crisprs_GCA_000011185.1_CRISPR_1_from_121470__all_ opera_contig_8781
		Unaligned bases: 1 to 12328 (12328)
		Unaligned bases: 13475 to 18381 (4907)

Analyzing coverage...
Writing SNPs into /net/sgi/cami/data/CAMI2/scripts/second_challenge_evaluation/assembly/scripts/data/CRISPR/metaquast_all/runs_per_reference/GCA_000011185.1_crisprs/contigs_reports/minimap_output/OPERA_MS_inhouse.used_snps.gz

Analysis is finished!
Founded SNPs were written into /net/sgi/cami/data/CAMI2/scripts/second_challenge_evaluation/assembly/scripts/data/CRISPR/metaquast_all/runs_per_reference/GCA_000011185.1_crisprs/contigs_reports/minimap_output/OPERA_MS_inhouse.used_snps.gz

Results:
	Local Misassemblies: 0
	Misassemblies: 0
		Relocations: 0
		Translocations: 0
		Inversions: 0
	Scaffold gap extensive misassemblies: 0
	Scaffold gap local misassemblies: 0
	Misassembled Contigs: 0
	Misassembled Contig Bases: 0
	Misassemblies Inter-Contig Overlap: 0
Unaligned Contigs: 0 + 2 part
Half Unaligned Contigs with Misassemblies: 0
Unaligned Contig Bases: 44317

Ambiguously Mapped Contigs: 0
Total Bases in Ambiguously Mapped Contigs: 0
Extra Bases in Ambiguously Mapped Contigs: 0
Note that --allow-ambiguity option was set to "one" and only first alignment per each of these contigs was used.

	Covered Bases: 2397

	SNPs: 1
	Insertions: 0
	Deletions: 0

