Aligning contigs to reference...
	Aligning contigs to the reference
Filtering alignments...
Parsing coords...
Loading reference...
	Loaded [GCA_000211475.1_crisprs_GCA_000211475.1_CRISPR_0_from_1491888__all_]
	Loaded [GCA_000211475.1_crisprs_GCA_000211475.1_CRISPR_1_from_1688112__all_]
	Total Regions: 2
	Total Region Length: 11017
Analyzing contigs...
CONTIG: opera_contig_91 (475637bp)
Best alignment score: 5729.2 (LEN: 5747, IDY: 99.69), Total number of alignments: 2
			Looking for the best set of alignments (out of 2 total alignments)
			The best set is below. Score: 10744.0, number of alignments: 2, unaligned bases: 464620
		This contig is misassembled.
		This contig is partially unaligned. (Aligned 11017 out of 475636 non-N bases (2.32%))
			Warning! This contig is more unaligned than misassembled. Contig length is 475637 (number of Ns: 1) and total length of all aligns is 11017
		Alignment: 1 5270 | 106109 111378 | 5270 5270 | 99.92 | GCA_000211475.1_crisprs_GCA_000211475.1_CRISPR_0_from_1491888__all_ opera_contig_91
		Alignment: 1 5747 | 302420 308166 | 5747 5747 | 99.69 | GCA_000211475.1_crisprs_GCA_000211475.1_CRISPR_1_from_1688112__all_ opera_contig_91
		Unaligned bases: 464620

Analyzing coverage...
Writing SNPs into /net/sgi/cami/data/CAMI2/scripts/second_challenge_evaluation/assembly/scripts/data/CRISPR/metaquast_all/runs_per_reference/GCA_000211475.1_crisprs/contigs_reports/minimap_output/OPERA_MS_inhouse.used_snps.gz

Analysis is finished!
Founded SNPs were written into /net/sgi/cami/data/CAMI2/scripts/second_challenge_evaluation/assembly/scripts/data/CRISPR/metaquast_all/runs_per_reference/GCA_000211475.1_crisprs/contigs_reports/minimap_output/OPERA_MS_inhouse.used_snps.gz

Results:
	Local Misassemblies: 0
	Misassemblies: 0
		Relocations: 0
		Translocations: 0
		Inversions: 0
	Scaffold gap extensive misassemblies: 0
	Scaffold gap local misassemblies: 0
	Misassembled Contigs: 0
	Misassembled Contig Bases: 0
	Misassemblies Inter-Contig Overlap: 0
Unaligned Contigs: 0 + 1 part
Half Unaligned Contigs with Misassemblies: 1
Unaligned Contig Bases: 464619

Ambiguously Mapped Contigs: 0
Total Bases in Ambiguously Mapped Contigs: 0
Extra Bases in Ambiguously Mapped Contigs: 0
Note that --allow-ambiguity option was set to "one" and only first alignment per each of these contigs was used.

	Covered Bases: 11017

	SNPs: 22
	Insertions: 0
	Deletions: 0

