Aligning contigs to reference...
	Aligning contigs to the reference
Filtering alignments...
Parsing coords...
Loading reference...
	Loaded [GCA_000211475.1_crisprs_GCA_000211475.1_CRISPR_0_from_1491888__all_]
	Loaded [GCA_000211475.1_crisprs_GCA_000211475.1_CRISPR_1_from_1688112__all_]
	Total Regions: 2
	Total Region Length: 11017
Analyzing contigs...
CONTIG: utg004633l (174723bp)
Best alignment score: 93.0 (LEN: 95, IDY: 97.92), Total number of alignments: 1
			Looking for the best set of alignments (out of 1 total alignments)
			The best set is below. Score: 93.0, number of alignments: 1, unaligned bases: 174628
		This contig is partially unaligned. (Aligned 95 out of 174723 non-N bases (0.05%))
		Alignment: 5176 5270 | 174723 174629 | 95 95 | 97.92 | GCA_000211475.1_crisprs_GCA_000211475.1_CRISPR_0_from_1491888__all_ utg004633l
		Unaligned bases: 1 to 174628 (174628)

CONTIG: utg004633l_1 (174723bp)
Best alignment score: 93.0 (LEN: 95, IDY: 97.92), Total number of alignments: 1
			Looking for the best set of alignments (out of 1 total alignments)
			The best set is below. Score: 93.0, number of alignments: 1, unaligned bases: 174628
		This contig is partially unaligned. (Aligned 95 out of 174723 non-N bases (0.05%))
		Alignment: 5176 5270 | 174723 174629 | 95 95 | 97.92 | GCA_000211475.1_crisprs_GCA_000211475.1_CRISPR_0_from_1491888__all_ utg004633l_1
		Unaligned bases: 1 to 174628 (174628)

CONTIG: 17241 (211364bp)
Best alignment score: 5747.0 (LEN: 5747, IDY: 100.00), Total number of alignments: 1
			Looking for the best set of alignments (out of 1 total alignments)
			The best set is below. Score: 5747.0, number of alignments: 1, unaligned bases: 205617
		This contig is partially unaligned. (Aligned 5747 out of 211364 non-N bases (2.72%))
		Alignment: 1 5747 | 138389 144135 | 5747 5747 | 100.0 | GCA_000211475.1_crisprs_GCA_000211475.1_CRISPR_1_from_1688112__all_ 17241
		Unaligned bases: 1 to 138388 (138388)
		Unaligned bases: 144136 to 211364 (67229)

Analyzing coverage...
Writing SNPs into /net/sgi/cami/data/CAMI2/scripts/second_challenge_evaluation/assembly/scripts/data/CRISPR/metaquast_all/runs_per_reference/GCA_000211475.1_crisprs/contigs_reports/minimap_output/Miniasm.used_snps.gz

Analysis is finished!
Founded SNPs were written into /net/sgi/cami/data/CAMI2/scripts/second_challenge_evaluation/assembly/scripts/data/CRISPR/metaquast_all/runs_per_reference/GCA_000211475.1_crisprs/contigs_reports/minimap_output/Miniasm.used_snps.gz

Results:
	Local Misassemblies: 0
	Misassemblies: 0
		Relocations: 0
		Translocations: 0
		Inversions: 0
	Scaffold gap extensive misassemblies: 0
	Scaffold gap local misassemblies: 0
	Misassembled Contigs: 0
	Misassembled Contig Bases: 0
	Misassemblies Inter-Contig Overlap: 0
Unaligned Contigs: 0 + 3 part
Half Unaligned Contigs with Misassemblies: 0
Unaligned Contig Bases: 554873

Ambiguously Mapped Contigs: 0
Total Bases in Ambiguously Mapped Contigs: 0
Extra Bases in Ambiguously Mapped Contigs: 0
Note that --allow-ambiguity option was set to "one" and only first alignment per each of these contigs was used.

	Covered Bases: 5842

	SNPs: 0
	Insertions: 2
	Deletions: 2

