Aligning contigs to reference...
	Aligning contigs to the reference
Filtering alignments...
Parsing coords...
Loading reference...
	Loaded [GCA_000211475.1_crisprs_GCA_000211475.1_CRISPR_0_from_1491888__all_]
	Loaded [GCA_000211475.1_crisprs_GCA_000211475.1_CRISPR_1_from_1688112__all_]
	Total Regions: 2
	Total Region Length: 11017
Analyzing contigs...
CONTIG: 999482 (647bp)
Best alignment score: 647.0 (LEN: 647, IDY: 100.00), Total number of alignments: 1
		One align captures most of this contig: 2268 2914 | 1 647 | 647 647 | 100.0 | GCA_000211475.1_crisprs_GCA_000211475.1_CRISPR_0_from_1491888__all_ 999482

Analyzing coverage...
Writing SNPs into /net/sgi/cami/data/CAMI2/scripts/second_challenge_evaluation/assembly/scripts/data/CRISPR/metaquast_all/runs_per_reference/GCA_000211475.1_crisprs/contigs_reports/minimap_output/ABySS.used_snps.gz

Analysis is finished!
Founded SNPs were written into /net/sgi/cami/data/CAMI2/scripts/second_challenge_evaluation/assembly/scripts/data/CRISPR/metaquast_all/runs_per_reference/GCA_000211475.1_crisprs/contigs_reports/minimap_output/ABySS.used_snps.gz

Results:
	Local Misassemblies: 0
	Misassemblies: 0
		Relocations: 0
		Translocations: 0
		Inversions: 0
	Scaffold gap extensive misassemblies: 0
	Scaffold gap local misassemblies: 0
	Misassembled Contigs: 0
	Misassembled Contig Bases: 0
	Misassemblies Inter-Contig Overlap: 0
Unaligned Contigs: 0 + 0 part
Half Unaligned Contigs with Misassemblies: 0
Unaligned Contig Bases: 0

Ambiguously Mapped Contigs: 0
Total Bases in Ambiguously Mapped Contigs: 0
Extra Bases in Ambiguously Mapped Contigs: 0
Note that --allow-ambiguity option was set to "one" and only first alignment per each of these contigs was used.

	Covered Bases: 647

	SNPs: 0
	Insertions: 0
	Deletions: 0

