Aligning contigs to reference...
	Aligning contigs to the reference
Filtering alignments...
Parsing coords...
Loading reference...
	Loaded [GCA_000011185.1_crisprs_GCA_000011185.1_CRISPR_1]
	Loaded [GCA_000011185.1_crisprs_GCA_000011185.1_CRISPR_2]
	Total Regions: 2
	Total Region Length: 2397
Analyzing contigs...
CONTIG: contig_56546 (15231bp)
Best alignment score: 739.0 (LEN: 739, IDY: 100.00), Total number of alignments: 2
			Looking for the best set of alignments (out of 2 total alignments)
			The best set is below. Score: 1157.0, number of alignments: 2, unaligned bases: 14043
		This contig is misassembled.
		This contig is partially unaligned. (Aligned 1188 out of 15231 non-N bases (7.80%))
			Warning! This contig is more unaligned than misassembled. Contig length is 15231 (number of Ns: 0) and total length of all aligns is 1188
		Alignment: 698 1146 | 13660 13212 | 449 449 | 98.44 | GCA_000011185.1_crisprs_GCA_000011185.1_CRISPR_2 contig_56546
		Alignment: 3 741 | 15166 14428 | 739 739 | 100.0 | GCA_000011185.1_crisprs_GCA_000011185.1_CRISPR_2 contig_56546
		Unaligned bases: 14043

CONTIG: strain26_opera_contig_49_2 (15231bp)
Best alignment score: 739.0 (LEN: 739, IDY: 100.00), Total number of alignments: 2
			Looking for the best set of alignments (out of 2 total alignments)
			The best set is below. Score: 1157.0, number of alignments: 2, unaligned bases: 14043
		This contig is misassembled.
		This contig is partially unaligned. (Aligned 1188 out of 15231 non-N bases (7.80%))
			Warning! This contig is more unaligned than misassembled. Contig length is 15231 (number of Ns: 0) and total length of all aligns is 1188
		Alignment: 698 1146 | 13660 13212 | 449 449 | 98.44 | GCA_000011185.1_crisprs_GCA_000011185.1_CRISPR_2 strain26_opera_contig_49_2
		Alignment: 3 741 | 15166 14428 | 739 739 | 100.0 | GCA_000011185.1_crisprs_GCA_000011185.1_CRISPR_2 strain26_opera_contig_49_2
		Unaligned bases: 14043

CONTIG: contig_56866 (10411bp)
Best alignment score: 861.0 (LEN: 865, IDY: 99.54), Total number of alignments: 2
			Looking for the best set of alignments (out of 2 total alignments)
			Skipping redundant alignments after choosing the best set of alignments
		Skipping redundant alignment 1 233 | 8074 8306 | 233 233 | 96.57 | GCA_000011185.1_crisprs_GCA_000011185.1_CRISPR_1 contig_56866
			The best set is below. Score: 861.0, number of alignments: 1, unaligned bases: 9546
		This contig is partially unaligned. (Aligned 865 out of 10411 non-N bases (8.31%))
		Alignment: 376 1240 | 9445 10309 | 865 865 | 99.54 | GCA_000011185.1_crisprs_GCA_000011185.1_CRISPR_1 contig_56866
		Unaligned bases: 1 to 9444 (9444)
		Unaligned bases: 10310 to 10411 (102)

CONTIG: strain26_opera_contig_70_2 (10411bp)
Best alignment score: 861.0 (LEN: 865, IDY: 99.54), Total number of alignments: 2
			Looking for the best set of alignments (out of 2 total alignments)
			Skipping redundant alignments after choosing the best set of alignments
		Skipping redundant alignment 1 233 | 8074 8306 | 233 233 | 96.57 | GCA_000011185.1_crisprs_GCA_000011185.1_CRISPR_1 strain26_opera_contig_70_2
			The best set is below. Score: 861.0, number of alignments: 1, unaligned bases: 9546
		This contig is partially unaligned. (Aligned 865 out of 10411 non-N bases (8.31%))
		Alignment: 376 1240 | 9445 10309 | 865 865 | 99.54 | GCA_000011185.1_crisprs_GCA_000011185.1_CRISPR_1 strain26_opera_contig_70_2
		Unaligned bases: 1 to 9444 (9444)
		Unaligned bases: 10310 to 10411 (102)

Analyzing coverage...
Writing SNPs into /net/sgi/cami/data/CAMI2/scripts/second_challenge_evaluation/assembly/scripts/data/CRISPR/metaquast/runs_per_reference/GCA_000011185.1_crisprs/contigs_reports/minimap_output/A_STAR.used_snps.gz

Analysis is finished!
Founded SNPs were written into /net/sgi/cami/data/CAMI2/scripts/second_challenge_evaluation/assembly/scripts/data/CRISPR/metaquast/runs_per_reference/GCA_000011185.1_crisprs/contigs_reports/minimap_output/A_STAR.used_snps.gz

Results:
	Local Misassemblies: 0
	Misassemblies: 0
		Relocations: 0
		Translocations: 0
		Inversions: 0
	Scaffold gap extensive misassemblies: 0
	Scaffold gap local misassemblies: 0
	Misassembled Contigs: 0
	Misassembled Contig Bases: 0
	Misassemblies Inter-Contig Overlap: 0
Unaligned Contigs: 0 + 4 part
Half Unaligned Contigs with Misassemblies: 2
Unaligned Contig Bases: 47178

Ambiguously Mapped Contigs: 0
Total Bases in Ambiguously Mapped Contigs: 0
Extra Bases in Ambiguously Mapped Contigs: 0
Note that --allow-ambiguity option was set to "one" and only first alignment per each of these contigs was used.

	Covered Bases: 2009

	SNPs: 22
	Insertions: 0
	Deletions: 0

