Aligning contigs to reference...
	Aligning contigs to the reference
Filtering alignments...
Parsing coords...
Loading reference...
	Loaded [GCA_000011185.1_crisprs_GCA_000011185.1_CRISPR_1]
	Loaded [GCA_000011185.1_crisprs_GCA_000011185.1_CRISPR_2]
	Total Regions: 2
	Total Region Length: 2397
Analyzing contigs...
CONTIG: 876792 (3403bp)
Best alignment score: 1251.0 (LEN: 1251, IDY: 100.00), Total number of alignments: 1
			Looking for the best set of alignments (out of 1 total alignments)
			The best set is below. Score: 1251.0, number of alignments: 1, unaligned bases: 2152
		This contig is partially unaligned. (Aligned 1251 out of 3403 non-N bases (36.76%))
		Alignment: 1 1251 | 1741 2991 | 1251 1251 | 100.0 | GCA_000011185.1_crisprs_GCA_000011185.1_CRISPR_1 876792
		Unaligned bases: 1 to 1740 (1740)
		Unaligned bases: 2992 to 3403 (412)

CONTIG: 907510 (2279bp)
Best alignment score: 1132.0 (LEN: 1132, IDY: 100.00), Total number of alignments: 1
			Looking for the best set of alignments (out of 1 total alignments)
			The best set is below. Score: 1132.0, number of alignments: 1, unaligned bases: 1147
		This contig is partially unaligned. (Aligned 1132 out of 2279 non-N bases (49.67%))
		Alignment: 1 1132 | 1148 2279 | 1132 1132 | 100.0 | GCA_000011185.1_crisprs_GCA_000011185.1_CRISPR_2 907510
		Unaligned bases: 1 to 1147 (1147)

Analyzing coverage...
Writing SNPs into /net/sgi/cami/data/CAMI2/scripts/second_challenge_evaluation/assembly/scripts/data/CRISPR/metaquast/runs_per_reference/GCA_000011185.1_crisprs/contigs_reports/minimap_output/Miniasm.used_snps.gz

Analysis is finished!
Founded SNPs were written into /net/sgi/cami/data/CAMI2/scripts/second_challenge_evaluation/assembly/scripts/data/CRISPR/metaquast/runs_per_reference/GCA_000011185.1_crisprs/contigs_reports/minimap_output/Miniasm.used_snps.gz

Results:
	Local Misassemblies: 0
	Misassemblies: 0
		Relocations: 0
		Translocations: 0
		Inversions: 0
	Scaffold gap extensive misassemblies: 0
	Scaffold gap local misassemblies: 0
	Misassembled Contigs: 0
	Misassembled Contig Bases: 0
	Misassemblies Inter-Contig Overlap: 0
Unaligned Contigs: 0 + 2 part
Half Unaligned Contigs with Misassemblies: 0
Unaligned Contig Bases: 3299

Ambiguously Mapped Contigs: 0
Total Bases in Ambiguously Mapped Contigs: 0
Extra Bases in Ambiguously Mapped Contigs: 0
Note that --allow-ambiguity option was set to "one" and only first alignment per each of these contigs was used.

	Covered Bases: 2383

	SNPs: 0
	Insertions: 0
	Deletions: 0

