Aligning contigs to reference...
	Aligning contigs to the reference
Filtering alignments...
Parsing coords...
Loading reference...
	Loaded [GCA_000016425.1_crisprs_GCA_000016425.1_CRISPR_1]
	Loaded [GCA_000016425.1_crisprs_GCA_000016425.1_CRISPR_2]
	Total Regions: 2
	Total Region Length: 1853
Analyzing contigs...
CONTIG: opera_contig_2029 (57927bp)
Best alignment score: 1617.0 (LEN: 1624, IDY: 99.57), Total number of alignments: 2
			Looking for the best set of alignments (out of 2 total alignments)
			Skipping redundant alignments after choosing the best set of alignments
		Skipping redundant alignment 1 229 | 18890 18662 | 229 229 | 100.0 | GCA_000016425.1_crisprs_GCA_000016425.1_CRISPR_2 opera_contig_2029
			The best set is below. Score: 1617.0, number of alignments: 1, unaligned bases: 56303
		This contig is partially unaligned. (Aligned 1624 out of 57927 non-N bases (2.80%))
		Alignment: 1 1624 | 42778 41155 | 1624 1624 | 99.57 | GCA_000016425.1_crisprs_GCA_000016425.1_CRISPR_1 opera_contig_2029
		Unaligned bases: 1 to 41154 (41154)
		Unaligned bases: 42779 to 57927 (15149)

Analyzing coverage...
Writing SNPs into /net/sgi/cami/data/CAMI2/scripts/second_challenge_evaluation/assembly/scripts/data/CRISPR/metaquast/runs_per_reference/GCA_000016425.1_crisprs/contigs_reports/minimap_output/OPERA_MS_inhouse.used_snps.gz

Analysis is finished!
Founded SNPs were written into /net/sgi/cami/data/CAMI2/scripts/second_challenge_evaluation/assembly/scripts/data/CRISPR/metaquast/runs_per_reference/GCA_000016425.1_crisprs/contigs_reports/minimap_output/OPERA_MS_inhouse.used_snps.gz

Results:
	Local Misassemblies: 0
	Misassemblies: 0
		Relocations: 0
		Translocations: 0
		Inversions: 0
	Scaffold gap extensive misassemblies: 0
	Scaffold gap local misassemblies: 0
	Misassembled Contigs: 0
	Misassembled Contig Bases: 0
	Misassemblies Inter-Contig Overlap: 0
Unaligned Contigs: 0 + 1 part
Half Unaligned Contigs with Misassemblies: 0
Unaligned Contig Bases: 56303

Ambiguously Mapped Contigs: 0
Total Bases in Ambiguously Mapped Contigs: 0
Extra Bases in Ambiguously Mapped Contigs: 0
Note that --allow-ambiguity option was set to "one" and only first alignment per each of these contigs was used.

	Covered Bases: 1624

	SNPs: 7
	Insertions: 0
	Deletions: 0

