Aligning contigs to reference...
	Aligning contigs to the reference
Filtering alignments...
Parsing coords...
Loading reference...
	Loaded [GCA_000016425.1_crisprs_GCA_000016425.1_CRISPR_1]
	Loaded [GCA_000016425.1_crisprs_GCA_000016425.1_CRISPR_2]
	Total Regions: 2
	Total Region Length: 1853
Analyzing contigs...
CONTIG: contig_273873 (54803bp)
Best alignment score: 480.0 (LEN: 480, IDY: 100.00), Total number of alignments: 3
			Looking for the best set of alignments (out of 3 total alignments)
			Skipping redundant alignments after choosing the best set of alignments
		Skipping redundant alignment 1 229 | 29007 28779 | 229 229 | 100.0 | GCA_000016425.1_crisprs_GCA_000016425.1_CRISPR_2 contig_273873
			The best set is below. Score: 766.0, number of alignments: 2, unaligned bases: 54012
		This contig is misassembled.
		This contig is partially unaligned. (Aligned 791 out of 54803 non-N bases (1.44%))
			Warning! This contig is more unaligned than misassembled. Contig length is 54803 (number of Ns: 0) and total length of all aligns is 791
		Alignment: 1145 1624 | 51798 51319 | 480 480 | 100.0 | GCA_000016425.1_crisprs_GCA_000016425.1_CRISPR_1 contig_273873
		Alignment: 1 311 | 52993 52683 | 311 311 | 99.68 | GCA_000016425.1_crisprs_GCA_000016425.1_CRISPR_1 contig_273873
		Unaligned bases: 54012

CONTIG: strain180_opera_contig_4 (54803bp)
Best alignment score: 480.0 (LEN: 480, IDY: 100.00), Total number of alignments: 3
			Looking for the best set of alignments (out of 3 total alignments)
			Skipping redundant alignments after choosing the best set of alignments
		Skipping redundant alignment 1 229 | 29007 28779 | 229 229 | 100.0 | GCA_000016425.1_crisprs_GCA_000016425.1_CRISPR_2 strain180_opera_contig_4
			The best set is below. Score: 766.0, number of alignments: 2, unaligned bases: 54012
		This contig is misassembled.
		This contig is partially unaligned. (Aligned 791 out of 54803 non-N bases (1.44%))
			Warning! This contig is more unaligned than misassembled. Contig length is 54803 (number of Ns: 0) and total length of all aligns is 791
		Alignment: 1145 1624 | 51798 51319 | 480 480 | 100.0 | GCA_000016425.1_crisprs_GCA_000016425.1_CRISPR_1 strain180_opera_contig_4
		Alignment: 1 311 | 52993 52683 | 311 311 | 99.68 | GCA_000016425.1_crisprs_GCA_000016425.1_CRISPR_1 strain180_opera_contig_4
		Unaligned bases: 54012

Analyzing coverage...
Writing SNPs into /net/sgi/cami/data/CAMI2/scripts/second_challenge_evaluation/assembly/scripts/data/CRISPR/metaquast/runs_per_reference/GCA_000016425.1_crisprs/contigs_reports/minimap_output/A_STAR.used_snps.gz

Analysis is finished!
Founded SNPs were written into /net/sgi/cami/data/CAMI2/scripts/second_challenge_evaluation/assembly/scripts/data/CRISPR/metaquast/runs_per_reference/GCA_000016425.1_crisprs/contigs_reports/minimap_output/A_STAR.used_snps.gz

Results:
	Local Misassemblies: 0
	Misassemblies: 0
		Relocations: 0
		Translocations: 0
		Inversions: 0
	Scaffold gap extensive misassemblies: 0
	Scaffold gap local misassemblies: 0
	Misassembled Contigs: 0
	Misassembled Contig Bases: 0
	Misassemblies Inter-Contig Overlap: 0
Unaligned Contigs: 0 + 2 part
Half Unaligned Contigs with Misassemblies: 2
Unaligned Contig Bases: 108024

Ambiguously Mapped Contigs: 0
Total Bases in Ambiguously Mapped Contigs: 0
Extra Bases in Ambiguously Mapped Contigs: 0
Note that --allow-ambiguity option was set to "one" and only first alignment per each of these contigs was used.

	Covered Bases: 791

	SNPs: 2
	Insertions: 0
	Deletions: 0

