Aligning contigs to reference...
	Aligning contigs to the reference
Filtering alignments...
Parsing coords...
Loading reference...
	Loaded [GCA_000016425.1_crisprs_GCA_000016425.1_CRISPR_1]
	Loaded [GCA_000016425.1_crisprs_GCA_000016425.1_CRISPR_2]
	Total Regions: 2
	Total Region Length: 1853
Analyzing contigs...
CONTIG: PC1253947 (5183322bp)
Best alignment score: 1624.0 (LEN: 1624, IDY: 100.00), Total number of alignments: 2
			Looking for the best set of alignments (out of 2 total alignments)
			Skipping redundant alignments after choosing the best set of alignments
		Skipping redundant alignment 1 229 | 1140291 1140519 | 229 229 | 100.0 | GCA_000016425.1_crisprs_GCA_000016425.1_CRISPR_2 PC1253947
			The best set is below. Score: 1624.0, number of alignments: 1, unaligned bases: 5181698
		This contig is partially unaligned. (Aligned 1624 out of 5183322 non-N bases (0.03%))
		Alignment: 1 1624 | 1116403 1118026 | 1624 1624 | 100.0 | GCA_000016425.1_crisprs_GCA_000016425.1_CRISPR_1 PC1253947
		Unaligned bases: 1 to 1116402 (1116402)
		Unaligned bases: 1118027 to 5183322 (4065296)

Analyzing coverage...
Writing SNPs into /net/sgi/cami/data/CAMI2/scripts/second_challenge_evaluation/assembly/scripts/data/CRISPR/metaquast/runs_per_reference/GCA_000016425.1_crisprs/contigs_reports/minimap_output/marmgCAMI2.used_snps.gz

Analysis is finished!
Founded SNPs were written into /net/sgi/cami/data/CAMI2/scripts/second_challenge_evaluation/assembly/scripts/data/CRISPR/metaquast/runs_per_reference/GCA_000016425.1_crisprs/contigs_reports/minimap_output/marmgCAMI2.used_snps.gz

Results:
	Local Misassemblies: 0
	Misassemblies: 0
		Relocations: 0
		Translocations: 0
		Inversions: 0
	Scaffold gap extensive misassemblies: 0
	Scaffold gap local misassemblies: 0
	Misassembled Contigs: 0
	Misassembled Contig Bases: 0
	Misassemblies Inter-Contig Overlap: 0
Unaligned Contigs: 0 + 1 part
Half Unaligned Contigs with Misassemblies: 0
Unaligned Contig Bases: 5181698

Ambiguously Mapped Contigs: 0
Total Bases in Ambiguously Mapped Contigs: 0
Extra Bases in Ambiguously Mapped Contigs: 0
Note that --allow-ambiguity option was set to "one" and only first alignment per each of these contigs was used.

	Covered Bases: 1624

	SNPs: 0
	Insertions: 0
	Deletions: 0

