Aligning contigs to reference...
	Aligning contigs to the reference
Filtering alignments...
Parsing coords...
Loading reference...
	Loaded [GCA_000016425.1_crisprs_GCA_000016425.1_CRISPR_1]
	Loaded [GCA_000016425.1_crisprs_GCA_000016425.1_CRISPR_2]
	Total Regions: 2
	Total Region Length: 1853
Analyzing contigs...
CONTIG: Scaffold10049 (8700bp)
Best alignment score: 229.0 (LEN: 229, IDY: 100.00), Total number of alignments: 1
			Looking for the best set of alignments (out of 1 total alignments)
			The best set is below. Score: 229.0, number of alignments: 1, unaligned bases: 8471
		This contig is partially unaligned. (Aligned 229 out of 8700 non-N bases (2.63%))
		Alignment: 1 229 | 3791 4019 | 229 229 | 100.0 | GCA_000016425.1_crisprs_GCA_000016425.1_CRISPR_2 Scaffold10049
		Unaligned bases: 1 to 3790 (3790)
		Unaligned bases: 4020 to 8700 (4681)

CONTIG: Scaffold5202628 (8700bp)
Best alignment score: 229.0 (LEN: 229, IDY: 100.00), Total number of alignments: 1
			Looking for the best set of alignments (out of 1 total alignments)
			The best set is below. Score: 229.0, number of alignments: 1, unaligned bases: 8471
		This contig is partially unaligned. (Aligned 229 out of 8700 non-N bases (2.63%))
		Alignment: 1 229 | 3791 4019 | 229 229 | 100.0 | GCA_000016425.1_crisprs_GCA_000016425.1_CRISPR_2 Scaffold5202628
		Unaligned bases: 1 to 3790 (3790)
		Unaligned bases: 4020 to 8700 (4681)

CONTIG: Scaffold776254 (21366bp)
Best alignment score: 1624.0 (LEN: 1624, IDY: 100.00), Total number of alignments: 1
			Looking for the best set of alignments (out of 1 total alignments)
			The best set is below. Score: 1624.0, number of alignments: 1, unaligned bases: 19742
		This contig is partially unaligned. (Aligned 1624 out of 21366 non-N bases (7.60%))
		Alignment: 1 1624 | 12316 10693 | 1624 1624 | 100.0 | GCA_000016425.1_crisprs_GCA_000016425.1_CRISPR_1 Scaffold776254
		Unaligned bases: 1 to 10692 (10692)
		Unaligned bases: 12317 to 21366 (9050)

CONTIG: Scaffold14731552 (20995bp)
Best alignment score: 1624.0 (LEN: 1624, IDY: 100.00), Total number of alignments: 1
			Looking for the best set of alignments (out of 1 total alignments)
			The best set is below. Score: 1624.0, number of alignments: 1, unaligned bases: 19371
		This contig is partially unaligned. (Aligned 1624 out of 20995 non-N bases (7.74%))
		Alignment: 1 1624 | 11945 10322 | 1624 1624 | 100.0 | GCA_000016425.1_crisprs_GCA_000016425.1_CRISPR_1 Scaffold14731552
		Unaligned bases: 1 to 10321 (10321)
		Unaligned bases: 11946 to 20995 (9050)

Analyzing coverage...
Writing SNPs into /net/sgi/cami/data/CAMI2/scripts/second_challenge_evaluation/assembly/scripts/data/CRISPR/metaquast/runs_per_reference/GCA_000016425.1_crisprs/contigs_reports/minimap_output/HipMer.used_snps.gz

Analysis is finished!
Founded SNPs were written into /net/sgi/cami/data/CAMI2/scripts/second_challenge_evaluation/assembly/scripts/data/CRISPR/metaquast/runs_per_reference/GCA_000016425.1_crisprs/contigs_reports/minimap_output/HipMer.used_snps.gz

Results:
	Local Misassemblies: 0
	Misassemblies: 0
		Relocations: 0
		Translocations: 0
		Inversions: 0
	Scaffold gap extensive misassemblies: 0
	Scaffold gap local misassemblies: 0
	Misassembled Contigs: 0
	Misassembled Contig Bases: 0
	Misassemblies Inter-Contig Overlap: 0
Unaligned Contigs: 0 + 4 part
Half Unaligned Contigs with Misassemblies: 0
Unaligned Contig Bases: 56055

Ambiguously Mapped Contigs: 0
Total Bases in Ambiguously Mapped Contigs: 0
Extra Bases in Ambiguously Mapped Contigs: 0
Note that --allow-ambiguity option was set to "one" and only first alignment per each of these contigs was used.

	Covered Bases: 1853

	SNPs: 0
	Insertions: 0
	Deletions: 0

