Aligning contigs to reference...
	Aligning contigs to the reference
Filtering alignments...
Parsing coords...
Loading reference...
	Loaded [GCA_000299395.1_crisprs_GCA_000299395.1_CRISPR_0_from_569850__ml_]
	Total Regions: 1
	Total Region Length: 730
Analyzing contigs...
CONTIG: contig_72399 (3706bp)
Best alignment score: 724.0 (LEN: 730, IDY: 99.18), Total number of alignments: 1
			Looking for the best set of alignments (out of 1 total alignments)
			The best set is below. Score: 724.0, number of alignments: 1, unaligned bases: 2976
		This contig is partially unaligned. (Aligned 730 out of 3706 non-N bases (19.70%))
		Alignment: 1 730 | 932 203 | 730 730 | 99.18 | GCA_000299395.1_crisprs_GCA_000299395.1_CRISPR_0_from_569850__ml_ contig_72399
		Unaligned bases: 1 to 202 (202)
		Unaligned bases: 933 to 3706 (2774)

CONTIG: opera_contig_17869_3 (3706bp)
Best alignment score: 724.0 (LEN: 730, IDY: 99.18), Total number of alignments: 1
			Looking for the best set of alignments (out of 1 total alignments)
			The best set is below. Score: 724.0, number of alignments: 1, unaligned bases: 2976
		This contig is partially unaligned. (Aligned 730 out of 3706 non-N bases (19.70%))
		Alignment: 1 730 | 932 203 | 730 730 | 99.18 | GCA_000299395.1_crisprs_GCA_000299395.1_CRISPR_0_from_569850__ml_ opera_contig_17869_3
		Unaligned bases: 1 to 202 (202)
		Unaligned bases: 933 to 3706 (2774)

CONTIG: strain106_opera_contig_52 (11458bp)
Best alignment score: 166.0 (LEN: 172, IDY: 96.51), Total number of alignments: 1
			Looking for the best set of alignments (out of 1 total alignments)
			The best set is below. Score: 166.0, number of alignments: 1, unaligned bases: 11286
		This contig is partially unaligned. (Aligned 172 out of 6991 non-N bases (2.46%))
		Alignment: 10 181 | 351 522 | 172 172 | 96.51 | GCA_000299395.1_crisprs_GCA_000299395.1_CRISPR_0_from_569850__ml_ strain106_opera_contig_52
		Unaligned bases: 1 to 350 (350)
		Unaligned bases: 523 to 11458 (10936)

Analyzing coverage...
Writing SNPs into /net/sgi/cami/data/CAMI2/scripts/second_challenge_evaluation/assembly/scripts/data/CRISPR/metaquast_all/runs_per_reference/GCA_000299395.1_crisprs/contigs_reports/minimap_output/A_STAR.used_snps.gz

Analysis is finished!
Founded SNPs were written into /net/sgi/cami/data/CAMI2/scripts/second_challenge_evaluation/assembly/scripts/data/CRISPR/metaquast_all/runs_per_reference/GCA_000299395.1_crisprs/contigs_reports/minimap_output/A_STAR.used_snps.gz

Results:
	Local Misassemblies: 0
	Misassemblies: 0
		Relocations: 0
		Translocations: 0
		Inversions: 0
	Scaffold gap extensive misassemblies: 0
	Scaffold gap local misassemblies: 0
	Misassembled Contigs: 0
	Misassembled Contig Bases: 0
	Misassemblies Inter-Contig Overlap: 0
Unaligned Contigs: 0 + 3 part
Half Unaligned Contigs with Misassemblies: 0
Unaligned Contig Bases: 12771

Ambiguously Mapped Contigs: 0
Total Bases in Ambiguously Mapped Contigs: 0
Extra Bases in Ambiguously Mapped Contigs: 0
Note that --allow-ambiguity option was set to "one" and only first alignment per each of these contigs was used.

	Covered Bases: 730

	SNPs: 18
	Insertions: 0
	Deletions: 0

