Aligning contigs to reference...
	Aligning contigs to the reference
Filtering alignments...
Parsing coords...
Loading reference...
	Loaded [GCA_000299395.1_crisprs_GCA_000299395.1_CRISPR_0_from_569850__ml_]
	Total Regions: 1
	Total Region Length: 730
Analyzing contigs...
CONTIG: Scaffold268068 (323982bp)
Best alignment score: 730.0 (LEN: 730, IDY: 100.00), Total number of alignments: 1
			Looking for the best set of alignments (out of 1 total alignments)
			The best set is below. Score: 730.0, number of alignments: 1, unaligned bases: 323252
		This contig is partially unaligned. (Aligned 730 out of 323982 non-N bases (0.23%))
		Alignment: 1 730 | 323373 322644 | 730 730 | 100.0 | GCA_000299395.1_crisprs_GCA_000299395.1_CRISPR_0_from_569850__ml_ Scaffold268068
		Unaligned bases: 1 to 322643 (322643)
		Unaligned bases: 323374 to 323982 (609)

CONTIG: Scaffold7877867 (66849bp)
Best alignment score: 730.0 (LEN: 730, IDY: 100.00), Total number of alignments: 1
			Looking for the best set of alignments (out of 1 total alignments)
			The best set is below. Score: 730.0, number of alignments: 1, unaligned bases: 66119
		This contig is partially unaligned. (Aligned 730 out of 66846 non-N bases (1.09%))
		Alignment: 1 730 | 765 1494 | 730 730 | 100.0 | GCA_000299395.1_crisprs_GCA_000299395.1_CRISPR_0_from_569850__ml_ Scaffold7877867
		Unaligned bases: 1 to 764 (764)
		Unaligned bases: 1495 to 66849 (65355)

Analyzing coverage...
Writing SNPs into /net/sgi/cami/data/CAMI2/scripts/second_challenge_evaluation/assembly/scripts/data/CRISPR/metaquast_all/runs_per_reference/GCA_000299395.1_crisprs/contigs_reports/minimap_output/HipMer.used_snps.gz

Analysis is finished!
Founded SNPs were written into /net/sgi/cami/data/CAMI2/scripts/second_challenge_evaluation/assembly/scripts/data/CRISPR/metaquast_all/runs_per_reference/GCA_000299395.1_crisprs/contigs_reports/minimap_output/HipMer.used_snps.gz

Results:
	Local Misassemblies: 0
	Misassemblies: 0
		Relocations: 0
		Translocations: 0
		Inversions: 0
	Scaffold gap extensive misassemblies: 0
	Scaffold gap local misassemblies: 0
	Misassembled Contigs: 0
	Misassembled Contig Bases: 0
	Misassemblies Inter-Contig Overlap: 0
Unaligned Contigs: 0 + 2 part
Half Unaligned Contigs with Misassemblies: 0
Unaligned Contig Bases: 389368

Ambiguously Mapped Contigs: 0
Total Bases in Ambiguously Mapped Contigs: 0
Extra Bases in Ambiguously Mapped Contigs: 0
Note that --allow-ambiguity option was set to "one" and only first alignment per each of these contigs was used.

	Covered Bases: 730

	SNPs: 0
	Insertions: 0
	Deletions: 0

