Aligning contigs to reference...
	Aligning contigs to the reference
Filtering alignments...
Parsing coords...
Loading reference...
	Loaded [GCA_000299395.1_crisprs_GCA_000299395.1_CRISPR_0_from_569850__ml_]
	Total Regions: 1
	Total Region Length: 730
Analyzing contigs...
CONTIG: opera_contig_305 (235228bp)
Best alignment score: 729.0 (LEN: 730, IDY: 99.86), Total number of alignments: 1
			Looking for the best set of alignments (out of 1 total alignments)
			The best set is below. Score: 729.0, number of alignments: 1, unaligned bases: 234498
		This contig is partially unaligned. (Aligned 730 out of 235228 non-N bases (0.31%))
		Alignment: 1 730 | 63753 63024 | 730 730 | 99.86 | GCA_000299395.1_crisprs_GCA_000299395.1_CRISPR_0_from_569850__ml_ opera_contig_305
		Unaligned bases: 1 to 63023 (63023)
		Unaligned bases: 63754 to 235228 (171475)

Analyzing coverage...
Writing SNPs into /net/sgi/cami/data/CAMI2/scripts/second_challenge_evaluation/assembly/scripts/data/CRISPR/metaquast_all/runs_per_reference/GCA_000299395.1_crisprs/contigs_reports/minimap_output/OPERA_MS_inhouse.used_snps.gz

Analysis is finished!
Founded SNPs were written into /net/sgi/cami/data/CAMI2/scripts/second_challenge_evaluation/assembly/scripts/data/CRISPR/metaquast_all/runs_per_reference/GCA_000299395.1_crisprs/contigs_reports/minimap_output/OPERA_MS_inhouse.used_snps.gz

Results:
	Local Misassemblies: 0
	Misassemblies: 0
		Relocations: 0
		Translocations: 0
		Inversions: 0
	Scaffold gap extensive misassemblies: 0
	Scaffold gap local misassemblies: 0
	Misassembled Contigs: 0
	Misassembled Contig Bases: 0
	Misassemblies Inter-Contig Overlap: 0
Unaligned Contigs: 0 + 1 part
Half Unaligned Contigs with Misassemblies: 0
Unaligned Contig Bases: 234498

Ambiguously Mapped Contigs: 0
Total Bases in Ambiguously Mapped Contigs: 0
Extra Bases in Ambiguously Mapped Contigs: 0
Note that --allow-ambiguity option was set to "one" and only first alignment per each of these contigs was used.

	Covered Bases: 730

	SNPs: 1
	Insertions: 0
	Deletions: 0

