Aligning contigs to reference...
	Aligning contigs to the reference
Filtering alignments...
Parsing coords...
Loading reference...
	Loaded [GCA_000192865.1_crisprs_GCA_000192865.1_CRISPR_1]
	Loaded [GCA_000192865.1_crisprs_GCA_000192865.1_CRISPR_2]
	Loaded [GCA_000192865.1_crisprs_GCA_000192865.1_CRISPR_3]
	Loaded [GCA_000192865.1_crisprs_GCA_000192865.1_CRISPR_4]
	Loaded [GCA_000192865.1_crisprs_GCA_000192865.1_CRISPR_5]
	Total Regions: 5
	Total Region Length: 10252
Analyzing contigs...
CONTIG: 21665 (229334bp)
Best alignment score: 3147.1 (LEN: 3148, IDY: 99.97), Total number of alignments: 1
			Looking for the best set of alignments (out of 1 total alignments)
			The best set is below. Score: 3147.1, number of alignments: 1, unaligned bases: 226186
		This contig is partially unaligned. (Aligned 3148 out of 229334 non-N bases (1.37%))
		Alignment: 1 3148 | 37581 40728 | 3148 3148 | 99.97 | GCA_000192865.1_crisprs_GCA_000192865.1_CRISPR_3 21665
		Unaligned bases: 1 to 37580 (37580)
		Unaligned bases: 40729 to 229334 (188606)

CONTIG: 31361 (111769bp)
Best alignment score: 598.0 (LEN: 598, IDY: 100.00), Total number of alignments: 2
			Looking for the best set of alignments (out of 2 total alignments)
			The best set is below. Score: 911.0, number of alignments: 2, unaligned bases: 110607
		This contig is misassembled.
		This contig is partially unaligned. (Aligned 1162 out of 111769 non-N bases (1.04%))
			Warning! This contig is more unaligned than misassembled. Contig length is 111769 (number of Ns: 0) and total length of all aligns is 1162
		Alignment: 3590 4153 | 1 564 | 564 564 | 100.0 | GCA_000192865.1_crisprs_GCA_000192865.1_CRISPR_1 31361
		Alignment: 1 598 | 12821 13418 | 598 598 | 100.0 | GCA_000192865.1_crisprs_GCA_000192865.1_CRISPR_2 31361
		Unaligned bases: 110607

CONTIG: utg002704l (55493bp)
Best alignment score: 242.0 (LEN: 242, IDY: 100.00), Total number of alignments: 2
			Looking for the best set of alignments (out of 2 total alignments)
			Skipping redundant alignments after choosing the best set of alignments
		Skipping redundant alignment 559 697 | 33525 33663 | 139 139 | 100.0 | GCA_000192865.1_crisprs_GCA_000192865.1_CRISPR_1 utg002704l
			The best set is below. Score: 242.0, number of alignments: 1, unaligned bases: 55251
		This contig is partially unaligned. (Aligned 242 out of 55493 non-N bases (0.44%))
		Alignment: 3912 4153 | 37113 37354 | 242 242 | 100.0 | GCA_000192865.1_crisprs_GCA_000192865.1_CRISPR_1 utg002704l
		Unaligned bases: 1 to 37112 (37112)
		Unaligned bases: 37355 to 55493 (18139)

Analyzing coverage...
Writing SNPs into /net/sgi/cami/data/CAMI2/scripts/second_challenge_evaluation/assembly/scripts/data/CRISPR/metaquast/runs_per_reference/GCA_000192865.1_crisprs/contigs_reports/minimap_output/Miniasm.used_snps.gz

Analysis is finished!
Founded SNPs were written into /net/sgi/cami/data/CAMI2/scripts/second_challenge_evaluation/assembly/scripts/data/CRISPR/metaquast/runs_per_reference/GCA_000192865.1_crisprs/contigs_reports/minimap_output/Miniasm.used_snps.gz

Results:
	Local Misassemblies: 0
	Misassemblies: 0
		Relocations: 0
		Translocations: 0
		Inversions: 0
	Scaffold gap extensive misassemblies: 0
	Scaffold gap local misassemblies: 0
	Misassembled Contigs: 0
	Misassembled Contig Bases: 0
	Misassemblies Inter-Contig Overlap: 0
Unaligned Contigs: 0 + 3 part
Half Unaligned Contigs with Misassemblies: 1
Unaligned Contig Bases: 392044

Ambiguously Mapped Contigs: 0
Total Bases in Ambiguously Mapped Contigs: 0
Extra Bases in Ambiguously Mapped Contigs: 0
Note that --allow-ambiguity option was set to "one" and only first alignment per each of these contigs was used.

	Covered Bases: 4310

	SNPs: 1
	Insertions: 0
	Deletions: 0

