Aligning contigs to reference...
	Aligning contigs to the reference
Filtering alignments...
Parsing coords...
Loading reference...
	Loaded [GCA_000192865.1_crisprs_GCA_000192865.1_CRISPR_1]
	Loaded [GCA_000192865.1_crisprs_GCA_000192865.1_CRISPR_2]
	Loaded [GCA_000192865.1_crisprs_GCA_000192865.1_CRISPR_3]
	Loaded [GCA_000192865.1_crisprs_GCA_000192865.1_CRISPR_4]
	Loaded [GCA_000192865.1_crisprs_GCA_000192865.1_CRISPR_5]
	Total Regions: 5
	Total Region Length: 10252
Analyzing contigs...
CONTIG: PC182763 (4684311bp)
Best alignment score: 4153.0 (LEN: 4153, IDY: 100.00), Total number of alignments: 5
			Looking for the best set of alignments (out of 5 total alignments)
			Skipping redundant alignments after choosing the best set of alignments
		Skipping redundant alignment 1 106 | 693588 693693 | 106 106 | 100.0 | GCA_000192865.1_crisprs_GCA_000192865.1_CRISPR_5 PC182763
			The best set is below. Score: 9393.0, number of alignments: 4, unaligned bases: 4674165
		This contig is misassembled.
		This contig is partially unaligned. (Aligned 10146 out of 4684311 non-N bases (0.22%))
			Warning! This contig is more unaligned than misassembled. Contig length is 4684311 (number of Ns: 0) and total length of all aligns is 10146
		Alignment: 1 4153 | 693936 698088 | 4153 4153 | 100.0 | GCA_000192865.1_crisprs_GCA_000192865.1_CRISPR_1 PC182763
		Alignment: 1 598 | 710345 710942 | 598 598 | 100.0 | GCA_000192865.1_crisprs_GCA_000192865.1_CRISPR_2 PC182763
		Alignment: 1 3148 | 3643809 3646956 | 3148 3148 | 100.0 | GCA_000192865.1_crisprs_GCA_000192865.1_CRISPR_3 PC182763
		Alignment: 1 2247 | 3896420 3898666 | 2247 2247 | 100.0 | GCA_000192865.1_crisprs_GCA_000192865.1_CRISPR_4 PC182763
		Unaligned bases: 4674165

Analyzing coverage...
Writing SNPs into /net/sgi/cami/data/CAMI2/scripts/second_challenge_evaluation/assembly/scripts/data/CRISPR/metaquast/runs_per_reference/GCA_000192865.1_crisprs/contigs_reports/minimap_output/marmgCAMI2.used_snps.gz

Analysis is finished!
Founded SNPs were written into /net/sgi/cami/data/CAMI2/scripts/second_challenge_evaluation/assembly/scripts/data/CRISPR/metaquast/runs_per_reference/GCA_000192865.1_crisprs/contigs_reports/minimap_output/marmgCAMI2.used_snps.gz

Results:
	Local Misassemblies: 0
	Misassemblies: 0
		Relocations: 0
		Translocations: 0
		Inversions: 0
	Scaffold gap extensive misassemblies: 0
	Scaffold gap local misassemblies: 0
	Misassembled Contigs: 0
	Misassembled Contig Bases: 0
	Misassemblies Inter-Contig Overlap: 0
Unaligned Contigs: 0 + 1 part
Half Unaligned Contigs with Misassemblies: 1
Unaligned Contig Bases: 4674165

Ambiguously Mapped Contigs: 0
Total Bases in Ambiguously Mapped Contigs: 0
Extra Bases in Ambiguously Mapped Contigs: 0
Note that --allow-ambiguity option was set to "one" and only first alignment per each of these contigs was used.

	Covered Bases: 10146

	SNPs: 0
	Insertions: 0
	Deletions: 0

