Aligning contigs to reference...
	Aligning contigs to the reference
Filtering alignments...
Parsing coords...
Loading reference...
	Loaded [GCA_000332115.1_crisprs_GCA_000332115.1_CRISPR_0_from_1101250__ml_]
	Loaded [GCA_000332115.1_crisprs_GCA_000332115.1_CRISPR_1_from_1103020__ml_]
	Total Regions: 2
	Total Region Length: 1160
Analyzing contigs...
CONTIG: k131_54888 (191383bp)
Best alignment score: 610.0 (LEN: 610, IDY: 100.00), Total number of alignments: 2
			Looking for the best set of alignments (out of 2 total alignments)
			The best set is below. Score: 909.0, number of alignments: 2, unaligned bases: 190223
		This contig is misassembled.
		This contig is partially unaligned. (Aligned 1160 out of 191383 non-N bases (0.61%))
			Warning! This contig is more unaligned than misassembled. Contig length is 191383 (number of Ns: 0) and total length of all aligns is 1160
		Alignment: 1 550 | 168296 168845 | 550 550 | 100.0 | GCA_000332115.1_crisprs_GCA_000332115.1_CRISPR_0_from_1101250__ml_ k131_54888
		Alignment: 1 610 | 170066 170675 | 610 610 | 100.0 | GCA_000332115.1_crisprs_GCA_000332115.1_CRISPR_1_from_1103020__ml_ k131_54888
		Unaligned bases: 190223

CONTIG: k141_1408945 (10454bp)
Best alignment score: 610.0 (LEN: 610, IDY: 100.00), Total number of alignments: 2
			Looking for the best set of alignments (out of 2 total alignments)
			The best set is below. Score: 907.0, number of alignments: 2, unaligned bases: 9294
		This contig is misassembled.
		This contig is partially unaligned. (Aligned 1160 out of 10454 non-N bases (11.10%))
			Warning! This contig is more unaligned than misassembled. Contig length is 10454 (number of Ns: 0) and total length of all aligns is 1160
		Alignment: 1 610 | 1356 747 | 610 610 | 100.0 | GCA_000332115.1_crisprs_GCA_000332115.1_CRISPR_1_from_1103020__ml_ k141_1408945
		Alignment: 1 550 | 3126 2577 | 550 550 | 99.64 | GCA_000332115.1_crisprs_GCA_000332115.1_CRISPR_0_from_1101250__ml_ k141_1408945
		Unaligned bases: 9294

CONTIG: k91_746483 (30273bp)
Best alignment score: 610.0 (LEN: 610, IDY: 100.00), Total number of alignments: 2
			Looking for the best set of alignments (out of 2 total alignments)
			The best set is below. Score: 909.0, number of alignments: 2, unaligned bases: 29113
		This contig is misassembled.
		This contig is partially unaligned. (Aligned 1160 out of 30273 non-N bases (3.83%))
			Warning! This contig is more unaligned than misassembled. Contig length is 30273 (number of Ns: 0) and total length of all aligns is 1160
		Alignment: 1 610 | 23513 22904 | 610 610 | 100.0 | GCA_000332115.1_crisprs_GCA_000332115.1_CRISPR_1_from_1103020__ml_ k91_746483
		Alignment: 1 550 | 25283 24734 | 550 550 | 100.0 | GCA_000332115.1_crisprs_GCA_000332115.1_CRISPR_0_from_1101250__ml_ k91_746483
		Unaligned bases: 29113

Analyzing coverage...
Writing SNPs into /net/sgi/cami/data/CAMI2/scripts/second_challenge_evaluation/assembly/scripts/data/CRISPR/metaquast_all/runs_per_reference/GCA_000332115.1_crisprs/contigs_reports/minimap_output/Megahit.used_snps.gz

Analysis is finished!
Founded SNPs were written into /net/sgi/cami/data/CAMI2/scripts/second_challenge_evaluation/assembly/scripts/data/CRISPR/metaquast_all/runs_per_reference/GCA_000332115.1_crisprs/contigs_reports/minimap_output/Megahit.used_snps.gz

Results:
	Local Misassemblies: 0
	Misassemblies: 0
		Relocations: 0
		Translocations: 0
		Inversions: 0
	Scaffold gap extensive misassemblies: 0
	Scaffold gap local misassemblies: 0
	Misassembled Contigs: 0
	Misassembled Contig Bases: 0
	Misassemblies Inter-Contig Overlap: 0
Unaligned Contigs: 0 + 3 part
Half Unaligned Contigs with Misassemblies: 3
Unaligned Contig Bases: 228630

Ambiguously Mapped Contigs: 0
Total Bases in Ambiguously Mapped Contigs: 0
Extra Bases in Ambiguously Mapped Contigs: 0
Note that --allow-ambiguity option was set to "one" and only first alignment per each of these contigs was used.

	Covered Bases: 1160

	SNPs: 2
	Insertions: 0
	Deletions: 0

