Aligning contigs to reference...
	Aligning contigs to the reference
Filtering alignments...
Parsing coords...
Loading reference...
	Loaded [GCA_000332115.1_crisprs_GCA_000332115.1_CRISPR_0_from_1101250__ml_]
	Loaded [GCA_000332115.1_crisprs_GCA_000332115.1_CRISPR_1_from_1103020__ml_]
	Total Regions: 2
	Total Region Length: 1160
Analyzing contigs...
CONTIG: NODE_888_length_94221_cov_11.171410 (94221bp)
Best alignment score: 608.0 (LEN: 610, IDY: 99.67), Total number of alignments: 4
			Looking for the best set of alignments (out of 4 total alignments)
			The best set is below. Score: 1563.0, number of alignments: 4, unaligned bases: 91901
		This contig is misassembled.
		This contig is partially unaligned. (Aligned 2320 out of 94221 non-N bases (2.46%))
			Warning! This contig is more unaligned than misassembled. Contig length is 94221 (number of Ns: 0) and total length of all aligns is 2320
		Alignment: 1 610 | 84037 83428 | 610 610 | 99.67 | GCA_000332115.1_crisprs_GCA_000332115.1_CRISPR_1_from_1103020__ml_ NODE_888_length_94221_cov_11.171410
		Alignment: 1 550 | 85807 85258 | 550 550 | 100.0 | GCA_000332115.1_crisprs_GCA_000332115.1_CRISPR_0_from_1101250__ml_ NODE_888_length_94221_cov_11.171410
		Alignment: 1 610 | 89000 88391 | 610 610 | 99.67 | GCA_000332115.1_crisprs_GCA_000332115.1_CRISPR_1_from_1103020__ml_ NODE_888_length_94221_cov_11.171410
		Alignment: 1 550 | 90770 90221 | 550 550 | 100.0 | GCA_000332115.1_crisprs_GCA_000332115.1_CRISPR_0_from_1101250__ml_ NODE_888_length_94221_cov_11.171410
		Unaligned bases: 91901

CONTIG: NODE_3845_length_24988_cov_7.544980 (24988bp)
Best alignment score: 610.0 (LEN: 610, IDY: 100.00), Total number of alignments: 2
			Looking for the best set of alignments (out of 2 total alignments)
			The best set is below. Score: 909.0, number of alignments: 2, unaligned bases: 23828
		This contig is misassembled.
		This contig is partially unaligned. (Aligned 1160 out of 24988 non-N bases (4.64%))
			Warning! This contig is more unaligned than misassembled. Contig length is 24988 (number of Ns: 0) and total length of all aligns is 1160
		Alignment: 1 550 | 5177 5726 | 550 550 | 100.0 | GCA_000332115.1_crisprs_GCA_000332115.1_CRISPR_0_from_1101250__ml_ NODE_3845_length_24988_cov_7.544980
		Alignment: 1 610 | 6947 7556 | 610 610 | 100.0 | GCA_000332115.1_crisprs_GCA_000332115.1_CRISPR_1_from_1103020__ml_ NODE_3845_length_24988_cov_7.544980
		Unaligned bases: 23828

CONTIG: NODE_885_length_94221_cov_11.209375 (94221bp)
Best alignment score: 608.0 (LEN: 610, IDY: 99.67), Total number of alignments: 4
			Looking for the best set of alignments (out of 4 total alignments)
			The best set is below. Score: 1563.0, number of alignments: 4, unaligned bases: 91901
		This contig is misassembled.
		This contig is partially unaligned. (Aligned 2320 out of 94221 non-N bases (2.46%))
			Warning! This contig is more unaligned than misassembled. Contig length is 94221 (number of Ns: 0) and total length of all aligns is 2320
		Alignment: 1 610 | 84037 83428 | 610 610 | 99.67 | GCA_000332115.1_crisprs_GCA_000332115.1_CRISPR_1_from_1103020__ml_ NODE_885_length_94221_cov_11.209375
		Alignment: 1 550 | 85807 85258 | 550 550 | 100.0 | GCA_000332115.1_crisprs_GCA_000332115.1_CRISPR_0_from_1101250__ml_ NODE_885_length_94221_cov_11.209375
		Alignment: 1 610 | 89000 88391 | 610 610 | 99.67 | GCA_000332115.1_crisprs_GCA_000332115.1_CRISPR_1_from_1103020__ml_ NODE_885_length_94221_cov_11.209375
		Alignment: 1 550 | 90770 90221 | 550 550 | 100.0 | GCA_000332115.1_crisprs_GCA_000332115.1_CRISPR_0_from_1101250__ml_ NODE_885_length_94221_cov_11.209375
		Unaligned bases: 91901

Analyzing coverage...
Writing SNPs into /net/sgi/cami/data/CAMI2/scripts/second_challenge_evaluation/assembly/scripts/data/CRISPR/metaquast_all/runs_per_reference/GCA_000332115.1_crisprs/contigs_reports/minimap_output/metaSPAdes.used_snps.gz

Analysis is finished!
Founded SNPs were written into /net/sgi/cami/data/CAMI2/scripts/second_challenge_evaluation/assembly/scripts/data/CRISPR/metaquast_all/runs_per_reference/GCA_000332115.1_crisprs/contigs_reports/minimap_output/metaSPAdes.used_snps.gz

Results:
	Local Misassemblies: 0
	Misassemblies: 0
		Relocations: 0
		Translocations: 0
		Inversions: 0
	Scaffold gap extensive misassemblies: 0
	Scaffold gap local misassemblies: 0
	Misassembled Contigs: 0
	Misassembled Contig Bases: 0
	Misassemblies Inter-Contig Overlap: 0
Unaligned Contigs: 0 + 3 part
Half Unaligned Contigs with Misassemblies: 3
Unaligned Contig Bases: 207630

Ambiguously Mapped Contigs: 0
Total Bases in Ambiguously Mapped Contigs: 0
Extra Bases in Ambiguously Mapped Contigs: 0
Note that --allow-ambiguity option was set to "one" and only first alignment per each of these contigs was used.

	Covered Bases: 1160

	SNPs: 8
	Insertions: 0
	Deletions: 0

