Aligning contigs to reference...
	Aligning contigs to the reference
Filtering alignments...
Parsing coords...
Loading reference...
	Loaded [GCA_000332115.1_crisprs_GCA_000332115.1_CRISPR_0_from_1101250__ml_]
	Loaded [GCA_000332115.1_crisprs_GCA_000332115.1_CRISPR_1_from_1103020__ml_]
	Total Regions: 2
	Total Region Length: 1160
Analyzing contigs...
CONTIG: contig_605787 (16006bp)
Best alignment score: 610.0 (LEN: 610, IDY: 100.00), Total number of alignments: 2
			Looking for the best set of alignments (out of 2 total alignments)
			The best set is below. Score: 909.0, number of alignments: 2, unaligned bases: 14846
		This contig is misassembled.
		This contig is partially unaligned. (Aligned 1160 out of 16006 non-N bases (7.25%))
			Warning! This contig is more unaligned than misassembled. Contig length is 16006 (number of Ns: 0) and total length of all aligns is 1160
		Alignment: 1 550 | 4796 5345 | 550 550 | 100.0 | GCA_000332115.1_crisprs_GCA_000332115.1_CRISPR_0_from_1101250__ml_ contig_605787
		Alignment: 1 610 | 6566 7175 | 610 610 | 100.0 | GCA_000332115.1_crisprs_GCA_000332115.1_CRISPR_1_from_1103020__ml_ contig_605787
		Unaligned bases: 14846

CONTIG: strain176_opera_contig_30 (42211bp)
Best alignment score: 610.0 (LEN: 610, IDY: 100.00), Total number of alignments: 2
			Looking for the best set of alignments (out of 2 total alignments)
			The best set is below. Score: 909.0, number of alignments: 2, unaligned bases: 41051
		This contig is misassembled.
		This contig is partially unaligned. (Aligned 1160 out of 41983 non-N bases (2.76%))
			Warning! This contig is more unaligned than misassembled. Contig length is 42211 (number of Ns: 228) and total length of all aligns is 1160
		Alignment: 1 550 | 26393 26942 | 550 550 | 100.0 | GCA_000332115.1_crisprs_GCA_000332115.1_CRISPR_0_from_1101250__ml_ strain176_opera_contig_30
		Alignment: 1 610 | 28163 28772 | 610 610 | 100.0 | GCA_000332115.1_crisprs_GCA_000332115.1_CRISPR_1_from_1103020__ml_ strain176_opera_contig_30
		Unaligned bases: 41051

Analyzing coverage...
Writing SNPs into /net/sgi/cami/data/CAMI2/scripts/second_challenge_evaluation/assembly/scripts/data/CRISPR/metaquast_all/runs_per_reference/GCA_000332115.1_crisprs/contigs_reports/minimap_output/A_STAR.used_snps.gz

Analysis is finished!
Founded SNPs were written into /net/sgi/cami/data/CAMI2/scripts/second_challenge_evaluation/assembly/scripts/data/CRISPR/metaquast_all/runs_per_reference/GCA_000332115.1_crisprs/contigs_reports/minimap_output/A_STAR.used_snps.gz

Results:
	Local Misassemblies: 0
	Misassemblies: 0
		Relocations: 0
		Translocations: 0
		Inversions: 0
	Scaffold gap extensive misassemblies: 0
	Scaffold gap local misassemblies: 0
	Misassembled Contigs: 0
	Misassembled Contig Bases: 0
	Misassemblies Inter-Contig Overlap: 0
Unaligned Contigs: 0 + 2 part
Half Unaligned Contigs with Misassemblies: 2
Unaligned Contig Bases: 55669

Ambiguously Mapped Contigs: 0
Total Bases in Ambiguously Mapped Contigs: 0
Extra Bases in Ambiguously Mapped Contigs: 0
Note that --allow-ambiguity option was set to "one" and only first alignment per each of these contigs was used.

	Covered Bases: 1160

	SNPs: 0
	Insertions: 0
	Deletions: 0

