Aligning contigs to reference...
	Aligning contigs to the reference
Filtering alignments...
Parsing coords...
Loading reference...
	Loaded [GCA_000332115.1_crisprs_GCA_000332115.1_CRISPR_0_from_1101250__ml_]
	Loaded [GCA_000332115.1_crisprs_GCA_000332115.1_CRISPR_1_from_1103020__ml_]
	Total Regions: 2
	Total Region Length: 1160
Analyzing contigs...
CONTIG: NODE_12713_length_6444_cov_4.970002 (6444bp)
Best alignment score: 545.0 (LEN: 550, IDY: 99.09), Total number of alignments: 1
			Looking for the best set of alignments (out of 1 total alignments)
			The best set is below. Score: 545.0, number of alignments: 1, unaligned bases: 5894
		This contig is partially unaligned. (Aligned 550 out of 6444 non-N bases (8.54%))
		Alignment: 1 550 | 1813 1264 | 550 550 | 99.09 | GCA_000332115.1_crisprs_GCA_000332115.1_CRISPR_0_from_1101250__ml_ NODE_12713_length_6444_cov_4.970002
		Unaligned bases: 1 to 1263 (1263)
		Unaligned bases: 1814 to 6444 (4631)

CONTIG: NODE_36210_length_3595_cov_4.376634 (3595bp)
Best alignment score: 610.0 (LEN: 610, IDY: 100.00), Total number of alignments: 1
			Looking for the best set of alignments (out of 1 total alignments)
			The best set is below. Score: 610.0, number of alignments: 1, unaligned bases: 2985
		This contig is partially unaligned. (Aligned 610 out of 3595 non-N bases (16.97%))
		Alignment: 1 610 | 3501 2892 | 610 610 | 100.0 | GCA_000332115.1_crisprs_GCA_000332115.1_CRISPR_1_from_1103020__ml_ NODE_36210_length_3595_cov_4.376634
		Unaligned bases: 1 to 2891 (2891)
		Unaligned bases: 3502 to 3595 (94)

Analyzing coverage...
Writing SNPs into /net/sgi/cami/data/CAMI2/scripts/second_challenge_evaluation/assembly/scripts/data/CRISPR/metaquast_all/runs_per_reference/GCA_000332115.1_crisprs/contigs_reports/minimap_output/SPAdes.used_snps.gz

Analysis is finished!
Founded SNPs were written into /net/sgi/cami/data/CAMI2/scripts/second_challenge_evaluation/assembly/scripts/data/CRISPR/metaquast_all/runs_per_reference/GCA_000332115.1_crisprs/contigs_reports/minimap_output/SPAdes.used_snps.gz

Results:
	Local Misassemblies: 0
	Misassemblies: 0
		Relocations: 0
		Translocations: 0
		Inversions: 0
	Scaffold gap extensive misassemblies: 0
	Scaffold gap local misassemblies: 0
	Misassembled Contigs: 0
	Misassembled Contig Bases: 0
	Misassemblies Inter-Contig Overlap: 0
Unaligned Contigs: 0 + 2 part
Half Unaligned Contigs with Misassemblies: 0
Unaligned Contig Bases: 8879

Ambiguously Mapped Contigs: 0
Total Bases in Ambiguously Mapped Contigs: 0
Extra Bases in Ambiguously Mapped Contigs: 0
Note that --allow-ambiguity option was set to "one" and only first alignment per each of these contigs was used.

	Covered Bases: 1160

	SNPs: 5
	Insertions: 0
	Deletions: 0

