Aligning contigs to reference...
	Aligning contigs to the reference
Filtering alignments...
Parsing coords...
Loading reference...
	Loaded [GCA_000332115.1_crisprs_GCA_000332115.1_CRISPR_0_from_1101250__ml_]
	Loaded [GCA_000332115.1_crisprs_GCA_000332115.1_CRISPR_1_from_1103020__ml_]
	Total Regions: 2
	Total Region Length: 1160
Analyzing contigs...
CONTIG: Scaffold415650 (65860bp)
Best alignment score: 610.0 (LEN: 610, IDY: 100.00), Total number of alignments: 2
			Looking for the best set of alignments (out of 2 total alignments)
			The best set is below. Score: 909.0, number of alignments: 2, unaligned bases: 64700
		This contig is misassembled.
		This contig is partially unaligned. (Aligned 1160 out of 65860 non-N bases (1.76%))
			Warning! This contig is more unaligned than misassembled. Contig length is 65860 (number of Ns: 0) and total length of all aligns is 1160
		Alignment: 1 610 | 59415 58806 | 610 610 | 100.0 | GCA_000332115.1_crisprs_GCA_000332115.1_CRISPR_1_from_1103020__ml_ Scaffold415650
		Alignment: 1 550 | 61185 60636 | 550 550 | 100.0 | GCA_000332115.1_crisprs_GCA_000332115.1_CRISPR_0_from_1101250__ml_ Scaffold415650
		Unaligned bases: 64700

CONTIG: Scaffold1922870 (31010bp)
Best alignment score: 610.0 (LEN: 610, IDY: 100.00), Total number of alignments: 2
			Looking for the best set of alignments (out of 2 total alignments)
			The best set is below. Score: 909.0, number of alignments: 2, unaligned bases: 29850
		This contig is misassembled.
		This contig is partially unaligned. (Aligned 1160 out of 31010 non-N bases (3.74%))
			Warning! This contig is more unaligned than misassembled. Contig length is 31010 (number of Ns: 0) and total length of all aligns is 1160
		Alignment: 1 550 | 4676 5225 | 550 550 | 100.0 | GCA_000332115.1_crisprs_GCA_000332115.1_CRISPR_0_from_1101250__ml_ Scaffold1922870
		Alignment: 1 610 | 6446 7055 | 610 610 | 100.0 | GCA_000332115.1_crisprs_GCA_000332115.1_CRISPR_1_from_1103020__ml_ Scaffold1922870
		Unaligned bases: 29850

Analyzing coverage...
Writing SNPs into /net/sgi/cami/data/CAMI2/scripts/second_challenge_evaluation/assembly/scripts/data/CRISPR/metaquast_all/runs_per_reference/GCA_000332115.1_crisprs/contigs_reports/minimap_output/HipMer.used_snps.gz

Analysis is finished!
Founded SNPs were written into /net/sgi/cami/data/CAMI2/scripts/second_challenge_evaluation/assembly/scripts/data/CRISPR/metaquast_all/runs_per_reference/GCA_000332115.1_crisprs/contigs_reports/minimap_output/HipMer.used_snps.gz

Results:
	Local Misassemblies: 0
	Misassemblies: 0
		Relocations: 0
		Translocations: 0
		Inversions: 0
	Scaffold gap extensive misassemblies: 0
	Scaffold gap local misassemblies: 0
	Misassembled Contigs: 0
	Misassembled Contig Bases: 0
	Misassemblies Inter-Contig Overlap: 0
Unaligned Contigs: 0 + 2 part
Half Unaligned Contigs with Misassemblies: 2
Unaligned Contig Bases: 94550

Ambiguously Mapped Contigs: 0
Total Bases in Ambiguously Mapped Contigs: 0
Extra Bases in Ambiguously Mapped Contigs: 0
Note that --allow-ambiguity option was set to "one" and only first alignment per each of these contigs was used.

	Covered Bases: 1160

	SNPs: 0
	Insertions: 0
	Deletions: 0

