Aligning contigs to reference...
	Aligning contigs to the reference
Filtering alignments...
Parsing coords...
Loading reference...
	Loaded [GCA_000348785.1_crisprs_GCA_000348785.1_CRISPR_0_from_2330345__crt_]
	Loaded [GCA_000348785.1_crisprs_GCA_000348785.1_CRISPR_1_from_985880__ml_]
	Total Regions: 2
	Total Region Length: 1020
Analyzing contigs...
CONTIG: Scaffold689725 (143056bp)
Best alignment score: 160.0 (LEN: 160, IDY: 100.00), Total number of alignments: 1
			Looking for the best set of alignments (out of 1 total alignments)
			The best set is below. Score: 160.0, number of alignments: 1, unaligned bases: 142896
		This contig is partially unaligned. (Aligned 160 out of 143053 non-N bases (0.11%))
		Alignment: 1 160 | 124408 124249 | 160 160 | 100.0 | GCA_000348785.1_crisprs_GCA_000348785.1_CRISPR_0_from_2330345__crt_ Scaffold689725
		Unaligned bases: 1 to 124248 (124248)
		Unaligned bases: 124409 to 143056 (18648)

CONTIG: Scaffold6057844 (137926bp)
Best alignment score: 160.0 (LEN: 160, IDY: 100.00), Total number of alignments: 1
			Looking for the best set of alignments (out of 1 total alignments)
			The best set is below. Score: 160.0, number of alignments: 1, unaligned bases: 137766
		This contig is partially unaligned. (Aligned 160 out of 137926 non-N bases (0.12%))
		Alignment: 1 160 | 124144 123985 | 160 160 | 100.0 | GCA_000348785.1_crisprs_GCA_000348785.1_CRISPR_0_from_2330345__crt_ Scaffold6057844
		Unaligned bases: 1 to 123984 (123984)
		Unaligned bases: 124145 to 137926 (13782)

CONTIG: Scaffold293948 (242212bp)
Best alignment score: 659.0 (LEN: 662, IDY: 99.55), Total number of alignments: 1
			Looking for the best set of alignments (out of 1 total alignments)
			The best set is below. Score: 659.0, number of alignments: 1, unaligned bases: 241550
		This contig is partially unaligned. (Aligned 662 out of 242133 non-N bases (0.27%))
		Alignment: 135 796 | 134915 134254 | 662 662 | 99.55 | GCA_000348785.1_crisprs_GCA_000348785.1_CRISPR_1_from_985880__ml_ Scaffold293948
		Unaligned bases: 1 to 134253 (134253)
		Unaligned bases: 134916 to 242212 (107297)

CONTIG: Scaffold2135571 (55203bp)
Best alignment score: 265.0 (LEN: 265, IDY: 100.00), Total number of alignments: 2
			Looking for the best set of alignments (out of 2 total alignments)
			The best set is below. Score: 328.0, number of alignments: 2, unaligned bases: 54872
		This contig is misassembled.
		This contig is partially unaligned. (Aligned 331 out of 55200 non-N bases (0.60%))
			Warning! This contig is more unaligned than misassembled. Contig length is 55203 (number of Ns: 3) and total length of all aligns is 331
		Alignment: 201 465 | 265 1 | 265 265 | 100.0 | GCA_000348785.1_crisprs_GCA_000348785.1_CRISPR_1_from_985880__ml_ Scaffold2135571
		Alignment: 135 200 | 352 287 | 66 66 | 95.45 | GCA_000348785.1_crisprs_GCA_000348785.1_CRISPR_1_from_985880__ml_ Scaffold2135571
		Unaligned bases: 54872

CONTIG: Scaffold7267255 (79158bp)
Best alignment score: 179.0 (LEN: 179, IDY: 100.00), Total number of alignments: 1
			Looking for the best set of alignments (out of 1 total alignments)
			The best set is below. Score: 179.0, number of alignments: 1, unaligned bases: 78979
		This contig is partially unaligned. (Aligned 179 out of 79155 non-N bases (0.23%))
		Alignment: 589 767 | 79158 78980 | 179 179 | 100.0 | GCA_000348785.1_crisprs_GCA_000348785.1_CRISPR_1_from_985880__ml_ Scaffold7267255
		Unaligned bases: 1 to 78979 (78979)

Analyzing coverage...
Writing SNPs into /net/sgi/cami/data/CAMI2/scripts/second_challenge_evaluation/assembly/scripts/data/CRISPR/metaquast_all/runs_per_reference/GCA_000348785.1_crisprs/contigs_reports/minimap_output/HipMer.used_snps.gz

Analysis is finished!
Founded SNPs were written into /net/sgi/cami/data/CAMI2/scripts/second_challenge_evaluation/assembly/scripts/data/CRISPR/metaquast_all/runs_per_reference/GCA_000348785.1_crisprs/contigs_reports/minimap_output/HipMer.used_snps.gz

Results:
	Local Misassemblies: 0
	Misassemblies: 0
		Relocations: 0
		Translocations: 0
		Inversions: 0
	Scaffold gap extensive misassemblies: 0
	Scaffold gap local misassemblies: 0
	Misassembled Contigs: 0
	Misassembled Contig Bases: 0
	Misassemblies Inter-Contig Overlap: 0
Unaligned Contigs: 0 + 5 part
Half Unaligned Contigs with Misassemblies: 1
Unaligned Contig Bases: 655975

Ambiguously Mapped Contigs: 0
Total Bases in Ambiguously Mapped Contigs: 0
Extra Bases in Ambiguously Mapped Contigs: 0
Note that --allow-ambiguity option was set to "one" and only first alignment per each of these contigs was used.

	Covered Bases: 822

	SNPs: 6
	Insertions: 0
	Deletions: 0

