Aligning contigs to reference...
	Aligning contigs to the reference
Filtering alignments...
Parsing coords...
Loading reference...
	Loaded [GCA_000348785.1_crisprs_GCA_000348785.1_CRISPR_0_from_2330345__crt_]
	Loaded [GCA_000348785.1_crisprs_GCA_000348785.1_CRISPR_1_from_985880__ml_]
	Total Regions: 2
	Total Region Length: 1020
Analyzing contigs...
CONTIG: NODE_23_length_1120427_cov_42.444768 (1120427bp)
Best alignment score: 857.0 (LEN: 860, IDY: 99.65), Total number of alignments: 6
			Looking for the best set of alignments (out of 6 total alignments)
			Skipping redundant alignments after choosing the best set of alignments
		Skipping redundant alignment 275 383 | 133832 133724 | 109 109 | 95.41 | GCA_000348785.1_crisprs_GCA_000348785.1_CRISPR_1_from_985880__ml_ NODE_23_length_1120427_cov_42.444768
		Skipping redundant alignment 707 860 | 134030 133877 | 154 154 | 97.4 | GCA_000348785.1_crisprs_GCA_000348785.1_CRISPR_1_from_985880__ml_ NODE_23_length_1120427_cov_42.444768
		Skipping redundant alignment 1 149 | 134070 133922 | 149 149 | 97.99 | GCA_000348785.1_crisprs_GCA_000348785.1_CRISPR_1_from_985880__ml_ NODE_23_length_1120427_cov_42.444768
			The best set is below. Score: 965.1, number of alignments: 3, unaligned bases: 1119381
		This contig is misassembled.
		This contig is partially unaligned. (Aligned 1046 out of 1120012 non-N bases (0.09%))
			Warning! This contig is more unaligned than misassembled. Contig length is 1120427 (number of Ns: 415) and total length of all aligns is 1046
		Alignment: 513 598 | 133630 133545 | 86 86 | 95.35 | GCA_000348785.1_crisprs_GCA_000348785.1_CRISPR_1_from_985880__ml_ NODE_23_length_1120427_cov_42.444768
		Alignment: 1 860 | 134538 133679 | 860 860 | 99.65 | GCA_000348785.1_crisprs_GCA_000348785.1_CRISPR_1_from_985880__ml_ NODE_23_length_1120427_cov_42.444768
		Alignment: 135 617 | 134638 134156 | 483 483 | 98.14 | GCA_000348785.1_crisprs_GCA_000348785.1_CRISPR_1_from_985880__ml_ NODE_23_length_1120427_cov_42.444768
		Unaligned bases: 1119381

CONTIG: NODE_51_length_610530_cov_42.086269 (610530bp)
Best alignment score: 159.0 (LEN: 160, IDY: 99.38), Total number of alignments: 2
			Looking for the best set of alignments (out of 2 total alignments)
			Skipping redundant alignments after choosing the best set of alignments
		Skipping redundant alignment 36 117 | 596755 596674 | 82 82 | 100.0 | GCA_000348785.1_crisprs_GCA_000348785.1_CRISPR_0_from_2330345__crt_ NODE_51_length_610530_cov_42.086269
			The best set is below. Score: 159.0, number of alignments: 1, unaligned bases: 610370
		This contig is partially unaligned. (Aligned 160 out of 610530 non-N bases (0.03%))
		Alignment: 1 160 | 596741 596582 | 160 160 | 99.38 | GCA_000348785.1_crisprs_GCA_000348785.1_CRISPR_0_from_2330345__crt_ NODE_51_length_610530_cov_42.086269
		Unaligned bases: 1 to 596581 (596581)
		Unaligned bases: 596742 to 610530 (13789)

Analyzing coverage...
Writing SNPs into /net/sgi/cami/data/CAMI2/scripts/second_challenge_evaluation/assembly/scripts/data/CRISPR/metaquast_all/runs_per_reference/GCA_000348785.1_crisprs/contigs_reports/minimap_output/SPAdes.used_snps.gz

Analysis is finished!
Founded SNPs were written into /net/sgi/cami/data/CAMI2/scripts/second_challenge_evaluation/assembly/scripts/data/CRISPR/metaquast_all/runs_per_reference/GCA_000348785.1_crisprs/contigs_reports/minimap_output/SPAdes.used_snps.gz

Results:
	Local Misassemblies: 0
	Misassemblies: 0
		Relocations: 0
		Translocations: 0
		Inversions: 0
	Scaffold gap extensive misassemblies: 0
	Scaffold gap local misassemblies: 0
	Misassembled Contigs: 0
	Misassembled Contig Bases: 0
	Misassemblies Inter-Contig Overlap: 0
Unaligned Contigs: 0 + 2 part
Half Unaligned Contigs with Misassemblies: 1
Unaligned Contig Bases: 1729336

Ambiguously Mapped Contigs: 0
Total Bases in Ambiguously Mapped Contigs: 0
Extra Bases in Ambiguously Mapped Contigs: 0
Note that --allow-ambiguity option was set to "one" and only first alignment per each of these contigs was used.

	Covered Bases: 1020

	SNPs: 17
	Insertions: 0
	Deletions: 0

