Aligning contigs to reference...
	Aligning contigs to the reference
Filtering alignments...
Parsing coords...
Loading reference...
	Loaded [GCA_000348785.1_crisprs_GCA_000348785.1_CRISPR_0_from_2330345__crt_]
	Loaded [GCA_000348785.1_crisprs_GCA_000348785.1_CRISPR_1_from_985880__ml_]
	Total Regions: 2
	Total Region Length: 1020
Analyzing contigs...
CONTIG: PC979312 (4830178bp)
Best alignment score: 860.0 (LEN: 860, IDY: 100.00), Total number of alignments: 9
			Looking for the best set of alignments (out of 9 total alignments)
			Skipping redundant alignments after choosing the best set of alignments
		Skipping redundant alignment 1 149 | 986346 986494 | 149 149 | 95.97 | GCA_000348785.1_crisprs_GCA_000348785.1_CRISPR_1_from_985880__ml_ PC979312
		Skipping redundant alignment 216 383 | 986327 986494 | 168 168 | 96.43 | GCA_000348785.1_crisprs_GCA_000348785.1_CRISPR_1_from_985880__ml_ PC979312
		Skipping redundant alignment 711 860 | 986390 986539 | 150 150 | 97.33 | GCA_000348785.1_crisprs_GCA_000348785.1_CRISPR_1_from_985880__ml_ PC979312
		Skipping redundant alignment 275 383 | 986584 986692 | 109 109 | 95.41 | GCA_000348785.1_crisprs_GCA_000348785.1_CRISPR_1_from_985880__ml_ PC979312
		Skipping redundant alignment 513 598 | 986786 986871 | 86 86 | 95.35 | GCA_000348785.1_crisprs_GCA_000348785.1_CRISPR_1_from_985880__ml_ PC979312
		Skipping redundant alignment 1 160 | 2330343 2330502 | 160 160 | 100.0 | GCA_000348785.1_crisprs_GCA_000348785.1_CRISPR_0_from_2330345__crt_ PC979312
			The best set is below. Score: 994.3, number of alignments: 3, unaligned bases: 4829084
		This contig is misassembled.
		This contig is partially unaligned. (Aligned 1094 out of 4830178 non-N bases (0.02%))
			Warning! This contig is more unaligned than misassembled. Contig length is 4830178 (number of Ns: 0) and total length of all aligns is 1094
		Alignment: 135 617 | 985778 986260 | 483 483 | 98.14 | GCA_000348785.1_crisprs_GCA_000348785.1_CRISPR_1_from_985880__ml_ PC979312
		Alignment: 1 860 | 985878 986737 | 860 860 | 100.0 | GCA_000348785.1_crisprs_GCA_000348785.1_CRISPR_1_from_985880__ml_ PC979312
		Alignment: 513 796 | 986588 986871 | 284 284 | 98.59 | GCA_000348785.1_crisprs_GCA_000348785.1_CRISPR_1_from_985880__ml_ PC979312
		Unaligned bases: 4829084

Analyzing coverage...
Writing SNPs into /net/sgi/cami/data/CAMI2/scripts/second_challenge_evaluation/assembly/scripts/data/CRISPR/metaquast_all/runs_per_reference/GCA_000348785.1_crisprs/contigs_reports/minimap_output/marmgCAMI2.used_snps.gz

Analysis is finished!
Founded SNPs were written into /net/sgi/cami/data/CAMI2/scripts/second_challenge_evaluation/assembly/scripts/data/CRISPR/metaquast_all/runs_per_reference/GCA_000348785.1_crisprs/contigs_reports/minimap_output/marmgCAMI2.used_snps.gz

Results:
	Local Misassemblies: 0
	Misassemblies: 0
		Relocations: 0
		Translocations: 0
		Inversions: 0
	Scaffold gap extensive misassemblies: 0
	Scaffold gap local misassemblies: 0
	Misassembled Contigs: 0
	Misassembled Contig Bases: 0
	Misassemblies Inter-Contig Overlap: 0
Unaligned Contigs: 0 + 1 part
Half Unaligned Contigs with Misassemblies: 1
Unaligned Contig Bases: 4829084

Ambiguously Mapped Contigs: 0
Total Bases in Ambiguously Mapped Contigs: 0
Extra Bases in Ambiguously Mapped Contigs: 0
Note that --allow-ambiguity option was set to "one" and only first alignment per each of these contigs was used.

	Covered Bases: 860

	SNPs: 13
	Insertions: 0
	Deletions: 0

