Aligning contigs to reference...
	Aligning contigs to the reference
Filtering alignments...
Parsing coords...
Loading reference...
	Loaded [GCA_000348785.1_crisprs_GCA_000348785.1_CRISPR_0_from_2330345__crt_]
	Loaded [GCA_000348785.1_crisprs_GCA_000348785.1_CRISPR_1_from_985880__ml_]
	Total Regions: 2
	Total Region Length: 1020
Analyzing contigs...
CONTIG: utg000045l (240219bp)
Best alignment score: 860.0 (LEN: 860, IDY: 100.00), Total number of alignments: 8
			Looking for the best set of alignments (out of 8 total alignments)
			Skipping redundant alignments after choosing the best set of alignments
		Skipping redundant alignment 1 149 | 85665 85813 | 149 149 | 95.97 | GCA_000348785.1_crisprs_GCA_000348785.1_CRISPR_1_from_985880__ml_ utg000045l
		Skipping redundant alignment 216 383 | 85646 85813 | 168 168 | 96.43 | GCA_000348785.1_crisprs_GCA_000348785.1_CRISPR_1_from_985880__ml_ utg000045l
		Skipping redundant alignment 711 860 | 85709 85858 | 150 150 | 97.33 | GCA_000348785.1_crisprs_GCA_000348785.1_CRISPR_1_from_985880__ml_ utg000045l
		Skipping redundant alignment 275 383 | 85903 86011 | 109 109 | 95.41 | GCA_000348785.1_crisprs_GCA_000348785.1_CRISPR_1_from_985880__ml_ utg000045l
		Skipping redundant alignment 513 598 | 86105 86190 | 86 86 | 95.35 | GCA_000348785.1_crisprs_GCA_000348785.1_CRISPR_1_from_985880__ml_ utg000045l
			The best set is below. Score: 994.3, number of alignments: 3, unaligned bases: 239125
		This contig is misassembled.
		This contig is partially unaligned. (Aligned 1094 out of 240219 non-N bases (0.46%))
			Warning! This contig is more unaligned than misassembled. Contig length is 240219 (number of Ns: 0) and total length of all aligns is 1094
		Alignment: 135 617 | 85097 85579 | 483 483 | 98.14 | GCA_000348785.1_crisprs_GCA_000348785.1_CRISPR_1_from_985880__ml_ utg000045l
		Alignment: 1 860 | 85197 86056 | 860 860 | 100.0 | GCA_000348785.1_crisprs_GCA_000348785.1_CRISPR_1_from_985880__ml_ utg000045l
		Alignment: 513 796 | 85907 86190 | 284 284 | 98.59 | GCA_000348785.1_crisprs_GCA_000348785.1_CRISPR_1_from_985880__ml_ utg000045l
		Unaligned bases: 239125

Analyzing coverage...
Writing SNPs into /net/sgi/cami/data/CAMI2/scripts/second_challenge_evaluation/assembly/scripts/data/CRISPR/metaquast_all/runs_per_reference/GCA_000348785.1_crisprs/contigs_reports/minimap_output/Miniasm.used_snps.gz

Analysis is finished!
Founded SNPs were written into /net/sgi/cami/data/CAMI2/scripts/second_challenge_evaluation/assembly/scripts/data/CRISPR/metaquast_all/runs_per_reference/GCA_000348785.1_crisprs/contigs_reports/minimap_output/Miniasm.used_snps.gz

Results:
	Local Misassemblies: 0
	Misassemblies: 0
		Relocations: 0
		Translocations: 0
		Inversions: 0
	Scaffold gap extensive misassemblies: 0
	Scaffold gap local misassemblies: 0
	Misassembled Contigs: 0
	Misassembled Contig Bases: 0
	Misassemblies Inter-Contig Overlap: 0
Unaligned Contigs: 0 + 1 part
Half Unaligned Contigs with Misassemblies: 1
Unaligned Contig Bases: 239125

Ambiguously Mapped Contigs: 0
Total Bases in Ambiguously Mapped Contigs: 0
Extra Bases in Ambiguously Mapped Contigs: 0
Note that --allow-ambiguity option was set to "one" and only first alignment per each of these contigs was used.

	Covered Bases: 860

	SNPs: 13
	Insertions: 0
	Deletions: 0

