Aligning contigs to reference...
	Aligning contigs to the reference
Filtering alignments...
Parsing coords...
Loading reference...
	Loaded [GCA_000348785.1_crisprs_GCA_000348785.1_CRISPR_0_from_2330345__crt_]
	Loaded [GCA_000348785.1_crisprs_GCA_000348785.1_CRISPR_1_from_985880__ml_]
	Total Regions: 2
	Total Region Length: 1020
Analyzing contigs...
CONTIG: opera_contig_72 (510819bp)
Best alignment score: 659.0 (LEN: 662, IDY: 99.55), Total number of alignments: 1
			Looking for the best set of alignments (out of 1 total alignments)
			The best set is below. Score: 659.0, number of alignments: 1, unaligned bases: 510157
		This contig is partially unaligned. (Aligned 662 out of 510819 non-N bases (0.13%))
		Alignment: 135 796 | 329958 329297 | 662 662 | 99.55 | GCA_000348785.1_crisprs_GCA_000348785.1_CRISPR_1_from_985880__ml_ opera_contig_72
		Unaligned bases: 1 to 329296 (329296)
		Unaligned bases: 329959 to 510819 (180861)

CONTIG: opera_contig_883 (115348bp)
Best alignment score: 160.0 (LEN: 160, IDY: 100.00), Total number of alignments: 1
			Looking for the best set of alignments (out of 1 total alignments)
			The best set is below. Score: 160.0, number of alignments: 1, unaligned bases: 115188
		This contig is partially unaligned. (Aligned 160 out of 115348 non-N bases (0.14%))
		Alignment: 1 160 | 101531 101372 | 160 160 | 100.0 | GCA_000348785.1_crisprs_GCA_000348785.1_CRISPR_0_from_2330345__crt_ opera_contig_883
		Unaligned bases: 1 to 101371 (101371)
		Unaligned bases: 101532 to 115348 (13817)

Analyzing coverage...
Writing SNPs into /net/sgi/cami/data/CAMI2/scripts/second_challenge_evaluation/assembly/scripts/data/CRISPR/metaquast_all/runs_per_reference/GCA_000348785.1_crisprs/contigs_reports/minimap_output/OPERA_MS_inhouse.used_snps.gz

Analysis is finished!
Founded SNPs were written into /net/sgi/cami/data/CAMI2/scripts/second_challenge_evaluation/assembly/scripts/data/CRISPR/metaquast_all/runs_per_reference/GCA_000348785.1_crisprs/contigs_reports/minimap_output/OPERA_MS_inhouse.used_snps.gz

Results:
	Local Misassemblies: 0
	Misassemblies: 0
		Relocations: 0
		Translocations: 0
		Inversions: 0
	Scaffold gap extensive misassemblies: 0
	Scaffold gap local misassemblies: 0
	Misassembled Contigs: 0
	Misassembled Contig Bases: 0
	Misassemblies Inter-Contig Overlap: 0
Unaligned Contigs: 0 + 2 part
Half Unaligned Contigs with Misassemblies: 0
Unaligned Contig Bases: 625345

Ambiguously Mapped Contigs: 0
Total Bases in Ambiguously Mapped Contigs: 0
Extra Bases in Ambiguously Mapped Contigs: 0
Note that --allow-ambiguity option was set to "one" and only first alignment per each of these contigs was used.

	Covered Bases: 822

	SNPs: 3
	Insertions: 0
	Deletions: 0

