Aligning contigs to reference...
	Aligning contigs to the reference
Filtering alignments...
Parsing coords...
Loading reference...
	Loaded [GCA_000015145.1_crisprs_GCA_000015145.1_CRISPR_1]
	Loaded [GCA_000015145.1_crisprs_GCA_000015145.1_CRISPR_2]
	Total Regions: 2
	Total Region Length: 6488
Analyzing contigs...
CONTIG: utg000009l (2428999bp)
Best alignment score: 3304.0 (LEN: 3305, IDY: 99.97), Total number of alignments: 2
			Looking for the best set of alignments (out of 2 total alignments)
			The best set is below. Score: 6235.0, number of alignments: 2, unaligned bases: 2422512
		This contig is misassembled.
		This contig is partially unaligned. (Aligned 6487 out of 2428999 non-N bases (0.27%))
			Warning! This contig is more unaligned than misassembled. Contig length is 2428999 (number of Ns: 0) and total length of all aligns is 6487
		Alignment: 1 3182 | 1726637 1723456 | 3182 3182 | 100.0 | GCA_000015145.1_crisprs_GCA_000015145.1_CRISPR_2 utg000009l
		Alignment: 1 3306 | 1796453 1793149 | 3306 3305 | 99.97 | GCA_000015145.1_crisprs_GCA_000015145.1_CRISPR_1 utg000009l
		Unaligned bases: 2422512

CONTIG: utg000009l_1 (2428999bp)
Best alignment score: 3304.0 (LEN: 3305, IDY: 99.97), Total number of alignments: 2
			Looking for the best set of alignments (out of 2 total alignments)
			The best set is below. Score: 6235.0, number of alignments: 2, unaligned bases: 2422512
		This contig is misassembled.
		This contig is partially unaligned. (Aligned 6487 out of 2428999 non-N bases (0.27%))
			Warning! This contig is more unaligned than misassembled. Contig length is 2428999 (number of Ns: 0) and total length of all aligns is 6487
		Alignment: 1 3182 | 1726637 1723456 | 3182 3182 | 100.0 | GCA_000015145.1_crisprs_GCA_000015145.1_CRISPR_2 utg000009l_1
		Alignment: 1 3306 | 1796453 1793149 | 3306 3305 | 99.97 | GCA_000015145.1_crisprs_GCA_000015145.1_CRISPR_1 utg000009l_1
		Unaligned bases: 2422512

CONTIG: utg000009l_2 (2428999bp)
Best alignment score: 3304.0 (LEN: 3305, IDY: 99.97), Total number of alignments: 2
			Looking for the best set of alignments (out of 2 total alignments)
			The best set is below. Score: 6235.0, number of alignments: 2, unaligned bases: 2422512
		This contig is misassembled.
		This contig is partially unaligned. (Aligned 6487 out of 2428999 non-N bases (0.27%))
			Warning! This contig is more unaligned than misassembled. Contig length is 2428999 (number of Ns: 0) and total length of all aligns is 6487
		Alignment: 1 3182 | 1726637 1723456 | 3182 3182 | 100.0 | GCA_000015145.1_crisprs_GCA_000015145.1_CRISPR_2 utg000009l_2
		Alignment: 1 3306 | 1796453 1793149 | 3306 3305 | 99.97 | GCA_000015145.1_crisprs_GCA_000015145.1_CRISPR_1 utg000009l_2
		Unaligned bases: 2422512

Analyzing coverage...
Writing SNPs into /net/sgi/cami/data/CAMI2/scripts/second_challenge_evaluation/assembly/scripts/data/CRISPR/metaquast/runs_per_reference/GCA_000015145.1_crisprs/contigs_reports/minimap_output/Miniasm.used_snps.gz

Analysis is finished!
Founded SNPs were written into /net/sgi/cami/data/CAMI2/scripts/second_challenge_evaluation/assembly/scripts/data/CRISPR/metaquast/runs_per_reference/GCA_000015145.1_crisprs/contigs_reports/minimap_output/Miniasm.used_snps.gz

Results:
	Local Misassemblies: 0
	Misassemblies: 0
		Relocations: 0
		Translocations: 0
		Inversions: 0
	Scaffold gap extensive misassemblies: 0
	Scaffold gap local misassemblies: 0
	Misassembled Contigs: 0
	Misassembled Contig Bases: 0
	Misassemblies Inter-Contig Overlap: 0
Unaligned Contigs: 0 + 3 part
Half Unaligned Contigs with Misassemblies: 3
Unaligned Contig Bases: 7267536

Ambiguously Mapped Contigs: 0
Total Bases in Ambiguously Mapped Contigs: 0
Extra Bases in Ambiguously Mapped Contigs: 0
Note that --allow-ambiguity option was set to "one" and only first alignment per each of these contigs was used.

	Covered Bases: 6488

	SNPs: 0
	Insertions: 0
	Deletions: 3

