Aligning contigs to reference...
	Aligning contigs to the reference
Filtering alignments...
Parsing coords...
Loading reference...
	Loaded [GCA_000015145.1_crisprs_GCA_000015145.1_CRISPR_1]
	Loaded [GCA_000015145.1_crisprs_GCA_000015145.1_CRISPR_2]
	Total Regions: 2
	Total Region Length: 6488
Analyzing contigs...
CONTIG: 92326 (813bp)
Best alignment score: 678.0 (LEN: 678, IDY: 100.00), Total number of alignments: 1
			Looking for the best set of alignments (out of 1 total alignments)
			The best set is below. Score: 678.0, number of alignments: 1, unaligned bases: 135
		Alignment: 2505 3182 | 813 136 | 678 678 | 100.0 | GCA_000015145.1_crisprs_GCA_000015145.1_CRISPR_2 92326

CONTIG: 852810 (577bp)
Best alignment score: 577.0 (LEN: 577, IDY: 100.00), Total number of alignments: 1
		One align captures most of this contig: 1677 2253 | 577 1 | 577 577 | 100.0 | GCA_000015145.1_crisprs_GCA_000015145.1_CRISPR_2 852810

CONTIG: 1060412 (704bp)
Best alignment score: 704.0 (LEN: 704, IDY: 100.00), Total number of alignments: 1
		One align captures most of this contig: 971 1674 | 1 704 | 704 704 | 100.0 | GCA_000015145.1_crisprs_GCA_000015145.1_CRISPR_1 1060412

CONTIG: 1082886 (847bp)
Best alignment score: 805.0 (LEN: 805, IDY: 100.00), Total number of alignments: 1
			Looking for the best set of alignments (out of 1 total alignments)
			The best set is below. Score: 805.0, number of alignments: 1, unaligned bases: 42
		Alignment: 2502 3306 | 847 43 | 805 805 | 100.0 | GCA_000015145.1_crisprs_GCA_000015145.1_CRISPR_1 1082886

Analyzing coverage...
Writing SNPs into /net/sgi/cami/data/CAMI2/scripts/second_challenge_evaluation/assembly/scripts/data/CRISPR/metaquast/runs_per_reference/GCA_000015145.1_crisprs/contigs_reports/minimap_output/ABySS.used_snps.gz

Analysis is finished!
Founded SNPs were written into /net/sgi/cami/data/CAMI2/scripts/second_challenge_evaluation/assembly/scripts/data/CRISPR/metaquast/runs_per_reference/GCA_000015145.1_crisprs/contigs_reports/minimap_output/ABySS.used_snps.gz

Results:
	Local Misassemblies: 0
	Misassemblies: 0
		Relocations: 0
		Translocations: 0
		Inversions: 0
	Scaffold gap extensive misassemblies: 0
	Scaffold gap local misassemblies: 0
	Misassembled Contigs: 0
	Misassembled Contig Bases: 0
	Misassemblies Inter-Contig Overlap: 0
Unaligned Contigs: 0 + 0 part
Half Unaligned Contigs with Misassemblies: 0
Unaligned Contig Bases: 0

Ambiguously Mapped Contigs: 0
Total Bases in Ambiguously Mapped Contigs: 0
Extra Bases in Ambiguously Mapped Contigs: 0
Note that --allow-ambiguity option was set to "one" and only first alignment per each of these contigs was used.

	Covered Bases: 2764

	SNPs: 0
	Insertions: 0
	Deletions: 0

