Aligning contigs to reference...
	Aligning contigs to the reference
Filtering alignments...
Parsing coords...
Loading reference...
	Loaded [GCA_000195335.1_crisprs_GCA_000195335.1_CRISPR_1]
	Loaded [GCA_000195335.1_crisprs_GCA_000195335.1_CRISPR_2]
	Loaded [GCA_000195335.1_crisprs_GCA_000195335.1_CRISPR_3]
	Loaded [GCA_000195335.1_crisprs_GCA_000195335.1_CRISPR_4]
	Total Regions: 4
	Total Region Length: 10583
Analyzing contigs...
CONTIG: PC10936 (2269117bp)
Best alignment score: 3455.0 (LEN: 3455, IDY: 100.00), Total number of alignments: 4
			Looking for the best set of alignments (out of 4 total alignments)
			The best set is below. Score: 9830.0, number of alignments: 4, unaligned bases: 2258534
		This contig is misassembled.
		This contig is partially unaligned. (Aligned 10583 out of 2269117 non-N bases (0.47%))
			Warning! This contig is more unaligned than misassembled. Contig length is 2269117 (number of Ns: 0) and total length of all aligns is 10583
		Alignment: 1 3455 | 274020 277474 | 3455 3455 | 100.0 | GCA_000195335.1_crisprs_GCA_000195335.1_CRISPR_2 PC10936
		Alignment: 1 3446 | 959670 963115 | 3446 3446 | 100.0 | GCA_000195335.1_crisprs_GCA_000195335.1_CRISPR_3 PC10936
		Alignment: 1 1848 | 1465950 1467797 | 1848 1848 | 100.0 | GCA_000195335.1_crisprs_GCA_000195335.1_CRISPR_4 PC10936
		Alignment: 1 1834 | 2083531 2085364 | 1834 1834 | 100.0 | GCA_000195335.1_crisprs_GCA_000195335.1_CRISPR_1 PC10936
		Unaligned bases: 2258534

Analyzing coverage...
Writing SNPs into /net/sgi/cami/data/CAMI2/scripts/second_challenge_evaluation/assembly/scripts/data/CRISPR/metaquast/runs_per_reference/GCA_000195335.1_crisprs/contigs_reports/minimap_output/marmgCAMI2.used_snps.gz

Analysis is finished!
Founded SNPs were written into /net/sgi/cami/data/CAMI2/scripts/second_challenge_evaluation/assembly/scripts/data/CRISPR/metaquast/runs_per_reference/GCA_000195335.1_crisprs/contigs_reports/minimap_output/marmgCAMI2.used_snps.gz

Results:
	Local Misassemblies: 0
	Misassemblies: 0
		Relocations: 0
		Translocations: 0
		Inversions: 0
	Scaffold gap extensive misassemblies: 0
	Scaffold gap local misassemblies: 0
	Misassembled Contigs: 0
	Misassembled Contig Bases: 0
	Misassemblies Inter-Contig Overlap: 0
Unaligned Contigs: 0 + 1 part
Half Unaligned Contigs with Misassemblies: 1
Unaligned Contig Bases: 2258534

Ambiguously Mapped Contigs: 0
Total Bases in Ambiguously Mapped Contigs: 0
Extra Bases in Ambiguously Mapped Contigs: 0
Note that --allow-ambiguity option was set to "one" and only first alignment per each of these contigs was used.

	Covered Bases: 10583

	SNPs: 0
	Insertions: 0
	Deletions: 0

