Aligning contigs to reference...
	Aligning contigs to the reference
Filtering alignments...
Parsing coords...
Loading reference...
	Loaded [GCA_000195335.1_crisprs_GCA_000195335.1_CRISPR_1]
	Loaded [GCA_000195335.1_crisprs_GCA_000195335.1_CRISPR_2]
	Loaded [GCA_000195335.1_crisprs_GCA_000195335.1_CRISPR_3]
	Loaded [GCA_000195335.1_crisprs_GCA_000195335.1_CRISPR_4]
	Total Regions: 4
	Total Region Length: 10583
Analyzing contigs...
CONTIG: NODE_997_length_52820_cov_15.839448 (52820bp)
Best alignment score: 1834.0 (LEN: 1834, IDY: 100.00), Total number of alignments: 1
			Looking for the best set of alignments (out of 1 total alignments)
			The best set is below. Score: 1834.0, number of alignments: 1, unaligned bases: 50986
		This contig is partially unaligned. (Aligned 1834 out of 52820 non-N bases (3.47%))
		Alignment: 1 1834 | 33046 34879 | 1834 1834 | 100.0 | GCA_000195335.1_crisprs_GCA_000195335.1_CRISPR_1 NODE_997_length_52820_cov_15.839448
		Unaligned bases: 1 to 33045 (33045)
		Unaligned bases: 34880 to 52820 (17941)

CONTIG: NODE_2208_length_26241_cov_8.439459 (26241bp)
Best alignment score: 1848.0 (LEN: 1848, IDY: 100.00), Total number of alignments: 1
			Looking for the best set of alignments (out of 1 total alignments)
			The best set is below. Score: 1848.0, number of alignments: 1, unaligned bases: 24393
		This contig is partially unaligned. (Aligned 1848 out of 26241 non-N bases (7.04%))
		Alignment: 1 1848 | 16743 18590 | 1848 1848 | 100.0 | GCA_000195335.1_crisprs_GCA_000195335.1_CRISPR_4 NODE_2208_length_26241_cov_8.439459
		Unaligned bases: 1 to 16742 (16742)
		Unaligned bases: 18591 to 26241 (7651)

CONTIG: NODE_2640_length_22334_cov_8.669991 (22334bp)
Best alignment score: 946.0 (LEN: 948, IDY: 99.79), Total number of alignments: 1
			Looking for the best set of alignments (out of 1 total alignments)
			The best set is below. Score: 946.0, number of alignments: 1, unaligned bases: 21386
		This contig is partially unaligned. (Aligned 948 out of 22334 non-N bases (4.24%))
		Alignment: 2499 3446 | 22323 21376 | 948 948 | 99.79 | GCA_000195335.1_crisprs_GCA_000195335.1_CRISPR_3 NODE_2640_length_22334_cov_8.669991
		Unaligned bases: 1 to 21375 (21375)
		Unaligned bases: 22324 to 22334 (11)

CONTIG: NODE_28818_length_4046_cov_8.171580 (4046bp)
Best alignment score: 2654.0 (LEN: 2658, IDY: 99.85), Total number of alignments: 1
			Looking for the best set of alignments (out of 1 total alignments)
			The best set is below. Score: 2654.0, number of alignments: 1, unaligned bases: 1388
		This contig is partially unaligned. (Aligned 2658 out of 4046 non-N bases (65.69%))
		Alignment: 1 2658 | 2658 1 | 2658 2658 | 99.85 | GCA_000195335.1_crisprs_GCA_000195335.1_CRISPR_3 NODE_28818_length_4046_cov_8.171580
		Unaligned bases: 2659 to 4046 (1388)

CONTIG: NODE_3999_length_15615_cov_8.876882 (15615bp)
Best alignment score: 3455.0 (LEN: 3455, IDY: 100.00), Total number of alignments: 1
			Looking for the best set of alignments (out of 1 total alignments)
			The best set is below. Score: 3455.0, number of alignments: 1, unaligned bases: 12160
		This contig is partially unaligned. (Aligned 3455 out of 15615 non-N bases (22.13%))
		Alignment: 1 3455 | 3944 490 | 3455 3455 | 100.0 | GCA_000195335.1_crisprs_GCA_000195335.1_CRISPR_2 NODE_3999_length_15615_cov_8.876882
		Unaligned bases: 1 to 489 (489)
		Unaligned bases: 3945 to 15615 (11671)

Analyzing coverage...
Writing SNPs into /net/sgi/cami/data/CAMI2/scripts/second_challenge_evaluation/assembly/scripts/data/CRISPR/metaquast/runs_per_reference/GCA_000195335.1_crisprs/contigs_reports/minimap_output/SPAdes.used_snps.gz

Analysis is finished!
Founded SNPs were written into /net/sgi/cami/data/CAMI2/scripts/second_challenge_evaluation/assembly/scripts/data/CRISPR/metaquast/runs_per_reference/GCA_000195335.1_crisprs/contigs_reports/minimap_output/SPAdes.used_snps.gz

Results:
	Local Misassemblies: 0
	Misassemblies: 0
		Relocations: 0
		Translocations: 0
		Inversions: 0
	Scaffold gap extensive misassemblies: 0
	Scaffold gap local misassemblies: 0
	Misassembled Contigs: 0
	Misassembled Contig Bases: 0
	Misassemblies Inter-Contig Overlap: 0
Unaligned Contigs: 0 + 5 part
Half Unaligned Contigs with Misassemblies: 0
Unaligned Contig Bases: 110313

Ambiguously Mapped Contigs: 0
Total Bases in Ambiguously Mapped Contigs: 0
Extra Bases in Ambiguously Mapped Contigs: 0
Note that --allow-ambiguity option was set to "one" and only first alignment per each of these contigs was used.

	Covered Bases: 10583

	SNPs: 6
	Insertions: 0
	Deletions: 0

